<?xml version="1.0" encoding="UTF-8"?>
<testsuites name="Test Suite for User Test Case 2" time="758" tests="4" failures="0" errors="0">
   <testsuite name="Test Suite for User Test Case 2" tests="4" failures="0" errors="0" time="758" timestamp="2018-04-28 10:09:57" hostname="Andrew_Dpp - 10.80.100.145" id="Test Suites/Test Suite for User Test Case 2">
      <properties>
         <property name="deviceName" value=""/>
         <property name="devicePlatform" value=""/>
         <property name="logFolder" value="C:\\Users\\Andrew_Dpp\\git\\234project-katalon\\Reports\\Test Suite for User Test Case 2\\20180428_100940"/>
         <property name="logFiles" value="C:\\Users\\Andrew_Dpp\\git\\234project-katalon\\Reports\\Test Suite for User Test Case 2\\20180428_100940\\execution0.log"/>
         <property name="attachments" value=""/>
         <property name="hostName" value="Andrew_Dpp - 10.80.100.145"/>
         <property name="os" value="Windows 7 64bit"/>
         <property name="katalonVersion" value="5.3.1.1"/>
         <property name="browser" value="Chrome 65.0.3325.181"/>
         <property name="hostAddress" value="10.80.100.145"/>
         <property name="sessionId" value="6e83cbb9c2808acd959f08f9475a41cf"/>
         <property name="seleniumVersion" value="3.7.1"/>
         <property name="proxyInformation" value="ProxyInformation{proxyOption=NO_PROXY, proxyServerType=HTTP, password=, proxyServerAddress=, proxyServerPort=0}"/>
         <property name="platform" value="Windows 7"/>
      </properties>
      <testcase name="Test Cases/User Test Case 2" classname="Test Cases/User Test Case 2" status="PASSED">
         <system-out><![CDATA[2018-04-28 10:09:58 - [TEST_CASE][PASSED] - Test Cases/User Test Case 2: Test Cases/User Test Case 2

2018-04-28 10:09:59 - [TEST_STEP][PASSED] - openBrowser: Browser is opened with url: ''

2018-04-28 10:10:26 - [MESSAGE][PASSED] - Browser is opened with url: ''

2018-04-28 10:10:26 - [TEST_STEP][PASSED] - navigateToUrl: Navigate to 'http://18.188.55.188:8085/' successfully

2018-04-28 10:10:38 - [MESSAGE][PASSED] - Navigate to 'http://18.188.55.188:8085/' successfully

2018-04-28 10:10:38 - [TEST_STEP][PASSED] - setText: Text 'user' is set on object 'Object Repository/User/User Cart/input_username'

2018-04-28 10:10:45 - [MESSAGE][PASSED] - Text 'user' is set on object 'Object Repository/User/User Cart/input_username'

2018-04-28 10:10:45 - [TEST_STEP][PASSED] - setText: Text 'user' is set on object 'Object Repository/User/User Cart/input_password'

2018-04-28 10:10:48 - [MESSAGE][PASSED] - Text 'user' is set on object 'Object Repository/User/User Cart/input_password'

2018-04-28 10:10:48 - [TEST_STEP][PASSED] - click: Object: 'Object Repository/User/User Cart/button_Login' is clicked on

2018-04-28 10:10:51 - [MESSAGE][PASSED] - Object: 'Object Repository/User/User Cart/button_Login' is clicked on

2018-04-28 10:10:51 - [TEST_STEP][PASSED] - click: Object: 'Object Repository/User/User Cart/button_add to cart' is clicked on

2018-04-28 10:10:57 - [MESSAGE][PASSED] - Object: 'Object Repository/User/User Cart/button_add to cart' is clicked on

2018-04-28 10:10:57 - [TEST_STEP][PASSED] - verifyElementText: Actual text and expected text of test object 'Object Repository/User/User Cart/button_added' are matched.

2018-04-28 10:11:03 - [MESSAGE][PASSED] - Actual text and expected text of test object 'Object Repository/User/User Cart/button_added' are matched.

2018-04-28 10:11:03 - [TEST_STEP][PASSED] - click: Object: 'Object Repository/User/User Cart/button_add to cart' is clicked on

2018-04-28 10:11:17 - [MESSAGE][PASSED] - Object: 'Object Repository/User/User Cart/button_add to cart' is clicked on

2018-04-28 10:11:17 - [TEST_STEP][PASSED] - verifyElementText: Actual text and expected text of test object 'Object Repository/User/User Cart/button_added' are matched.

2018-04-28 10:11:22 - [MESSAGE][PASSED] - Actual text and expected text of test object 'Object Repository/User/User Cart/button_added' are matched.

2018-04-28 10:11:22 - [TEST_STEP][PASSED] - click: Object: 'Object Repository/User/User Cart/button_add to cart' is clicked on

2018-04-28 10:11:39 - [MESSAGE][PASSED] - Object: 'Object Repository/User/User Cart/button_add to cart' is clicked on

2018-04-28 10:11:39 - [TEST_STEP][PASSED] - verifyElementText: Actual text and expected text of test object 'Object Repository/User/User Cart/button_added' are matched.

2018-04-28 10:11:42 - [MESSAGE][PASSED] - Actual text and expected text of test object 'Object Repository/User/User Cart/button_added' are matched.

2018-04-28 10:11:42 - [TEST_STEP][PASSED] - click: Object: 'Object Repository/User/User Cart/button_add to cart' is clicked on

2018-04-28 10:12:02 - [MESSAGE][PASSED] - Object: 'Object Repository/User/User Cart/button_add to cart' is clicked on

2018-04-28 10:12:02 - [TEST_STEP][PASSED] - verifyElementText: Actual text and expected text of test object 'Object Repository/User/User Cart/button_added' are matched.

2018-04-28 10:12:07 - [MESSAGE][PASSED] - Actual text and expected text of test object 'Object Repository/User/User Cart/button_added' are matched.

2018-04-28 10:12:07 - [TEST_STEP][PASSED] - click: Object: 'Object Repository/User/User Cart/button_add to cart' is clicked on

2018-04-28 10:12:34 - [MESSAGE][PASSED] - Object: 'Object Repository/User/User Cart/button_add to cart' is clicked on

2018-04-28 10:12:34 - [TEST_STEP][PASSED] - verifyElementText: Actual text and expected text of test object 'Object Repository/User/User Cart/button_added' are matched.

2018-04-28 10:12:38 - [MESSAGE][PASSED] - Actual text and expected text of test object 'Object Repository/User/User Cart/button_added' are matched.

2018-04-28 10:12:38 - [TEST_STEP][PASSED] - click: Object: 'Object Repository/User/User Cart/cart_icon' is clicked on

2018-04-28 10:12:44 - [MESSAGE][PASSED] - Object: 'Object Repository/User/User Cart/cart_icon' is clicked on

2018-04-28 10:12:44 - [TEST_STEP][PASSED] - setText: Text '1' is set on object 'Object Repository/User/User Cart/input_amount'

2018-04-28 10:12:50 - [MESSAGE][PASSED] - Text '1' is set on object 'Object Repository/User/User Cart/input_amount'

2018-04-28 10:12:50 - [TEST_STEP][PASSED] - setText: Text '1' is set on object 'Object Repository/User/User Cart/input_amount2'

2018-04-28 10:12:56 - [MESSAGE][PASSED] - Text '1' is set on object 'Object Repository/User/User Cart/input_amount2'

2018-04-28 10:12:56 - [TEST_STEP][PASSED] - setText: Text '1' is set on object 'Object Repository/User/User Cart/input_amount3'

2018-04-28 10:13:02 - [MESSAGE][PASSED] - Text '1' is set on object 'Object Repository/User/User Cart/input_amount3'

2018-04-28 10:13:02 - [TEST_STEP][PASSED] - setText: Text '1' is set on object 'Object Repository/User/User Cart/input_amount4'

2018-04-28 10:13:09 - [MESSAGE][PASSED] - Text '1' is set on object 'Object Repository/User/User Cart/input_amount4'

2018-04-28 10:13:09 - [TEST_STEP][PASSED] - setText: Text '1' is set on object 'Object Repository/User/User Cart/input_amount5'

2018-04-28 10:13:16 - [MESSAGE][PASSED] - Text '1' is set on object 'Object Repository/User/User Cart/input_amount5'

2018-04-28 10:13:16 - [TEST_STEP][PASSED] - waitForElementPresent: Object 'Object Repository/User/User Cart/p_Total price' is present

2018-04-28 10:13:16 - [MESSAGE][WARNING] - Timeout '0' is invalid. Using default page load timeout: '30'

2018-04-28 10:13:18 - [MESSAGE][PASSED] - Object 'Object Repository/User/User Cart/p_Total price' is present

2018-04-28 10:13:18 - [TEST_STEP][PASSED] - verifyElementText: Actual text and expected text of test object 'Object Repository/User/User Cart/p_Total price' are matched.

2018-04-28 10:13:26 - [MESSAGE][PASSED] - Actual text and expected text of test object 'Object Repository/User/User Cart/p_Total price' are matched.

2018-04-28 10:13:26 - [TEST_STEP][PASSED] - Statement - driver = com.kms.katalon.core.webui.driver.DriverFactory.getWebDriver(): null

2018-04-28 10:13:26 - [TEST_STEP][PASSED] - Statement - Table = driver.findElement(org.openqa.selenium.By.xpath("//*[@id="add-row"]/div/table/tbody")): null

2018-04-28 10:13:32 - [TEST_STEP][PASSED] - Statement - Rows = Table.findElements(org.openqa.selenium.By.tagName("tr")): null

2018-04-28 10:13:45 - [TEST_STEP][PASSED] - Statement - println("No. of rows " + Rows.size()): null

2018-04-28 10:13:45 - [TEST_STEP][PASSED] - verifyEqual: Actual object '5' and expected object '5' are equal

2018-04-28 10:13:45 - [MESSAGE][PASSED] - Actual object '5' and expected object '5' are equal

2018-04-28 10:13:45 - [TEST_STEP][PASSED] - click: Object: 'Object Repository/User/User Cart/button_confirm' is clicked on

2018-04-28 10:14:06 - [MESSAGE][PASSED] - Object: 'Object Repository/User/User Cart/button_confirm' is clicked on

2018-04-28 10:14:06 - [TEST_STEP][PASSED] - acceptAlert: Alert accepted

2018-04-28 10:14:09 - [MESSAGE][PASSED] - Alert accepted

2018-04-28 10:14:09 - [TEST_STEP][PASSED] - click: Object: 'Object Repository/User/User Cart/div_Well done You successfully' is clicked on

2018-04-28 10:14:26 - [MESSAGE][PASSED] - Object: 'Object Repository/User/User Cart/div_Well done You successfully' is clicked on

2018-04-28 10:14:26 - [TEST_STEP][PASSED] - closeBrowser: Browser is closed

2018-04-28 10:15:01 - [MESSAGE][PASSED] - Browser is closed]]></system-out>
         <system-err><![CDATA[]]></system-err>
      </testcase>
      <testcase name="Test Cases/User Test Case 2" classname="Test Cases/User Test Case 2" status="PASSED">
         <system-out><![CDATA[2018-04-28 10:15:01 - [TEST_CASE][PASSED] - Test Cases/User Test Case 2: Test Cases/User Test Case 2

2018-04-28 10:15:01 - [TEST_STEP][PASSED] - openBrowser: Browser is opened with url: ''

2018-04-28 10:16:03 - [MESSAGE][PASSED] - Browser is opened with url: ''

2018-04-28 10:16:03 - [TEST_STEP][PASSED] - navigateToUrl: Navigate to 'http://18.188.55.188:8085/' successfully

2018-04-28 10:16:20 - [MESSAGE][PASSED] - Navigate to 'http://18.188.55.188:8085/' successfully

2018-04-28 10:16:20 - [TEST_STEP][PASSED] - setText: Text 'user' is set on object 'Object Repository/User/User Cart/input_username'

2018-04-28 10:17:14 - [MESSAGE][PASSED] - Text 'user' is set on object 'Object Repository/User/User Cart/input_username'

2018-04-28 10:17:14 - [TEST_STEP][PASSED] - setText: Text 'user' is set on object 'Object Repository/User/User Cart/input_password'

2018-04-28 10:17:57 - [MESSAGE][PASSED] - Text 'user' is set on object 'Object Repository/User/User Cart/input_password'

2018-04-28 10:17:57 - [TEST_STEP][PASSED] - click: Object: 'Object Repository/User/User Cart/button_Login' is clicked on

2018-04-28 10:18:11 - [MESSAGE][PASSED] - Object: 'Object Repository/User/User Cart/button_Login' is clicked on

2018-04-28 10:18:11 - [TEST_STEP][PASSED] - click: Object: 'Object Repository/User/User Cart/button_add to cart' is clicked on

2018-04-28 10:18:26 - [MESSAGE][PASSED] - Object: 'Object Repository/User/User Cart/button_add to cart' is clicked on

2018-04-28 10:18:26 - [TEST_STEP][PASSED] - verifyElementText: Actual text and expected text of test object 'Object Repository/User/User Cart/button_added' are matched.

2018-04-28 10:18:30 - [MESSAGE][PASSED] - Actual text and expected text of test object 'Object Repository/User/User Cart/button_added' are matched.

2018-04-28 10:18:30 - [TEST_STEP][PASSED] - click: Object: 'Object Repository/User/User Cart/button_add to cart' is clicked on

2018-04-28 10:18:39 - [MESSAGE][PASSED] - Object: 'Object Repository/User/User Cart/button_add to cart' is clicked on

2018-04-28 10:18:39 - [TEST_STEP][PASSED] - verifyElementText: Actual text and expected text of test object 'Object Repository/User/User Cart/button_added' are matched.

2018-04-28 10:18:44 - [MESSAGE][PASSED] - Actual text and expected text of test object 'Object Repository/User/User Cart/button_added' are matched.

2018-04-28 10:18:44 - [TEST_STEP][PASSED] - click: Object: 'Object Repository/User/User Cart/button_add to cart' is clicked on

2018-04-28 10:18:55 - [MESSAGE][PASSED] - Object: 'Object Repository/User/User Cart/button_add to cart' is clicked on

2018-04-28 10:18:55 - [TEST_STEP][PASSED] - verifyElementText: Actual text and expected text of test object 'Object Repository/User/User Cart/button_added' are matched.

2018-04-28 10:18:58 - [MESSAGE][PASSED] - Actual text and expected text of test object 'Object Repository/User/User Cart/button_added' are matched.

2018-04-28 10:18:58 - [TEST_STEP][PASSED] - click: Object: 'Object Repository/User/User Cart/button_add to cart' is clicked on

2018-04-28 10:19:22 - [MESSAGE][PASSED] - Object: 'Object Repository/User/User Cart/button_add to cart' is clicked on

2018-04-28 10:19:22 - [TEST_STEP][PASSED] - verifyElementText: Actual text and expected text of test object 'Object Repository/User/User Cart/button_added' are matched.

2018-04-28 10:19:36 - [MESSAGE][PASSED] - Actual text and expected text of test object 'Object Repository/User/User Cart/button_added' are matched.

2018-04-28 10:19:36 - [TEST_STEP][PASSED] - click: Object: 'Object Repository/User/User Cart/button_add to cart' is clicked on

2018-04-28 10:19:52 - [MESSAGE][PASSED] - Object: 'Object Repository/User/User Cart/button_add to cart' is clicked on

2018-04-28 10:19:52 - [TEST_STEP][PASSED] - verifyElementText: Actual text and expected text of test object 'Object Repository/User/User Cart/button_added' are matched.

2018-04-28 10:19:54 - [MESSAGE][PASSED] - Actual text and expected text of test object 'Object Repository/User/User Cart/button_added' are matched.

2018-04-28 10:19:54 - [TEST_STEP][PASSED] - click: Object: 'Object Repository/User/User Cart/cart_icon' is clicked on

2018-04-28 10:19:58 - [MESSAGE][PASSED] - Object: 'Object Repository/User/User Cart/cart_icon' is clicked on

2018-04-28 10:19:58 - [TEST_STEP][PASSED] - setText: Text '3' is set on object 'Object Repository/User/User Cart/input_amount'

2018-04-28 10:20:01 - [MESSAGE][PASSED] - Text '3' is set on object 'Object Repository/User/User Cart/input_amount'

2018-04-28 10:20:01 - [TEST_STEP][PASSED] - setText: Text '2' is set on object 'Object Repository/User/User Cart/input_amount2'

2018-04-28 10:20:05 - [MESSAGE][PASSED] - Text '2' is set on object 'Object Repository/User/User Cart/input_amount2'

2018-04-28 10:20:05 - [TEST_STEP][PASSED] - setText: Text '2' is set on object 'Object Repository/User/User Cart/input_amount3'

2018-04-28 10:20:09 - [MESSAGE][PASSED] - Text '2' is set on object 'Object Repository/User/User Cart/input_amount3'

2018-04-28 10:20:09 - [TEST_STEP][PASSED] - setText: Text '2' is set on object 'Object Repository/User/User Cart/input_amount4'

2018-04-28 10:20:13 - [MESSAGE][PASSED] - Text '2' is set on object 'Object Repository/User/User Cart/input_amount4'

2018-04-28 10:20:13 - [TEST_STEP][PASSED] - setText: Text '2' is set on object 'Object Repository/User/User Cart/input_amount5'

2018-04-28 10:20:17 - [MESSAGE][PASSED] - Text '2' is set on object 'Object Repository/User/User Cart/input_amount5'

2018-04-28 10:20:17 - [TEST_STEP][PASSED] - waitForElementPresent: Object 'Object Repository/User/User Cart/p_Total price' is present

2018-04-28 10:20:17 - [MESSAGE][WARNING] - Timeout '0' is invalid. Using default page load timeout: '30'

2018-04-28 10:20:18 - [MESSAGE][PASSED] - Object 'Object Repository/User/User Cart/p_Total price' is present

2018-04-28 10:20:18 - [TEST_STEP][PASSED] - verifyElementText: Actual text and expected text of test object 'Object Repository/User/User Cart/p_Total price' are matched.

2018-04-28 10:20:19 - [MESSAGE][PASSED] - Actual text and expected text of test object 'Object Repository/User/User Cart/p_Total price' are matched.

2018-04-28 10:20:19 - [TEST_STEP][PASSED] - Statement - driver = com.kms.katalon.core.webui.driver.DriverFactory.getWebDriver(): null

2018-04-28 10:20:19 - [TEST_STEP][PASSED] - Statement - Table = driver.findElement(org.openqa.selenium.By.xpath("//*[@id="add-row"]/div/table/tbody")): null

2018-04-28 10:20:19 - [TEST_STEP][PASSED] - Statement - Rows = Table.findElements(org.openqa.selenium.By.tagName("tr")): null

2018-04-28 10:20:20 - [TEST_STEP][PASSED] - Statement - println("No. of rows " + Rows.size()): null

2018-04-28 10:20:20 - [TEST_STEP][PASSED] - verifyEqual: Actual object '5' and expected object '5' are equal

2018-04-28 10:20:20 - [MESSAGE][PASSED] - Actual object '5' and expected object '5' are equal

2018-04-28 10:20:20 - [TEST_STEP][PASSED] - click: Object: 'Object Repository/User/User Cart/button_confirm' is clicked on

2018-04-28 10:20:34 - [MESSAGE][PASSED] - Object: 'Object Repository/User/User Cart/button_confirm' is clicked on

2018-04-28 10:20:34 - [TEST_STEP][PASSED] - acceptAlert: Alert accepted

2018-04-28 10:20:35 - [MESSAGE][PASSED] - Alert accepted

2018-04-28 10:20:35 - [TEST_STEP][PASSED] - click: Object: 'Object Repository/User/User Cart/div_Well done You successfully' is clicked on

2018-04-28 10:20:54 - [MESSAGE][PASSED] - Object: 'Object Repository/User/User Cart/div_Well done You successfully' is clicked on

2018-04-28 10:20:54 - [TEST_STEP][PASSED] - closeBrowser: Browser is closed

2018-04-28 10:21:16 - [MESSAGE][PASSED] - Browser is closed]]></system-out>
         <system-err><![CDATA[]]></system-err>
      </testcase>
      <testcase name="Test Cases/User Test Case 2" classname="Test Cases/User Test Case 2" status="PASSED">
         <system-out><![CDATA[2018-04-28 10:21:16 - [TEST_CASE][PASSED] - Test Cases/User Test Case 2: Test Cases/User Test Case 2

2018-04-28 10:21:16 - [TEST_STEP][PASSED] - openBrowser: Browser is opened with url: ''

2018-04-28 10:21:39 - [MESSAGE][PASSED] - Browser is opened with url: ''

2018-04-28 10:21:39 - [TEST_STEP][PASSED] - navigateToUrl: Navigate to 'http://18.188.55.188:8085/' successfully

2018-04-28 10:21:47 - [MESSAGE][PASSED] - Navigate to 'http://18.188.55.188:8085/' successfully

2018-04-28 10:21:47 - [TEST_STEP][PASSED] - setText: Text 'hello' is set on object 'Object Repository/User/User Cart/input_username'

2018-04-28 10:21:47 - [MESSAGE][PASSED] - Text 'hello' is set on object 'Object Repository/User/User Cart/input_username'

2018-04-28 10:21:47 - [TEST_STEP][PASSED] - setText: Text 'hello' is set on object 'Object Repository/User/User Cart/input_password'

2018-04-28 10:21:47 - [MESSAGE][PASSED] - Text 'hello' is set on object 'Object Repository/User/User Cart/input_password'

2018-04-28 10:21:47 - [TEST_STEP][PASSED] - click: Object: 'Object Repository/User/User Cart/button_Login' is clicked on

2018-04-28 10:21:47 - [MESSAGE][PASSED] - Object: 'Object Repository/User/User Cart/button_Login' is clicked on

2018-04-28 10:21:47 - [TEST_STEP][PASSED] - click: Object: 'Object Repository/User/User Cart/button_add to cart' is clicked on

2018-04-28 10:21:49 - [MESSAGE][PASSED] - Object: 'Object Repository/User/User Cart/button_add to cart' is clicked on

2018-04-28 10:21:49 - [TEST_STEP][PASSED] - verifyElementText: Actual text and expected text of test object 'Object Repository/User/User Cart/button_added' are matched.

2018-04-28 10:21:49 - [MESSAGE][PASSED] - Actual text and expected text of test object 'Object Repository/User/User Cart/button_added' are matched.

2018-04-28 10:21:49 - [TEST_STEP][PASSED] - click: Object: 'Object Repository/User/User Cart/button_add to cart' is clicked on

2018-04-28 10:21:49 - [MESSAGE][PASSED] - Object: 'Object Repository/User/User Cart/button_add to cart' is clicked on

2018-04-28 10:21:49 - [TEST_STEP][PASSED] - verifyElementText: Actual text and expected text of test object 'Object Repository/User/User Cart/button_added' are matched.

2018-04-28 10:21:49 - [MESSAGE][PASSED] - Actual text and expected text of test object 'Object Repository/User/User Cart/button_added' are matched.

2018-04-28 10:21:49 - [TEST_STEP][PASSED] - click: Object: 'Object Repository/User/User Cart/button_add to cart' is clicked on

2018-04-28 10:21:49 - [MESSAGE][PASSED] - Object: 'Object Repository/User/User Cart/button_add to cart' is clicked on

2018-04-28 10:21:49 - [TEST_STEP][PASSED] - verifyElementText: Actual text and expected text of test object 'Object Repository/User/User Cart/button_added' are matched.

2018-04-28 10:21:50 - [MESSAGE][PASSED] - Actual text and expected text of test object 'Object Repository/User/User Cart/button_added' are matched.

2018-04-28 10:21:50 - [TEST_STEP][PASSED] - click: Object: 'Object Repository/User/User Cart/button_add to cart' is clicked on

2018-04-28 10:21:50 - [MESSAGE][PASSED] - Object: 'Object Repository/User/User Cart/button_add to cart' is clicked on

2018-04-28 10:21:50 - [TEST_STEP][PASSED] - verifyElementText: Actual text and expected text of test object 'Object Repository/User/User Cart/button_added' are matched.

2018-04-28 10:21:50 - [MESSAGE][PASSED] - Actual text and expected text of test object 'Object Repository/User/User Cart/button_added' are matched.

2018-04-28 10:21:50 - [TEST_STEP][PASSED] - click: Object: 'Object Repository/User/User Cart/button_add to cart' is clicked on

2018-04-28 10:21:50 - [MESSAGE][PASSED] - Object: 'Object Repository/User/User Cart/button_add to cart' is clicked on

2018-04-28 10:21:50 - [TEST_STEP][PASSED] - verifyElementText: Actual text and expected text of test object 'Object Repository/User/User Cart/button_added' are matched.

2018-04-28 10:21:50 - [MESSAGE][PASSED] - Actual text and expected text of test object 'Object Repository/User/User Cart/button_added' are matched.

2018-04-28 10:21:50 - [TEST_STEP][PASSED] - click: Object: 'Object Repository/User/User Cart/cart_icon' is clicked on

2018-04-28 10:21:50 - [MESSAGE][PASSED] - Object: 'Object Repository/User/User Cart/cart_icon' is clicked on

2018-04-28 10:21:50 - [TEST_STEP][PASSED] - setText: Text '1' is set on object 'Object Repository/User/User Cart/input_amount'

2018-04-28 10:21:51 - [MESSAGE][PASSED] - Text '1' is set on object 'Object Repository/User/User Cart/input_amount'

2018-04-28 10:21:51 - [TEST_STEP][PASSED] - setText: Text '1' is set on object 'Object Repository/User/User Cart/input_amount2'

2018-04-28 10:21:51 - [MESSAGE][PASSED] - Text '1' is set on object 'Object Repository/User/User Cart/input_amount2'

2018-04-28 10:21:51 - [TEST_STEP][PASSED] - setText: Text '1' is set on object 'Object Repository/User/User Cart/input_amount3'

2018-04-28 10:21:52 - [MESSAGE][PASSED] - Text '1' is set on object 'Object Repository/User/User Cart/input_amount3'

2018-04-28 10:21:52 - [TEST_STEP][PASSED] - setText: Text '1' is set on object 'Object Repository/User/User Cart/input_amount4'

2018-04-28 10:21:53 - [MESSAGE][PASSED] - Text '1' is set on object 'Object Repository/User/User Cart/input_amount4'

2018-04-28 10:21:53 - [TEST_STEP][PASSED] - setText: Text '1' is set on object 'Object Repository/User/User Cart/input_amount5'

2018-04-28 10:21:53 - [MESSAGE][PASSED] - Text '1' is set on object 'Object Repository/User/User Cart/input_amount5'

2018-04-28 10:21:53 - [TEST_STEP][PASSED] - waitForElementPresent: Object 'Object Repository/User/User Cart/p_Total price' is present

2018-04-28 10:21:53 - [MESSAGE][WARNING] - Timeout '0' is invalid. Using default page load timeout: '30'

2018-04-28 10:21:53 - [MESSAGE][PASSED] - Object 'Object Repository/User/User Cart/p_Total price' is present

2018-04-28 10:21:53 - [TEST_STEP][PASSED] - verifyElementText: Actual text and expected text of test object 'Object Repository/User/User Cart/p_Total price' are matched.

2018-04-28 10:21:54 - [MESSAGE][PASSED] - Actual text and expected text of test object 'Object Repository/User/User Cart/p_Total price' are matched.

2018-04-28 10:21:54 - [TEST_STEP][PASSED] - Statement - driver = com.kms.katalon.core.webui.driver.DriverFactory.getWebDriver(): null

2018-04-28 10:21:54 - [TEST_STEP][PASSED] - Statement - Table = driver.findElement(org.openqa.selenium.By.xpath("//*[@id="add-row"]/div/table/tbody")): null

2018-04-28 10:21:54 - [TEST_STEP][PASSED] - Statement - Rows = Table.findElements(org.openqa.selenium.By.tagName("tr")): null

2018-04-28 10:21:54 - [TEST_STEP][PASSED] - Statement - println("No. of rows " + Rows.size()): null

2018-04-28 10:21:54 - [TEST_STEP][PASSED] - verifyEqual: Actual object '5' and expected object '5' are equal

2018-04-28 10:21:54 - [MESSAGE][PASSED] - Actual object '5' and expected object '5' are equal

2018-04-28 10:21:54 - [TEST_STEP][PASSED] - click: Object: 'Object Repository/User/User Cart/button_confirm' is clicked on

2018-04-28 10:21:55 - [MESSAGE][PASSED] - Object: 'Object Repository/User/User Cart/button_confirm' is clicked on

2018-04-28 10:21:55 - [TEST_STEP][PASSED] - acceptAlert: Alert accepted

2018-04-28 10:21:55 - [MESSAGE][PASSED] - Alert accepted

2018-04-28 10:21:55 - [TEST_STEP][PASSED] - click: Object: 'Object Repository/User/User Cart/div_Well done You successfully' is clicked on

2018-04-28 10:21:55 - [MESSAGE][PASSED] - Object: 'Object Repository/User/User Cart/div_Well done You successfully' is clicked on

2018-04-28 10:21:55 - [TEST_STEP][PASSED] - closeBrowser: Browser is closed

2018-04-28 10:21:56 - [MESSAGE][PASSED] - Browser is closed]]></system-out>
         <system-err><![CDATA[]]></system-err>
      </testcase>
      <testcase name="Test Cases/User Test Case 2" classname="Test Cases/User Test Case 2" status="PASSED">
         <system-out><![CDATA[2018-04-28 10:21:56 - [TEST_CASE][PASSED] - Test Cases/User Test Case 2: Test Cases/User Test Case 2

2018-04-28 10:21:56 - [TEST_STEP][PASSED] - openBrowser: Browser is opened with url: ''

2018-04-28 10:22:20 - [MESSAGE][PASSED] - Browser is opened with url: ''

2018-04-28 10:22:20 - [TEST_STEP][PASSED] - navigateToUrl: Navigate to 'http://18.188.55.188:8085/' successfully

2018-04-28 10:22:27 - [MESSAGE][PASSED] - Navigate to 'http://18.188.55.188:8085/' successfully

2018-04-28 10:22:27 - [TEST_STEP][PASSED] - setText: Text 'hello' is set on object 'Object Repository/User/User Cart/input_username'

2018-04-28 10:22:27 - [MESSAGE][PASSED] - Text 'hello' is set on object 'Object Repository/User/User Cart/input_username'

2018-04-28 10:22:27 - [TEST_STEP][PASSED] - setText: Text 'hello' is set on object 'Object Repository/User/User Cart/input_password'

2018-04-28 10:22:27 - [MESSAGE][PASSED] - Text 'hello' is set on object 'Object Repository/User/User Cart/input_password'

2018-04-28 10:22:27 - [TEST_STEP][PASSED] - click: Object: 'Object Repository/User/User Cart/button_Login' is clicked on

2018-04-28 10:22:28 - [MESSAGE][PASSED] - Object: 'Object Repository/User/User Cart/button_Login' is clicked on

2018-04-28 10:22:28 - [TEST_STEP][PASSED] - click: Object: 'Object Repository/User/User Cart/button_add to cart' is clicked on

2018-04-28 10:22:29 - [MESSAGE][PASSED] - Object: 'Object Repository/User/User Cart/button_add to cart' is clicked on

2018-04-28 10:22:29 - [TEST_STEP][PASSED] - verifyElementText: Actual text and expected text of test object 'Object Repository/User/User Cart/button_added' are matched.

2018-04-28 10:22:29 - [MESSAGE][PASSED] - Actual text and expected text of test object 'Object Repository/User/User Cart/button_added' are matched.

2018-04-28 10:22:29 - [TEST_STEP][PASSED] - click: Object: 'Object Repository/User/User Cart/button_add to cart' is clicked on

2018-04-28 10:22:30 - [MESSAGE][PASSED] - Object: 'Object Repository/User/User Cart/button_add to cart' is clicked on

2018-04-28 10:22:30 - [TEST_STEP][PASSED] - verifyElementText: Actual text and expected text of test object 'Object Repository/User/User Cart/button_added' are matched.

2018-04-28 10:22:30 - [MESSAGE][PASSED] - Actual text and expected text of test object 'Object Repository/User/User Cart/button_added' are matched.

2018-04-28 10:22:30 - [TEST_STEP][PASSED] - click: Object: 'Object Repository/User/User Cart/button_add to cart' is clicked on

2018-04-28 10:22:30 - [MESSAGE][PASSED] - Object: 'Object Repository/User/User Cart/button_add to cart' is clicked on

2018-04-28 10:22:30 - [TEST_STEP][PASSED] - verifyElementText: Actual text and expected text of test object 'Object Repository/User/User Cart/button_added' are matched.

2018-04-28 10:22:30 - [MESSAGE][PASSED] - Actual text and expected text of test object 'Object Repository/User/User Cart/button_added' are matched.

2018-04-28 10:22:30 - [TEST_STEP][PASSED] - click: Object: 'Object Repository/User/User Cart/button_add to cart' is clicked on

2018-04-28 10:22:30 - [MESSAGE][PASSED] - Object: 'Object Repository/User/User Cart/button_add to cart' is clicked on

2018-04-28 10:22:30 - [TEST_STEP][PASSED] - verifyElementText: Actual text and expected text of test object 'Object Repository/User/User Cart/button_added' are matched.

2018-04-28 10:22:30 - [MESSAGE][PASSED] - Actual text and expected text of test object 'Object Repository/User/User Cart/button_added' are matched.

2018-04-28 10:22:30 - [TEST_STEP][PASSED] - click: Object: 'Object Repository/User/User Cart/button_add to cart' is clicked on

2018-04-28 10:22:30 - [MESSAGE][PASSED] - Object: 'Object Repository/User/User Cart/button_add to cart' is clicked on

2018-04-28 10:22:30 - [TEST_STEP][PASSED] - verifyElementText: Actual text and expected text of test object 'Object Repository/User/User Cart/button_added' are matched.

2018-04-28 10:22:30 - [MESSAGE][PASSED] - Actual text and expected text of test object 'Object Repository/User/User Cart/button_added' are matched.

2018-04-28 10:22:30 - [TEST_STEP][PASSED] - click: Object: 'Object Repository/User/User Cart/cart_icon' is clicked on

2018-04-28 10:22:31 - [MESSAGE][PASSED] - Object: 'Object Repository/User/User Cart/cart_icon' is clicked on

2018-04-28 10:22:31 - [TEST_STEP][PASSED] - setText: Text '3' is set on object 'Object Repository/User/User Cart/input_amount'

2018-04-28 10:22:31 - [MESSAGE][PASSED] - Text '3' is set on object 'Object Repository/User/User Cart/input_amount'

2018-04-28 10:22:31 - [TEST_STEP][PASSED] - setText: Text '2' is set on object 'Object Repository/User/User Cart/input_amount2'

2018-04-28 10:22:32 - [MESSAGE][PASSED] - Text '2' is set on object 'Object Repository/User/User Cart/input_amount2'

2018-04-28 10:22:32 - [TEST_STEP][PASSED] - setText: Text '2' is set on object 'Object Repository/User/User Cart/input_amount3'

2018-04-28 10:22:32 - [MESSAGE][PASSED] - Text '2' is set on object 'Object Repository/User/User Cart/input_amount3'

2018-04-28 10:22:32 - [TEST_STEP][PASSED] - setText: Text '2' is set on object 'Object Repository/User/User Cart/input_amount4'

2018-04-28 10:22:33 - [MESSAGE][PASSED] - Text '2' is set on object 'Object Repository/User/User Cart/input_amount4'

2018-04-28 10:22:33 - [TEST_STEP][PASSED] - setText: Text '2' is set on object 'Object Repository/User/User Cart/input_amount5'

2018-04-28 10:22:33 - [MESSAGE][PASSED] - Text '2' is set on object 'Object Repository/User/User Cart/input_amount5'

2018-04-28 10:22:33 - [TEST_STEP][PASSED] - waitForElementPresent: Object 'Object Repository/User/User Cart/p_Total price' is present

2018-04-28 10:22:33 - [MESSAGE][WARNING] - Timeout '0' is invalid. Using default page load timeout: '30'

2018-04-28 10:22:34 - [MESSAGE][PASSED] - Object 'Object Repository/User/User Cart/p_Total price' is present

2018-04-28 10:22:34 - [TEST_STEP][PASSED] - verifyElementText: Actual text and expected text of test object 'Object Repository/User/User Cart/p_Total price' are matched.

2018-04-28 10:22:34 - [MESSAGE][PASSED] - Actual text and expected text of test object 'Object Repository/User/User Cart/p_Total price' are matched.

2018-04-28 10:22:34 - [TEST_STEP][PASSED] - Statement - driver = com.kms.katalon.core.webui.driver.DriverFactory.getWebDriver(): null

2018-04-28 10:22:34 - [TEST_STEP][PASSED] - Statement - Table = driver.findElement(org.openqa.selenium.By.xpath("//*[@id="add-row"]/div/table/tbody")): null

2018-04-28 10:22:34 - [TEST_STEP][PASSED] - Statement - Rows = Table.findElements(org.openqa.selenium.By.tagName("tr")): null

2018-04-28 10:22:34 - [TEST_STEP][PASSED] - Statement - println("No. of rows " + Rows.size()): null

2018-04-28 10:22:34 - [TEST_STEP][PASSED] - verifyEqual: Actual object '5' and expected object '5' are equal

2018-04-28 10:22:34 - [MESSAGE][PASSED] - Actual object '5' and expected object '5' are equal

2018-04-28 10:22:34 - [TEST_STEP][PASSED] - click: Object: 'Object Repository/User/User Cart/button_confirm' is clicked on

2018-04-28 10:22:34 - [MESSAGE][PASSED] - Object: 'Object Repository/User/User Cart/button_confirm' is clicked on

2018-04-28 10:22:34 - [TEST_STEP][PASSED] - acceptAlert: Alert accepted

2018-04-28 10:22:35 - [MESSAGE][PASSED] - Alert accepted

2018-04-28 10:22:35 - [TEST_STEP][PASSED] - click: Object: 'Object Repository/User/User Cart/div_Well done You successfully' is clicked on

2018-04-28 10:22:35 - [MESSAGE][PASSED] - Object: 'Object Repository/User/User Cart/div_Well done You successfully' is clicked on

2018-04-28 10:22:35 - [TEST_STEP][PASSED] - closeBrowser: Browser is closed

2018-04-28 10:22:36 - [MESSAGE][PASSED] - Browser is closed]]></system-out>
         <system-err><![CDATA[]]></system-err>
      </testcase>
      <system-out><![CDATA[2018-04-28 10:09:57 - [TEST_SUITE][PASSED] - Test Suite for User Test Case 2: Test Cases/User Test Case 2]]></system-out>
      <system-err><![CDATA[]]></system-err>
   </testsuite>
</testsuites>
