<?xml version="1.0" encoding="UTF-8"?>
<testsuites name="Test Suite for Login Test Case 1 for User" time="40" tests="1" failures="0" errors="0">
   <testsuite name="Test Suite for Login Test Case 1 for User" tests="1" failures="0" errors="0" time="40" timestamp="2018-04-28 12:24:12" hostname="Andrew_Dpp - 10.80.100.145" id="Test Suites/Test Suite for Login Test Case 1 for User">
      <properties>
         <property name="deviceName" value=""/>
         <property name="devicePlatform" value=""/>
         <property name="logFolder" value="C:\\Users\\Andrew_Dpp\\git\\234project-katalon\\Reports\\Test Suite for Login Test Case 1 for User\\20180428_122355"/>
         <property name="logFiles" value="C:\\Users\\Andrew_Dpp\\git\\234project-katalon\\Reports\\Test Suite for Login Test Case 1 for User\\20180428_122355\\execution0.log"/>
         <property name="attachments" value=""/>
         <property name="hostName" value="Andrew_Dpp - 10.80.100.145"/>
         <property name="os" value="Windows 7 64bit"/>
         <property name="katalonVersion" value="5.3.1.1"/>
         <property name="browser" value="Chrome 65.0.3325.181"/>
         <property name="hostAddress" value="10.80.100.145"/>
         <property name="sessionId" value="82f4af1765b1c1e6850f5b8374a90501"/>
         <property name="seleniumVersion" value="3.7.1"/>
         <property name="proxyInformation" value="ProxyInformation{proxyOption=NO_PROXY, proxyServerType=HTTP, password=, proxyServerAddress=, proxyServerPort=0}"/>
         <property name="platform" value="Windows 7"/>
      </properties>
      <testcase name="Test Cases/Login Test Case 1 for User" classname="Test Cases/Login Test Case 1 for User" status="PASSED">
         <system-out><![CDATA[2018-04-28 12:24:13 - [TEST_CASE][PASSED] - Test Cases/Login Test Case 1 for User: Test Cases/Login Test Case 1 for User

2018-04-28 12:24:14 - [TEST_STEP][PASSED] - openBrowser: Browser is opened with url: ''

2018-04-28 12:24:41 - [MESSAGE][PASSED] - Browser is opened with url: ''

2018-04-28 12:24:41 - [TEST_STEP][PASSED] - navigateToUrl: Navigate to 'http://18.188.55.188:8085/' successfully

2018-04-28 12:24:49 - [MESSAGE][PASSED] - Navigate to 'http://18.188.55.188:8085/' successfully

2018-04-28 12:24:49 - [TEST_STEP][PASSED] - setText: Text 'user' is set on object 'Object Repository/Login/Login Success/input_username'

2018-04-28 12:24:50 - [MESSAGE][PASSED] - Text 'user' is set on object 'Object Repository/Login/Login Success/input_username'

2018-04-28 12:24:50 - [TEST_STEP][PASSED] - setText: Text 'user' is set on object 'Object Repository/Login/Login Success/input_password'

2018-04-28 12:24:50 - [MESSAGE][PASSED] - Text 'user' is set on object 'Object Repository/Login/Login Success/input_password'

2018-04-28 12:24:50 - [TEST_STEP][PASSED] - click: Object: 'Object Repository/Login/Login Success/button_Login' is clicked on

2018-04-28 12:24:50 - [MESSAGE][PASSED] - Object: 'Object Repository/Login/Login Success/button_Login' is clicked on

2018-04-28 12:24:50 - [TEST_STEP][PASSED] - verifyElementText: Actual text and expected text of test object 'Object Repository/Login/Login Success/menu1' are matched.

2018-04-28 12:24:52 - [MESSAGE][PASSED] - Actual text and expected text of test object 'Object Repository/Login/Login Success/menu1' are matched.

2018-04-28 12:24:52 - [TEST_STEP][PASSED] - verifyElementText: Actual text and expected text of test object 'Object Repository/Login/Login Success/menu2' are matched.

2018-04-28 12:24:52 - [MESSAGE][PASSED] - Actual text and expected text of test object 'Object Repository/Login/Login Success/menu2' are matched.

2018-04-28 12:24:52 - [TEST_STEP][PASSED] - verifyEqual: Actual object 'http://18.188.55.188:8085/products' and expected object 'http://18.188.55.188:8085/products' are equal

2018-04-28 12:24:52 - [MESSAGE][PASSED] - Current window's url is: 'http://18.188.55.188:8085/products'

2018-04-28 12:24:52 - [MESSAGE][PASSED] - Actual object 'http://18.188.55.188:8085/products' and expected object 'http://18.188.55.188:8085/products' are equal

2018-04-28 12:24:52 - [TEST_STEP][PASSED] - closeBrowser: Browser is closed

2018-04-28 12:24:53 - [MESSAGE][PASSED] - Browser is closed]]></system-out>
         <system-err><![CDATA[]]></system-err>
      </testcase>
      <system-out><![CDATA[2018-04-28 12:24:12 - [TEST_SUITE][PASSED] - Test Suite for Login Test Case 1 for User: Test Cases/Login Test Case 1 for User]]></system-out>
      <system-err><![CDATA[]]></system-err>
   </testsuite>
</testsuites>
