<?xml version="1.0" encoding="UTF-8"?>
<testsuites name="Test Suite for Login Test Case 1 for Admin" time="41" tests="1" failures="0" errors="0">
   <testsuite name="Test Suite for Login Test Case 1 for Admin" tests="1" failures="0" errors="0" time="41" timestamp="2018-04-28 12:18:20" hostname="Andrew_Dpp - 10.80.100.145" id="Test Suites/Test Suite for Login Test Case 1 for Admin">
      <properties>
         <property name="deviceName" value=""/>
         <property name="devicePlatform" value=""/>
         <property name="logFolder" value="C:\\Users\\Andrew_Dpp\\git\\234project-katalon\\Reports\\Test Suite for Login Test Case 1 for Admin\\20180428_121803"/>
         <property name="logFiles" value="C:\\Users\\Andrew_Dpp\\git\\234project-katalon\\Reports\\Test Suite for Login Test Case 1 for Admin\\20180428_121803\\execution0.log"/>
         <property name="attachments" value=""/>
         <property name="hostName" value="Andrew_Dpp - 10.80.100.145"/>
         <property name="os" value="Windows 7 64bit"/>
         <property name="katalonVersion" value="5.3.1.1"/>
         <property name="browser" value="Chrome 65.0.3325.181"/>
         <property name="hostAddress" value="10.80.100.145"/>
         <property name="sessionId" value="34c49a53df4e0c0a357ef548bfc3db1d"/>
         <property name="seleniumVersion" value="3.7.1"/>
         <property name="proxyInformation" value="ProxyInformation{proxyOption=NO_PROXY, proxyServerType=HTTP, password=, proxyServerAddress=, proxyServerPort=0}"/>
         <property name="platform" value="Windows 7"/>
      </properties>
      <testcase name="Test Cases/Login Test Case 1 for Admin" classname="Test Cases/Login Test Case 1 for Admin" status="PASSED">
         <system-out><![CDATA[2018-04-28 12:18:21 - [TEST_CASE][PASSED] - Test Cases/Login Test Case 1 for Admin: Test Cases/Login Test Case 1 for Admin

2018-04-28 12:18:22 - [TEST_STEP][PASSED] - openBrowser: Browser is opened with url: ''

2018-04-28 12:18:48 - [MESSAGE][PASSED] - Browser is opened with url: ''

2018-04-28 12:18:48 - [TEST_STEP][PASSED] - navigateToUrl: Navigate to 'http://18.188.55.188:8085/' successfully

2018-04-28 12:18:56 - [MESSAGE][PASSED] - Navigate to 'http://18.188.55.188:8085/' successfully

2018-04-28 12:18:56 - [TEST_STEP][PASSED] - setText: Text 'admin' is set on object 'Object Repository/Login/Login Success/input_username'

2018-04-28 12:18:58 - [MESSAGE][PASSED] - Text 'admin' is set on object 'Object Repository/Login/Login Success/input_username'

2018-04-28 12:18:58 - [TEST_STEP][PASSED] - setText: Text 'admin' is set on object 'Object Repository/Login/Login Success/input_password'

2018-04-28 12:18:59 - [MESSAGE][PASSED] - Text 'admin' is set on object 'Object Repository/Login/Login Success/input_password'

2018-04-28 12:18:59 - [TEST_STEP][PASSED] - click: Object: 'Object Repository/Login/Login Success/button_Login' is clicked on

2018-04-28 12:18:59 - [MESSAGE][PASSED] - Object: 'Object Repository/Login/Login Success/button_Login' is clicked on

2018-04-28 12:18:59 - [TEST_STEP][PASSED] - verifyElementText: Actual text and expected text of test object 'Object Repository/Login/Login Success/menu1' are matched.

2018-04-28 12:19:00 - [MESSAGE][PASSED] - Actual text and expected text of test object 'Object Repository/Login/Login Success/menu1' are matched.

2018-04-28 12:19:00 - [TEST_STEP][PASSED] - verifyElementText: Actual text and expected text of test object 'Object Repository/Login/Login Success/menu2' are matched.

2018-04-28 12:19:01 - [MESSAGE][PASSED] - Actual text and expected text of test object 'Object Repository/Login/Login Success/menu2' are matched.

2018-04-28 12:19:01 - [TEST_STEP][PASSED] - verifyEqual: Actual object 'http://18.188.55.188:8085/products' and expected object 'http://18.188.55.188:8085/products' are equal

2018-04-28 12:19:01 - [MESSAGE][PASSED] - Current window's url is: 'http://18.188.55.188:8085/products'

2018-04-28 12:19:01 - [MESSAGE][PASSED] - Actual object 'http://18.188.55.188:8085/products' and expected object 'http://18.188.55.188:8085/products' are equal

2018-04-28 12:19:01 - [TEST_STEP][PASSED] - closeBrowser: Browser is closed

2018-04-28 12:19:01 - [MESSAGE][PASSED] - Browser is closed]]></system-out>
         <system-err><![CDATA[]]></system-err>
      </testcase>
      <system-out><![CDATA[2018-04-28 12:18:20 - [TEST_SUITE][PASSED] - Test Suite for Login Test Case 1 for Admin: Test Cases/Login Test Case 1 for Admin]]></system-out>
      <system-err><![CDATA[]]></system-err>
   </testsuite>
</testsuites>
