<?xml version="1.0" encoding="UTF-8"?>
<testsuites name="Test Suite for Login Test Case 1" time="73" tests="3" failures="0" errors="0">
   <testsuite name="Test Suite for Login Test Case 1" tests="3" failures="0" errors="0" time="73" timestamp="2018-04-27 21:52:14" hostname="Andrew_Dpp - Andrew_Dpp-PC" id="Test Suites/Test Suite for Login Test Case 1">
      <properties>
         <property name="deviceName" value=""/>
         <property name="devicePlatform" value=""/>
         <property name="logFolder" value="C:\\Users\\Andrew_Dpp\\git\\234project-katalon\\Reports\\Test Suite for Login Test Case 1\\20180427_215210"/>
         <property name="logFiles" value="C:\\Users\\Andrew_Dpp\\git\\234project-katalon\\Reports\\Test Suite for Login Test Case 1\\20180427_215210\\execution0.log"/>
         <property name="attachments" value=""/>
         <property name="hostName" value="Andrew_Dpp - Andrew_Dpp-PC"/>
         <property name="os" value="Windows 7 64bit"/>
         <property name="katalonVersion" value="5.3.1.1"/>
         <property name="browser" value="Chrome 65.0.3325.181"/>
         <property name="hostAddress" value="192.168.1.6"/>
         <property name="sessionId" value="d41bf66fde0cdc0c5f46a7c8ce36e6df"/>
         <property name="seleniumVersion" value="3.7.1"/>
         <property name="proxyInformation" value="ProxyInformation{proxyOption=NO_PROXY, proxyServerType=HTTP, password=, proxyServerAddress=, proxyServerPort=0}"/>
         <property name="platform" value="Windows 7"/>
      </properties>
      <testcase name="Test Cases/Login Test Case 1" classname="Test Cases/Login Test Case 1" status="PASSED">
         <system-out><![CDATA[2018-04-27 21:52:14 - [TEST_CASE][PASSED] - Test Cases/Login Test Case 1: Test Cases/Login Test Case 1

2018-04-27 21:52:15 - [TEST_STEP][PASSED] - openBrowser: Browser is opened with url: ''

2018-04-27 21:52:21 - [MESSAGE][PASSED] - Browser is opened with url: ''

2018-04-27 21:52:21 - [TEST_STEP][PASSED] - navigateToUrl: Navigate to 'http://18.188.55.188:8085/' successfully

2018-04-27 21:52:31 - [MESSAGE][PASSED] - Navigate to 'http://18.188.55.188:8085/' successfully

2018-04-27 21:52:31 - [TEST_STEP][PASSED] - setText: Text 'user' is set on object 'Object Repository/Login/Login Success/input_username'

2018-04-27 21:52:32 - [MESSAGE][PASSED] - Text 'user' is set on object 'Object Repository/Login/Login Success/input_username'

2018-04-27 21:52:32 - [TEST_STEP][PASSED] - setText: Text 'user' is set on object 'Object Repository/Login/Login Success/input_password'

2018-04-27 21:52:33 - [MESSAGE][PASSED] - Text 'user' is set on object 'Object Repository/Login/Login Success/input_password'

2018-04-27 21:52:33 - [TEST_STEP][PASSED] - click: Object: 'Object Repository/Login/Login Success/button_Login' is clicked on

2018-04-27 21:52:33 - [MESSAGE][PASSED] - Object: 'Object Repository/Login/Login Success/button_Login' is clicked on

2018-04-27 21:52:33 - [TEST_STEP][PASSED] - verifyElementText: Actual text and expected text of test object 'Object Repository/Login/Login Success/menu1' are matched.

2018-04-27 21:52:39 - [MESSAGE][PASSED] - Actual text and expected text of test object 'Object Repository/Login/Login Success/menu1' are matched.

2018-04-27 21:52:39 - [TEST_STEP][PASSED] - verifyElementText: Actual text and expected text of test object 'Object Repository/Login/Login Success/menu2' are matched.

2018-04-27 21:52:39 - [MESSAGE][PASSED] - Actual text and expected text of test object 'Object Repository/Login/Login Success/menu2' are matched.

2018-04-27 21:52:39 - [TEST_STEP][PASSED] - click: Object: 'Object Repository/Login/Login Success/button_Logout' is clicked on

2018-04-27 21:52:40 - [MESSAGE][PASSED] - Object: 'Object Repository/Login/Login Success/button_Logout' is clicked on

2018-04-27 21:52:40 - [TEST_STEP][PASSED] - closeBrowser: Browser is closed

2018-04-27 21:52:41 - [MESSAGE][PASSED] - Browser is closed]]></system-out>
         <system-err><![CDATA[]]></system-err>
      </testcase>
      <testcase name="Test Cases/Login Test Case 1" classname="Test Cases/Login Test Case 1" status="PASSED">
         <system-out><![CDATA[2018-04-27 21:52:41 - [TEST_CASE][PASSED] - Test Cases/Login Test Case 1: Test Cases/Login Test Case 1

2018-04-27 21:52:41 - [TEST_STEP][PASSED] - openBrowser: Browser is opened with url: ''

2018-04-27 21:52:43 - [MESSAGE][PASSED] - Browser is opened with url: ''

2018-04-27 21:52:43 - [TEST_STEP][PASSED] - navigateToUrl: Navigate to 'http://18.188.55.188:8085/' successfully

2018-04-27 21:53:08 - [MESSAGE][PASSED] - Navigate to 'http://18.188.55.188:8085/' successfully

2018-04-27 21:53:08 - [TEST_STEP][PASSED] - setText: Text 'hello' is set on object 'Object Repository/Login/Login Success/input_username'

2018-04-27 21:53:08 - [MESSAGE][PASSED] - Text 'hello' is set on object 'Object Repository/Login/Login Success/input_username'

2018-04-27 21:53:08 - [TEST_STEP][PASSED] - setText: Text 'hello' is set on object 'Object Repository/Login/Login Success/input_password'

2018-04-27 21:53:09 - [MESSAGE][PASSED] - Text 'hello' is set on object 'Object Repository/Login/Login Success/input_password'

2018-04-27 21:53:09 - [TEST_STEP][PASSED] - click: Object: 'Object Repository/Login/Login Success/button_Login' is clicked on

2018-04-27 21:53:09 - [MESSAGE][PASSED] - Object: 'Object Repository/Login/Login Success/button_Login' is clicked on

2018-04-27 21:53:09 - [TEST_STEP][PASSED] - verifyElementText: Actual text and expected text of test object 'Object Repository/Login/Login Success/menu1' are matched.

2018-04-27 21:53:10 - [MESSAGE][PASSED] - Actual text and expected text of test object 'Object Repository/Login/Login Success/menu1' are matched.

2018-04-27 21:53:10 - [TEST_STEP][PASSED] - verifyElementText: Actual text and expected text of test object 'Object Repository/Login/Login Success/menu2' are matched.

2018-04-27 21:53:10 - [MESSAGE][PASSED] - Actual text and expected text of test object 'Object Repository/Login/Login Success/menu2' are matched.

2018-04-27 21:53:10 - [TEST_STEP][PASSED] - click: Object: 'Object Repository/Login/Login Success/button_Logout' is clicked on

2018-04-27 21:53:10 - [MESSAGE][PASSED] - Object: 'Object Repository/Login/Login Success/button_Logout' is clicked on

2018-04-27 21:53:10 - [TEST_STEP][PASSED] - closeBrowser: Browser is closed

2018-04-27 21:53:11 - [MESSAGE][PASSED] - Browser is closed]]></system-out>
         <system-err><![CDATA[]]></system-err>
      </testcase>
      <testcase name="Test Cases/Login Test Case 1" classname="Test Cases/Login Test Case 1" status="PASSED">
         <system-out><![CDATA[2018-04-27 21:53:11 - [TEST_CASE][PASSED] - Test Cases/Login Test Case 1: Test Cases/Login Test Case 1

2018-04-27 21:53:11 - [TEST_STEP][PASSED] - openBrowser: Browser is opened with url: ''

2018-04-27 21:53:14 - [MESSAGE][PASSED] - Browser is opened with url: ''

2018-04-27 21:53:14 - [TEST_STEP][PASSED] - navigateToUrl: Navigate to 'http://18.188.55.188:8085/' successfully

2018-04-27 21:53:23 - [MESSAGE][PASSED] - Navigate to 'http://18.188.55.188:8085/' successfully

2018-04-27 21:53:23 - [TEST_STEP][PASSED] - setText: Text 'admin' is set on object 'Object Repository/Login/Login Success/input_username'

2018-04-27 21:53:24 - [MESSAGE][PASSED] - Text 'admin' is set on object 'Object Repository/Login/Login Success/input_username'

2018-04-27 21:53:24 - [TEST_STEP][PASSED] - setText: Text 'admin' is set on object 'Object Repository/Login/Login Success/input_password'

2018-04-27 21:53:24 - [MESSAGE][PASSED] - Text 'admin' is set on object 'Object Repository/Login/Login Success/input_password'

2018-04-27 21:53:24 - [TEST_STEP][PASSED] - click: Object: 'Object Repository/Login/Login Success/button_Login' is clicked on

2018-04-27 21:53:24 - [MESSAGE][PASSED] - Object: 'Object Repository/Login/Login Success/button_Login' is clicked on

2018-04-27 21:53:24 - [TEST_STEP][PASSED] - verifyElementText: Actual text and expected text of test object 'Object Repository/Login/Login Success/menu1' are matched.

2018-04-27 21:53:26 - [MESSAGE][PASSED] - Actual text and expected text of test object 'Object Repository/Login/Login Success/menu1' are matched.

2018-04-27 21:53:26 - [TEST_STEP][PASSED] - verifyElementText: Actual text and expected text of test object 'Object Repository/Login/Login Success/menu2' are matched.

2018-04-27 21:53:26 - [MESSAGE][PASSED] - Actual text and expected text of test object 'Object Repository/Login/Login Success/menu2' are matched.

2018-04-27 21:53:26 - [TEST_STEP][PASSED] - click: Object: 'Object Repository/Login/Login Success/button_Logout' is clicked on

2018-04-27 21:53:26 - [MESSAGE][PASSED] - Object: 'Object Repository/Login/Login Success/button_Logout' is clicked on

2018-04-27 21:53:26 - [TEST_STEP][PASSED] - closeBrowser: Browser is closed

2018-04-27 21:53:27 - [MESSAGE][PASSED] - Browser is closed]]></system-out>
         <system-err><![CDATA[]]></system-err>
      </testcase>
      <system-out><![CDATA[2018-04-27 21:52:14 - [TEST_SUITE][PASSED] - Test Suite for Login Test Case 1: Test Cases/Login Test Case 1]]></system-out>
      <system-err><![CDATA[]]></system-err>
   </testsuite>
</testsuites>
