<?xml version="1.0" encoding="UTF-8"?>
<testsuites name="Test Suite for User Test Case 1" time="42" tests="2" failures="0" errors="0">
   <testsuite name="Test Suite for User Test Case 1" tests="2" failures="0" errors="0" time="42" timestamp="2018-04-27 20:52:51" hostname="Andrew_Dpp - Andrew_Dpp-PC" id="Test Suites/Test Suite for User Test Case 1">
      <properties>
         <property name="deviceName" value=""/>
         <property name="devicePlatform" value=""/>
         <property name="logFolder" value="C:\\Users\\Andrew_Dpp\\git\\234project-katalon\\Reports\\Test Suite for User Test Case 1\\20180427_205248"/>
         <property name="logFiles" value="C:\\Users\\Andrew_Dpp\\git\\234project-katalon\\Reports\\Test Suite for User Test Case 1\\20180427_205248\\execution0.log"/>
         <property name="attachments" value=""/>
         <property name="hostName" value="Andrew_Dpp - Andrew_Dpp-PC"/>
         <property name="os" value="Windows 7 64bit"/>
         <property name="katalonVersion" value="5.3.1.1"/>
         <property name="browser" value="Chrome 65.0.3325.181"/>
         <property name="hostAddress" value="192.168.1.6"/>
         <property name="sessionId" value="c6b32ccb740d2651d7844fcfbae8e237"/>
         <property name="seleniumVersion" value="3.7.1"/>
         <property name="proxyInformation" value="ProxyInformation{proxyOption=NO_PROXY, proxyServerType=HTTP, password=, proxyServerAddress=, proxyServerPort=0}"/>
         <property name="platform" value="Windows 7"/>
      </properties>
      <testcase name="Test Cases/User Test Case 1" classname="Test Cases/User Test Case 1" status="PASSED">
         <system-out><![CDATA[2018-04-27 20:52:51 - [TEST_CASE][PASSED] - Test Cases/User Test Case 1: Test Cases/User Test Case 1

2018-04-27 20:52:52 - [TEST_STEP][PASSED] - openBrowser: Browser is opened with url: ''

2018-04-27 20:52:56 - [MESSAGE][PASSED] - Browser is opened with url: ''

2018-04-27 20:52:56 - [TEST_STEP][PASSED] - navigateToUrl: Navigate to 'http://18.188.55.188:8085/' successfully

2018-04-27 20:53:11 - [MESSAGE][PASSED] - Navigate to 'http://18.188.55.188:8085/' successfully

2018-04-27 20:53:11 - [TEST_STEP][PASSED] - setText: Text 'user' is set on object 'Object Repository/User/Page_ProjectBackend/input_username'

2018-04-27 20:53:12 - [MESSAGE][PASSED] - Text 'user' is set on object 'Object Repository/User/Page_ProjectBackend/input_username'

2018-04-27 20:53:12 - [TEST_STEP][PASSED] - setText: Text 'user' is set on object 'Object Repository/User/Page_ProjectBackend/input_password'

2018-04-27 20:53:12 - [MESSAGE][PASSED] - Text 'user' is set on object 'Object Repository/User/Page_ProjectBackend/input_password'

2018-04-27 20:53:12 - [TEST_STEP][PASSED] - click: Object: 'Object Repository/User/Page_ProjectBackend/button_Login' is clicked on

2018-04-27 20:53:13 - [MESSAGE][PASSED] - Object: 'Object Repository/User/Page_ProjectBackend/button_Login' is clicked on

2018-04-27 20:53:13 - [TEST_STEP][PASSED] - verifyElementText: Actual text and expected text of test object 'Object Repository/User/Page_ProjectBackend/a_Products' are matched.

2018-04-27 20:53:14 - [MESSAGE][PASSED] - Actual text and expected text of test object 'Object Repository/User/Page_ProjectBackend/a_Products' are matched.

2018-04-27 20:53:14 - [TEST_STEP][PASSED] - verifyElementText: Actual text and expected text of test object 'Object Repository/User/Page_ProjectBackend/a_Carts' are matched.

2018-04-27 20:53:14 - [MESSAGE][PASSED] - Actual text and expected text of test object 'Object Repository/User/Page_ProjectBackend/a_Carts' are matched.

2018-04-27 20:53:14 - [TEST_STEP][PASSED] - click: Object: 'Object Repository/User/Page_ProjectBackend/button_Logout' is clicked on

2018-04-27 20:53:14 - [MESSAGE][PASSED] - Object: 'Object Repository/User/Page_ProjectBackend/button_Logout' is clicked on

2018-04-27 20:53:14 - [TEST_STEP][PASSED] - closeBrowser: Browser is closed

2018-04-27 20:53:15 - [MESSAGE][PASSED] - Browser is closed]]></system-out>
         <system-err><![CDATA[]]></system-err>
      </testcase>
      <testcase name="Test Cases/User Test Case 1" classname="Test Cases/User Test Case 1" status="PASSED">
         <system-out><![CDATA[2018-04-27 20:53:15 - [TEST_CASE][PASSED] - Test Cases/User Test Case 1: Test Cases/User Test Case 1

2018-04-27 20:53:15 - [TEST_STEP][PASSED] - openBrowser: Browser is opened with url: ''

2018-04-27 20:53:17 - [MESSAGE][PASSED] - Browser is opened with url: ''

2018-04-27 20:53:17 - [TEST_STEP][PASSED] - navigateToUrl: Navigate to 'http://18.188.55.188:8085/' successfully

2018-04-27 20:53:29 - [MESSAGE][PASSED] - Navigate to 'http://18.188.55.188:8085/' successfully

2018-04-27 20:53:29 - [TEST_STEP][PASSED] - setText: Text 'hello' is set on object 'Object Repository/User/Page_ProjectBackend/input_username'

2018-04-27 20:53:30 - [MESSAGE][PASSED] - Text 'hello' is set on object 'Object Repository/User/Page_ProjectBackend/input_username'

2018-04-27 20:53:30 - [TEST_STEP][PASSED] - setText: Text 'hello' is set on object 'Object Repository/User/Page_ProjectBackend/input_password'

2018-04-27 20:53:30 - [MESSAGE][PASSED] - Text 'hello' is set on object 'Object Repository/User/Page_ProjectBackend/input_password'

2018-04-27 20:53:30 - [TEST_STEP][PASSED] - click: Object: 'Object Repository/User/Page_ProjectBackend/button_Login' is clicked on

2018-04-27 20:53:31 - [MESSAGE][PASSED] - Object: 'Object Repository/User/Page_ProjectBackend/button_Login' is clicked on

2018-04-27 20:53:31 - [TEST_STEP][PASSED] - verifyElementText: Actual text and expected text of test object 'Object Repository/User/Page_ProjectBackend/a_Products' are matched.

2018-04-27 20:53:32 - [MESSAGE][PASSED] - Actual text and expected text of test object 'Object Repository/User/Page_ProjectBackend/a_Products' are matched.

2018-04-27 20:53:32 - [TEST_STEP][PASSED] - verifyElementText: Actual text and expected text of test object 'Object Repository/User/Page_ProjectBackend/a_Carts' are matched.

2018-04-27 20:53:32 - [MESSAGE][PASSED] - Actual text and expected text of test object 'Object Repository/User/Page_ProjectBackend/a_Carts' are matched.

2018-04-27 20:53:32 - [TEST_STEP][PASSED] - click: Object: 'Object Repository/User/Page_ProjectBackend/button_Logout' is clicked on

2018-04-27 20:53:32 - [MESSAGE][PASSED] - Object: 'Object Repository/User/Page_ProjectBackend/button_Logout' is clicked on

2018-04-27 20:53:32 - [TEST_STEP][PASSED] - closeBrowser: Browser is closed

2018-04-27 20:53:33 - [MESSAGE][PASSED] - Browser is closed]]></system-out>
         <system-err><![CDATA[]]></system-err>
      </testcase>
      <system-out><![CDATA[2018-04-27 20:52:51 - [TEST_SUITE][PASSED] - Test Suite for User Test Case 1: Test Cases/User Test Case 1]]></system-out>
      <system-err><![CDATA[]]></system-err>
   </testsuite>
</testsuites>
