<?xml version="1.0" encoding="UTF-8"?>
<testsuites name="Test Suite for Logout Test Case 1" time="59" tests="3" failures="0" errors="0">
   <testsuite name="Test Suite for Logout Test Case 1" tests="3" failures="0" errors="0" time="59" timestamp="2018-04-29 20:31:47" hostname="Andrew_Dpp - Andrew_Dpp-PC" id="Test Suites/Test Suite for Logout Test Case 1">
      <properties>
         <property name="deviceName" value=""/>
         <property name="devicePlatform" value=""/>
         <property name="logFolder" value="C:\\Users\\Andrew_Dpp\\git\\234project-katalon\\Reports\\Test Suite for Logout Test Case 1\\20180429_203144"/>
         <property name="logFiles" value="C:\\Users\\Andrew_Dpp\\git\\234project-katalon\\Reports\\Test Suite for Logout Test Case 1\\20180429_203144\\execution0.log"/>
         <property name="attachments" value=""/>
         <property name="hostName" value="Andrew_Dpp - Andrew_Dpp-PC"/>
         <property name="os" value="Windows 7 64bit"/>
         <property name="katalonVersion" value="5.3.1.1"/>
         <property name="browser" value="Chrome 65.0.3325.181"/>
         <property name="hostAddress" value="192.168.1.10"/>
         <property name="sessionId" value="15829561a58eced16ff700ff71340f0b"/>
         <property name="seleniumVersion" value="3.7.1"/>
         <property name="proxyInformation" value="ProxyInformation{proxyOption=NO_PROXY, proxyServerType=HTTP, password=, proxyServerAddress=, proxyServerPort=0}"/>
         <property name="platform" value="Windows 7"/>
      </properties>
      <testcase name="Test Cases/Logout Test Case 1" classname="Test Cases/Logout Test Case 1" status="PASSED">
         <system-out><![CDATA[2018-04-29 20:31:48 - [TEST_CASE][PASSED] - Test Cases/Logout Test Case 1: Test Cases/Logout Test Case 1

2018-04-29 20:31:48 - [TEST_STEP][PASSED] - openBrowser: Browser is opened with url: ''

2018-04-29 20:31:54 - [MESSAGE][PASSED] - Browser is opened with url: ''

2018-04-29 20:31:54 - [TEST_STEP][PASSED] - navigateToUrl: Navigate to 'http://18.188.55.188:8085/' successfully

2018-04-29 20:32:04 - [MESSAGE][PASSED] - Navigate to 'http://18.188.55.188:8085/' successfully

2018-04-29 20:32:04 - [TEST_STEP][PASSED] - setText: Text 'user' is set on object 'Object Repository/Logout/input_username'

2018-04-29 20:32:05 - [MESSAGE][PASSED] - Text 'user' is set on object 'Object Repository/Logout/input_username'

2018-04-29 20:32:05 - [TEST_STEP][PASSED] - setText: Text 'user' is set on object 'Object Repository/Logout/input_password'

2018-04-29 20:32:05 - [MESSAGE][PASSED] - Text 'user' is set on object 'Object Repository/Logout/input_password'

2018-04-29 20:32:05 - [TEST_STEP][PASSED] - click: Object: 'Object Repository/Logout/button_Login' is clicked on

2018-04-29 20:32:06 - [MESSAGE][PASSED] - Object: 'Object Repository/Logout/button_Login' is clicked on

2018-04-29 20:32:06 - [TEST_STEP][PASSED] - closeBrowser: Browser is closed

2018-04-29 20:32:07 - [MESSAGE][PASSED] - Browser is closed]]></system-out>
         <system-err><![CDATA[]]></system-err>
      </testcase>
      <testcase name="Test Cases/Logout Test Case 1" classname="Test Cases/Logout Test Case 1" status="PASSED">
         <system-out><![CDATA[2018-04-29 20:32:07 - [TEST_CASE][PASSED] - Test Cases/Logout Test Case 1: Test Cases/Logout Test Case 1

2018-04-29 20:32:07 - [TEST_STEP][PASSED] - openBrowser: Browser is opened with url: ''

2018-04-29 20:32:10 - [MESSAGE][PASSED] - Browser is opened with url: ''

2018-04-29 20:32:10 - [TEST_STEP][PASSED] - navigateToUrl: Navigate to 'http://18.188.55.188:8085/' successfully

2018-04-29 20:32:28 - [MESSAGE][PASSED] - Navigate to 'http://18.188.55.188:8085/' successfully

2018-04-29 20:32:28 - [TEST_STEP][PASSED] - setText: Text 'hello' is set on object 'Object Repository/Logout/input_username'

2018-04-29 20:32:28 - [MESSAGE][PASSED] - Text 'hello' is set on object 'Object Repository/Logout/input_username'

2018-04-29 20:32:28 - [TEST_STEP][PASSED] - setText: Text 'hello' is set on object 'Object Repository/Logout/input_password'

2018-04-29 20:32:29 - [MESSAGE][PASSED] - Text 'hello' is set on object 'Object Repository/Logout/input_password'

2018-04-29 20:32:29 - [TEST_STEP][PASSED] - click: Object: 'Object Repository/Logout/button_Login' is clicked on

2018-04-29 20:32:29 - [MESSAGE][PASSED] - Object: 'Object Repository/Logout/button_Login' is clicked on

2018-04-29 20:32:29 - [TEST_STEP][PASSED] - closeBrowser: Browser is closed

2018-04-29 20:32:29 - [MESSAGE][PASSED] - Browser is closed]]></system-out>
         <system-err><![CDATA[]]></system-err>
      </testcase>
      <testcase name="Test Cases/Logout Test Case 1" classname="Test Cases/Logout Test Case 1" status="PASSED">
         <system-out><![CDATA[2018-04-29 20:32:29 - [TEST_CASE][PASSED] - Test Cases/Logout Test Case 1: Test Cases/Logout Test Case 1

2018-04-29 20:32:29 - [TEST_STEP][PASSED] - openBrowser: Browser is opened with url: ''

2018-04-29 20:32:32 - [MESSAGE][PASSED] - Browser is opened with url: ''

2018-04-29 20:32:32 - [TEST_STEP][PASSED] - navigateToUrl: Navigate to 'http://18.188.55.188:8085/' successfully

2018-04-29 20:32:45 - [MESSAGE][PASSED] - Navigate to 'http://18.188.55.188:8085/' successfully

2018-04-29 20:32:45 - [TEST_STEP][PASSED] - setText: Text 'admin' is set on object 'Object Repository/Logout/input_username'

2018-04-29 20:32:45 - [MESSAGE][PASSED] - Text 'admin' is set on object 'Object Repository/Logout/input_username'

2018-04-29 20:32:45 - [TEST_STEP][PASSED] - setText: Text 'admin' is set on object 'Object Repository/Logout/input_password'

2018-04-29 20:32:45 - [MESSAGE][PASSED] - Text 'admin' is set on object 'Object Repository/Logout/input_password'

2018-04-29 20:32:45 - [TEST_STEP][PASSED] - click: Object: 'Object Repository/Logout/button_Login' is clicked on

2018-04-29 20:32:46 - [MESSAGE][PASSED] - Object: 'Object Repository/Logout/button_Login' is clicked on

2018-04-29 20:32:46 - [TEST_STEP][PASSED] - closeBrowser: Browser is closed

2018-04-29 20:32:46 - [MESSAGE][PASSED] - Browser is closed]]></system-out>
         <system-err><![CDATA[]]></system-err>
      </testcase>
      <system-out><![CDATA[2018-04-29 20:31:47 - [TEST_SUITE][PASSED] - Test Suite for Logout Test Case 1: Test Cases/Logout Test Case 1]]></system-out>
      <system-err><![CDATA[]]></system-err>
   </testsuite>
</testsuites>
