<?xml version="1.0" encoding="UTF-8"?>
<testsuites name="Test Suite for Logout Test Case" time="122" tests="3" failures="0" errors="0">
   <testsuite name="Test Suite for Logout Test Case" tests="3" failures="0" errors="0" time="122" timestamp="2018-05-08 12:05:23" hostname="Andrew_Dpp - 10.80.101.146" id="Test Suites/Test Suite for Logout Test Case">
      <properties>
         <property name="deviceName" value=""/>
         <property name="devicePlatform" value=""/>
         <property name="logFolder" value="C:\\Users\\Andrew_Dpp\\git\\234project-katalon\\Reports\\Test Suite for Logout Test Case\\20180508_120507"/>
         <property name="logFiles" value="C:\\Users\\Andrew_Dpp\\git\\234project-katalon\\Reports\\Test Suite for Logout Test Case\\20180508_120507\\execution0.log"/>
         <property name="attachments" value=""/>
         <property name="hostName" value="Andrew_Dpp - 10.80.101.146"/>
         <property name="os" value="Windows 7 64bit"/>
         <property name="katalonVersion" value="5.3.1.1"/>
         <property name="browser" value="Chrome 66.0.3359.139"/>
         <property name="hostAddress" value="10.80.101.146"/>
         <property name="sessionId" value="2ebfc86b9447a2cc50bb06e75bb80716"/>
         <property name="seleniumVersion" value="3.7.1"/>
         <property name="proxyInformation" value="ProxyInformation{proxyOption=NO_PROXY, proxyServerType=HTTP, password=, proxyServerAddress=, proxyServerPort=0}"/>
         <property name="platform" value="Windows 7"/>
      </properties>
      <testcase name="Test Cases/Logout Test Case" classname="Test Cases/Logout Test Case" status="PASSED">
         <system-out><![CDATA[2018-05-08 12:05:24 - [TEST_CASE][PASSED] - Test Cases/Logout Test Case: Test Cases/Logout Test Case

2018-05-08 12:05:26 - [TEST_STEP][PASSED] - openBrowser: Browser is opened with url: ''

2018-05-08 12:05:51 - [MESSAGE][PASSED] - Browser is opened with url: ''

2018-05-08 12:05:51 - [TEST_STEP][PASSED] - navigateToUrl: Navigate to 'http://18.188.55.188:8085/' successfully

2018-05-08 12:06:04 - [MESSAGE][PASSED] - Navigate to 'http://18.188.55.188:8085/' successfully

2018-05-08 12:06:04 - [TEST_STEP][PASSED] - setText: Text 'user' is set on object 'Object Repository/Logout/input_username'

2018-05-08 12:06:05 - [MESSAGE][PASSED] - Text 'user' is set on object 'Object Repository/Logout/input_username'

2018-05-08 12:06:05 - [TEST_STEP][PASSED] - setText: Text 'user' is set on object 'Object Repository/Logout/input_password'

2018-05-08 12:06:06 - [MESSAGE][PASSED] - Text 'user' is set on object 'Object Repository/Logout/input_password'

2018-05-08 12:06:06 - [TEST_STEP][PASSED] - click: Object: 'Object Repository/Logout/button_Login' is clicked on

2018-05-08 12:06:06 - [MESSAGE][PASSED] - Object: 'Object Repository/Logout/button_Login' is clicked on

2018-05-08 12:06:06 - [TEST_STEP][PASSED] - waitForElementPresent: Object 'Object Repository/Logout/button_Logout' is present

2018-05-08 12:06:06 - [MESSAGE][WARNING] - Timeout '0' is invalid. Using default page load timeout: '30'

2018-05-08 12:06:07 - [MESSAGE][PASSED] - Object 'Object Repository/Logout/button_Logout' is present

2018-05-08 12:06:07 - [TEST_STEP][PASSED] - verifyEqual: Actual object 'http://18.188.55.188:8085/products' and expected object 'http://18.188.55.188:8085/products' are equal

2018-05-08 12:06:07 - [MESSAGE][PASSED] - Current window's url is: 'http://18.188.55.188:8085/products'

2018-05-08 12:06:07 - [MESSAGE][PASSED] - Actual object 'http://18.188.55.188:8085/products' and expected object 'http://18.188.55.188:8085/products' are equal

2018-05-08 12:06:07 - [TEST_STEP][PASSED] - click: Object: 'Object Repository/Logout/button_Logout' is clicked on

2018-05-08 12:06:07 - [MESSAGE][PASSED] - Object: 'Object Repository/Logout/button_Logout' is clicked on

2018-05-08 12:06:07 - [TEST_STEP][PASSED] - verifyEqual: Actual object 'http://18.188.55.188:8085/' and expected object 'http://18.188.55.188:8085/' are equal

2018-05-08 12:06:07 - [MESSAGE][PASSED] - Current window's url is: 'http://18.188.55.188:8085/'

2018-05-08 12:06:07 - [MESSAGE][PASSED] - Actual object 'http://18.188.55.188:8085/' and expected object 'http://18.188.55.188:8085/' are equal

2018-05-08 12:06:08 - [TEST_STEP][PASSED] - closeBrowser: Browser is closed

2018-05-08 12:06:08 - [MESSAGE][PASSED] - Browser is closed]]></system-out>
         <system-err><![CDATA[]]></system-err>
      </testcase>
      <testcase name="Test Cases/Logout Test Case" classname="Test Cases/Logout Test Case" status="PASSED">
         <system-out><![CDATA[2018-05-08 12:06:08 - [TEST_CASE][PASSED] - Test Cases/Logout Test Case: Test Cases/Logout Test Case

2018-05-08 12:06:08 - [TEST_STEP][PASSED] - openBrowser: Browser is opened with url: ''

2018-05-08 12:06:32 - [MESSAGE][PASSED] - Browser is opened with url: ''

2018-05-08 12:06:32 - [TEST_STEP][PASSED] - navigateToUrl: Navigate to 'http://18.188.55.188:8085/' successfully

2018-05-08 12:06:44 - [MESSAGE][PASSED] - Navigate to 'http://18.188.55.188:8085/' successfully

2018-05-08 12:06:44 - [TEST_STEP][PASSED] - setText: Text 'hello' is set on object 'Object Repository/Logout/input_username'

2018-05-08 12:06:44 - [MESSAGE][PASSED] - Text 'hello' is set on object 'Object Repository/Logout/input_username'

2018-05-08 12:06:44 - [TEST_STEP][PASSED] - setText: Text 'hello' is set on object 'Object Repository/Logout/input_password'

2018-05-08 12:06:44 - [MESSAGE][PASSED] - Text 'hello' is set on object 'Object Repository/Logout/input_password'

2018-05-08 12:06:44 - [TEST_STEP][PASSED] - click: Object: 'Object Repository/Logout/button_Login' is clicked on

2018-05-08 12:06:45 - [MESSAGE][PASSED] - Object: 'Object Repository/Logout/button_Login' is clicked on

2018-05-08 12:06:45 - [TEST_STEP][PASSED] - waitForElementPresent: Object 'Object Repository/Logout/button_Logout' is present

2018-05-08 12:06:45 - [MESSAGE][WARNING] - Timeout '0' is invalid. Using default page load timeout: '30'

2018-05-08 12:06:46 - [MESSAGE][PASSED] - Object 'Object Repository/Logout/button_Logout' is present

2018-05-08 12:06:46 - [TEST_STEP][PASSED] - verifyEqual: Actual object 'http://18.188.55.188:8085/products' and expected object 'http://18.188.55.188:8085/products' are equal

2018-05-08 12:06:46 - [MESSAGE][PASSED] - Current window's url is: 'http://18.188.55.188:8085/products'

2018-05-08 12:06:46 - [MESSAGE][PASSED] - Actual object 'http://18.188.55.188:8085/products' and expected object 'http://18.188.55.188:8085/products' are equal

2018-05-08 12:06:46 - [TEST_STEP][PASSED] - click: Object: 'Object Repository/Logout/button_Logout' is clicked on

2018-05-08 12:06:46 - [MESSAGE][PASSED] - Object: 'Object Repository/Logout/button_Logout' is clicked on

2018-05-08 12:06:46 - [TEST_STEP][PASSED] - verifyEqual: Actual object 'http://18.188.55.188:8085/' and expected object 'http://18.188.55.188:8085/' are equal

2018-05-08 12:06:46 - [MESSAGE][PASSED] - Current window's url is: 'http://18.188.55.188:8085/'

2018-05-08 12:06:46 - [MESSAGE][PASSED] - Actual object 'http://18.188.55.188:8085/' and expected object 'http://18.188.55.188:8085/' are equal

2018-05-08 12:06:46 - [TEST_STEP][PASSED] - closeBrowser: Browser is closed

2018-05-08 12:06:47 - [MESSAGE][PASSED] - Browser is closed]]></system-out>
         <system-err><![CDATA[]]></system-err>
      </testcase>
      <testcase name="Test Cases/Logout Test Case" classname="Test Cases/Logout Test Case" status="PASSED">
         <system-out><![CDATA[2018-05-08 12:06:47 - [TEST_CASE][PASSED] - Test Cases/Logout Test Case: Test Cases/Logout Test Case

2018-05-08 12:06:47 - [TEST_STEP][PASSED] - openBrowser: Browser is opened with url: ''

2018-05-08 12:07:10 - [MESSAGE][PASSED] - Browser is opened with url: ''

2018-05-08 12:07:10 - [TEST_STEP][PASSED] - navigateToUrl: Navigate to 'http://18.188.55.188:8085/' successfully

2018-05-08 12:07:23 - [MESSAGE][PASSED] - Navigate to 'http://18.188.55.188:8085/' successfully

2018-05-08 12:07:23 - [TEST_STEP][PASSED] - setText: Text 'admin' is set on object 'Object Repository/Logout/input_username'

2018-05-08 12:07:23 - [MESSAGE][PASSED] - Text 'admin' is set on object 'Object Repository/Logout/input_username'

2018-05-08 12:07:23 - [TEST_STEP][PASSED] - setText: Text 'admin' is set on object 'Object Repository/Logout/input_password'

2018-05-08 12:07:23 - [MESSAGE][PASSED] - Text 'admin' is set on object 'Object Repository/Logout/input_password'

2018-05-08 12:07:23 - [TEST_STEP][PASSED] - click: Object: 'Object Repository/Logout/button_Login' is clicked on

2018-05-08 12:07:24 - [MESSAGE][PASSED] - Object: 'Object Repository/Logout/button_Login' is clicked on

2018-05-08 12:07:24 - [TEST_STEP][PASSED] - waitForElementPresent: Object 'Object Repository/Logout/button_Logout' is present

2018-05-08 12:07:24 - [MESSAGE][WARNING] - Timeout '0' is invalid. Using default page load timeout: '30'

2018-05-08 12:07:25 - [MESSAGE][PASSED] - Object 'Object Repository/Logout/button_Logout' is present

2018-05-08 12:07:25 - [TEST_STEP][PASSED] - verifyEqual: Actual object 'http://18.188.55.188:8085/products' and expected object 'http://18.188.55.188:8085/products' are equal

2018-05-08 12:07:25 - [MESSAGE][PASSED] - Current window's url is: 'http://18.188.55.188:8085/products'

2018-05-08 12:07:25 - [MESSAGE][PASSED] - Actual object 'http://18.188.55.188:8085/products' and expected object 'http://18.188.55.188:8085/products' are equal

2018-05-08 12:07:25 - [TEST_STEP][PASSED] - click: Object: 'Object Repository/Logout/button_Logout' is clicked on

2018-05-08 12:07:25 - [MESSAGE][PASSED] - Object: 'Object Repository/Logout/button_Logout' is clicked on

2018-05-08 12:07:25 - [TEST_STEP][PASSED] - verifyEqual: Actual object 'http://18.188.55.188:8085/' and expected object 'http://18.188.55.188:8085/' are equal

2018-05-08 12:07:25 - [MESSAGE][PASSED] - Current window's url is: 'http://18.188.55.188:8085/'

2018-05-08 12:07:25 - [MESSAGE][PASSED] - Actual object 'http://18.188.55.188:8085/' and expected object 'http://18.188.55.188:8085/' are equal

2018-05-08 12:07:25 - [TEST_STEP][PASSED] - closeBrowser: Browser is closed

2018-05-08 12:07:26 - [MESSAGE][PASSED] - Browser is closed]]></system-out>
         <system-err><![CDATA[]]></system-err>
      </testcase>
      <system-out><![CDATA[2018-05-08 12:05:23 - [TEST_SUITE][PASSED] - Test Suite for Logout Test Case: Test Cases/Logout Test Case]]></system-out>
      <system-err><![CDATA[]]></system-err>
   </testsuite>
</testsuites>
