<?xml version="1.0" encoding="UTF-8"?>
<testsuites name="Test Suite for Admin Test Case 1" time="44" tests="0" failures="0" errors="1">
   <testsuite name="Test Suite for Admin Test Case 1" tests="0" failures="0" errors="1" time="44" timestamp="2018-05-07 11:32:40" hostname="Andrew_Dpp - 10.80.101.119" id="Test Suites/Test Suite for Admin Test Case 1">
      <properties>
         <property name="deviceName" value=""/>
         <property name="devicePlatform" value=""/>
         <property name="logFolder" value="C:\\Users\\Andrew_Dpp\\git\\234project-katalon\\Reports\\Test Suite for Admin Test Case 1\\20180507_113223"/>
         <property name="logFiles" value="C:\\Users\\Andrew_Dpp\\git\\234project-katalon\\Reports\\Test Suite for Admin Test Case 1\\20180507_113223\\execution0.log"/>
         <property name="attachments" value=""/>
         <property name="hostName" value="Andrew_Dpp - 10.80.101.119"/>
         <property name="os" value="Windows 7 64bit"/>
         <property name="katalonVersion" value="5.3.1.1"/>
         <property name="browser" value="Chrome 66.0.3359.139"/>
         <property name="hostAddress" value="10.80.101.119"/>
         <property name="sessionId" value="88b68c952d28d8657a18973077060d77"/>
         <property name="seleniumVersion" value="3.7.1"/>
         <property name="proxyInformation" value="ProxyInformation{proxyOption=NO_PROXY, proxyServerType=HTTP, password=, proxyServerAddress=, proxyServerPort=0}"/>
         <property name="platform" value="Windows 7"/>
      </properties>
      <testcase name="Test Cases/Admin Test Case 1" classname="Test Cases/Admin Test Case 1" status="ERROR">
         <error type="ERROR" message="Test Cases/Admin Test Case 1 FAILED because (of) java.lang.NumberFormatException: For input string: &quot;Total price:&quot;"/>
         <system-out><![CDATA[2018-05-07 11:32:41 - [TEST_CASE][ERROR] - Test Cases/Admin Test Case 1: Test Cases/Admin Test Case 1 FAILED because (of) java.lang.NumberFormatException: For input string: "Total price:"

2018-05-07 11:32:42 - [TEST_STEP][PASSED] - openBrowser: Browser is opened with url: ''

2018-05-07 11:33:09 - [MESSAGE][PASSED] - Browser is opened with url: ''

2018-05-07 11:33:09 - [TEST_STEP][PASSED] - Statement - driver = com.kms.katalon.core.webui.driver.DriverFactory.getWebDriver(): null

2018-05-07 11:33:09 - [TEST_STEP][PASSED] - navigateToUrl: Navigate to 'http://18.188.55.188:8085/' successfully

2018-05-07 11:33:21 - [MESSAGE][PASSED] - Navigate to 'http://18.188.55.188:8085/' successfully

2018-05-07 11:33:21 - [TEST_STEP][PASSED] - setText: Text 'admin' is set on object 'Object Repository/Admin/input_username'

2018-05-07 11:33:21 - [MESSAGE][PASSED] - Text 'admin' is set on object 'Object Repository/Admin/input_username'

2018-05-07 11:33:21 - [TEST_STEP][PASSED] - setText: Text 'admin' is set on object 'Object Repository/Admin/input_password'

2018-05-07 11:33:22 - [MESSAGE][PASSED] - Text 'admin' is set on object 'Object Repository/Admin/input_password'

2018-05-07 11:33:22 - [TEST_STEP][PASSED] - click: Object: 'Object Repository/Admin/button_Login' is clicked on

2018-05-07 11:33:22 - [MESSAGE][PASSED] - Object: 'Object Repository/Admin/button_Login' is clicked on

2018-05-07 11:33:22 - [TEST_STEP][PASSED] - click: Object: 'Object Repository/Admin/div_Products' is clicked on

2018-05-07 11:33:23 - [MESSAGE][PASSED] - Object: 'Object Repository/Admin/div_Products' is clicked on

2018-05-07 11:33:23 - [TEST_STEP][PASSED] - click: Object: 'Object Repository/Admin/a_Total Transaction' is clicked on

2018-05-07 11:33:23 - [MESSAGE][PASSED] - Object: 'Object Repository/Admin/a_Total Transaction' is clicked on

2018-05-07 11:33:23 - [TEST_STEP][PASSED] - Statement - Table = driver.findElement(org.openqa.selenium.By.xpath("//*[@id="add-row"]/div/table/tbody")): null

2018-05-07 11:33:23 - [TEST_STEP][PASSED] - Statement - adminTotalPrice = driver.findElement(org.openqa.selenium.By.xpath("//*[@id="add-row"]/div/div[2]/div/p")).getText(): null

2018-05-07 11:33:24 - [TEST_STEP][PASSED] - Statement - adminTotalPrice = adminTotalPrice.replaceAll(" THB", "").replaceAll("Total price: ", "").replaceAll(",", ""): null

2018-05-07 11:33:24 - [TEST_STEP][PASSED] - Statement - adminTotalPrice = java.lang.Integer.parseInt(adminTotalPrice): null]]></system-out>
         <system-err><![CDATA[2018-05-07 11:32:41 - [TEST_CASE][ERROR] - Test Cases/Admin Test Case 1: Test Cases/Admin Test Case 1 FAILED because (of) java.lang.NumberFormatException: For input string: "Total price:"]]></system-err>
      </testcase>
      <system-out><![CDATA[2018-05-07 11:32:40 - [TEST_SUITE][ERROR] - Test Suite for Admin Test Case 1: Test Cases/Admin Test Case 1 FAILED because (of) java.lang.NumberFormatException: For input string: "Total price:"]]></system-out>
      <system-err><![CDATA[2018-05-07 11:32:40 - [TEST_SUITE][ERROR] - Test Suite for Admin Test Case 1: Test Cases/Admin Test Case 1 FAILED because (of) java.lang.NumberFormatException: For input string: "Total price:"]]></system-err>
   </testsuite>
</testsuites>
