<?xml version="1.0" encoding="UTF-8"?>
<testsuites name="Test Suite for Admin Test Case to Check Total Transactions" time="1311" tests="2" failures="0" errors="0">
   <testsuite name="Test Suite for Admin Test Case to Check Total Transactions" tests="2" failures="0" errors="0" time="1311" timestamp="2018-05-08 09:54:59" hostname="Andrew_Dpp - 10.80.101.146" id="Test Suites/Test Suite for Admin Test Case to Check Total Transactions">
      <properties>
         <property name="deviceName" value=""/>
         <property name="devicePlatform" value=""/>
         <property name="logFolder" value="C:\\Users\\Andrew_Dpp\\git\\234project-katalon\\Reports\\Test Suite for Admin Test Case to Check Total Transactions\\20180508_095432"/>
         <property name="logFiles" value="C:\\Users\\Andrew_Dpp\\git\\234project-katalon\\Reports\\Test Suite for Admin Test Case to Check Total Transactions\\20180508_095432\\execution0.log"/>
         <property name="attachments" value=""/>
         <property name="hostName" value="Andrew_Dpp - 10.80.101.146"/>
         <property name="os" value="Windows 7 64bit"/>
         <property name="katalonVersion" value="5.3.1.1"/>
         <property name="browser" value="Chrome 66.0.3359.139"/>
         <property name="hostAddress" value="10.80.101.146"/>
         <property name="sessionId" value="0058d0baedd035fc7ba3a37afb3b7f7b"/>
         <property name="seleniumVersion" value="3.7.1"/>
         <property name="proxyInformation" value="ProxyInformation{proxyOption=NO_PROXY, proxyServerType=HTTP, password=, proxyServerAddress=, proxyServerPort=0}"/>
         <property name="platform" value="Windows 7"/>
      </properties>
      <testcase name="Test Cases/Admin Test Case to Check Total Transactions" classname="Test Cases/Admin Test Case to Check Total Transactions" status="PASSED">
         <system-out><![CDATA[2018-05-08 09:55:01 - [TEST_CASE][PASSED] - Test Cases/Admin Test Case to Check Total Transactions: Test Cases/Admin Test Case to Check Total Transactions

2018-05-08 09:55:04 - [TEST_STEP][PASSED] - openBrowser: Browser is opened with url: ''

2018-05-08 09:55:48 - [MESSAGE][PASSED] - Browser is opened with url: ''

2018-05-08 09:55:48 - [TEST_STEP][PASSED] - Statement - driver = com.kms.katalon.core.webui.driver.DriverFactory.getWebDriver(): null

2018-05-08 09:55:48 - [TEST_STEP][PASSED] - navigateToUrl: Navigate to 'http://18.188.55.188:8085/' successfully

2018-05-08 09:56:00 - [MESSAGE][PASSED] - Navigate to 'http://18.188.55.188:8085/' successfully

2018-05-08 09:56:00 - [TEST_STEP][PASSED] - setText: Text 'admin' is set on object 'Object Repository/Admin/input_username'

2018-05-08 09:56:03 - [MESSAGE][PASSED] - Text 'admin' is set on object 'Object Repository/Admin/input_username'

2018-05-08 09:56:03 - [TEST_STEP][PASSED] - setText: Text 'admin' is set on object 'Object Repository/Admin/input_password'

2018-05-08 09:56:07 - [MESSAGE][PASSED] - Text 'admin' is set on object 'Object Repository/Admin/input_password'

2018-05-08 09:56:07 - [TEST_STEP][PASSED] - click: Object: 'Object Repository/Admin/button_Login' is clicked on

2018-05-08 09:56:09 - [MESSAGE][PASSED] - Object: 'Object Repository/Admin/button_Login' is clicked on

2018-05-08 09:56:09 - [TEST_STEP][PASSED] - delay: Delayed 5 second(s)

2018-05-08 09:56:15 - [MESSAGE][PASSED] - Delayed 5 second(s)

2018-05-08 09:56:15 - [TEST_STEP][PASSED] - click: Object: 'Object Repository/Admin/a_Total Transaction' is clicked on

2018-05-08 09:56:16 - [MESSAGE][PASSED] - Object: 'Object Repository/Admin/a_Total Transaction' is clicked on

2018-05-08 09:56:16 - [TEST_STEP][PASSED] - Statement - Table = driver.findElement(org.openqa.selenium.By.xpath("//*[@id="add-row"]/div/table/tbody")): null

2018-05-08 09:56:18 - [TEST_STEP][PASSED] - delay: Delayed 5 second(s)

2018-05-08 09:56:23 - [MESSAGE][PASSED] - Delayed 5 second(s)

2018-05-08 09:56:23 - [TEST_STEP][PASSED] - Statement - oldAdminTotalPrice = driver.findElement(org.openqa.selenium.By.xpath("//*[@id="add-row"]/div/div[2]/div/p")).getText(): null

2018-05-08 09:56:24 - [TEST_STEP][PASSED] - Statement - oldAdminTotalPrice = oldAdminTotalPrice.replaceAll(" THB", "").replaceAll("Total price: ", "").replaceAll(",", ""): null

2018-05-08 09:56:24 - [TEST_STEP][PASSED] - Statement - oldAdminTotalPrice = java.lang.Integer.parseInt(oldAdminTotalPrice): null

2018-05-08 09:56:24 - [TEST_STEP][PASSED] - Statement - oldRows = Table.findElements(org.openqa.selenium.By.tagName("tr")): null

2018-05-08 09:56:24 - [TEST_STEP][PASSED] - Statement - valueOfOldRows = oldRows.size(): null

2018-05-08 09:56:24 - [TEST_STEP][PASSED] - Statement - oldTransactionList = new java.util.ArrayList(): null

2018-05-08 09:56:24 - [TEST_STEP][PASSED] - Statement - For (def i : (1..oldRows.size())): null

2018-05-08 09:56:24 - [TEST_STEP][PASSED] - Statement - tempString = "": null

2018-05-08 09:56:24 - [TEST_STEP][PASSED] - Statement - tempString += driver.findElement(org.openqa.selenium.By.xpath("//*[@id="add-row"]/div/table/tbody/tr[" + i + "]/td[1]")).getText(): null

2018-05-08 09:56:26 - [TEST_STEP][PASSED] - Statement - tempString += driver.findElement(org.openqa.selenium.By.xpath("//*[@id="add-row"]/div/table/tbody/tr[" + i + "]/td[2]")).getText(): null

2018-05-08 09:56:27 - [TEST_STEP][PASSED] - Statement - tempString += driver.findElement(org.openqa.selenium.By.xpath("//*[@id="add-row"]/div/table/tbody/tr[" + i + "]/td[3]")).getText(): null

2018-05-08 09:56:27 - [TEST_STEP][PASSED] - Statement - oldTransactionList.add(tempString): null

2018-05-08 09:56:27 - [TEST_STEP][PASSED] - Statement - tempString = "": null

2018-05-08 09:56:27 - [TEST_STEP][PASSED] - Statement - tempString += driver.findElement(org.openqa.selenium.By.xpath("//*[@id="add-row"]/div/table/tbody/tr[" + i + "]/td[1]")).getText(): null

2018-05-08 09:56:28 - [TEST_STEP][PASSED] - Statement - tempString += driver.findElement(org.openqa.selenium.By.xpath("//*[@id="add-row"]/div/table/tbody/tr[" + i + "]/td[2]")).getText(): null

2018-05-08 09:56:29 - [TEST_STEP][PASSED] - Statement - tempString += driver.findElement(org.openqa.selenium.By.xpath("//*[@id="add-row"]/div/table/tbody/tr[" + i + "]/td[3]")).getText(): null

2018-05-08 09:56:30 - [TEST_STEP][PASSED] - Statement - oldTransactionList.add(tempString): null

2018-05-08 09:56:30 - [TEST_STEP][PASSED] - Statement - tempString = "": null

2018-05-08 09:56:30 - [TEST_STEP][PASSED] - Statement - tempString += driver.findElement(org.openqa.selenium.By.xpath("//*[@id="add-row"]/div/table/tbody/tr[" + i + "]/td[1]")).getText(): null

2018-05-08 09:56:31 - [TEST_STEP][PASSED] - Statement - tempString += driver.findElement(org.openqa.selenium.By.xpath("//*[@id="add-row"]/div/table/tbody/tr[" + i + "]/td[2]")).getText(): null

2018-05-08 09:56:32 - [TEST_STEP][PASSED] - Statement - tempString += driver.findElement(org.openqa.selenium.By.xpath("//*[@id="add-row"]/div/table/tbody/tr[" + i + "]/td[3]")).getText(): null

2018-05-08 09:56:33 - [TEST_STEP][PASSED] - Statement - oldTransactionList.add(tempString): null

2018-05-08 09:56:33 - [TEST_STEP][PASSED] - Statement - tempString = "": null

2018-05-08 09:56:33 - [TEST_STEP][PASSED] - Statement - tempString += driver.findElement(org.openqa.selenium.By.xpath("//*[@id="add-row"]/div/table/tbody/tr[" + i + "]/td[1]")).getText(): null

2018-05-08 09:56:34 - [TEST_STEP][PASSED] - Statement - tempString += driver.findElement(org.openqa.selenium.By.xpath("//*[@id="add-row"]/div/table/tbody/tr[" + i + "]/td[2]")).getText(): null

2018-05-08 09:56:35 - [TEST_STEP][PASSED] - Statement - tempString += driver.findElement(org.openqa.selenium.By.xpath("//*[@id="add-row"]/div/table/tbody/tr[" + i + "]/td[3]")).getText(): null

2018-05-08 09:56:35 - [TEST_STEP][PASSED] - Statement - oldTransactionList.add(tempString): null

2018-05-08 09:56:35 - [TEST_STEP][PASSED] - Statement - tempString = "": null

2018-05-08 09:56:35 - [TEST_STEP][PASSED] - Statement - tempString += driver.findElement(org.openqa.selenium.By.xpath("//*[@id="add-row"]/div/table/tbody/tr[" + i + "]/td[1]")).getText(): null

2018-05-08 09:56:36 - [TEST_STEP][PASSED] - Statement - tempString += driver.findElement(org.openqa.selenium.By.xpath("//*[@id="add-row"]/div/table/tbody/tr[" + i + "]/td[2]")).getText(): null

2018-05-08 09:56:37 - [TEST_STEP][PASSED] - Statement - tempString += driver.findElement(org.openqa.selenium.By.xpath("//*[@id="add-row"]/div/table/tbody/tr[" + i + "]/td[3]")).getText(): null

2018-05-08 09:56:37 - [TEST_STEP][PASSED] - Statement - oldTransactionList.add(tempString): null

2018-05-08 09:56:37 - [TEST_STEP][PASSED] - Statement - tempString = "": null

2018-05-08 09:56:37 - [TEST_STEP][PASSED] - Statement - tempString += driver.findElement(org.openqa.selenium.By.xpath("//*[@id="add-row"]/div/table/tbody/tr[" + i + "]/td[1]")).getText(): null

2018-05-08 09:56:38 - [TEST_STEP][PASSED] - Statement - tempString += driver.findElement(org.openqa.selenium.By.xpath("//*[@id="add-row"]/div/table/tbody/tr[" + i + "]/td[2]")).getText(): null

2018-05-08 09:56:40 - [TEST_STEP][PASSED] - Statement - tempString += driver.findElement(org.openqa.selenium.By.xpath("//*[@id="add-row"]/div/table/tbody/tr[" + i + "]/td[3]")).getText(): null

2018-05-08 09:56:40 - [TEST_STEP][PASSED] - Statement - oldTransactionList.add(tempString): null

2018-05-08 09:56:40 - [TEST_STEP][PASSED] - Statement - tempString = "": null

2018-05-08 09:56:40 - [TEST_STEP][PASSED] - Statement - tempString += driver.findElement(org.openqa.selenium.By.xpath("//*[@id="add-row"]/div/table/tbody/tr[" + i + "]/td[1]")).getText(): null

2018-05-08 09:56:41 - [TEST_STEP][PASSED] - Statement - tempString += driver.findElement(org.openqa.selenium.By.xpath("//*[@id="add-row"]/div/table/tbody/tr[" + i + "]/td[2]")).getText(): null

2018-05-08 09:56:42 - [TEST_STEP][PASSED] - Statement - tempString += driver.findElement(org.openqa.selenium.By.xpath("//*[@id="add-row"]/div/table/tbody/tr[" + i + "]/td[3]")).getText(): null

2018-05-08 09:56:43 - [TEST_STEP][PASSED] - Statement - oldTransactionList.add(tempString): null

2018-05-08 09:56:43 - [TEST_STEP][PASSED] - Statement - tempString = "": null

2018-05-08 09:56:43 - [TEST_STEP][PASSED] - Statement - tempString += driver.findElement(org.openqa.selenium.By.xpath("//*[@id="add-row"]/div/table/tbody/tr[" + i + "]/td[1]")).getText(): null

2018-05-08 09:56:44 - [TEST_STEP][PASSED] - Statement - tempString += driver.findElement(org.openqa.selenium.By.xpath("//*[@id="add-row"]/div/table/tbody/tr[" + i + "]/td[2]")).getText(): null

2018-05-08 09:56:45 - [TEST_STEP][PASSED] - Statement - tempString += driver.findElement(org.openqa.selenium.By.xpath("//*[@id="add-row"]/div/table/tbody/tr[" + i + "]/td[3]")).getText(): null

2018-05-08 09:56:45 - [TEST_STEP][PASSED] - Statement - oldTransactionList.add(tempString): null

2018-05-08 09:56:45 - [TEST_STEP][PASSED] - Statement - tempString = "": null

2018-05-08 09:56:45 - [TEST_STEP][PASSED] - Statement - tempString += driver.findElement(org.openqa.selenium.By.xpath("//*[@id="add-row"]/div/table/tbody/tr[" + i + "]/td[1]")).getText(): null

2018-05-08 09:56:47 - [TEST_STEP][PASSED] - Statement - tempString += driver.findElement(org.openqa.selenium.By.xpath("//*[@id="add-row"]/div/table/tbody/tr[" + i + "]/td[2]")).getText(): null

2018-05-08 09:56:47 - [TEST_STEP][PASSED] - Statement - tempString += driver.findElement(org.openqa.selenium.By.xpath("//*[@id="add-row"]/div/table/tbody/tr[" + i + "]/td[3]")).getText(): null

2018-05-08 09:56:48 - [TEST_STEP][PASSED] - Statement - oldTransactionList.add(tempString): null

2018-05-08 09:56:48 - [TEST_STEP][PASSED] - Statement - tempString = "": null

2018-05-08 09:56:48 - [TEST_STEP][PASSED] - Statement - tempString += driver.findElement(org.openqa.selenium.By.xpath("//*[@id="add-row"]/div/table/tbody/tr[" + i + "]/td[1]")).getText(): null

2018-05-08 09:56:49 - [TEST_STEP][PASSED] - Statement - tempString += driver.findElement(org.openqa.selenium.By.xpath("//*[@id="add-row"]/div/table/tbody/tr[" + i + "]/td[2]")).getText(): null

2018-05-08 09:56:49 - [TEST_STEP][PASSED] - Statement - tempString += driver.findElement(org.openqa.selenium.By.xpath("//*[@id="add-row"]/div/table/tbody/tr[" + i + "]/td[3]")).getText(): null

2018-05-08 09:56:49 - [TEST_STEP][PASSED] - Statement - oldTransactionList.add(tempString): null

2018-05-08 09:56:49 - [TEST_STEP][PASSED] - Statement - tempString = "": null

2018-05-08 09:56:49 - [TEST_STEP][PASSED] - Statement - tempString += driver.findElement(org.openqa.selenium.By.xpath("//*[@id="add-row"]/div/table/tbody/tr[" + i + "]/td[1]")).getText(): null

2018-05-08 09:56:51 - [TEST_STEP][PASSED] - Statement - tempString += driver.findElement(org.openqa.selenium.By.xpath("//*[@id="add-row"]/div/table/tbody/tr[" + i + "]/td[2]")).getText(): null

2018-05-08 09:56:51 - [TEST_STEP][PASSED] - Statement - tempString += driver.findElement(org.openqa.selenium.By.xpath("//*[@id="add-row"]/div/table/tbody/tr[" + i + "]/td[3]")).getText(): null

2018-05-08 09:56:52 - [TEST_STEP][PASSED] - Statement - oldTransactionList.add(tempString): null

2018-05-08 09:56:52 - [TEST_STEP][PASSED] - Statement - tempString = "": null

2018-05-08 09:56:52 - [TEST_STEP][PASSED] - Statement - tempString += driver.findElement(org.openqa.selenium.By.xpath("//*[@id="add-row"]/div/table/tbody/tr[" + i + "]/td[1]")).getText(): null

2018-05-08 09:56:53 - [TEST_STEP][PASSED] - Statement - tempString += driver.findElement(org.openqa.selenium.By.xpath("//*[@id="add-row"]/div/table/tbody/tr[" + i + "]/td[2]")).getText(): null

2018-05-08 09:56:53 - [TEST_STEP][PASSED] - Statement - tempString += driver.findElement(org.openqa.selenium.By.xpath("//*[@id="add-row"]/div/table/tbody/tr[" + i + "]/td[3]")).getText(): null

2018-05-08 09:56:54 - [TEST_STEP][PASSED] - Statement - oldTransactionList.add(tempString): null

2018-05-08 09:56:54 - [TEST_STEP][PASSED] - Statement - tempString = "": null

2018-05-08 09:56:54 - [TEST_STEP][PASSED] - Statement - tempString += driver.findElement(org.openqa.selenium.By.xpath("//*[@id="add-row"]/div/table/tbody/tr[" + i + "]/td[1]")).getText(): null

2018-05-08 09:56:56 - [TEST_STEP][PASSED] - Statement - tempString += driver.findElement(org.openqa.selenium.By.xpath("//*[@id="add-row"]/div/table/tbody/tr[" + i + "]/td[2]")).getText(): null

2018-05-08 09:56:57 - [TEST_STEP][PASSED] - Statement - tempString += driver.findElement(org.openqa.selenium.By.xpath("//*[@id="add-row"]/div/table/tbody/tr[" + i + "]/td[3]")).getText(): null

2018-05-08 09:56:58 - [TEST_STEP][PASSED] - Statement - oldTransactionList.add(tempString): null

2018-05-08 09:56:58 - [TEST_STEP][PASSED] - Statement - tempString = "": null

2018-05-08 09:56:58 - [TEST_STEP][PASSED] - Statement - tempString += driver.findElement(org.openqa.selenium.By.xpath("//*[@id="add-row"]/div/table/tbody/tr[" + i + "]/td[1]")).getText(): null

2018-05-08 09:57:00 - [TEST_STEP][PASSED] - Statement - tempString += driver.findElement(org.openqa.selenium.By.xpath("//*[@id="add-row"]/div/table/tbody/tr[" + i + "]/td[2]")).getText(): null

2018-05-08 09:57:00 - [TEST_STEP][PASSED] - Statement - tempString += driver.findElement(org.openqa.selenium.By.xpath("//*[@id="add-row"]/div/table/tbody/tr[" + i + "]/td[3]")).getText(): null

2018-05-08 09:57:01 - [TEST_STEP][PASSED] - Statement - oldTransactionList.add(tempString): null

2018-05-08 09:57:01 - [TEST_STEP][PASSED] - Statement - tempString = "": null

2018-05-08 09:57:01 - [TEST_STEP][PASSED] - Statement - tempString += driver.findElement(org.openqa.selenium.By.xpath("//*[@id="add-row"]/div/table/tbody/tr[" + i + "]/td[1]")).getText(): null

2018-05-08 09:57:01 - [TEST_STEP][PASSED] - Statement - tempString += driver.findElement(org.openqa.selenium.By.xpath("//*[@id="add-row"]/div/table/tbody/tr[" + i + "]/td[2]")).getText(): null

2018-05-08 09:57:02 - [TEST_STEP][PASSED] - Statement - tempString += driver.findElement(org.openqa.selenium.By.xpath("//*[@id="add-row"]/div/table/tbody/tr[" + i + "]/td[3]")).getText(): null

2018-05-08 09:57:03 - [TEST_STEP][PASSED] - Statement - oldTransactionList.add(tempString): null

2018-05-08 09:57:03 - [TEST_STEP][PASSED] - Statement - tempString = "": null

2018-05-08 09:57:03 - [TEST_STEP][PASSED] - Statement - tempString += driver.findElement(org.openqa.selenium.By.xpath("//*[@id="add-row"]/div/table/tbody/tr[" + i + "]/td[1]")).getText(): null

2018-05-08 09:57:03 - [TEST_STEP][PASSED] - Statement - tempString += driver.findElement(org.openqa.selenium.By.xpath("//*[@id="add-row"]/div/table/tbody/tr[" + i + "]/td[2]")).getText(): null

2018-05-08 09:57:04 - [TEST_STEP][PASSED] - Statement - tempString += driver.findElement(org.openqa.selenium.By.xpath("//*[@id="add-row"]/div/table/tbody/tr[" + i + "]/td[3]")).getText(): null

2018-05-08 09:57:04 - [TEST_STEP][PASSED] - Statement - oldTransactionList.add(tempString): null

2018-05-08 09:57:04 - [TEST_STEP][PASSED] - Statement - tempString = "": null

2018-05-08 09:57:04 - [TEST_STEP][PASSED] - Statement - tempString += driver.findElement(org.openqa.selenium.By.xpath("//*[@id="add-row"]/div/table/tbody/tr[" + i + "]/td[1]")).getText(): null

2018-05-08 09:57:05 - [TEST_STEP][PASSED] - Statement - tempString += driver.findElement(org.openqa.selenium.By.xpath("//*[@id="add-row"]/div/table/tbody/tr[" + i + "]/td[2]")).getText(): null

2018-05-08 09:57:06 - [TEST_STEP][PASSED] - Statement - tempString += driver.findElement(org.openqa.selenium.By.xpath("//*[@id="add-row"]/div/table/tbody/tr[" + i + "]/td[3]")).getText(): null

2018-05-08 09:57:07 - [TEST_STEP][PASSED] - Statement - oldTransactionList.add(tempString): null

2018-05-08 09:57:07 - [TEST_STEP][PASSED] - Statement - tempString = "": null

2018-05-08 09:57:07 - [TEST_STEP][PASSED] - Statement - tempString += driver.findElement(org.openqa.selenium.By.xpath("//*[@id="add-row"]/div/table/tbody/tr[" + i + "]/td[1]")).getText(): null

2018-05-08 09:57:08 - [TEST_STEP][PASSED] - Statement - tempString += driver.findElement(org.openqa.selenium.By.xpath("//*[@id="add-row"]/div/table/tbody/tr[" + i + "]/td[2]")).getText(): null

2018-05-08 09:57:08 - [TEST_STEP][PASSED] - Statement - tempString += driver.findElement(org.openqa.selenium.By.xpath("//*[@id="add-row"]/div/table/tbody/tr[" + i + "]/td[3]")).getText(): null

2018-05-08 09:57:09 - [TEST_STEP][PASSED] - Statement - oldTransactionList.add(tempString): null

2018-05-08 09:57:09 - [TEST_STEP][PASSED] - click: Object: 'Object Repository/Admin/button_Logout' is clicked on

2018-05-08 09:57:11 - [MESSAGE][PASSED] - Object: 'Object Repository/Admin/button_Logout' is clicked on

2018-05-08 09:57:11 - [TEST_STEP][PASSED] - delay: Delayed 5 second(s)

2018-05-08 09:57:16 - [MESSAGE][PASSED] - Delayed 5 second(s)

2018-05-08 09:57:16 - [TEST_STEP][PASSED] - setText: Text 'hello' is set on object 'Object Repository/Admin/input_username'

2018-05-08 09:57:20 - [MESSAGE][PASSED] - Text 'hello' is set on object 'Object Repository/Admin/input_username'

2018-05-08 09:57:20 - [TEST_STEP][PASSED] - setText: Text 'hello' is set on object 'Object Repository/Admin/input_password'

2018-05-08 09:57:23 - [MESSAGE][PASSED] - Text 'hello' is set on object 'Object Repository/Admin/input_password'

2018-05-08 09:57:23 - [TEST_STEP][PASSED] - click: Object: 'Object Repository/Admin/button_Login' is clicked on

2018-05-08 09:57:24 - [MESSAGE][PASSED] - Object: 'Object Repository/Admin/button_Login' is clicked on

2018-05-08 09:57:24 - [TEST_STEP][PASSED] - click: Object: 'Object Repository/Admin/add to cart1' is clicked on

2018-05-08 09:57:26 - [MESSAGE][PASSED] - Object: 'Object Repository/Admin/add to cart1' is clicked on

2018-05-08 09:57:26 - [TEST_STEP][PASSED] - click: Object: 'Object Repository/Admin/add to cart2' is clicked on

2018-05-08 09:57:28 - [MESSAGE][PASSED] - Object: 'Object Repository/Admin/add to cart2' is clicked on

2018-05-08 09:57:28 - [TEST_STEP][PASSED] - click: Object: 'Object Repository/Admin/add to cart3' is clicked on

2018-05-08 09:57:29 - [MESSAGE][PASSED] - Object: 'Object Repository/Admin/add to cart3' is clicked on

2018-05-08 09:57:29 - [TEST_STEP][PASSED] - click: Object: 'Object Repository/Admin/add to cart4' is clicked on

2018-05-08 09:57:31 - [MESSAGE][PASSED] - Object: 'Object Repository/Admin/add to cart4' is clicked on

2018-05-08 09:57:31 - [TEST_STEP][PASSED] - click: Object: 'Object Repository/Admin/add to cart5' is clicked on

2018-05-08 09:57:33 - [MESSAGE][PASSED] - Object: 'Object Repository/Admin/add to cart5' is clicked on

2018-05-08 09:57:33 - [TEST_STEP][PASSED] - click: Object: 'Object Repository/Admin/cart' is clicked on

2018-05-08 09:57:35 - [MESSAGE][PASSED] - Object: 'Object Repository/Admin/cart' is clicked on

2018-05-08 09:57:35 - [TEST_STEP][PASSED] - delay: Delayed 5 second(s)

2018-05-08 09:57:40 - [MESSAGE][PASSED] - Delayed 5 second(s)

2018-05-08 09:57:40 - [TEST_STEP][PASSED] - setText: Text '1' is set on object 'Object Repository/Admin/input_amount1'

2018-05-08 09:57:42 - [MESSAGE][PASSED] - Text '1' is set on object 'Object Repository/Admin/input_amount1'

2018-05-08 09:57:42 - [TEST_STEP][PASSED] - setText: Text '1' is set on object 'Object Repository/Admin/input_amount2'

2018-05-08 09:57:44 - [MESSAGE][PASSED] - Text '1' is set on object 'Object Repository/Admin/input_amount2'

2018-05-08 09:57:44 - [TEST_STEP][PASSED] - setText: Text '1' is set on object 'Object Repository/Admin/input_amount3'

2018-05-08 09:57:46 - [MESSAGE][PASSED] - Text '1' is set on object 'Object Repository/Admin/input_amount3'

2018-05-08 09:57:46 - [TEST_STEP][PASSED] - setText: Text '1' is set on object 'Object Repository/Admin/input_amount4'

2018-05-08 09:57:49 - [MESSAGE][PASSED] - Text '1' is set on object 'Object Repository/Admin/input_amount4'

2018-05-08 09:57:49 - [TEST_STEP][PASSED] - setText: Text '1' is set on object 'Object Repository/Admin/input_amount5'

2018-05-08 09:57:50 - [MESSAGE][PASSED] - Text '1' is set on object 'Object Repository/Admin/input_amount5'

2018-05-08 09:57:50 - [TEST_STEP][PASSED] - Statement - xpathOfElement = driver.findElement(org.openqa.selenium.By.xpath("//*[@id="add-row"]/div/div[2]/div/p")): null

2018-05-08 09:57:50 - [TEST_STEP][PASSED] - Statement - UserTable = driver.findElement(org.openqa.selenium.By.xpath("//*[@id="add-row"]/div/table/tbody")): null

2018-05-08 09:57:51 - [TEST_STEP][PASSED] - Statement - userRows = UserTable.findElements(org.openqa.selenium.By.tagName("tr")): null

2018-05-08 09:57:51 - [TEST_STEP][PASSED] - Statement - userProducts = "": null

2018-05-08 09:57:51 - [TEST_STEP][PASSED] - Statement - For (def i : (1..userRows.size())): null

2018-05-08 09:57:51 - [TEST_STEP][PASSED] - Statement - userProducts += driver.findElement(org.openqa.selenium.By.xpath("//*[@id="add-row"]/div/table/tbody/tr[" + i + "]/td[1]")).getText(): null

2018-05-08 09:57:51 - [TEST_STEP][PASSED] - Statement - userProducts += driver.findElement(org.openqa.selenium.By.xpath("//*[@id="add-row"]/div/table/tbody/tr[" + i + "]/td[1]")).getText(): null

2018-05-08 09:57:52 - [TEST_STEP][PASSED] - Statement - userProducts += driver.findElement(org.openqa.selenium.By.xpath("//*[@id="add-row"]/div/table/tbody/tr[" + i + "]/td[1]")).getText(): null

2018-05-08 09:57:52 - [TEST_STEP][PASSED] - Statement - userProducts += driver.findElement(org.openqa.selenium.By.xpath("//*[@id="add-row"]/div/table/tbody/tr[" + i + "]/td[1]")).getText(): null

2018-05-08 09:57:53 - [TEST_STEP][PASSED] - Statement - userProducts += driver.findElement(org.openqa.selenium.By.xpath("//*[@id="add-row"]/div/table/tbody/tr[" + i + "]/td[1]")).getText(): null

2018-05-08 09:57:53 - [TEST_STEP][PASSED] - Statement - userTotalPrice = xpathOfElement.getText().replaceAll("Total price: ", ""): null

2018-05-08 09:57:54 - [TEST_STEP][PASSED] - Statement - valueOfUserTotalPrice = java.lang.Integer.parseInt(userTotalPrice.replaceAll(" THB", "").replaceAll(",", "")): null

2018-05-08 09:57:54 - [TEST_STEP][PASSED] - click: Object: 'Object Repository/Admin/button_confirm' is clicked on

2018-05-08 09:57:55 - [MESSAGE][PASSED] - Object: 'Object Repository/Admin/button_confirm' is clicked on

2018-05-08 09:57:55 - [TEST_STEP][PASSED] - acceptAlert: Alert accepted

2018-05-08 09:57:55 - [MESSAGE][PASSED] - Alert accepted

2018-05-08 09:57:55 - [TEST_STEP][PASSED] - click: Object: 'Object Repository/Admin/button_Logout' is clicked on

2018-05-08 09:57:57 - [MESSAGE][PASSED] - Object: 'Object Repository/Admin/button_Logout' is clicked on

2018-05-08 09:57:57 - [TEST_STEP][PASSED] - delay: Delayed 5 second(s)

2018-05-08 09:58:02 - [MESSAGE][PASSED] - Delayed 5 second(s)

2018-05-08 09:58:02 - [TEST_STEP][PASSED] - setText: Text 'admin' is set on object 'Object Repository/Admin/input_username'

2018-05-08 09:58:08 - [MESSAGE][PASSED] - Text 'admin' is set on object 'Object Repository/Admin/input_username'

2018-05-08 09:58:08 - [TEST_STEP][PASSED] - setText: Text 'admin' is set on object 'Object Repository/Admin/input_password'

2018-05-08 09:58:09 - [MESSAGE][PASSED] - Text 'admin' is set on object 'Object Repository/Admin/input_password'

2018-05-08 09:58:09 - [TEST_STEP][PASSED] - click: Object: 'Object Repository/Admin/button_Login' is clicked on

2018-05-08 09:58:11 - [MESSAGE][PASSED] - Object: 'Object Repository/Admin/button_Login' is clicked on

2018-05-08 09:58:11 - [TEST_STEP][PASSED] - click: Object: 'Object Repository/Admin/div_Products' is clicked on

2018-05-08 09:58:12 - [MESSAGE][PASSED] - Object: 'Object Repository/Admin/div_Products' is clicked on

2018-05-08 09:58:12 - [TEST_STEP][PASSED] - click: Object: 'Object Repository/Admin/a_Total Transaction' is clicked on

2018-05-08 09:58:15 - [MESSAGE][PASSED] - Object: 'Object Repository/Admin/a_Total Transaction' is clicked on

2018-05-08 09:58:15 - [TEST_STEP][PASSED] - Statement - Table = driver.findElement(org.openqa.selenium.By.xpath("//*[@id="add-row"]/div/table/tbody")): null

2018-05-08 09:58:16 - [TEST_STEP][PASSED] - delay: Delayed 5 second(s)

2018-05-08 09:58:21 - [MESSAGE][PASSED] - Delayed 5 second(s)

2018-05-08 09:58:21 - [TEST_STEP][PASSED] - Statement - newRows = Table.findElements(org.openqa.selenium.By.tagName("tr")): null

2018-05-08 09:58:21 - [TEST_STEP][PASSED] - Statement - newTransactionList = new java.util.ArrayList(): null

2018-05-08 09:58:21 - [TEST_STEP][PASSED] - Statement - For (def i : (1..(newRows.size() - 1))): null

2018-05-08 09:58:21 - [TEST_STEP][PASSED] - Statement - tempString = "": null

2018-05-08 09:58:21 - [TEST_STEP][PASSED] - Statement - tempString += driver.findElement(org.openqa.selenium.By.xpath("//*[@id="add-row"]/div/table/tbody/tr[" + i + "]/td[1]")).getText(): null

2018-05-08 09:58:23 - [TEST_STEP][PASSED] - Statement - tempString += driver.findElement(org.openqa.selenium.By.xpath("//*[@id="add-row"]/div/table/tbody/tr[" + i + "]/td[2]")).getText(): null

2018-05-08 09:58:24 - [TEST_STEP][PASSED] - Statement - tempString += driver.findElement(org.openqa.selenium.By.xpath("//*[@id="add-row"]/div/table/tbody/tr[" + i + "]/td[3]")).getText(): null

2018-05-08 09:58:24 - [TEST_STEP][PASSED] - Statement - newTransactionList.add(tempString): null

2018-05-08 09:58:24 - [TEST_STEP][PASSED] - Statement - println(tempString): null

2018-05-08 09:58:24 - [TEST_STEP][PASSED] - Statement - tempString = "": null

2018-05-08 09:58:24 - [TEST_STEP][PASSED] - Statement - tempString += driver.findElement(org.openqa.selenium.By.xpath("//*[@id="add-row"]/div/table/tbody/tr[" + i + "]/td[1]")).getText(): null

2018-05-08 09:58:25 - [TEST_STEP][PASSED] - Statement - tempString += driver.findElement(org.openqa.selenium.By.xpath("//*[@id="add-row"]/div/table/tbody/tr[" + i + "]/td[2]")).getText(): null

2018-05-08 09:58:26 - [TEST_STEP][PASSED] - Statement - tempString += driver.findElement(org.openqa.selenium.By.xpath("//*[@id="add-row"]/div/table/tbody/tr[" + i + "]/td[3]")).getText(): null

2018-05-08 09:58:26 - [TEST_STEP][PASSED] - Statement - newTransactionList.add(tempString): null

2018-05-08 09:58:26 - [TEST_STEP][PASSED] - Statement - println(tempString): null

2018-05-08 09:58:26 - [TEST_STEP][PASSED] - Statement - tempString = "": null

2018-05-08 09:58:26 - [TEST_STEP][PASSED] - Statement - tempString += driver.findElement(org.openqa.selenium.By.xpath("//*[@id="add-row"]/div/table/tbody/tr[" + i + "]/td[1]")).getText(): null

2018-05-08 09:58:27 - [TEST_STEP][PASSED] - Statement - tempString += driver.findElement(org.openqa.selenium.By.xpath("//*[@id="add-row"]/div/table/tbody/tr[" + i + "]/td[2]")).getText(): null

2018-05-08 09:58:28 - [TEST_STEP][PASSED] - Statement - tempString += driver.findElement(org.openqa.selenium.By.xpath("//*[@id="add-row"]/div/table/tbody/tr[" + i + "]/td[3]")).getText(): null

2018-05-08 09:58:29 - [TEST_STEP][PASSED] - Statement - newTransactionList.add(tempString): null

2018-05-08 09:58:29 - [TEST_STEP][PASSED] - Statement - println(tempString): null

2018-05-08 09:58:29 - [TEST_STEP][PASSED] - Statement - tempString = "": null

2018-05-08 09:58:29 - [TEST_STEP][PASSED] - Statement - tempString += driver.findElement(org.openqa.selenium.By.xpath("//*[@id="add-row"]/div/table/tbody/tr[" + i + "]/td[1]")).getText(): null

2018-05-08 09:58:29 - [TEST_STEP][PASSED] - Statement - tempString += driver.findElement(org.openqa.selenium.By.xpath("//*[@id="add-row"]/div/table/tbody/tr[" + i + "]/td[2]")).getText(): null

2018-05-08 09:58:30 - [TEST_STEP][PASSED] - Statement - tempString += driver.findElement(org.openqa.selenium.By.xpath("//*[@id="add-row"]/div/table/tbody/tr[" + i + "]/td[3]")).getText(): null

2018-05-08 09:58:30 - [TEST_STEP][PASSED] - Statement - newTransactionList.add(tempString): null

2018-05-08 09:58:30 - [TEST_STEP][PASSED] - Statement - println(tempString): null

2018-05-08 09:58:30 - [TEST_STEP][PASSED] - Statement - tempString = "": null

2018-05-08 09:58:30 - [TEST_STEP][PASSED] - Statement - tempString += driver.findElement(org.openqa.selenium.By.xpath("//*[@id="add-row"]/div/table/tbody/tr[" + i + "]/td[1]")).getText(): null

2018-05-08 09:58:30 - [TEST_STEP][PASSED] - Statement - tempString += driver.findElement(org.openqa.selenium.By.xpath("//*[@id="add-row"]/div/table/tbody/tr[" + i + "]/td[2]")).getText(): null

2018-05-08 09:58:31 - [TEST_STEP][PASSED] - Statement - tempString += driver.findElement(org.openqa.selenium.By.xpath("//*[@id="add-row"]/div/table/tbody/tr[" + i + "]/td[3]")).getText(): null

2018-05-08 09:58:31 - [TEST_STEP][PASSED] - Statement - newTransactionList.add(tempString): null

2018-05-08 09:58:31 - [TEST_STEP][PASSED] - Statement - println(tempString): null

2018-05-08 09:58:31 - [TEST_STEP][PASSED] - Statement - tempString = "": null

2018-05-08 09:58:31 - [TEST_STEP][PASSED] - Statement - tempString += driver.findElement(org.openqa.selenium.By.xpath("//*[@id="add-row"]/div/table/tbody/tr[" + i + "]/td[1]")).getText(): null

2018-05-08 09:58:32 - [TEST_STEP][PASSED] - Statement - tempString += driver.findElement(org.openqa.selenium.By.xpath("//*[@id="add-row"]/div/table/tbody/tr[" + i + "]/td[2]")).getText(): null

2018-05-08 09:58:33 - [TEST_STEP][PASSED] - Statement - tempString += driver.findElement(org.openqa.selenium.By.xpath("//*[@id="add-row"]/div/table/tbody/tr[" + i + "]/td[3]")).getText(): null

2018-05-08 09:58:33 - [TEST_STEP][PASSED] - Statement - newTransactionList.add(tempString): null

2018-05-08 09:58:33 - [TEST_STEP][PASSED] - Statement - println(tempString): null

2018-05-08 09:58:33 - [TEST_STEP][PASSED] - Statement - tempString = "": null

2018-05-08 09:58:33 - [TEST_STEP][PASSED] - Statement - tempString += driver.findElement(org.openqa.selenium.By.xpath("//*[@id="add-row"]/div/table/tbody/tr[" + i + "]/td[1]")).getText(): null

2018-05-08 09:58:34 - [TEST_STEP][PASSED] - Statement - tempString += driver.findElement(org.openqa.selenium.By.xpath("//*[@id="add-row"]/div/table/tbody/tr[" + i + "]/td[2]")).getText(): null

2018-05-08 09:58:35 - [TEST_STEP][PASSED] - Statement - tempString += driver.findElement(org.openqa.selenium.By.xpath("//*[@id="add-row"]/div/table/tbody/tr[" + i + "]/td[3]")).getText(): null

2018-05-08 09:58:35 - [TEST_STEP][PASSED] - Statement - newTransactionList.add(tempString): null

2018-05-08 09:58:35 - [TEST_STEP][PASSED] - Statement - println(tempString): null

2018-05-08 09:58:35 - [TEST_STEP][PASSED] - Statement - tempString = "": null

2018-05-08 09:58:35 - [TEST_STEP][PASSED] - Statement - tempString += driver.findElement(org.openqa.selenium.By.xpath("//*[@id="add-row"]/div/table/tbody/tr[" + i + "]/td[1]")).getText(): null

2018-05-08 09:58:36 - [TEST_STEP][PASSED] - Statement - tempString += driver.findElement(org.openqa.selenium.By.xpath("//*[@id="add-row"]/div/table/tbody/tr[" + i + "]/td[2]")).getText(): null

2018-05-08 09:58:37 - [TEST_STEP][PASSED] - Statement - tempString += driver.findElement(org.openqa.selenium.By.xpath("//*[@id="add-row"]/div/table/tbody/tr[" + i + "]/td[3]")).getText(): null

2018-05-08 09:58:37 - [TEST_STEP][PASSED] - Statement - newTransactionList.add(tempString): null

2018-05-08 09:58:37 - [TEST_STEP][PASSED] - Statement - println(tempString): null

2018-05-08 09:58:37 - [TEST_STEP][PASSED] - Statement - tempString = "": null

2018-05-08 09:58:37 - [TEST_STEP][PASSED] - Statement - tempString += driver.findElement(org.openqa.selenium.By.xpath("//*[@id="add-row"]/div/table/tbody/tr[" + i + "]/td[1]")).getText(): null

2018-05-08 09:58:38 - [TEST_STEP][PASSED] - Statement - tempString += driver.findElement(org.openqa.selenium.By.xpath("//*[@id="add-row"]/div/table/tbody/tr[" + i + "]/td[2]")).getText(): null

2018-05-08 09:58:39 - [TEST_STEP][PASSED] - Statement - tempString += driver.findElement(org.openqa.selenium.By.xpath("//*[@id="add-row"]/div/table/tbody/tr[" + i + "]/td[3]")).getText(): null

2018-05-08 09:58:39 - [TEST_STEP][PASSED] - Statement - newTransactionList.add(tempString): null

2018-05-08 09:58:39 - [TEST_STEP][PASSED] - Statement - println(tempString): null

2018-05-08 09:58:39 - [TEST_STEP][PASSED] - Statement - tempString = "": null

2018-05-08 09:58:39 - [TEST_STEP][PASSED] - Statement - tempString += driver.findElement(org.openqa.selenium.By.xpath("//*[@id="add-row"]/div/table/tbody/tr[" + i + "]/td[1]")).getText(): null

2018-05-08 09:58:40 - [TEST_STEP][PASSED] - Statement - tempString += driver.findElement(org.openqa.selenium.By.xpath("//*[@id="add-row"]/div/table/tbody/tr[" + i + "]/td[2]")).getText(): null

2018-05-08 09:58:40 - [TEST_STEP][PASSED] - Statement - tempString += driver.findElement(org.openqa.selenium.By.xpath("//*[@id="add-row"]/div/table/tbody/tr[" + i + "]/td[3]")).getText(): null

2018-05-08 09:58:41 - [TEST_STEP][PASSED] - Statement - newTransactionList.add(tempString): null

2018-05-08 09:58:41 - [TEST_STEP][PASSED] - Statement - println(tempString): null

2018-05-08 09:58:41 - [TEST_STEP][PASSED] - Statement - tempString = "": null

2018-05-08 09:58:41 - [TEST_STEP][PASSED] - Statement - tempString += driver.findElement(org.openqa.selenium.By.xpath("//*[@id="add-row"]/div/table/tbody/tr[" + i + "]/td[1]")).getText(): null

2018-05-08 09:58:42 - [TEST_STEP][PASSED] - Statement - tempString += driver.findElement(org.openqa.selenium.By.xpath("//*[@id="add-row"]/div/table/tbody/tr[" + i + "]/td[2]")).getText(): null

2018-05-08 09:58:42 - [TEST_STEP][PASSED] - Statement - tempString += driver.findElement(org.openqa.selenium.By.xpath("//*[@id="add-row"]/div/table/tbody/tr[" + i + "]/td[3]")).getText(): null

2018-05-08 09:58:43 - [TEST_STEP][PASSED] - Statement - newTransactionList.add(tempString): null

2018-05-08 09:58:43 - [TEST_STEP][PASSED] - Statement - println(tempString): null

2018-05-08 09:58:43 - [TEST_STEP][PASSED] - Statement - tempString = "": null

2018-05-08 09:58:43 - [TEST_STEP][PASSED] - Statement - tempString += driver.findElement(org.openqa.selenium.By.xpath("//*[@id="add-row"]/div/table/tbody/tr[" + i + "]/td[1]")).getText(): null

2018-05-08 09:58:43 - [TEST_STEP][PASSED] - Statement - tempString += driver.findElement(org.openqa.selenium.By.xpath("//*[@id="add-row"]/div/table/tbody/tr[" + i + "]/td[2]")).getText(): null

2018-05-08 09:58:44 - [TEST_STEP][PASSED] - Statement - tempString += driver.findElement(org.openqa.selenium.By.xpath("//*[@id="add-row"]/div/table/tbody/tr[" + i + "]/td[3]")).getText(): null

2018-05-08 09:58:44 - [TEST_STEP][PASSED] - Statement - newTransactionList.add(tempString): null

2018-05-08 09:58:44 - [TEST_STEP][PASSED] - Statement - println(tempString): null

2018-05-08 09:58:44 - [TEST_STEP][PASSED] - Statement - tempString = "": null

2018-05-08 09:58:44 - [TEST_STEP][PASSED] - Statement - tempString += driver.findElement(org.openqa.selenium.By.xpath("//*[@id="add-row"]/div/table/tbody/tr[" + i + "]/td[1]")).getText(): null

2018-05-08 09:58:45 - [TEST_STEP][PASSED] - Statement - tempString += driver.findElement(org.openqa.selenium.By.xpath("//*[@id="add-row"]/div/table/tbody/tr[" + i + "]/td[2]")).getText(): null

2018-05-08 09:58:45 - [TEST_STEP][PASSED] - Statement - tempString += driver.findElement(org.openqa.selenium.By.xpath("//*[@id="add-row"]/div/table/tbody/tr[" + i + "]/td[3]")).getText(): null

2018-05-08 09:58:46 - [TEST_STEP][PASSED] - Statement - newTransactionList.add(tempString): null

2018-05-08 09:58:46 - [TEST_STEP][PASSED] - Statement - println(tempString): null

2018-05-08 09:58:46 - [TEST_STEP][PASSED] - Statement - tempString = "": null

2018-05-08 09:58:46 - [TEST_STEP][PASSED] - Statement - tempString += driver.findElement(org.openqa.selenium.By.xpath("//*[@id="add-row"]/div/table/tbody/tr[" + i + "]/td[1]")).getText(): null

2018-05-08 09:58:46 - [TEST_STEP][PASSED] - Statement - tempString += driver.findElement(org.openqa.selenium.By.xpath("//*[@id="add-row"]/div/table/tbody/tr[" + i + "]/td[2]")).getText(): null

2018-05-08 09:58:47 - [TEST_STEP][PASSED] - Statement - tempString += driver.findElement(org.openqa.selenium.By.xpath("//*[@id="add-row"]/div/table/tbody/tr[" + i + "]/td[3]")).getText(): null

2018-05-08 09:58:47 - [TEST_STEP][PASSED] - Statement - newTransactionList.add(tempString): null

2018-05-08 09:58:47 - [TEST_STEP][PASSED] - Statement - println(tempString): null

2018-05-08 09:58:47 - [TEST_STEP][PASSED] - Statement - tempString = "": null

2018-05-08 09:58:47 - [TEST_STEP][PASSED] - Statement - tempString += driver.findElement(org.openqa.selenium.By.xpath("//*[@id="add-row"]/div/table/tbody/tr[" + i + "]/td[1]")).getText(): null

2018-05-08 09:58:48 - [TEST_STEP][PASSED] - Statement - tempString += driver.findElement(org.openqa.selenium.By.xpath("//*[@id="add-row"]/div/table/tbody/tr[" + i + "]/td[2]")).getText(): null

2018-05-08 09:58:49 - [TEST_STEP][PASSED] - Statement - tempString += driver.findElement(org.openqa.selenium.By.xpath("//*[@id="add-row"]/div/table/tbody/tr[" + i + "]/td[3]")).getText(): null

2018-05-08 09:58:49 - [TEST_STEP][PASSED] - Statement - newTransactionList.add(tempString): null

2018-05-08 09:58:49 - [TEST_STEP][PASSED] - Statement - println(tempString): null

2018-05-08 09:58:49 - [TEST_STEP][PASSED] - Statement - tempString = "": null

2018-05-08 09:58:49 - [TEST_STEP][PASSED] - Statement - tempString += driver.findElement(org.openqa.selenium.By.xpath("//*[@id="add-row"]/div/table/tbody/tr[" + i + "]/td[1]")).getText(): null

2018-05-08 09:58:50 - [TEST_STEP][PASSED] - Statement - tempString += driver.findElement(org.openqa.selenium.By.xpath("//*[@id="add-row"]/div/table/tbody/tr[" + i + "]/td[2]")).getText(): null

2018-05-08 09:58:51 - [TEST_STEP][PASSED] - Statement - tempString += driver.findElement(org.openqa.selenium.By.xpath("//*[@id="add-row"]/div/table/tbody/tr[" + i + "]/td[3]")).getText(): null

2018-05-08 09:58:52 - [TEST_STEP][PASSED] - Statement - newTransactionList.add(tempString): null

2018-05-08 09:58:52 - [TEST_STEP][PASSED] - Statement - println(tempString): null

2018-05-08 09:58:52 - [TEST_STEP][PASSED] - Statement - tempString = "": null

2018-05-08 09:58:52 - [TEST_STEP][PASSED] - Statement - tempString += driver.findElement(org.openqa.selenium.By.xpath("//*[@id="add-row"]/div/table/tbody/tr[" + i + "]/td[1]")).getText(): null

2018-05-08 09:58:53 - [TEST_STEP][PASSED] - Statement - tempString += driver.findElement(org.openqa.selenium.By.xpath("//*[@id="add-row"]/div/table/tbody/tr[" + i + "]/td[2]")).getText(): null

2018-05-08 09:58:55 - [TEST_STEP][PASSED] - Statement - tempString += driver.findElement(org.openqa.selenium.By.xpath("//*[@id="add-row"]/div/table/tbody/tr[" + i + "]/td[3]")).getText(): null

2018-05-08 09:58:55 - [TEST_STEP][PASSED] - Statement - newTransactionList.add(tempString): null

2018-05-08 09:58:55 - [TEST_STEP][PASSED] - Statement - println(tempString): null

2018-05-08 09:58:55 - [TEST_STEP][PASSED] - Statement - tempString = "": null

2018-05-08 09:58:55 - [TEST_STEP][PASSED] - Statement - tempString += driver.findElement(org.openqa.selenium.By.xpath("//*[@id="add-row"]/div/table/tbody/tr[" + i + "]/td[1]")).getText(): null

2018-05-08 09:58:57 - [TEST_STEP][PASSED] - Statement - tempString += driver.findElement(org.openqa.selenium.By.xpath("//*[@id="add-row"]/div/table/tbody/tr[" + i + "]/td[2]")).getText(): null

2018-05-08 09:59:00 - [TEST_STEP][PASSED] - Statement - tempString += driver.findElement(org.openqa.selenium.By.xpath("//*[@id="add-row"]/div/table/tbody/tr[" + i + "]/td[3]")).getText(): null

2018-05-08 09:59:02 - [TEST_STEP][PASSED] - Statement - newTransactionList.add(tempString): null

2018-05-08 09:59:02 - [TEST_STEP][PASSED] - Statement - println(tempString): null

2018-05-08 09:59:02 - [TEST_STEP][PASSED] - Statement - newRowValue = driver.findElement(org.openqa.selenium.By.xpath("//*[@id="add-row"]/div/table/tbody/tr[" + newRows.size() + "]/td[3]")).getText(): null

2018-05-08 09:59:02 - [TEST_STEP][PASSED] - Statement - newTranscation = driver.findElement(org.openqa.selenium.By.xpath("//*[@id="add-row"]/div/table/tbody/tr[" + newRows.size() + "]/td[2]")).getText().replaceAll(", ", ""): null

2018-05-08 09:59:03 - [TEST_STEP][PASSED] - Statement - newAdminTotalPrice = driver.findElement(org.openqa.selenium.By.xpath("//*[@id="add-row"]/div/div[2]/div/p")).getText(): null

2018-05-08 09:59:03 - [TEST_STEP][PASSED] - Statement - newAdminTotalPrice = newAdminTotalPrice.replaceAll(" THB", "").replaceAll("Total price: ", "").replaceAll(",", ""): null

2018-05-08 09:59:03 - [TEST_STEP][PASSED] - Statement - newAdminTotalPrice = java.lang.Integer.parseInt(newAdminTotalPrice): null

2018-05-08 09:59:03 - [TEST_STEP][PASSED] - Statement - println("Total Price of All Transaction before: " + oldAdminTotalPrice): null

2018-05-08 09:59:03 - [TEST_STEP][PASSED] - Statement - println("Total Price that User Bought: " + userTotalPrice): null

2018-05-08 09:59:03 - [TEST_STEP][PASSED] - Statement - println("Total Price of all Transaction after: " + newAdminTotalPrice): null

2018-05-08 09:59:03 - [TEST_STEP][PASSED] - Statement - println("Size of Rows after: " + newRows.size()): null

2018-05-08 09:59:03 - [TEST_STEP][PASSED] - Statement - println("Total Price of Last Transaction: " + newRowValue): null

2018-05-08 09:59:03 - [TEST_STEP][PASSED] - verifyEqual: Actual object '20,462 THB' and expected object '20,462 THB' are equal

2018-05-08 09:59:03 - [MESSAGE][PASSED] - Actual object '20,462 THB' and expected object '20,462 THB' are equal

2018-05-08 09:59:03 - [TEST_STEP][PASSED] - verifyEqual: Actual object '448,408' and expected object '448,408' are equal

2018-05-08 09:59:03 - [MESSAGE][PASSED] - Actual object '448,408' and expected object '448,408' are equal

2018-05-08 09:59:03 - [TEST_STEP][PASSED] - verifyEqual: Actual object '[[1Garden, Papaya20,120 THB, 2Banana, Garden, Banana, Rambutan60,570 THB, 3Garden20,000 THB, 4Orange280 THB, 5Papaya12 THB, 6Garden40,000 THB, 7Garden, Banana40,300 THB, 8Garden, Banana, Orange40,860 THB, 9Garden, Banana, Orange, Papaya40,884 THB, 10Garden, Banana, Orange, Papaya, Rambutan40,924 THB, 11Banana150 THB, 12Orange280 THB, 13Garden, Banana, Orange, Papaya, Rambutan20,462 THB, 14Garden, Banana, Orange, Papaya, Rambutan20,462 THB, 15Garden, Banana, Orange, Papaya, Rambutan20,462 THB, 16Garden, Banana, Orange, Papaya, Rambutan20,462 THB, 17Garden, Banana, Orange, Papaya, Rambutan20,462 THB, 18Garden, Banana, Orange, Papaya, Rambutan21,256 THB]]' and expected object '[[1Garden, Papaya20,120 THB, 2Banana, Garden, Banana, Rambutan60,570 THB, 3Garden20,000 THB, 4Orange280 THB, 5Papaya12 THB, 6Garden40,000 THB, 7Garden, Banana40,300 THB, 8Garden, Banana, Orange40,860 THB, 9Garden, Banana, Orange, Papaya40,884 THB, 10Garden, Banana, Orange, Papaya, Rambutan40,924 THB, 11Banana150 THB, 12Orange280 THB, 13Garden, Banana, Orange, Papaya, Rambutan20,462 THB, 14Garden, Banana, Orange, Papaya, Rambutan20,462 THB, 15Garden, Banana, Orange, Papaya, Rambutan20,462 THB, 16Garden, Banana, Orange, Papaya, Rambutan20,462 THB, 17Garden, Banana, Orange, Papaya, Rambutan20,462 THB, 18Garden, Banana, Orange, Papaya, Rambutan21,256 THB]]' are equal

2018-05-08 09:59:03 - [MESSAGE][PASSED] - Actual object '[[1Garden, Papaya20,120 THB, 2Banana, Garden, Banana, Rambutan60,570 THB, 3Garden20,000 THB, 4Orange280 THB, 5Papaya12 THB, 6Garden40,000 THB, 7Garden, Banana40,300 THB, 8Garden, Banana, Orange40,860 THB, 9Garden, Banana, Orange, Papaya40,884 THB, 10Garden, Banana, Orange, Papaya, Rambutan40,924 THB, 11Banana150 THB, 12Orange280 THB, 13Garden, Banana, Orange, Papaya, Rambutan20,462 THB, 14Garden, Banana, Orange, Papaya, Rambutan20,462 THB, 15Garden, Banana, Orange, Papaya, Rambutan20,462 THB, 16Garden, Banana, Orange, Papaya, Rambutan20,462 THB, 17Garden, Banana, Orange, Papaya, Rambutan20,462 THB, 18Garden, Banana, Orange, Papaya, Rambutan21,256 THB]]' and expected object '[[1Garden, Papaya20,120 THB, 2Banana, Garden, Banana, Rambutan60,570 THB, 3Garden20,000 THB, 4Orange280 THB, 5Papaya12 THB, 6Garden40,000 THB, 7Garden, Banana40,300 THB, 8Garden, Banana, Orange40,860 THB, 9Garden, Banana, Orange, Papaya40,884 THB, 10Garden, Banana, Orange, Papaya, Rambutan40,924 THB, 11Banana150 THB, 12Orange280 THB, 13Garden, Banana, Orange, Papaya, Rambutan20,462 THB, 14Garden, Banana, Orange, Papaya, Rambutan20,462 THB, 15Garden, Banana, Orange, Papaya, Rambutan20,462 THB, 16Garden, Banana, Orange, Papaya, Rambutan20,462 THB, 17Garden, Banana, Orange, Papaya, Rambutan20,462 THB, 18Garden, Banana, Orange, Papaya, Rambutan21,256 THB]]' are equal

2018-05-08 09:59:03 - [TEST_STEP][PASSED] - verifyEqual: Actual object 'GardenBananaOrangePapayaRambutan' and expected object 'GardenBananaOrangePapayaRambutan' are equal

2018-05-08 09:59:03 - [MESSAGE][PASSED] - Actual object 'GardenBananaOrangePapayaRambutan' and expected object 'GardenBananaOrangePapayaRambutan' are equal

2018-05-08 09:59:03 - [TEST_STEP][PASSED] - Statement - println("No. of old rows " + valueOfOldRows): null

2018-05-08 09:59:03 - [TEST_STEP][PASSED] - Statement - println("No. of new rows " + newRows.size()): null

2018-05-08 09:59:03 - [TEST_STEP][PASSED] - verifyGreaterThan: Actual number '19' is greater than expected number '18'

2018-05-08 09:59:03 - [MESSAGE][PASSED] - Actual number '19' is greater than expected number '18'

2018-05-08 09:59:03 - [TEST_STEP][PASSED] - closeBrowser: Browser is closed

2018-05-08 09:59:05 - [MESSAGE][PASSED] - Browser is closed]]></system-out>
         <system-err><![CDATA[]]></system-err>
      </testcase>
      <testcase name="Test Cases/Admin Test Case to Check Total Transactions" classname="Test Cases/Admin Test Case to Check Total Transactions" status="PASSED">
         <system-out><![CDATA[2018-05-08 09:59:05 - [TEST_CASE][PASSED] - Test Cases/Admin Test Case to Check Total Transactions: Test Cases/Admin Test Case to Check Total Transactions

2018-05-08 09:59:05 - [TEST_STEP][PASSED] - openBrowser: Browser is opened with url: ''

2018-05-08 09:59:34 - [MESSAGE][PASSED] - Browser is opened with url: ''

2018-05-08 09:59:34 - [TEST_STEP][PASSED] - Statement - driver = com.kms.katalon.core.webui.driver.DriverFactory.getWebDriver(): null

2018-05-08 09:59:34 - [TEST_STEP][PASSED] - navigateToUrl: Navigate to 'http://18.188.55.188:8085/' successfully

2018-05-08 09:59:52 - [MESSAGE][PASSED] - Navigate to 'http://18.188.55.188:8085/' successfully

2018-05-08 09:59:52 - [TEST_STEP][PASSED] - setText: Text 'admin' is set on object 'Object Repository/Admin/input_username'

2018-05-08 10:00:07 - [MESSAGE][PASSED] - Text 'admin' is set on object 'Object Repository/Admin/input_username'

2018-05-08 10:00:07 - [TEST_STEP][PASSED] - setText: Text 'admin' is set on object 'Object Repository/Admin/input_password'

2018-05-08 10:00:16 - [MESSAGE][PASSED] - Text 'admin' is set on object 'Object Repository/Admin/input_password'

2018-05-08 10:00:16 - [TEST_STEP][PASSED] - click: Object: 'Object Repository/Admin/button_Login' is clicked on

2018-05-08 10:00:22 - [MESSAGE][PASSED] - Object: 'Object Repository/Admin/button_Login' is clicked on

2018-05-08 10:00:22 - [TEST_STEP][PASSED] - delay: Delayed 5 second(s)

2018-05-08 10:00:27 - [MESSAGE][PASSED] - Delayed 5 second(s)

2018-05-08 10:00:27 - [TEST_STEP][PASSED] - click: Object: 'Object Repository/Admin/a_Total Transaction' is clicked on

2018-05-08 10:00:36 - [MESSAGE][PASSED] - Object: 'Object Repository/Admin/a_Total Transaction' is clicked on

2018-05-08 10:00:36 - [TEST_STEP][PASSED] - Statement - Table = driver.findElement(org.openqa.selenium.By.xpath("//*[@id="add-row"]/div/table/tbody")): null

2018-05-08 10:00:39 - [TEST_STEP][PASSED] - delay: Delayed 5 second(s)

2018-05-08 10:00:44 - [MESSAGE][PASSED] - Delayed 5 second(s)

2018-05-08 10:00:44 - [TEST_STEP][PASSED] - Statement - oldAdminTotalPrice = driver.findElement(org.openqa.selenium.By.xpath("//*[@id="add-row"]/div/div[2]/div/p")).getText(): null

2018-05-08 10:00:58 - [TEST_STEP][PASSED] - Statement - oldAdminTotalPrice = oldAdminTotalPrice.replaceAll(" THB", "").replaceAll("Total price: ", "").replaceAll(",", ""): null

2018-05-08 10:00:58 - [TEST_STEP][PASSED] - Statement - oldAdminTotalPrice = java.lang.Integer.parseInt(oldAdminTotalPrice): null

2018-05-08 10:00:58 - [TEST_STEP][PASSED] - Statement - oldRows = Table.findElements(org.openqa.selenium.By.tagName("tr")): null

2018-05-08 10:00:59 - [TEST_STEP][PASSED] - Statement - valueOfOldRows = oldRows.size(): null

2018-05-08 10:00:59 - [TEST_STEP][PASSED] - Statement - oldTransactionList = new java.util.ArrayList(): null

2018-05-08 10:00:59 - [TEST_STEP][PASSED] - Statement - For (def i : (1..oldRows.size())): null

2018-05-08 10:00:59 - [TEST_STEP][PASSED] - Statement - tempString = "": null

2018-05-08 10:00:59 - [TEST_STEP][PASSED] - Statement - tempString += driver.findElement(org.openqa.selenium.By.xpath("//*[@id="add-row"]/div/table/tbody/tr[" + i + "]/td[1]")).getText(): null

2018-05-08 10:01:01 - [TEST_STEP][PASSED] - Statement - tempString += driver.findElement(org.openqa.selenium.By.xpath("//*[@id="add-row"]/div/table/tbody/tr[" + i + "]/td[2]")).getText(): null

2018-05-08 10:01:03 - [TEST_STEP][PASSED] - Statement - tempString += driver.findElement(org.openqa.selenium.By.xpath("//*[@id="add-row"]/div/table/tbody/tr[" + i + "]/td[3]")).getText(): null

2018-05-08 10:01:05 - [TEST_STEP][PASSED] - Statement - oldTransactionList.add(tempString): null

2018-05-08 10:01:05 - [TEST_STEP][PASSED] - Statement - tempString = "": null

2018-05-08 10:01:05 - [TEST_STEP][PASSED] - Statement - tempString += driver.findElement(org.openqa.selenium.By.xpath("//*[@id="add-row"]/div/table/tbody/tr[" + i + "]/td[1]")).getText(): null

2018-05-08 10:01:09 - [TEST_STEP][PASSED] - Statement - tempString += driver.findElement(org.openqa.selenium.By.xpath("//*[@id="add-row"]/div/table/tbody/tr[" + i + "]/td[2]")).getText(): null

2018-05-08 10:01:13 - [TEST_STEP][PASSED] - Statement - tempString += driver.findElement(org.openqa.selenium.By.xpath("//*[@id="add-row"]/div/table/tbody/tr[" + i + "]/td[3]")).getText(): null

2018-05-08 10:01:17 - [TEST_STEP][PASSED] - Statement - oldTransactionList.add(tempString): null

2018-05-08 10:01:17 - [TEST_STEP][PASSED] - Statement - tempString = "": null

2018-05-08 10:01:17 - [TEST_STEP][PASSED] - Statement - tempString += driver.findElement(org.openqa.selenium.By.xpath("//*[@id="add-row"]/div/table/tbody/tr[" + i + "]/td[1]")).getText(): null

2018-05-08 10:01:24 - [TEST_STEP][PASSED] - Statement - tempString += driver.findElement(org.openqa.selenium.By.xpath("//*[@id="add-row"]/div/table/tbody/tr[" + i + "]/td[2]")).getText(): null

2018-05-08 10:01:30 - [TEST_STEP][PASSED] - Statement - tempString += driver.findElement(org.openqa.selenium.By.xpath("//*[@id="add-row"]/div/table/tbody/tr[" + i + "]/td[3]")).getText(): null

2018-05-08 10:01:37 - [TEST_STEP][PASSED] - Statement - oldTransactionList.add(tempString): null

2018-05-08 10:01:37 - [TEST_STEP][PASSED] - Statement - tempString = "": null

2018-05-08 10:01:37 - [TEST_STEP][PASSED] - Statement - tempString += driver.findElement(org.openqa.selenium.By.xpath("//*[@id="add-row"]/div/table/tbody/tr[" + i + "]/td[1]")).getText(): null

2018-05-08 10:01:41 - [TEST_STEP][PASSED] - Statement - tempString += driver.findElement(org.openqa.selenium.By.xpath("//*[@id="add-row"]/div/table/tbody/tr[" + i + "]/td[2]")).getText(): null

2018-05-08 10:01:48 - [TEST_STEP][PASSED] - Statement - tempString += driver.findElement(org.openqa.selenium.By.xpath("//*[@id="add-row"]/div/table/tbody/tr[" + i + "]/td[3]")).getText(): null

2018-05-08 10:01:55 - [TEST_STEP][PASSED] - Statement - oldTransactionList.add(tempString): null

2018-05-08 10:01:55 - [TEST_STEP][PASSED] - Statement - tempString = "": null

2018-05-08 10:01:55 - [TEST_STEP][PASSED] - Statement - tempString += driver.findElement(org.openqa.selenium.By.xpath("//*[@id="add-row"]/div/table/tbody/tr[" + i + "]/td[1]")).getText(): null

2018-05-08 10:01:57 - [TEST_STEP][PASSED] - Statement - tempString += driver.findElement(org.openqa.selenium.By.xpath("//*[@id="add-row"]/div/table/tbody/tr[" + i + "]/td[2]")).getText(): null

2018-05-08 10:01:58 - [TEST_STEP][PASSED] - Statement - tempString += driver.findElement(org.openqa.selenium.By.xpath("//*[@id="add-row"]/div/table/tbody/tr[" + i + "]/td[3]")).getText(): null

2018-05-08 10:02:00 - [TEST_STEP][PASSED] - Statement - oldTransactionList.add(tempString): null

2018-05-08 10:02:00 - [TEST_STEP][PASSED] - Statement - tempString = "": null

2018-05-08 10:02:00 - [TEST_STEP][PASSED] - Statement - tempString += driver.findElement(org.openqa.selenium.By.xpath("//*[@id="add-row"]/div/table/tbody/tr[" + i + "]/td[1]")).getText(): null

2018-05-08 10:02:01 - [TEST_STEP][PASSED] - Statement - tempString += driver.findElement(org.openqa.selenium.By.xpath("//*[@id="add-row"]/div/table/tbody/tr[" + i + "]/td[2]")).getText(): null

2018-05-08 10:02:02 - [TEST_STEP][PASSED] - Statement - tempString += driver.findElement(org.openqa.selenium.By.xpath("//*[@id="add-row"]/div/table/tbody/tr[" + i + "]/td[3]")).getText(): null

2018-05-08 10:02:03 - [TEST_STEP][PASSED] - Statement - oldTransactionList.add(tempString): null

2018-05-08 10:02:03 - [TEST_STEP][PASSED] - Statement - tempString = "": null

2018-05-08 10:02:03 - [TEST_STEP][PASSED] - Statement - tempString += driver.findElement(org.openqa.selenium.By.xpath("//*[@id="add-row"]/div/table/tbody/tr[" + i + "]/td[1]")).getText(): null

2018-05-08 10:02:05 - [TEST_STEP][PASSED] - Statement - tempString += driver.findElement(org.openqa.selenium.By.xpath("//*[@id="add-row"]/div/table/tbody/tr[" + i + "]/td[2]")).getText(): null

2018-05-08 10:02:06 - [TEST_STEP][PASSED] - Statement - tempString += driver.findElement(org.openqa.selenium.By.xpath("//*[@id="add-row"]/div/table/tbody/tr[" + i + "]/td[3]")).getText(): null

2018-05-08 10:02:09 - [TEST_STEP][PASSED] - Statement - oldTransactionList.add(tempString): null

2018-05-08 10:02:09 - [TEST_STEP][PASSED] - Statement - tempString = "": null

2018-05-08 10:02:09 - [TEST_STEP][PASSED] - Statement - tempString += driver.findElement(org.openqa.selenium.By.xpath("//*[@id="add-row"]/div/table/tbody/tr[" + i + "]/td[1]")).getText(): null

2018-05-08 10:02:12 - [TEST_STEP][PASSED] - Statement - tempString += driver.findElement(org.openqa.selenium.By.xpath("//*[@id="add-row"]/div/table/tbody/tr[" + i + "]/td[2]")).getText(): null

2018-05-08 10:02:15 - [TEST_STEP][PASSED] - Statement - tempString += driver.findElement(org.openqa.selenium.By.xpath("//*[@id="add-row"]/div/table/tbody/tr[" + i + "]/td[3]")).getText(): null

2018-05-08 10:02:18 - [TEST_STEP][PASSED] - Statement - oldTransactionList.add(tempString): null

2018-05-08 10:02:18 - [TEST_STEP][PASSED] - Statement - tempString = "": null

2018-05-08 10:02:18 - [TEST_STEP][PASSED] - Statement - tempString += driver.findElement(org.openqa.selenium.By.xpath("//*[@id="add-row"]/div/table/tbody/tr[" + i + "]/td[1]")).getText(): null

2018-05-08 10:02:20 - [TEST_STEP][PASSED] - Statement - tempString += driver.findElement(org.openqa.selenium.By.xpath("//*[@id="add-row"]/div/table/tbody/tr[" + i + "]/td[2]")).getText(): null

2018-05-08 10:02:22 - [TEST_STEP][PASSED] - Statement - tempString += driver.findElement(org.openqa.selenium.By.xpath("//*[@id="add-row"]/div/table/tbody/tr[" + i + "]/td[3]")).getText(): null

2018-05-08 10:02:24 - [TEST_STEP][PASSED] - Statement - oldTransactionList.add(tempString): null

2018-05-08 10:02:24 - [TEST_STEP][PASSED] - Statement - tempString = "": null

2018-05-08 10:02:24 - [TEST_STEP][PASSED] - Statement - tempString += driver.findElement(org.openqa.selenium.By.xpath("//*[@id="add-row"]/div/table/tbody/tr[" + i + "]/td[1]")).getText(): null

2018-05-08 10:02:24 - [TEST_STEP][PASSED] - Statement - tempString += driver.findElement(org.openqa.selenium.By.xpath("//*[@id="add-row"]/div/table/tbody/tr[" + i + "]/td[2]")).getText(): null

2018-05-08 10:02:25 - [TEST_STEP][PASSED] - Statement - tempString += driver.findElement(org.openqa.selenium.By.xpath("//*[@id="add-row"]/div/table/tbody/tr[" + i + "]/td[3]")).getText(): null

2018-05-08 10:02:27 - [TEST_STEP][PASSED] - Statement - oldTransactionList.add(tempString): null

2018-05-08 10:02:27 - [TEST_STEP][PASSED] - Statement - tempString = "": null

2018-05-08 10:02:27 - [TEST_STEP][PASSED] - Statement - tempString += driver.findElement(org.openqa.selenium.By.xpath("//*[@id="add-row"]/div/table/tbody/tr[" + i + "]/td[1]")).getText(): null

2018-05-08 10:02:27 - [TEST_STEP][PASSED] - Statement - tempString += driver.findElement(org.openqa.selenium.By.xpath("//*[@id="add-row"]/div/table/tbody/tr[" + i + "]/td[2]")).getText(): null

2018-05-08 10:02:27 - [TEST_STEP][PASSED] - Statement - tempString += driver.findElement(org.openqa.selenium.By.xpath("//*[@id="add-row"]/div/table/tbody/tr[" + i + "]/td[3]")).getText(): null

2018-05-08 10:02:29 - [TEST_STEP][PASSED] - Statement - oldTransactionList.add(tempString): null

2018-05-08 10:02:29 - [TEST_STEP][PASSED] - Statement - tempString = "": null

2018-05-08 10:02:29 - [TEST_STEP][PASSED] - Statement - tempString += driver.findElement(org.openqa.selenium.By.xpath("//*[@id="add-row"]/div/table/tbody/tr[" + i + "]/td[1]")).getText(): null

2018-05-08 10:02:30 - [TEST_STEP][PASSED] - Statement - tempString += driver.findElement(org.openqa.selenium.By.xpath("//*[@id="add-row"]/div/table/tbody/tr[" + i + "]/td[2]")).getText(): null

2018-05-08 10:02:30 - [TEST_STEP][PASSED] - Statement - tempString += driver.findElement(org.openqa.selenium.By.xpath("//*[@id="add-row"]/div/table/tbody/tr[" + i + "]/td[3]")).getText(): null

2018-05-08 10:02:31 - [TEST_STEP][PASSED] - Statement - oldTransactionList.add(tempString): null

2018-05-08 10:02:31 - [TEST_STEP][PASSED] - Statement - tempString = "": null

2018-05-08 10:02:31 - [TEST_STEP][PASSED] - Statement - tempString += driver.findElement(org.openqa.selenium.By.xpath("//*[@id="add-row"]/div/table/tbody/tr[" + i + "]/td[1]")).getText(): null

2018-05-08 10:02:33 - [TEST_STEP][PASSED] - Statement - tempString += driver.findElement(org.openqa.selenium.By.xpath("//*[@id="add-row"]/div/table/tbody/tr[" + i + "]/td[2]")).getText(): null

2018-05-08 10:02:34 - [TEST_STEP][PASSED] - Statement - tempString += driver.findElement(org.openqa.selenium.By.xpath("//*[@id="add-row"]/div/table/tbody/tr[" + i + "]/td[3]")).getText(): null

2018-05-08 10:02:36 - [TEST_STEP][PASSED] - Statement - oldTransactionList.add(tempString): null

2018-05-08 10:02:36 - [TEST_STEP][PASSED] - Statement - tempString = "": null

2018-05-08 10:02:36 - [TEST_STEP][PASSED] - Statement - tempString += driver.findElement(org.openqa.selenium.By.xpath("//*[@id="add-row"]/div/table/tbody/tr[" + i + "]/td[1]")).getText(): null

2018-05-08 10:02:38 - [TEST_STEP][PASSED] - Statement - tempString += driver.findElement(org.openqa.selenium.By.xpath("//*[@id="add-row"]/div/table/tbody/tr[" + i + "]/td[2]")).getText(): null

2018-05-08 10:02:41 - [TEST_STEP][PASSED] - Statement - tempString += driver.findElement(org.openqa.selenium.By.xpath("//*[@id="add-row"]/div/table/tbody/tr[" + i + "]/td[3]")).getText(): null

2018-05-08 10:02:43 - [TEST_STEP][PASSED] - Statement - oldTransactionList.add(tempString): null

2018-05-08 10:02:43 - [TEST_STEP][PASSED] - Statement - tempString = "": null

2018-05-08 10:02:43 - [TEST_STEP][PASSED] - Statement - tempString += driver.findElement(org.openqa.selenium.By.xpath("//*[@id="add-row"]/div/table/tbody/tr[" + i + "]/td[1]")).getText(): null

2018-05-08 10:02:47 - [TEST_STEP][PASSED] - Statement - tempString += driver.findElement(org.openqa.selenium.By.xpath("//*[@id="add-row"]/div/table/tbody/tr[" + i + "]/td[2]")).getText(): null

2018-05-08 10:02:51 - [TEST_STEP][PASSED] - Statement - tempString += driver.findElement(org.openqa.selenium.By.xpath("//*[@id="add-row"]/div/table/tbody/tr[" + i + "]/td[3]")).getText(): null

2018-05-08 10:02:56 - [TEST_STEP][PASSED] - Statement - oldTransactionList.add(tempString): null

2018-05-08 10:02:56 - [TEST_STEP][PASSED] - Statement - tempString = "": null

2018-05-08 10:02:56 - [TEST_STEP][PASSED] - Statement - tempString += driver.findElement(org.openqa.selenium.By.xpath("//*[@id="add-row"]/div/table/tbody/tr[" + i + "]/td[1]")).getText(): null

2018-05-08 10:03:03 - [TEST_STEP][PASSED] - Statement - tempString += driver.findElement(org.openqa.selenium.By.xpath("//*[@id="add-row"]/div/table/tbody/tr[" + i + "]/td[2]")).getText(): null

2018-05-08 10:03:12 - [TEST_STEP][PASSED] - Statement - tempString += driver.findElement(org.openqa.selenium.By.xpath("//*[@id="add-row"]/div/table/tbody/tr[" + i + "]/td[3]")).getText(): null

2018-05-08 10:03:15 - [TEST_STEP][PASSED] - Statement - oldTransactionList.add(tempString): null

2018-05-08 10:03:15 - [TEST_STEP][PASSED] - Statement - tempString = "": null

2018-05-08 10:03:15 - [TEST_STEP][PASSED] - Statement - tempString += driver.findElement(org.openqa.selenium.By.xpath("//*[@id="add-row"]/div/table/tbody/tr[" + i + "]/td[1]")).getText(): null

2018-05-08 10:03:16 - [TEST_STEP][PASSED] - Statement - tempString += driver.findElement(org.openqa.selenium.By.xpath("//*[@id="add-row"]/div/table/tbody/tr[" + i + "]/td[2]")).getText(): null

2018-05-08 10:03:18 - [TEST_STEP][PASSED] - Statement - tempString += driver.findElement(org.openqa.selenium.By.xpath("//*[@id="add-row"]/div/table/tbody/tr[" + i + "]/td[3]")).getText(): null

2018-05-08 10:03:21 - [TEST_STEP][PASSED] - Statement - oldTransactionList.add(tempString): null

2018-05-08 10:03:21 - [TEST_STEP][PASSED] - Statement - tempString = "": null

2018-05-08 10:03:21 - [TEST_STEP][PASSED] - Statement - tempString += driver.findElement(org.openqa.selenium.By.xpath("//*[@id="add-row"]/div/table/tbody/tr[" + i + "]/td[1]")).getText(): null

2018-05-08 10:03:22 - [TEST_STEP][PASSED] - Statement - tempString += driver.findElement(org.openqa.selenium.By.xpath("//*[@id="add-row"]/div/table/tbody/tr[" + i + "]/td[2]")).getText(): null

2018-05-08 10:03:24 - [TEST_STEP][PASSED] - Statement - tempString += driver.findElement(org.openqa.selenium.By.xpath("//*[@id="add-row"]/div/table/tbody/tr[" + i + "]/td[3]")).getText(): null

2018-05-08 10:03:25 - [TEST_STEP][PASSED] - Statement - oldTransactionList.add(tempString): null

2018-05-08 10:03:25 - [TEST_STEP][PASSED] - Statement - tempString = "": null

2018-05-08 10:03:25 - [TEST_STEP][PASSED] - Statement - tempString += driver.findElement(org.openqa.selenium.By.xpath("//*[@id="add-row"]/div/table/tbody/tr[" + i + "]/td[1]")).getText(): null

2018-05-08 10:03:26 - [TEST_STEP][PASSED] - Statement - tempString += driver.findElement(org.openqa.selenium.By.xpath("//*[@id="add-row"]/div/table/tbody/tr[" + i + "]/td[2]")).getText(): null

2018-05-08 10:03:27 - [TEST_STEP][PASSED] - Statement - tempString += driver.findElement(org.openqa.selenium.By.xpath("//*[@id="add-row"]/div/table/tbody/tr[" + i + "]/td[3]")).getText(): null

2018-05-08 10:03:29 - [TEST_STEP][PASSED] - Statement - oldTransactionList.add(tempString): null

2018-05-08 10:03:29 - [TEST_STEP][PASSED] - click: Object: 'Object Repository/Admin/button_Logout' is clicked on

2018-05-08 10:03:32 - [MESSAGE][PASSED] - Object: 'Object Repository/Admin/button_Logout' is clicked on

2018-05-08 10:03:32 - [TEST_STEP][PASSED] - delay: Delayed 5 second(s)

2018-05-08 10:03:37 - [MESSAGE][PASSED] - Delayed 5 second(s)

2018-05-08 10:03:37 - [TEST_STEP][PASSED] - setText: Text 'user' is set on object 'Object Repository/Admin/input_username'

2018-05-08 10:03:41 - [MESSAGE][PASSED] - Text 'user' is set on object 'Object Repository/Admin/input_username'

2018-05-08 10:03:41 - [TEST_STEP][PASSED] - setText: Text 'user' is set on object 'Object Repository/Admin/input_password'

2018-05-08 10:03:46 - [MESSAGE][PASSED] - Text 'user' is set on object 'Object Repository/Admin/input_password'

2018-05-08 10:03:46 - [TEST_STEP][PASSED] - click: Object: 'Object Repository/Admin/button_Login' is clicked on

2018-05-08 10:03:49 - [MESSAGE][PASSED] - Object: 'Object Repository/Admin/button_Login' is clicked on

2018-05-08 10:03:49 - [TEST_STEP][PASSED] - click: Object: 'Object Repository/Admin/add to cart1' is clicked on

2018-05-08 10:03:52 - [MESSAGE][PASSED] - Object: 'Object Repository/Admin/add to cart1' is clicked on

2018-05-08 10:03:52 - [TEST_STEP][PASSED] - click: Object: 'Object Repository/Admin/add to cart2' is clicked on

2018-05-08 10:03:56 - [MESSAGE][PASSED] - Object: 'Object Repository/Admin/add to cart2' is clicked on

2018-05-08 10:03:56 - [TEST_STEP][PASSED] - click: Object: 'Object Repository/Admin/add to cart3' is clicked on

2018-05-08 10:03:59 - [MESSAGE][PASSED] - Object: 'Object Repository/Admin/add to cart3' is clicked on

2018-05-08 10:03:59 - [TEST_STEP][PASSED] - click: Object: 'Object Repository/Admin/add to cart4' is clicked on

2018-05-08 10:04:04 - [MESSAGE][PASSED] - Object: 'Object Repository/Admin/add to cart4' is clicked on

2018-05-08 10:04:04 - [TEST_STEP][PASSED] - click: Object: 'Object Repository/Admin/add to cart5' is clicked on

2018-05-08 10:04:07 - [MESSAGE][PASSED] - Object: 'Object Repository/Admin/add to cart5' is clicked on

2018-05-08 10:04:07 - [TEST_STEP][PASSED] - click: Object: 'Object Repository/Admin/cart' is clicked on

2018-05-08 10:04:11 - [MESSAGE][PASSED] - Object: 'Object Repository/Admin/cart' is clicked on

2018-05-08 10:04:11 - [TEST_STEP][PASSED] - delay: Delayed 5 second(s)

2018-05-08 10:04:16 - [MESSAGE][PASSED] - Delayed 5 second(s)

2018-05-08 10:04:16 - [TEST_STEP][PASSED] - setText: Text '1' is set on object 'Object Repository/Admin/input_amount1'

2018-05-08 10:04:44 - [MESSAGE][PASSED] - Text '1' is set on object 'Object Repository/Admin/input_amount1'

2018-05-08 10:04:44 - [TEST_STEP][PASSED] - setText: Text '2' is set on object 'Object Repository/Admin/input_amount2'

2018-05-08 10:04:50 - [MESSAGE][PASSED] - Text '2' is set on object 'Object Repository/Admin/input_amount2'

2018-05-08 10:04:50 - [TEST_STEP][PASSED] - setText: Text '3' is set on object 'Object Repository/Admin/input_amount3'

2018-05-08 10:05:16 - [MESSAGE][PASSED] - Text '3' is set on object 'Object Repository/Admin/input_amount3'

2018-05-08 10:05:16 - [TEST_STEP][PASSED] - setText: Text '3' is set on object 'Object Repository/Admin/input_amount4'

2018-05-08 10:05:59 - [MESSAGE][PASSED] - Text '3' is set on object 'Object Repository/Admin/input_amount4'

2018-05-08 10:05:59 - [TEST_STEP][PASSED] - setText: Text '4' is set on object 'Object Repository/Admin/input_amount5'

2018-05-08 10:06:20 - [MESSAGE][PASSED] - Text '4' is set on object 'Object Repository/Admin/input_amount5'

2018-05-08 10:06:20 - [TEST_STEP][PASSED] - Statement - xpathOfElement = driver.findElement(org.openqa.selenium.By.xpath("//*[@id="add-row"]/div/div[2]/div/p")): null

2018-05-08 10:06:25 - [TEST_STEP][PASSED] - Statement - UserTable = driver.findElement(org.openqa.selenium.By.xpath("//*[@id="add-row"]/div/table/tbody")): null

2018-05-08 10:06:26 - [TEST_STEP][PASSED] - Statement - userRows = UserTable.findElements(org.openqa.selenium.By.tagName("tr")): null

2018-05-08 10:06:27 - [TEST_STEP][PASSED] - Statement - userProducts = "": null

2018-05-08 10:06:27 - [TEST_STEP][PASSED] - Statement - For (def i : (1..userRows.size())): null

2018-05-08 10:06:27 - [TEST_STEP][PASSED] - Statement - userProducts += driver.findElement(org.openqa.selenium.By.xpath("//*[@id="add-row"]/div/table/tbody/tr[" + i + "]/td[1]")).getText(): null

2018-05-08 10:06:29 - [TEST_STEP][PASSED] - Statement - userProducts += driver.findElement(org.openqa.selenium.By.xpath("//*[@id="add-row"]/div/table/tbody/tr[" + i + "]/td[1]")).getText(): null

2018-05-08 10:06:30 - [TEST_STEP][PASSED] - Statement - userProducts += driver.findElement(org.openqa.selenium.By.xpath("//*[@id="add-row"]/div/table/tbody/tr[" + i + "]/td[1]")).getText(): null

2018-05-08 10:06:39 - [TEST_STEP][PASSED] - Statement - userProducts += driver.findElement(org.openqa.selenium.By.xpath("//*[@id="add-row"]/div/table/tbody/tr[" + i + "]/td[1]")).getText(): null

2018-05-08 10:06:50 - [TEST_STEP][PASSED] - Statement - userProducts += driver.findElement(org.openqa.selenium.By.xpath("//*[@id="add-row"]/div/table/tbody/tr[" + i + "]/td[1]")).getText(): null

2018-05-08 10:07:03 - [TEST_STEP][PASSED] - Statement - userTotalPrice = xpathOfElement.getText().replaceAll("Total price: ", ""): null

2018-05-08 10:07:09 - [TEST_STEP][PASSED] - Statement - valueOfUserTotalPrice = java.lang.Integer.parseInt(userTotalPrice.replaceAll(" THB", "").replaceAll(",", "")): null

2018-05-08 10:07:09 - [TEST_STEP][PASSED] - click: Object: 'Object Repository/Admin/button_confirm' is clicked on

2018-05-08 10:07:57 - [MESSAGE][PASSED] - Object: 'Object Repository/Admin/button_confirm' is clicked on

2018-05-08 10:07:57 - [TEST_STEP][PASSED] - acceptAlert: Alert accepted

2018-05-08 10:07:58 - [MESSAGE][PASSED] - Alert accepted

2018-05-08 10:07:58 - [TEST_STEP][PASSED] - click: Object: 'Object Repository/Admin/button_Logout' is clicked on

2018-05-08 10:08:19 - [MESSAGE][PASSED] - Object: 'Object Repository/Admin/button_Logout' is clicked on

2018-05-08 10:08:19 - [TEST_STEP][PASSED] - delay: Delayed 5 second(s)

2018-05-08 10:08:24 - [MESSAGE][PASSED] - Delayed 5 second(s)

2018-05-08 10:08:24 - [TEST_STEP][PASSED] - setText: Text 'admin' is set on object 'Object Repository/Admin/input_username'

2018-05-08 10:08:45 - [MESSAGE][PASSED] - Text 'admin' is set on object 'Object Repository/Admin/input_username'

2018-05-08 10:08:45 - [TEST_STEP][PASSED] - setText: Text 'admin' is set on object 'Object Repository/Admin/input_password'

2018-05-08 10:09:20 - [MESSAGE][PASSED] - Text 'admin' is set on object 'Object Repository/Admin/input_password'

2018-05-08 10:09:20 - [TEST_STEP][PASSED] - click: Object: 'Object Repository/Admin/button_Login' is clicked on

2018-05-08 10:09:42 - [MESSAGE][PASSED] - Object: 'Object Repository/Admin/button_Login' is clicked on

2018-05-08 10:09:42 - [TEST_STEP][PASSED] - click: Object: 'Object Repository/Admin/div_Products' is clicked on

2018-05-08 10:09:46 - [MESSAGE][PASSED] - Object: 'Object Repository/Admin/div_Products' is clicked on

2018-05-08 10:09:46 - [TEST_STEP][PASSED] - click: Object: 'Object Repository/Admin/a_Total Transaction' is clicked on

2018-05-08 10:09:50 - [MESSAGE][PASSED] - Object: 'Object Repository/Admin/a_Total Transaction' is clicked on

2018-05-08 10:09:50 - [TEST_STEP][PASSED] - Statement - Table = driver.findElement(org.openqa.selenium.By.xpath("//*[@id="add-row"]/div/table/tbody")): null

2018-05-08 10:09:51 - [TEST_STEP][PASSED] - delay: Delayed 5 second(s)

2018-05-08 10:09:56 - [MESSAGE][PASSED] - Delayed 5 second(s)

2018-05-08 10:09:56 - [TEST_STEP][PASSED] - Statement - newRows = Table.findElements(org.openqa.selenium.By.tagName("tr")): null

2018-05-08 10:09:58 - [TEST_STEP][PASSED] - Statement - newTransactionList = new java.util.ArrayList(): null

2018-05-08 10:09:58 - [TEST_STEP][PASSED] - Statement - For (def i : (1..(newRows.size() - 1))): null

2018-05-08 10:09:58 - [TEST_STEP][PASSED] - Statement - tempString = "": null

2018-05-08 10:09:58 - [TEST_STEP][PASSED] - Statement - tempString += driver.findElement(org.openqa.selenium.By.xpath("//*[@id="add-row"]/div/table/tbody/tr[" + i + "]/td[1]")).getText(): null

2018-05-08 10:10:03 - [TEST_STEP][PASSED] - Statement - tempString += driver.findElement(org.openqa.selenium.By.xpath("//*[@id="add-row"]/div/table/tbody/tr[" + i + "]/td[2]")).getText(): null

2018-05-08 10:10:05 - [TEST_STEP][PASSED] - Statement - tempString += driver.findElement(org.openqa.selenium.By.xpath("//*[@id="add-row"]/div/table/tbody/tr[" + i + "]/td[3]")).getText(): null

2018-05-08 10:10:12 - [TEST_STEP][PASSED] - Statement - newTransactionList.add(tempString): null

2018-05-08 10:10:12 - [TEST_STEP][PASSED] - Statement - println(tempString): null

2018-05-08 10:10:12 - [TEST_STEP][PASSED] - Statement - tempString = "": null

2018-05-08 10:10:12 - [TEST_STEP][PASSED] - Statement - tempString += driver.findElement(org.openqa.selenium.By.xpath("//*[@id="add-row"]/div/table/tbody/tr[" + i + "]/td[1]")).getText(): null

2018-05-08 10:10:16 - [TEST_STEP][PASSED] - Statement - tempString += driver.findElement(org.openqa.selenium.By.xpath("//*[@id="add-row"]/div/table/tbody/tr[" + i + "]/td[2]")).getText(): null

2018-05-08 10:10:19 - [TEST_STEP][PASSED] - Statement - tempString += driver.findElement(org.openqa.selenium.By.xpath("//*[@id="add-row"]/div/table/tbody/tr[" + i + "]/td[3]")).getText(): null

2018-05-08 10:10:20 - [TEST_STEP][PASSED] - Statement - newTransactionList.add(tempString): null

2018-05-08 10:10:20 - [TEST_STEP][PASSED] - Statement - println(tempString): null

2018-05-08 10:10:20 - [TEST_STEP][PASSED] - Statement - tempString = "": null

2018-05-08 10:10:20 - [TEST_STEP][PASSED] - Statement - tempString += driver.findElement(org.openqa.selenium.By.xpath("//*[@id="add-row"]/div/table/tbody/tr[" + i + "]/td[1]")).getText(): null

2018-05-08 10:10:22 - [TEST_STEP][PASSED] - Statement - tempString += driver.findElement(org.openqa.selenium.By.xpath("//*[@id="add-row"]/div/table/tbody/tr[" + i + "]/td[2]")).getText(): null

2018-05-08 10:10:23 - [TEST_STEP][PASSED] - Statement - tempString += driver.findElement(org.openqa.selenium.By.xpath("//*[@id="add-row"]/div/table/tbody/tr[" + i + "]/td[3]")).getText(): null

2018-05-08 10:10:24 - [TEST_STEP][PASSED] - Statement - newTransactionList.add(tempString): null

2018-05-08 10:10:24 - [TEST_STEP][PASSED] - Statement - println(tempString): null

2018-05-08 10:10:24 - [TEST_STEP][PASSED] - Statement - tempString = "": null

2018-05-08 10:10:24 - [TEST_STEP][PASSED] - Statement - tempString += driver.findElement(org.openqa.selenium.By.xpath("//*[@id="add-row"]/div/table/tbody/tr[" + i + "]/td[1]")).getText(): null

2018-05-08 10:10:25 - [TEST_STEP][PASSED] - Statement - tempString += driver.findElement(org.openqa.selenium.By.xpath("//*[@id="add-row"]/div/table/tbody/tr[" + i + "]/td[2]")).getText(): null

2018-05-08 10:10:30 - [TEST_STEP][PASSED] - Statement - tempString += driver.findElement(org.openqa.selenium.By.xpath("//*[@id="add-row"]/div/table/tbody/tr[" + i + "]/td[3]")).getText(): null

2018-05-08 10:10:32 - [TEST_STEP][PASSED] - Statement - newTransactionList.add(tempString): null

2018-05-08 10:10:32 - [TEST_STEP][PASSED] - Statement - println(tempString): null

2018-05-08 10:10:32 - [TEST_STEP][PASSED] - Statement - tempString = "": null

2018-05-08 10:10:32 - [TEST_STEP][PASSED] - Statement - tempString += driver.findElement(org.openqa.selenium.By.xpath("//*[@id="add-row"]/div/table/tbody/tr[" + i + "]/td[1]")).getText(): null

2018-05-08 10:10:36 - [TEST_STEP][PASSED] - Statement - tempString += driver.findElement(org.openqa.selenium.By.xpath("//*[@id="add-row"]/div/table/tbody/tr[" + i + "]/td[2]")).getText(): null

2018-05-08 10:10:42 - [TEST_STEP][PASSED] - Statement - tempString += driver.findElement(org.openqa.selenium.By.xpath("//*[@id="add-row"]/div/table/tbody/tr[" + i + "]/td[3]")).getText(): null

2018-05-08 10:10:45 - [TEST_STEP][PASSED] - Statement - newTransactionList.add(tempString): null

2018-05-08 10:10:45 - [TEST_STEP][PASSED] - Statement - println(tempString): null

2018-05-08 10:10:45 - [TEST_STEP][PASSED] - Statement - tempString = "": null

2018-05-08 10:10:45 - [TEST_STEP][PASSED] - Statement - tempString += driver.findElement(org.openqa.selenium.By.xpath("//*[@id="add-row"]/div/table/tbody/tr[" + i + "]/td[1]")).getText(): null

2018-05-08 10:10:51 - [TEST_STEP][PASSED] - Statement - tempString += driver.findElement(org.openqa.selenium.By.xpath("//*[@id="add-row"]/div/table/tbody/tr[" + i + "]/td[2]")).getText(): null

2018-05-08 10:10:54 - [TEST_STEP][PASSED] - Statement - tempString += driver.findElement(org.openqa.selenium.By.xpath("//*[@id="add-row"]/div/table/tbody/tr[" + i + "]/td[3]")).getText(): null

2018-05-08 10:10:55 - [TEST_STEP][PASSED] - Statement - newTransactionList.add(tempString): null

2018-05-08 10:10:55 - [TEST_STEP][PASSED] - Statement - println(tempString): null

2018-05-08 10:10:55 - [TEST_STEP][PASSED] - Statement - tempString = "": null

2018-05-08 10:10:55 - [TEST_STEP][PASSED] - Statement - tempString += driver.findElement(org.openqa.selenium.By.xpath("//*[@id="add-row"]/div/table/tbody/tr[" + i + "]/td[1]")).getText(): null

2018-05-08 10:10:57 - [TEST_STEP][PASSED] - Statement - tempString += driver.findElement(org.openqa.selenium.By.xpath("//*[@id="add-row"]/div/table/tbody/tr[" + i + "]/td[2]")).getText(): null

2018-05-08 10:11:01 - [TEST_STEP][PASSED] - Statement - tempString += driver.findElement(org.openqa.selenium.By.xpath("//*[@id="add-row"]/div/table/tbody/tr[" + i + "]/td[3]")).getText(): null

2018-05-08 10:11:17 - [TEST_STEP][PASSED] - Statement - newTransactionList.add(tempString): null

2018-05-08 10:11:17 - [TEST_STEP][PASSED] - Statement - println(tempString): null

2018-05-08 10:11:17 - [TEST_STEP][PASSED] - Statement - tempString = "": null

2018-05-08 10:11:17 - [TEST_STEP][PASSED] - Statement - tempString += driver.findElement(org.openqa.selenium.By.xpath("//*[@id="add-row"]/div/table/tbody/tr[" + i + "]/td[1]")).getText(): null

2018-05-08 10:11:25 - [TEST_STEP][PASSED] - Statement - tempString += driver.findElement(org.openqa.selenium.By.xpath("//*[@id="add-row"]/div/table/tbody/tr[" + i + "]/td[2]")).getText(): null

2018-05-08 10:11:29 - [TEST_STEP][PASSED] - Statement - tempString += driver.findElement(org.openqa.selenium.By.xpath("//*[@id="add-row"]/div/table/tbody/tr[" + i + "]/td[3]")).getText(): null

2018-05-08 10:11:31 - [TEST_STEP][PASSED] - Statement - newTransactionList.add(tempString): null

2018-05-08 10:11:31 - [TEST_STEP][PASSED] - Statement - println(tempString): null

2018-05-08 10:11:31 - [TEST_STEP][PASSED] - Statement - tempString = "": null

2018-05-08 10:11:31 - [TEST_STEP][PASSED] - Statement - tempString += driver.findElement(org.openqa.selenium.By.xpath("//*[@id="add-row"]/div/table/tbody/tr[" + i + "]/td[1]")).getText(): null

2018-05-08 10:11:32 - [TEST_STEP][PASSED] - Statement - tempString += driver.findElement(org.openqa.selenium.By.xpath("//*[@id="add-row"]/div/table/tbody/tr[" + i + "]/td[2]")).getText(): null

2018-05-08 10:11:33 - [TEST_STEP][PASSED] - Statement - tempString += driver.findElement(org.openqa.selenium.By.xpath("//*[@id="add-row"]/div/table/tbody/tr[" + i + "]/td[3]")).getText(): null

2018-05-08 10:11:34 - [TEST_STEP][PASSED] - Statement - newTransactionList.add(tempString): null

2018-05-08 10:11:34 - [TEST_STEP][PASSED] - Statement - println(tempString): null

2018-05-08 10:11:34 - [TEST_STEP][PASSED] - Statement - tempString = "": null

2018-05-08 10:11:34 - [TEST_STEP][PASSED] - Statement - tempString += driver.findElement(org.openqa.selenium.By.xpath("//*[@id="add-row"]/div/table/tbody/tr[" + i + "]/td[1]")).getText(): null

2018-05-08 10:11:35 - [TEST_STEP][PASSED] - Statement - tempString += driver.findElement(org.openqa.selenium.By.xpath("//*[@id="add-row"]/div/table/tbody/tr[" + i + "]/td[2]")).getText(): null

2018-05-08 10:11:37 - [TEST_STEP][PASSED] - Statement - tempString += driver.findElement(org.openqa.selenium.By.xpath("//*[@id="add-row"]/div/table/tbody/tr[" + i + "]/td[3]")).getText(): null

2018-05-08 10:11:39 - [TEST_STEP][PASSED] - Statement - newTransactionList.add(tempString): null

2018-05-08 10:11:39 - [TEST_STEP][PASSED] - Statement - println(tempString): null

2018-05-08 10:11:39 - [TEST_STEP][PASSED] - Statement - tempString = "": null

2018-05-08 10:11:39 - [TEST_STEP][PASSED] - Statement - tempString += driver.findElement(org.openqa.selenium.By.xpath("//*[@id="add-row"]/div/table/tbody/tr[" + i + "]/td[1]")).getText(): null

2018-05-08 10:11:43 - [TEST_STEP][PASSED] - Statement - tempString += driver.findElement(org.openqa.selenium.By.xpath("//*[@id="add-row"]/div/table/tbody/tr[" + i + "]/td[2]")).getText(): null

2018-05-08 10:11:47 - [TEST_STEP][PASSED] - Statement - tempString += driver.findElement(org.openqa.selenium.By.xpath("//*[@id="add-row"]/div/table/tbody/tr[" + i + "]/td[3]")).getText(): null

2018-05-08 10:11:50 - [TEST_STEP][PASSED] - Statement - newTransactionList.add(tempString): null

2018-05-08 10:11:50 - [TEST_STEP][PASSED] - Statement - println(tempString): null

2018-05-08 10:11:50 - [TEST_STEP][PASSED] - Statement - tempString = "": null

2018-05-08 10:11:50 - [TEST_STEP][PASSED] - Statement - tempString += driver.findElement(org.openqa.selenium.By.xpath("//*[@id="add-row"]/div/table/tbody/tr[" + i + "]/td[1]")).getText(): null

2018-05-08 10:11:56 - [TEST_STEP][PASSED] - Statement - tempString += driver.findElement(org.openqa.selenium.By.xpath("//*[@id="add-row"]/div/table/tbody/tr[" + i + "]/td[2]")).getText(): null

2018-05-08 10:11:59 - [TEST_STEP][PASSED] - Statement - tempString += driver.findElement(org.openqa.selenium.By.xpath("//*[@id="add-row"]/div/table/tbody/tr[" + i + "]/td[3]")).getText(): null

2018-05-08 10:12:01 - [TEST_STEP][PASSED] - Statement - newTransactionList.add(tempString): null

2018-05-08 10:12:01 - [TEST_STEP][PASSED] - Statement - println(tempString): null

2018-05-08 10:12:01 - [TEST_STEP][PASSED] - Statement - tempString = "": null

2018-05-08 10:12:01 - [TEST_STEP][PASSED] - Statement - tempString += driver.findElement(org.openqa.selenium.By.xpath("//*[@id="add-row"]/div/table/tbody/tr[" + i + "]/td[1]")).getText(): null

2018-05-08 10:12:03 - [TEST_STEP][PASSED] - Statement - tempString += driver.findElement(org.openqa.selenium.By.xpath("//*[@id="add-row"]/div/table/tbody/tr[" + i + "]/td[2]")).getText(): null

2018-05-08 10:12:06 - [TEST_STEP][PASSED] - Statement - tempString += driver.findElement(org.openqa.selenium.By.xpath("//*[@id="add-row"]/div/table/tbody/tr[" + i + "]/td[3]")).getText(): null

2018-05-08 10:12:07 - [TEST_STEP][PASSED] - Statement - newTransactionList.add(tempString): null

2018-05-08 10:12:07 - [TEST_STEP][PASSED] - Statement - println(tempString): null

2018-05-08 10:12:07 - [TEST_STEP][PASSED] - Statement - tempString = "": null

2018-05-08 10:12:07 - [TEST_STEP][PASSED] - Statement - tempString += driver.findElement(org.openqa.selenium.By.xpath("//*[@id="add-row"]/div/table/tbody/tr[" + i + "]/td[1]")).getText(): null

2018-05-08 10:12:14 - [TEST_STEP][PASSED] - Statement - tempString += driver.findElement(org.openqa.selenium.By.xpath("//*[@id="add-row"]/div/table/tbody/tr[" + i + "]/td[2]")).getText(): null

2018-05-08 10:12:16 - [TEST_STEP][PASSED] - Statement - tempString += driver.findElement(org.openqa.selenium.By.xpath("//*[@id="add-row"]/div/table/tbody/tr[" + i + "]/td[3]")).getText(): null

2018-05-08 10:12:19 - [TEST_STEP][PASSED] - Statement - newTransactionList.add(tempString): null

2018-05-08 10:12:19 - [TEST_STEP][PASSED] - Statement - println(tempString): null

2018-05-08 10:12:19 - [TEST_STEP][PASSED] - Statement - tempString = "": null

2018-05-08 10:12:19 - [TEST_STEP][PASSED] - Statement - tempString += driver.findElement(org.openqa.selenium.By.xpath("//*[@id="add-row"]/div/table/tbody/tr[" + i + "]/td[1]")).getText(): null

2018-05-08 10:12:46 - [TEST_STEP][PASSED] - Statement - tempString += driver.findElement(org.openqa.selenium.By.xpath("//*[@id="add-row"]/div/table/tbody/tr[" + i + "]/td[2]")).getText(): null

2018-05-08 10:12:48 - [TEST_STEP][PASSED] - Statement - tempString += driver.findElement(org.openqa.selenium.By.xpath("//*[@id="add-row"]/div/table/tbody/tr[" + i + "]/td[3]")).getText(): null

2018-05-08 10:12:50 - [TEST_STEP][PASSED] - Statement - newTransactionList.add(tempString): null

2018-05-08 10:12:50 - [TEST_STEP][PASSED] - Statement - println(tempString): null

2018-05-08 10:12:50 - [TEST_STEP][PASSED] - Statement - tempString = "": null

2018-05-08 10:12:50 - [TEST_STEP][PASSED] - Statement - tempString += driver.findElement(org.openqa.selenium.By.xpath("//*[@id="add-row"]/div/table/tbody/tr[" + i + "]/td[1]")).getText(): null

2018-05-08 10:12:51 - [TEST_STEP][PASSED] - Statement - tempString += driver.findElement(org.openqa.selenium.By.xpath("//*[@id="add-row"]/div/table/tbody/tr[" + i + "]/td[2]")).getText(): null

2018-05-08 10:12:54 - [TEST_STEP][PASSED] - Statement - tempString += driver.findElement(org.openqa.selenium.By.xpath("//*[@id="add-row"]/div/table/tbody/tr[" + i + "]/td[3]")).getText(): null

2018-05-08 10:12:56 - [TEST_STEP][PASSED] - Statement - newTransactionList.add(tempString): null

2018-05-08 10:13:42 - [TEST_STEP][PASSED] - Statement - println(tempString): null

2018-05-08 10:13:42 - [TEST_STEP][PASSED] - Statement - tempString = "": null

2018-05-08 10:13:42 - [TEST_STEP][PASSED] - Statement - tempString += driver.findElement(org.openqa.selenium.By.xpath("//*[@id="add-row"]/div/table/tbody/tr[" + i + "]/td[1]")).getText(): null

2018-05-08 10:13:46 - [TEST_STEP][PASSED] - Statement - tempString += driver.findElement(org.openqa.selenium.By.xpath("//*[@id="add-row"]/div/table/tbody/tr[" + i + "]/td[2]")).getText(): null

2018-05-08 10:13:48 - [TEST_STEP][PASSED] - Statement - tempString += driver.findElement(org.openqa.selenium.By.xpath("//*[@id="add-row"]/div/table/tbody/tr[" + i + "]/td[3]")).getText(): null

2018-05-08 10:13:51 - [TEST_STEP][PASSED] - Statement - newTransactionList.add(tempString): null

2018-05-08 10:13:51 - [TEST_STEP][PASSED] - Statement - println(tempString): null

2018-05-08 10:13:51 - [TEST_STEP][PASSED] - Statement - tempString = "": null

2018-05-08 10:13:51 - [TEST_STEP][PASSED] - Statement - tempString += driver.findElement(org.openqa.selenium.By.xpath("//*[@id="add-row"]/div/table/tbody/tr[" + i + "]/td[1]")).getText(): null

2018-05-08 10:14:02 - [TEST_STEP][PASSED] - Statement - tempString += driver.findElement(org.openqa.selenium.By.xpath("//*[@id="add-row"]/div/table/tbody/tr[" + i + "]/td[2]")).getText(): null

2018-05-08 10:14:03 - [TEST_STEP][PASSED] - Statement - tempString += driver.findElement(org.openqa.selenium.By.xpath("//*[@id="add-row"]/div/table/tbody/tr[" + i + "]/td[3]")).getText(): null

2018-05-08 10:14:05 - [TEST_STEP][PASSED] - Statement - newTransactionList.add(tempString): null

2018-05-08 10:14:05 - [TEST_STEP][PASSED] - Statement - println(tempString): null

2018-05-08 10:14:05 - [TEST_STEP][PASSED] - Statement - tempString = "": null

2018-05-08 10:14:05 - [TEST_STEP][PASSED] - Statement - tempString += driver.findElement(org.openqa.selenium.By.xpath("//*[@id="add-row"]/div/table/tbody/tr[" + i + "]/td[1]")).getText(): null

2018-05-08 10:14:07 - [TEST_STEP][PASSED] - Statement - tempString += driver.findElement(org.openqa.selenium.By.xpath("//*[@id="add-row"]/div/table/tbody/tr[" + i + "]/td[2]")).getText(): null

2018-05-08 10:14:10 - [TEST_STEP][PASSED] - Statement - tempString += driver.findElement(org.openqa.selenium.By.xpath("//*[@id="add-row"]/div/table/tbody/tr[" + i + "]/td[3]")).getText(): null

2018-05-08 10:14:12 - [TEST_STEP][PASSED] - Statement - newTransactionList.add(tempString): null

2018-05-08 10:14:12 - [TEST_STEP][PASSED] - Statement - println(tempString): null

2018-05-08 10:14:12 - [TEST_STEP][PASSED] - Statement - newRowValue = driver.findElement(org.openqa.selenium.By.xpath("//*[@id="add-row"]/div/table/tbody/tr[" + newRows.size() + "]/td[3]")).getText(): null

2018-05-08 10:14:15 - [TEST_STEP][PASSED] - Statement - newTranscation = driver.findElement(org.openqa.selenium.By.xpath("//*[@id="add-row"]/div/table/tbody/tr[" + newRows.size() + "]/td[2]")).getText().replaceAll(", ", ""): null

2018-05-08 10:14:17 - [TEST_STEP][PASSED] - Statement - newAdminTotalPrice = driver.findElement(org.openqa.selenium.By.xpath("//*[@id="add-row"]/div/div[2]/div/p")).getText(): null

2018-05-08 10:14:21 - [TEST_STEP][PASSED] - Statement - newAdminTotalPrice = newAdminTotalPrice.replaceAll(" THB", "").replaceAll("Total price: ", "").replaceAll(",", ""): null

2018-05-08 10:14:21 - [TEST_STEP][PASSED] - Statement - newAdminTotalPrice = java.lang.Integer.parseInt(newAdminTotalPrice): null

2018-05-08 10:14:21 - [TEST_STEP][PASSED] - Statement - println("Total Price of All Transaction before: " + oldAdminTotalPrice): null

2018-05-08 10:14:21 - [TEST_STEP][PASSED] - Statement - println("Total Price that User Bought: " + userTotalPrice): null

2018-05-08 10:14:21 - [TEST_STEP][PASSED] - Statement - println("Total Price of all Transaction after: " + newAdminTotalPrice): null

2018-05-08 10:14:21 - [TEST_STEP][PASSED] - Statement - println("Size of Rows after: " + newRows.size()): null

2018-05-08 10:14:21 - [TEST_STEP][PASSED] - Statement - println("Total Price of Last Transaction: " + newRowValue): null

2018-05-08 10:14:21 - [TEST_STEP][PASSED] - verifyEqual: Actual object '21,256 THB' and expected object '21,256 THB' are equal

2018-05-08 10:14:21 - [MESSAGE][PASSED] - Actual object '21,256 THB' and expected object '21,256 THB' are equal

2018-05-08 10:14:21 - [TEST_STEP][PASSED] - verifyEqual: Actual object '469,664' and expected object '469,664' are equal

2018-05-08 10:14:21 - [MESSAGE][PASSED] - Actual object '469,664' and expected object '469,664' are equal

2018-05-08 10:14:53 - [TEST_STEP][PASSED] - verifyEqual: Actual object '[[1Garden, Papaya20,120 THB, 2Banana, Garden, Banana, Rambutan60,570 THB, 3Garden20,000 THB, 4Orange280 THB, 5Papaya12 THB, 6Garden40,000 THB, 7Garden, Banana40,300 THB, 8Garden, Banana, Orange40,860 THB, 9Garden, Banana, Orange, Papaya40,884 THB, 10Garden, Banana, Orange, Papaya, Rambutan40,924 THB, 11Banana150 THB, 12Orange280 THB, 13Garden, Banana, Orange, Papaya, Rambutan20,462 THB, 14Garden, Banana, Orange, Papaya, Rambutan20,462 THB, 15Garden, Banana, Orange, Papaya, Rambutan20,462 THB, 16Garden, Banana, Orange, Papaya, Rambutan20,462 THB, 17Garden, Banana, Orange, Papaya, Rambutan20,462 THB, 18Garden, Banana, Orange, Papaya, Rambutan21,256 THB, 19Garden, Banana, Orange, Papaya, Rambutan20,462 THB]]' and expected object '[[1Garden, Papaya20,120 THB, 2Banana, Garden, Banana, Rambutan60,570 THB, 3Garden20,000 THB, 4Orange280 THB, 5Papaya12 THB, 6Garden40,000 THB, 7Garden, Banana40,300 THB, 8Garden, Banana, Orange40,860 THB, 9Garden, Banana, Orange, Papaya40,884 THB, 10Garden, Banana, Orange, Papaya, Rambutan40,924 THB, 11Banana150 THB, 12Orange280 THB, 13Garden, Banana, Orange, Papaya, Rambutan20,462 THB, 14Garden, Banana, Orange, Papaya, Rambutan20,462 THB, 15Garden, Banana, Orange, Papaya, Rambutan20,462 THB, 16Garden, Banana, Orange, Papaya, Rambutan20,462 THB, 17Garden, Banana, Orange, Papaya, Rambutan20,462 THB, 18Garden, Banana, Orange, Papaya, Rambutan21,256 THB, 19Garden, Banana, Orange, Papaya, Rambutan20,462 THB]]' are equal

2018-05-08 10:14:53 - [MESSAGE][PASSED] - Actual object '[[1Garden, Papaya20,120 THB, 2Banana, Garden, Banana, Rambutan60,570 THB, 3Garden20,000 THB, 4Orange280 THB, 5Papaya12 THB, 6Garden40,000 THB, 7Garden, Banana40,300 THB, 8Garden, Banana, Orange40,860 THB, 9Garden, Banana, Orange, Papaya40,884 THB, 10Garden, Banana, Orange, Papaya, Rambutan40,924 THB, 11Banana150 THB, 12Orange280 THB, 13Garden, Banana, Orange, Papaya, Rambutan20,462 THB, 14Garden, Banana, Orange, Papaya, Rambutan20,462 THB, 15Garden, Banana, Orange, Papaya, Rambutan20,462 THB, 16Garden, Banana, Orange, Papaya, Rambutan20,462 THB, 17Garden, Banana, Orange, Papaya, Rambutan20,462 THB, 18Garden, Banana, Orange, Papaya, Rambutan21,256 THB, 19Garden, Banana, Orange, Papaya, Rambutan20,462 THB]]' and expected object '[[1Garden, Papaya20,120 THB, 2Banana, Garden, Banana, Rambutan60,570 THB, 3Garden20,000 THB, 4Orange280 THB, 5Papaya12 THB, 6Garden40,000 THB, 7Garden, Banana40,300 THB, 8Garden, Banana, Orange40,860 THB, 9Garden, Banana, Orange, Papaya40,884 THB, 10Garden, Banana, Orange, Papaya, Rambutan40,924 THB, 11Banana150 THB, 12Orange280 THB, 13Garden, Banana, Orange, Papaya, Rambutan20,462 THB, 14Garden, Banana, Orange, Papaya, Rambutan20,462 THB, 15Garden, Banana, Orange, Papaya, Rambutan20,462 THB, 16Garden, Banana, Orange, Papaya, Rambutan20,462 THB, 17Garden, Banana, Orange, Papaya, Rambutan20,462 THB, 18Garden, Banana, Orange, Papaya, Rambutan21,256 THB, 19Garden, Banana, Orange, Papaya, Rambutan20,462 THB]]' are equal

2018-05-08 10:14:53 - [TEST_STEP][PASSED] - verifyEqual: Actual object 'GardenBananaOrangePapayaRambutan' and expected object 'GardenBananaOrangePapayaRambutan' are equal

2018-05-08 10:14:53 - [MESSAGE][PASSED] - Actual object 'GardenBananaOrangePapayaRambutan' and expected object 'GardenBananaOrangePapayaRambutan' are equal

2018-05-08 10:14:53 - [TEST_STEP][PASSED] - Statement - println("No. of old rows " + valueOfOldRows): null

2018-05-08 10:14:53 - [TEST_STEP][PASSED] - Statement - println("No. of new rows " + newRows.size()): null

2018-05-08 10:14:53 - [TEST_STEP][PASSED] - verifyGreaterThan: Actual number '20' is greater than expected number '19'

2018-05-08 10:14:53 - [MESSAGE][PASSED] - Actual number '20' is greater than expected number '19'

2018-05-08 10:14:53 - [TEST_STEP][PASSED] - closeBrowser: Browser is closed

2018-05-08 10:16:51 - [MESSAGE][PASSED] - Browser is closed]]></system-out>
         <system-err><![CDATA[]]></system-err>
      </testcase>
      <system-out><![CDATA[2018-05-08 09:54:59 - [TEST_SUITE][PASSED] - Test Suite for Admin Test Case to Check Total Transactions: Test Cases/Admin Test Case to Check Total Transactions]]></system-out>
      <system-err><![CDATA[]]></system-err>
   </testsuite>
</testsuites>
