<?xml version="1.0" encoding="UTF-8"?>
<testsuites name="Test Suite for User Test Case 3" time="54" tests="1" failures="0" errors="0">
   <testsuite name="Test Suite for User Test Case 3" tests="1" failures="0" errors="0" time="54" timestamp="2018-04-30 20:20:10" hostname="Andrew_Dpp - Andrew_Dpp-PC" id="Test Suites/Test Suite for User Test Case 3">
      <properties>
         <property name="deviceName" value=""/>
         <property name="devicePlatform" value=""/>
         <property name="logFolder" value="C:\\Users\\Andrew_Dpp\\git\\234project-katalon\\Reports\\Test Suite for User Test Case 3\\20180430_202007"/>
         <property name="logFiles" value="C:\\Users\\Andrew_Dpp\\git\\234project-katalon\\Reports\\Test Suite for User Test Case 3\\20180430_202007\\execution0.log"/>
         <property name="attachments" value=""/>
         <property name="hostName" value="Andrew_Dpp - Andrew_Dpp-PC"/>
         <property name="os" value="Windows 7 64bit"/>
         <property name="katalonVersion" value="5.3.1.1"/>
         <property name="browser" value="Chrome 65.0.3325.181"/>
         <property name="hostAddress" value="192.168.1.9"/>
         <property name="sessionId" value="043cd86d351a369e896ff40eb2423205"/>
         <property name="seleniumVersion" value="3.7.1"/>
         <property name="proxyInformation" value="ProxyInformation{proxyOption=NO_PROXY, proxyServerType=HTTP, password=, proxyServerAddress=, proxyServerPort=0}"/>
         <property name="platform" value="Windows 7"/>
      </properties>
      <testcase name="Test Cases/User Test Case 3" classname="Test Cases/User Test Case 3" status="PASSED">
         <system-out><![CDATA[2018-04-30 20:20:11 - [TEST_CASE][PASSED] - Test Cases/User Test Case 3: Test Cases/User Test Case 3

2018-04-30 20:20:12 - [TEST_STEP][PASSED] - openBrowser: Browser is opened with url: ''

2018-04-30 20:20:19 - [MESSAGE][PASSED] - Browser is opened with url: ''

2018-04-30 20:20:19 - [TEST_STEP][PASSED] - navigateToUrl: Navigate to 'http://18.188.55.188:8085/' successfully

2018-04-30 20:20:27 - [MESSAGE][PASSED] - Navigate to 'http://18.188.55.188:8085/' successfully

2018-04-30 20:20:27 - [TEST_STEP][PASSED] - setText: Text 'user' is set on object 'Object Repository/User/User Cart/input_username'

2018-04-30 20:20:28 - [MESSAGE][PASSED] - Text 'user' is set on object 'Object Repository/User/User Cart/input_username'

2018-04-30 20:20:28 - [TEST_STEP][PASSED] - setText: Text 'user' is set on object 'Object Repository/User/User Cart/input_password'

2018-04-30 20:20:28 - [MESSAGE][PASSED] - Text 'user' is set on object 'Object Repository/User/User Cart/input_password'

2018-04-30 20:20:28 - [TEST_STEP][PASSED] - click: Object: 'Object Repository/User/User Cart/button_Login' is clicked on

2018-04-30 20:20:29 - [MESSAGE][PASSED] - Object: 'Object Repository/User/User Cart/button_Login' is clicked on

2018-04-30 20:20:29 - [TEST_STEP][PASSED] - Statement - driver = com.kms.katalon.core.webui.driver.DriverFactory.getWebDriver(): null

2018-04-30 20:20:29 - [TEST_STEP][PASSED] - waitForElementPresent: Object 'Object Repository/User/User Cart/add to cart1' is present

2018-04-30 20:20:29 - [MESSAGE][WARNING] - Timeout '0' is invalid. Using default page load timeout: '30'

2018-04-30 20:20:30 - [MESSAGE][PASSED] - Object 'Object Repository/User/User Cart/add to cart1' is present

2018-04-30 20:20:30 - [TEST_STEP][PASSED] - Statement - products = driver.findElement(org.openqa.selenium.By.xpath("/html/body/app-root/app-product-list/div/div[2]/div")): null

2018-04-30 20:20:31 - [TEST_STEP][PASSED] - Statement - productList = products.findElements(org.openqa.selenium.By.className("farmer-card")): null

2018-04-30 20:20:31 - [TEST_STEP][PASSED] - Statement - println(productList.size()): null

2018-04-30 20:20:31 - [TEST_STEP][PASSED] - Statement - variables = new java.util.ArrayList(): null

2018-04-30 20:20:31 - [TEST_STEP][PASSED] - Statement - variables.add(input_amount1): null

2018-04-30 20:20:31 - [TEST_STEP][PASSED] - Statement - variables.add(input_amount2): null

2018-04-30 20:20:31 - [TEST_STEP][PASSED] - Statement - variables.add(input_amount3): null

2018-04-30 20:20:31 - [TEST_STEP][PASSED] - Statement - variables.add(input_amount4): null

2018-04-30 20:20:31 - [TEST_STEP][PASSED] - Statement - variables.add(input_amount5): null

2018-04-30 20:20:31 - [TEST_STEP][PASSED] - Statement - prices = new java.util.ArrayList(): null

2018-04-30 20:20:31 - [TEST_STEP][PASSED] - Statement - prices.add(20000): null

2018-04-30 20:20:31 - [TEST_STEP][PASSED] - Statement - prices.add(150): null

2018-04-30 20:20:31 - [TEST_STEP][PASSED] - Statement - prices.add(280): null

2018-04-30 20:20:31 - [TEST_STEP][PASSED] - Statement - prices.add(12): null

2018-04-30 20:20:31 - [TEST_STEP][PASSED] - Statement - prices.add(20): null

2018-04-30 20:20:31 - [TEST_STEP][PASSED] - Statement - totalPrices = new java.util.ArrayList(): null

2018-04-30 20:20:31 - [TEST_STEP][PASSED] - Statement - For (def i : (1..productList.size())): Actual text and expected text of test object 'Object Repository/User/User Cart/div_Well done You successfully' are matched.

2018-04-30 20:20:31 - [TEST_STEP][PASSED] - Statement - totalPrice = 0: null

2018-04-30 20:20:31 - [TEST_STEP][PASSED] - Statement - For (def j : (1..i)): Object: 'Object Repository/User/User Cart/add to cart1' is clicked on

2018-04-30 20:20:31 - [TEST_STEP][PASSED] - click: Object: 'Object Repository/User/User Cart/add to cart1' is clicked on

2018-04-30 20:20:32 - [MESSAGE][PASSED] - Object: 'Object Repository/User/User Cart/add to cart1' is clicked on

2018-04-30 20:20:32 - [TEST_STEP][PASSED] - click: Object: 'Object Repository/User/User Cart/cart_icon' is clicked on

2018-04-30 20:20:32 - [MESSAGE][PASSED] - Object: 'Object Repository/User/User Cart/cart_icon' is clicked on

2018-04-30 20:20:32 - [TEST_STEP][PASSED] - Statement - For (def k : (0..(i - 1))): Text '2' is set on object 'Object Repository/User/User Cart/input_amount1'

2018-04-30 20:20:32 - [TEST_STEP][PASSED] - setText: Text '2' is set on object 'Object Repository/User/User Cart/input_amount1'

2018-04-30 20:20:32 - [MESSAGE][PASSED] - Text '2' is set on object 'Object Repository/User/User Cart/input_amount1'

2018-04-30 20:20:32 - [TEST_STEP][PASSED] - Statement - For (def g : (0..(i - 1))): null

2018-04-30 20:20:32 - [TEST_STEP][PASSED] - Statement - println(variables.get(g)): null

2018-04-30 20:20:32 - [TEST_STEP][PASSED] - Statement - totalPrice += java.lang.Integer.valueOf(variables.get(g)) * java.lang.Integer.valueOf(prices.get(g)): null

2018-04-30 20:20:32 - [TEST_STEP][PASSED] - Statement - tempTotalPrice = totalPrice = java.lang.String.format("%,d", totalPrice): null

2018-04-30 20:20:32 - [TEST_STEP][PASSED] - Statement - println(tempTotalPrice): null

2018-04-30 20:20:32 - [TEST_STEP][PASSED] - verifyElementText: Actual text and expected text of test object 'Object Repository/User/User Cart/p_Total price' are matched.

2018-04-30 20:20:33 - [MESSAGE][PASSED] - Actual text and expected text of test object 'Object Repository/User/User Cart/p_Total price' are matched.

2018-04-30 20:20:33 - [TEST_STEP][PASSED] - click: Object: 'Object Repository/User/User Cart/button_confirm' is clicked on

2018-04-30 20:20:33 - [MESSAGE][PASSED] - Object: 'Object Repository/User/User Cart/button_confirm' is clicked on

2018-04-30 20:20:33 - [TEST_STEP][PASSED] - acceptAlert: Alert accepted

2018-04-30 20:20:33 - [MESSAGE][PASSED] - Alert accepted

2018-04-30 20:20:33 - [TEST_STEP][PASSED] - verifyElementText: Actual text and expected text of test object 'Object Repository/User/User Cart/div_Well done You successfully' are matched.

2018-04-30 20:20:34 - [MESSAGE][PASSED] - Actual text and expected text of test object 'Object Repository/User/User Cart/div_Well done You successfully' are matched.

2018-04-30 20:20:34 - [TEST_STEP][PASSED] - Statement - totalPrice = 0: null

2018-04-30 20:20:34 - [TEST_STEP][PASSED] - Statement - For (def j : (1..i)): Object: 'Object Repository/User/User Cart/add to cart2' is clicked on

2018-04-30 20:20:34 - [TEST_STEP][PASSED] - click: Object: 'Object Repository/User/User Cart/add to cart1' is clicked on

2018-04-30 20:20:34 - [MESSAGE][PASSED] - Object: 'Object Repository/User/User Cart/add to cart1' is clicked on

2018-04-30 20:20:34 - [TEST_STEP][PASSED] - click: Object: 'Object Repository/User/User Cart/add to cart2' is clicked on

2018-04-30 20:20:35 - [MESSAGE][PASSED] - Object: 'Object Repository/User/User Cart/add to cart2' is clicked on

2018-04-30 20:20:35 - [TEST_STEP][PASSED] - click: Object: 'Object Repository/User/User Cart/cart_icon' is clicked on

2018-04-30 20:20:35 - [MESSAGE][PASSED] - Object: 'Object Repository/User/User Cart/cart_icon' is clicked on

2018-04-30 20:20:35 - [TEST_STEP][PASSED] - Statement - For (def k : (0..(i - 1))): Text '2' is set on object 'Object Repository/User/User Cart/input_amount2'

2018-04-30 20:20:35 - [TEST_STEP][PASSED] - setText: Text '2' is set on object 'Object Repository/User/User Cart/input_amount1'

2018-04-30 20:20:36 - [MESSAGE][PASSED] - Text '2' is set on object 'Object Repository/User/User Cart/input_amount1'

2018-04-30 20:20:36 - [TEST_STEP][PASSED] - setText: Text '2' is set on object 'Object Repository/User/User Cart/input_amount2'

2018-04-30 20:20:37 - [MESSAGE][PASSED] - Text '2' is set on object 'Object Repository/User/User Cart/input_amount2'

2018-04-30 20:20:37 - [TEST_STEP][PASSED] - Statement - For (def g : (0..(i - 1))): null

2018-04-30 20:20:37 - [TEST_STEP][PASSED] - Statement - println(variables.get(g)): null

2018-04-30 20:20:37 - [TEST_STEP][PASSED] - Statement - totalPrice += java.lang.Integer.valueOf(variables.get(g)) * java.lang.Integer.valueOf(prices.get(g)): null

2018-04-30 20:20:37 - [TEST_STEP][PASSED] - Statement - println(variables.get(g)): null

2018-04-30 20:20:37 - [TEST_STEP][PASSED] - Statement - totalPrice += java.lang.Integer.valueOf(variables.get(g)) * java.lang.Integer.valueOf(prices.get(g)): null

2018-04-30 20:20:38 - [TEST_STEP][PASSED] - Statement - tempTotalPrice = totalPrice = java.lang.String.format("%,d", totalPrice): null

2018-04-30 20:20:38 - [TEST_STEP][PASSED] - Statement - println(tempTotalPrice): null

2018-04-30 20:20:38 - [TEST_STEP][PASSED] - verifyElementText: Actual text and expected text of test object 'Object Repository/User/User Cart/p_Total price' are matched.

2018-04-30 20:20:38 - [MESSAGE][PASSED] - Actual text and expected text of test object 'Object Repository/User/User Cart/p_Total price' are matched.

2018-04-30 20:20:38 - [TEST_STEP][PASSED] - click: Object: 'Object Repository/User/User Cart/button_confirm' is clicked on

2018-04-30 20:20:38 - [MESSAGE][PASSED] - Object: 'Object Repository/User/User Cart/button_confirm' is clicked on

2018-04-30 20:20:39 - [TEST_STEP][PASSED] - acceptAlert: Alert accepted

2018-04-30 20:20:39 - [MESSAGE][PASSED] - Alert accepted

2018-04-30 20:20:39 - [TEST_STEP][PASSED] - verifyElementText: Actual text and expected text of test object 'Object Repository/User/User Cart/div_Well done You successfully' are matched.

2018-04-30 20:20:39 - [MESSAGE][PASSED] - Actual text and expected text of test object 'Object Repository/User/User Cart/div_Well done You successfully' are matched.

2018-04-30 20:20:39 - [TEST_STEP][PASSED] - Statement - totalPrice = 0: null

2018-04-30 20:20:39 - [TEST_STEP][PASSED] - Statement - For (def j : (1..i)): Object: 'Object Repository/User/User Cart/add to cart3' is clicked on

2018-04-30 20:20:39 - [TEST_STEP][PASSED] - click: Object: 'Object Repository/User/User Cart/add to cart1' is clicked on

2018-04-30 20:20:40 - [MESSAGE][PASSED] - Object: 'Object Repository/User/User Cart/add to cart1' is clicked on

2018-04-30 20:20:40 - [TEST_STEP][PASSED] - click: Object: 'Object Repository/User/User Cart/add to cart2' is clicked on

2018-04-30 20:20:40 - [MESSAGE][PASSED] - Object: 'Object Repository/User/User Cart/add to cart2' is clicked on

2018-04-30 20:20:40 - [TEST_STEP][PASSED] - click: Object: 'Object Repository/User/User Cart/add to cart3' is clicked on

2018-04-30 20:20:40 - [MESSAGE][PASSED] - Object: 'Object Repository/User/User Cart/add to cart3' is clicked on

2018-04-30 20:20:40 - [TEST_STEP][PASSED] - click: Object: 'Object Repository/User/User Cart/cart_icon' is clicked on

2018-04-30 20:20:41 - [MESSAGE][PASSED] - Object: 'Object Repository/User/User Cart/cart_icon' is clicked on

2018-04-30 20:20:41 - [TEST_STEP][PASSED] - Statement - For (def k : (0..(i - 1))): Text '2' is set on object 'Object Repository/User/User Cart/input_amount3'

2018-04-30 20:20:41 - [TEST_STEP][PASSED] - setText: Text '2' is set on object 'Object Repository/User/User Cart/input_amount1'

2018-04-30 20:20:42 - [MESSAGE][PASSED] - Text '2' is set on object 'Object Repository/User/User Cart/input_amount1'

2018-04-30 20:20:42 - [TEST_STEP][PASSED] - setText: Text '2' is set on object 'Object Repository/User/User Cart/input_amount2'

2018-04-30 20:20:43 - [MESSAGE][PASSED] - Text '2' is set on object 'Object Repository/User/User Cart/input_amount2'

2018-04-30 20:20:43 - [TEST_STEP][PASSED] - setText: Text '2' is set on object 'Object Repository/User/User Cart/input_amount3'

2018-04-30 20:20:44 - [MESSAGE][PASSED] - Text '2' is set on object 'Object Repository/User/User Cart/input_amount3'

2018-04-30 20:20:44 - [TEST_STEP][PASSED] - Statement - For (def g : (0..(i - 1))): null

2018-04-30 20:20:44 - [TEST_STEP][PASSED] - Statement - println(variables.get(g)): null

2018-04-30 20:20:44 - [TEST_STEP][PASSED] - Statement - totalPrice += java.lang.Integer.valueOf(variables.get(g)) * java.lang.Integer.valueOf(prices.get(g)): null

2018-04-30 20:20:44 - [TEST_STEP][PASSED] - Statement - println(variables.get(g)): null

2018-04-30 20:20:44 - [TEST_STEP][PASSED] - Statement - totalPrice += java.lang.Integer.valueOf(variables.get(g)) * java.lang.Integer.valueOf(prices.get(g)): null

2018-04-30 20:20:44 - [TEST_STEP][PASSED] - Statement - println(variables.get(g)): null

2018-04-30 20:20:44 - [TEST_STEP][PASSED] - Statement - totalPrice += java.lang.Integer.valueOf(variables.get(g)) * java.lang.Integer.valueOf(prices.get(g)): null

2018-04-30 20:20:44 - [TEST_STEP][PASSED] - Statement - tempTotalPrice = totalPrice = java.lang.String.format("%,d", totalPrice): null

2018-04-30 20:20:45 - [TEST_STEP][PASSED] - Statement - println(tempTotalPrice): null

2018-04-30 20:20:45 - [TEST_STEP][PASSED] - verifyElementText: Actual text and expected text of test object 'Object Repository/User/User Cart/p_Total price' are matched.

2018-04-30 20:20:45 - [MESSAGE][PASSED] - Actual text and expected text of test object 'Object Repository/User/User Cart/p_Total price' are matched.

2018-04-30 20:20:45 - [TEST_STEP][PASSED] - click: Object: 'Object Repository/User/User Cart/button_confirm' is clicked on

2018-04-30 20:20:45 - [MESSAGE][PASSED] - Object: 'Object Repository/User/User Cart/button_confirm' is clicked on

2018-04-30 20:20:45 - [TEST_STEP][PASSED] - acceptAlert: Alert accepted

2018-04-30 20:20:45 - [MESSAGE][PASSED] - Alert accepted

2018-04-30 20:20:45 - [TEST_STEP][PASSED] - verifyElementText: Actual text and expected text of test object 'Object Repository/User/User Cart/div_Well done You successfully' are matched.

2018-04-30 20:20:46 - [MESSAGE][PASSED] - Actual text and expected text of test object 'Object Repository/User/User Cart/div_Well done You successfully' are matched.

2018-04-30 20:20:46 - [TEST_STEP][PASSED] - Statement - totalPrice = 0: null

2018-04-30 20:20:46 - [TEST_STEP][PASSED] - Statement - For (def j : (1..i)): Object: 'Object Repository/User/User Cart/add to cart4' is clicked on

2018-04-30 20:20:46 - [TEST_STEP][PASSED] - click: Object: 'Object Repository/User/User Cart/add to cart1' is clicked on

2018-04-30 20:20:46 - [MESSAGE][PASSED] - Object: 'Object Repository/User/User Cart/add to cart1' is clicked on

2018-04-30 20:20:46 - [TEST_STEP][PASSED] - click: Object: 'Object Repository/User/User Cart/add to cart2' is clicked on

2018-04-30 20:20:46 - [MESSAGE][PASSED] - Object: 'Object Repository/User/User Cart/add to cart2' is clicked on

2018-04-30 20:20:46 - [TEST_STEP][PASSED] - click: Object: 'Object Repository/User/User Cart/add to cart3' is clicked on

2018-04-30 20:20:47 - [MESSAGE][PASSED] - Object: 'Object Repository/User/User Cart/add to cart3' is clicked on

2018-04-30 20:20:47 - [TEST_STEP][PASSED] - click: Object: 'Object Repository/User/User Cart/add to cart4' is clicked on

2018-04-30 20:20:47 - [MESSAGE][PASSED] - Object: 'Object Repository/User/User Cart/add to cart4' is clicked on

2018-04-30 20:20:47 - [TEST_STEP][PASSED] - click: Object: 'Object Repository/User/User Cart/cart_icon' is clicked on

2018-04-30 20:20:48 - [MESSAGE][PASSED] - Object: 'Object Repository/User/User Cart/cart_icon' is clicked on

2018-04-30 20:20:48 - [TEST_STEP][PASSED] - Statement - For (def k : (0..(i - 1))): Text '2' is set on object 'Object Repository/User/User Cart/input_amount4'

2018-04-30 20:20:48 - [TEST_STEP][PASSED] - setText: Text '2' is set on object 'Object Repository/User/User Cart/input_amount1'

2018-04-30 20:20:48 - [MESSAGE][PASSED] - Text '2' is set on object 'Object Repository/User/User Cart/input_amount1'

2018-04-30 20:20:48 - [TEST_STEP][PASSED] - setText: Text '2' is set on object 'Object Repository/User/User Cart/input_amount2'

2018-04-30 20:20:49 - [MESSAGE][PASSED] - Text '2' is set on object 'Object Repository/User/User Cart/input_amount2'

2018-04-30 20:20:49 - [TEST_STEP][PASSED] - setText: Text '2' is set on object 'Object Repository/User/User Cart/input_amount3'

2018-04-30 20:20:50 - [MESSAGE][PASSED] - Text '2' is set on object 'Object Repository/User/User Cart/input_amount3'

2018-04-30 20:20:50 - [TEST_STEP][PASSED] - setText: Text '2' is set on object 'Object Repository/User/User Cart/input_amount4'

2018-04-30 20:20:51 - [MESSAGE][PASSED] - Text '2' is set on object 'Object Repository/User/User Cart/input_amount4'

2018-04-30 20:20:51 - [TEST_STEP][PASSED] - Statement - For (def g : (0..(i - 1))): null

2018-04-30 20:20:51 - [TEST_STEP][PASSED] - Statement - println(variables.get(g)): null

2018-04-30 20:20:51 - [TEST_STEP][PASSED] - Statement - totalPrice += java.lang.Integer.valueOf(variables.get(g)) * java.lang.Integer.valueOf(prices.get(g)): null

2018-04-30 20:20:51 - [TEST_STEP][PASSED] - Statement - println(variables.get(g)): null

2018-04-30 20:20:51 - [TEST_STEP][PASSED] - Statement - totalPrice += java.lang.Integer.valueOf(variables.get(g)) * java.lang.Integer.valueOf(prices.get(g)): null

2018-04-30 20:20:51 - [TEST_STEP][PASSED] - Statement - println(variables.get(g)): null

2018-04-30 20:20:51 - [TEST_STEP][PASSED] - Statement - totalPrice += java.lang.Integer.valueOf(variables.get(g)) * java.lang.Integer.valueOf(prices.get(g)): null

2018-04-30 20:20:52 - [TEST_STEP][PASSED] - Statement - println(variables.get(g)): null

2018-04-30 20:20:52 - [TEST_STEP][PASSED] - Statement - totalPrice += java.lang.Integer.valueOf(variables.get(g)) * java.lang.Integer.valueOf(prices.get(g)): null

2018-04-30 20:20:52 - [TEST_STEP][PASSED] - Statement - tempTotalPrice = totalPrice = java.lang.String.format("%,d", totalPrice): null

2018-04-30 20:20:52 - [TEST_STEP][PASSED] - Statement - println(tempTotalPrice): null

2018-04-30 20:20:52 - [TEST_STEP][PASSED] - verifyElementText: Actual text and expected text of test object 'Object Repository/User/User Cart/p_Total price' are matched.

2018-04-30 20:20:52 - [MESSAGE][PASSED] - Actual text and expected text of test object 'Object Repository/User/User Cart/p_Total price' are matched.

2018-04-30 20:20:52 - [TEST_STEP][PASSED] - click: Object: 'Object Repository/User/User Cart/button_confirm' is clicked on

2018-04-30 20:20:53 - [MESSAGE][PASSED] - Object: 'Object Repository/User/User Cart/button_confirm' is clicked on

2018-04-30 20:20:53 - [TEST_STEP][PASSED] - acceptAlert: Alert accepted

2018-04-30 20:20:53 - [MESSAGE][PASSED] - Alert accepted

2018-04-30 20:20:53 - [TEST_STEP][PASSED] - verifyElementText: Actual text and expected text of test object 'Object Repository/User/User Cart/div_Well done You successfully' are matched.

2018-04-30 20:20:54 - [MESSAGE][PASSED] - Actual text and expected text of test object 'Object Repository/User/User Cart/div_Well done You successfully' are matched.

2018-04-30 20:20:54 - [TEST_STEP][PASSED] - Statement - totalPrice = 0: null

2018-04-30 20:20:54 - [TEST_STEP][PASSED] - Statement - For (def j : (1..i)): Object: 'Object Repository/User/User Cart/add to cart5' is clicked on

2018-04-30 20:20:54 - [TEST_STEP][PASSED] - click: Object: 'Object Repository/User/User Cart/add to cart1' is clicked on

2018-04-30 20:20:54 - [MESSAGE][PASSED] - Object: 'Object Repository/User/User Cart/add to cart1' is clicked on

2018-04-30 20:20:54 - [TEST_STEP][PASSED] - click: Object: 'Object Repository/User/User Cart/add to cart2' is clicked on

2018-04-30 20:20:55 - [MESSAGE][PASSED] - Object: 'Object Repository/User/User Cart/add to cart2' is clicked on

2018-04-30 20:20:55 - [TEST_STEP][PASSED] - click: Object: 'Object Repository/User/User Cart/add to cart3' is clicked on

2018-04-30 20:20:55 - [MESSAGE][PASSED] - Object: 'Object Repository/User/User Cart/add to cart3' is clicked on

2018-04-30 20:20:55 - [TEST_STEP][PASSED] - click: Object: 'Object Repository/User/User Cart/add to cart4' is clicked on

2018-04-30 20:20:56 - [MESSAGE][PASSED] - Object: 'Object Repository/User/User Cart/add to cart4' is clicked on

2018-04-30 20:20:56 - [TEST_STEP][PASSED] - click: Object: 'Object Repository/User/User Cart/add to cart5' is clicked on

2018-04-30 20:20:56 - [MESSAGE][PASSED] - Object: 'Object Repository/User/User Cart/add to cart5' is clicked on

2018-04-30 20:20:56 - [TEST_STEP][PASSED] - click: Object: 'Object Repository/User/User Cart/cart_icon' is clicked on

2018-04-30 20:20:57 - [MESSAGE][PASSED] - Object: 'Object Repository/User/User Cart/cart_icon' is clicked on

2018-04-30 20:20:57 - [TEST_STEP][PASSED] - Statement - For (def k : (0..(i - 1))): Text '2' is set on object 'Object Repository/User/User Cart/input_amount5'

2018-04-30 20:20:57 - [TEST_STEP][PASSED] - setText: Text '2' is set on object 'Object Repository/User/User Cart/input_amount1'

2018-04-30 20:20:58 - [MESSAGE][PASSED] - Text '2' is set on object 'Object Repository/User/User Cart/input_amount1'

2018-04-30 20:20:58 - [TEST_STEP][PASSED] - setText: Text '2' is set on object 'Object Repository/User/User Cart/input_amount2'

2018-04-30 20:20:59 - [MESSAGE][PASSED] - Text '2' is set on object 'Object Repository/User/User Cart/input_amount2'

2018-04-30 20:20:59 - [TEST_STEP][PASSED] - setText: Text '2' is set on object 'Object Repository/User/User Cart/input_amount3'

2018-04-30 20:21:00 - [MESSAGE][PASSED] - Text '2' is set on object 'Object Repository/User/User Cart/input_amount3'

2018-04-30 20:21:00 - [TEST_STEP][PASSED] - setText: Text '2' is set on object 'Object Repository/User/User Cart/input_amount4'

2018-04-30 20:21:00 - [MESSAGE][PASSED] - Text '2' is set on object 'Object Repository/User/User Cart/input_amount4'

2018-04-30 20:21:00 - [TEST_STEP][PASSED] - setText: Text '2' is set on object 'Object Repository/User/User Cart/input_amount5'

2018-04-30 20:21:01 - [MESSAGE][PASSED] - Text '2' is set on object 'Object Repository/User/User Cart/input_amount5'

2018-04-30 20:21:01 - [TEST_STEP][PASSED] - Statement - For (def g : (0..(i - 1))): null

2018-04-30 20:21:01 - [TEST_STEP][PASSED] - Statement - println(variables.get(g)): null

2018-04-30 20:21:01 - [TEST_STEP][PASSED] - Statement - totalPrice += java.lang.Integer.valueOf(variables.get(g)) * java.lang.Integer.valueOf(prices.get(g)): null

2018-04-30 20:21:01 - [TEST_STEP][PASSED] - Statement - println(variables.get(g)): null

2018-04-30 20:21:01 - [TEST_STEP][PASSED] - Statement - totalPrice += java.lang.Integer.valueOf(variables.get(g)) * java.lang.Integer.valueOf(prices.get(g)): null

2018-04-30 20:21:01 - [TEST_STEP][PASSED] - Statement - println(variables.get(g)): null

2018-04-30 20:21:01 - [TEST_STEP][PASSED] - Statement - totalPrice += java.lang.Integer.valueOf(variables.get(g)) * java.lang.Integer.valueOf(prices.get(g)): null

2018-04-30 20:21:01 - [TEST_STEP][PASSED] - Statement - println(variables.get(g)): null

2018-04-30 20:21:01 - [TEST_STEP][PASSED] - Statement - totalPrice += java.lang.Integer.valueOf(variables.get(g)) * java.lang.Integer.valueOf(prices.get(g)): null

2018-04-30 20:21:02 - [TEST_STEP][PASSED] - Statement - println(variables.get(g)): null

2018-04-30 20:21:02 - [TEST_STEP][PASSED] - Statement - totalPrice += java.lang.Integer.valueOf(variables.get(g)) * java.lang.Integer.valueOf(prices.get(g)): null

2018-04-30 20:21:02 - [TEST_STEP][PASSED] - Statement - tempTotalPrice = totalPrice = java.lang.String.format("%,d", totalPrice): null

2018-04-30 20:21:02 - [TEST_STEP][PASSED] - Statement - println(tempTotalPrice): null

2018-04-30 20:21:02 - [TEST_STEP][PASSED] - verifyElementText: Actual text and expected text of test object 'Object Repository/User/User Cart/p_Total price' are matched.

2018-04-30 20:21:02 - [MESSAGE][PASSED] - Actual text and expected text of test object 'Object Repository/User/User Cart/p_Total price' are matched.

2018-04-30 20:21:02 - [TEST_STEP][PASSED] - click: Object: 'Object Repository/User/User Cart/button_confirm' is clicked on

2018-04-30 20:21:03 - [MESSAGE][PASSED] - Object: 'Object Repository/User/User Cart/button_confirm' is clicked on

2018-04-30 20:21:03 - [TEST_STEP][PASSED] - acceptAlert: Alert accepted

2018-04-30 20:21:03 - [MESSAGE][PASSED] - Alert accepted

2018-04-30 20:21:03 - [TEST_STEP][PASSED] - verifyElementText: Actual text and expected text of test object 'Object Repository/User/User Cart/div_Well done You successfully' are matched.

2018-04-30 20:21:04 - [MESSAGE][PASSED] - Actual text and expected text of test object 'Object Repository/User/User Cart/div_Well done You successfully' are matched.

2018-04-30 20:21:04 - [TEST_STEP][PASSED] - closeBrowser: Browser is closed

2018-04-30 20:21:05 - [MESSAGE][PASSED] - Browser is closed]]></system-out>
         <system-err><![CDATA[]]></system-err>
      </testcase>
      <system-out><![CDATA[2018-04-30 20:20:10 - [TEST_SUITE][PASSED] - Test Suite for User Test Case 3: Test Cases/User Test Case 3]]></system-out>
      <system-err><![CDATA[]]></system-err>
   </testsuite>
</testsuites>
