<?xml version="1.0" encoding="UTF-8"?>
<testsuites name="Test Suite for Open Web Test Case 1" time="440" tests="4" failures="0" errors="0">
   <testsuite name="Test Suite for Open Web Test Case 1" tests="4" failures="0" errors="0" time="440" timestamp="2018-04-30 11:10:45" hostname="Andrew_Dpp - 10.80.103.44" id="Test Suites/Test Suite for Open Web Test Case 1">
      <properties>
         <property name="deviceName" value=""/>
         <property name="devicePlatform" value=""/>
         <property name="logFolder" value="C:\\Users\\Andrew_Dpp\\git\\234project-katalon\\Reports\\Test Suite for Open Web Test Case 1\\20180430_111017"/>
         <property name="logFiles" value="C:\\Users\\Andrew_Dpp\\git\\234project-katalon\\Reports\\Test Suite for Open Web Test Case 1\\20180430_111017\\execution0.log"/>
         <property name="attachments" value=""/>
         <property name="hostName" value="Andrew_Dpp - 10.80.103.44"/>
         <property name="os" value="Windows 7 64bit"/>
         <property name="katalonVersion" value="5.3.1.1"/>
         <property name="browser" value="Chrome 65.0.3325.181"/>
         <property name="hostAddress" value="10.80.103.44"/>
         <property name="sessionId" value="a4fe6baa99419ce99d14302c1a8c67cb"/>
         <property name="seleniumVersion" value="3.7.1"/>
         <property name="proxyInformation" value="ProxyInformation{proxyOption=NO_PROXY, proxyServerType=HTTP, password=, proxyServerAddress=, proxyServerPort=0}"/>
         <property name="platform" value="Windows 7"/>
      </properties>
      <testcase name="Test Cases/Open Web Test Case 1" classname="Test Cases/Open Web Test Case 1" status="PASSED">
         <system-out><![CDATA[2018-04-30 11:10:47 - [TEST_CASE][PASSED] - Test Cases/Open Web Test Case 1: Test Cases/Open Web Test Case 1

2018-04-30 11:10:49 - [TEST_STEP][PASSED] - openBrowser: Browser is opened with url: ''

2018-04-30 11:11:41 - [MESSAGE][PASSED] - Browser is opened with url: ''

2018-04-30 11:11:41 - [TEST_STEP][PASSED] - navigateToUrl: Navigate to 'http://18.188.55.188:8085/' successfully

2018-04-30 11:12:07 - [MESSAGE][PASSED] - Navigate to 'http://18.188.55.188:8085/' successfully

2018-04-30 11:12:07 - [TEST_STEP][PASSED] - verifyElementPresent: Object 'Object Repository/Open Web/Header1' is present

2018-04-30 11:12:08 - [MESSAGE][WARNING] - Timeout '0' is invalid. Using default page load timeout: '30'

2018-04-30 11:12:10 - [MESSAGE][PASSED] - Object 'Object Repository/Open Web/Header1' is present

2018-04-30 11:12:10 - [TEST_STEP][PASSED] - verifyElementText: Actual text and expected text of test object 'Object Repository/Open Web/Header1' are matched.

2018-04-30 11:12:12 - [MESSAGE][PASSED] - Actual text and expected text of test object 'Object Repository/Open Web/Header1' are matched.

2018-04-30 11:12:12 - [TEST_STEP][PASSED] - verifyElementPresent: Object 'Object Repository/Open Web/Header2' is present

2018-04-30 11:12:12 - [MESSAGE][WARNING] - Timeout '0' is invalid. Using default page load timeout: '30'

2018-04-30 11:12:13 - [MESSAGE][PASSED] - Object 'Object Repository/Open Web/Header2' is present

2018-04-30 11:12:13 - [TEST_STEP][PASSED] - verifyElementText: Actual text and expected text of test object 'Object Repository/Open Web/Header2' are matched.

2018-04-30 11:12:14 - [MESSAGE][PASSED] - Actual text and expected text of test object 'Object Repository/Open Web/Header2' are matched.

2018-04-30 11:12:14 - [TEST_STEP][PASSED] - verifyElementPresent: Object 'Object Repository/Open Web/label_Login' is present

2018-04-30 11:12:14 - [MESSAGE][WARNING] - Timeout '0' is invalid. Using default page load timeout: '30'

2018-04-30 11:12:15 - [MESSAGE][PASSED] - Object 'Object Repository/Open Web/label_Login' is present

2018-04-30 11:12:15 - [TEST_STEP][PASSED] - verifyElementText: Actual text and expected text of test object 'Object Repository/Open Web/label_Login' are matched.

2018-04-30 11:12:18 - [MESSAGE][PASSED] - Actual text and expected text of test object 'Object Repository/Open Web/label_Login' are matched.

2018-04-30 11:12:18 - [TEST_STEP][PASSED] - verifyElementPresent: Object 'Object Repository/Open Web/label_Username' is present

2018-04-30 11:12:19 - [MESSAGE][WARNING] - Timeout '0' is invalid. Using default page load timeout: '30'

2018-04-30 11:12:19 - [MESSAGE][PASSED] - Object 'Object Repository/Open Web/label_Username' is present

2018-04-30 11:12:19 - [TEST_STEP][PASSED] - verifyElementText: Actual text and expected text of test object 'Object Repository/Open Web/label_Username' are matched.

2018-04-30 11:12:23 - [MESSAGE][PASSED] - Actual text and expected text of test object 'Object Repository/Open Web/label_Username' are matched.

2018-04-30 11:12:23 - [TEST_STEP][PASSED] - verifyElementPresent: Object 'Object Repository/Open Web/Header1' is present

2018-04-30 11:12:23 - [MESSAGE][WARNING] - Timeout '0' is invalid. Using default page load timeout: '30'

2018-04-30 11:12:24 - [MESSAGE][PASSED] - Object 'Object Repository/Open Web/Header1' is present

2018-04-30 11:12:24 - [TEST_STEP][PASSED] - verifyElementText: Actual text and expected text of test object 'Object Repository/Open Web/label_Password' are matched.

2018-04-30 11:12:27 - [MESSAGE][PASSED] - Actual text and expected text of test object 'Object Repository/Open Web/label_Password' are matched.

2018-04-30 11:12:27 - [TEST_STEP][PASSED] - verifyElementPresent: Object 'Object Repository/Open Web/button_Login' is present

2018-04-30 11:12:27 - [MESSAGE][WARNING] - Timeout '0' is invalid. Using default page load timeout: '30'

2018-04-30 11:12:28 - [MESSAGE][PASSED] - Object 'Object Repository/Open Web/button_Login' is present

2018-04-30 11:12:28 - [TEST_STEP][PASSED] - verifyElementText: Actual text and expected text of test object 'Object Repository/Open Web/button_Login' are matched.

2018-04-30 11:12:29 - [MESSAGE][PASSED] - Actual text and expected text of test object 'Object Repository/Open Web/button_Login' are matched.

2018-04-30 11:12:29 - [TEST_STEP][PASSED] - verifyEqual: Actual object 'http://18.188.55.188:8085/' and expected object 'http://18.188.55.188:8085/' are equal

2018-04-30 11:12:30 - [MESSAGE][PASSED] - Current window's url is: 'http://18.188.55.188:8085/'

2018-04-30 11:12:30 - [MESSAGE][PASSED] - Actual object 'http://18.188.55.188:8085/' and expected object 'http://18.188.55.188:8085/' are equal

2018-04-30 11:12:30 - [TEST_STEP][PASSED] - closeBrowser: Browser is closed

2018-04-30 11:12:36 - [MESSAGE][PASSED] - Browser is closed]]></system-out>
         <system-err><![CDATA[]]></system-err>
      </testcase>
      <testcase name="Test Cases/Open Web Test Case 1" classname="Test Cases/Open Web Test Case 1" status="PASSED">
         <system-out><![CDATA[2018-04-30 11:12:36 - [TEST_CASE][PASSED] - Test Cases/Open Web Test Case 1: Test Cases/Open Web Test Case 1

2018-04-30 11:12:36 - [TEST_STEP][PASSED] - openBrowser: Browser is opened with url: ''

2018-04-30 11:13:01 - [MESSAGE][PASSED] - Browser is opened with url: ''

2018-04-30 11:13:01 - [TEST_STEP][PASSED] - navigateToUrl: Navigate to 'http://18.188.55.188:8085/products' successfully

2018-04-30 11:13:11 - [MESSAGE][PASSED] - Navigate to 'http://18.188.55.188:8085/products' successfully

2018-04-30 11:13:11 - [TEST_STEP][PASSED] - verifyElementPresent: Object 'Object Repository/Open Web/Header1' is present

2018-04-30 11:13:11 - [MESSAGE][WARNING] - Timeout '0' is invalid. Using default page load timeout: '30'

2018-04-30 11:13:12 - [MESSAGE][PASSED] - Object 'Object Repository/Open Web/Header1' is present

2018-04-30 11:13:12 - [TEST_STEP][PASSED] - verifyElementText: Actual text and expected text of test object 'Object Repository/Open Web/Header1' are matched.

2018-04-30 11:13:13 - [MESSAGE][PASSED] - Actual text and expected text of test object 'Object Repository/Open Web/Header1' are matched.

2018-04-30 11:13:13 - [TEST_STEP][PASSED] - verifyElementPresent: Object 'Object Repository/Open Web/Header2' is present

2018-04-30 11:13:13 - [MESSAGE][WARNING] - Timeout '0' is invalid. Using default page load timeout: '30'

2018-04-30 11:13:14 - [MESSAGE][PASSED] - Object 'Object Repository/Open Web/Header2' is present

2018-04-30 11:13:14 - [TEST_STEP][PASSED] - verifyElementText: Actual text and expected text of test object 'Object Repository/Open Web/Header2' are matched.

2018-04-30 11:13:16 - [MESSAGE][PASSED] - Actual text and expected text of test object 'Object Repository/Open Web/Header2' are matched.

2018-04-30 11:13:16 - [TEST_STEP][PASSED] - verifyElementPresent: Object 'Object Repository/Open Web/label_Login' is present

2018-04-30 11:13:16 - [MESSAGE][WARNING] - Timeout '0' is invalid. Using default page load timeout: '30'

2018-04-30 11:13:16 - [MESSAGE][PASSED] - Object 'Object Repository/Open Web/label_Login' is present

2018-04-30 11:13:16 - [TEST_STEP][PASSED] - verifyElementText: Actual text and expected text of test object 'Object Repository/Open Web/label_Login' are matched.

2018-04-30 11:13:21 - [MESSAGE][PASSED] - Actual text and expected text of test object 'Object Repository/Open Web/label_Login' are matched.

2018-04-30 11:13:21 - [TEST_STEP][PASSED] - verifyElementPresent: Object 'Object Repository/Open Web/label_Username' is present

2018-04-30 11:13:21 - [MESSAGE][WARNING] - Timeout '0' is invalid. Using default page load timeout: '30'

2018-04-30 11:13:26 - [MESSAGE][PASSED] - Object 'Object Repository/Open Web/label_Username' is present

2018-04-30 11:13:26 - [TEST_STEP][PASSED] - verifyElementText: Actual text and expected text of test object 'Object Repository/Open Web/label_Username' are matched.

2018-04-30 11:13:31 - [MESSAGE][PASSED] - Actual text and expected text of test object 'Object Repository/Open Web/label_Username' are matched.

2018-04-30 11:13:31 - [TEST_STEP][PASSED] - verifyElementPresent: Object 'Object Repository/Open Web/Header1' is present

2018-04-30 11:13:31 - [MESSAGE][WARNING] - Timeout '0' is invalid. Using default page load timeout: '30'

2018-04-30 11:13:35 - [MESSAGE][PASSED] - Object 'Object Repository/Open Web/Header1' is present

2018-04-30 11:13:35 - [TEST_STEP][PASSED] - verifyElementText: Actual text and expected text of test object 'Object Repository/Open Web/label_Password' are matched.

2018-04-30 11:13:38 - [MESSAGE][PASSED] - Actual text and expected text of test object 'Object Repository/Open Web/label_Password' are matched.

2018-04-30 11:13:38 - [TEST_STEP][PASSED] - verifyElementPresent: Object 'Object Repository/Open Web/button_Login' is present

2018-04-30 11:13:38 - [MESSAGE][WARNING] - Timeout '0' is invalid. Using default page load timeout: '30'

2018-04-30 11:13:39 - [MESSAGE][PASSED] - Object 'Object Repository/Open Web/button_Login' is present

2018-04-30 11:13:39 - [TEST_STEP][PASSED] - verifyElementText: Actual text and expected text of test object 'Object Repository/Open Web/button_Login' are matched.

2018-04-30 11:13:43 - [MESSAGE][PASSED] - Actual text and expected text of test object 'Object Repository/Open Web/button_Login' are matched.

2018-04-30 11:13:43 - [TEST_STEP][PASSED] - verifyEqual: Actual object 'http://18.188.55.188:8085/' and expected object 'http://18.188.55.188:8085/' are equal

2018-04-30 11:13:45 - [MESSAGE][PASSED] - Current window's url is: 'http://18.188.55.188:8085/'

2018-04-30 11:13:45 - [MESSAGE][PASSED] - Actual object 'http://18.188.55.188:8085/' and expected object 'http://18.188.55.188:8085/' are equal

2018-04-30 11:13:45 - [TEST_STEP][PASSED] - closeBrowser: Browser is closed

2018-04-30 11:14:15 - [MESSAGE][PASSED] - Browser is closed]]></system-out>
         <system-err><![CDATA[]]></system-err>
      </testcase>
      <testcase name="Test Cases/Open Web Test Case 1" classname="Test Cases/Open Web Test Case 1" status="PASSED">
         <system-out><![CDATA[2018-04-30 11:14:15 - [TEST_CASE][PASSED] - Test Cases/Open Web Test Case 1: Test Cases/Open Web Test Case 1

2018-04-30 11:14:15 - [TEST_STEP][PASSED] - openBrowser: Browser is opened with url: ''

2018-04-30 11:15:00 - [MESSAGE][PASSED] - Browser is opened with url: ''

2018-04-30 11:15:00 - [TEST_STEP][PASSED] - navigateToUrl: Navigate to 'http://18.188.55.188:8085/cart' successfully

2018-04-30 11:15:26 - [MESSAGE][PASSED] - Navigate to 'http://18.188.55.188:8085/cart' successfully

2018-04-30 11:15:26 - [TEST_STEP][PASSED] - verifyElementPresent: Object 'Object Repository/Open Web/Header1' is present

2018-04-30 11:15:26 - [MESSAGE][WARNING] - Timeout '0' is invalid. Using default page load timeout: '30'

2018-04-30 11:15:27 - [MESSAGE][PASSED] - Object 'Object Repository/Open Web/Header1' is present

2018-04-30 11:15:27 - [TEST_STEP][PASSED] - verifyElementText: Actual text and expected text of test object 'Object Repository/Open Web/Header1' are matched.

2018-04-30 11:15:30 - [MESSAGE][PASSED] - Actual text and expected text of test object 'Object Repository/Open Web/Header1' are matched.

2018-04-30 11:15:30 - [TEST_STEP][PASSED] - verifyElementPresent: Object 'Object Repository/Open Web/Header2' is present

2018-04-30 11:15:30 - [MESSAGE][WARNING] - Timeout '0' is invalid. Using default page load timeout: '30'

2018-04-30 11:15:31 - [MESSAGE][PASSED] - Object 'Object Repository/Open Web/Header2' is present

2018-04-30 11:15:31 - [TEST_STEP][PASSED] - verifyElementText: Actual text and expected text of test object 'Object Repository/Open Web/Header2' are matched.

2018-04-30 11:15:32 - [MESSAGE][PASSED] - Actual text and expected text of test object 'Object Repository/Open Web/Header2' are matched.

2018-04-30 11:15:32 - [TEST_STEP][PASSED] - verifyElementPresent: Object 'Object Repository/Open Web/label_Login' is present

2018-04-30 11:15:32 - [MESSAGE][WARNING] - Timeout '0' is invalid. Using default page load timeout: '30'

2018-04-30 11:15:34 - [MESSAGE][PASSED] - Object 'Object Repository/Open Web/label_Login' is present

2018-04-30 11:15:34 - [TEST_STEP][PASSED] - verifyElementText: Actual text and expected text of test object 'Object Repository/Open Web/label_Login' are matched.

2018-04-30 11:15:38 - [MESSAGE][PASSED] - Actual text and expected text of test object 'Object Repository/Open Web/label_Login' are matched.

2018-04-30 11:15:38 - [TEST_STEP][PASSED] - verifyElementPresent: Object 'Object Repository/Open Web/label_Username' is present

2018-04-30 11:15:38 - [MESSAGE][WARNING] - Timeout '0' is invalid. Using default page load timeout: '30'

2018-04-30 11:15:39 - [MESSAGE][PASSED] - Object 'Object Repository/Open Web/label_Username' is present

2018-04-30 11:15:39 - [TEST_STEP][PASSED] - verifyElementText: Actual text and expected text of test object 'Object Repository/Open Web/label_Username' are matched.

2018-04-30 11:15:45 - [MESSAGE][PASSED] - Actual text and expected text of test object 'Object Repository/Open Web/label_Username' are matched.

2018-04-30 11:15:45 - [TEST_STEP][PASSED] - verifyElementPresent: Object 'Object Repository/Open Web/Header1' is present

2018-04-30 11:15:45 - [MESSAGE][WARNING] - Timeout '0' is invalid. Using default page load timeout: '30'

2018-04-30 11:15:47 - [MESSAGE][PASSED] - Object 'Object Repository/Open Web/Header1' is present

2018-04-30 11:15:47 - [TEST_STEP][PASSED] - verifyElementText: Actual text and expected text of test object 'Object Repository/Open Web/label_Password' are matched.

2018-04-30 11:15:49 - [MESSAGE][PASSED] - Actual text and expected text of test object 'Object Repository/Open Web/label_Password' are matched.

2018-04-30 11:15:49 - [TEST_STEP][PASSED] - verifyElementPresent: Object 'Object Repository/Open Web/button_Login' is present

2018-04-30 11:15:49 - [MESSAGE][WARNING] - Timeout '0' is invalid. Using default page load timeout: '30'

2018-04-30 11:15:49 - [MESSAGE][PASSED] - Object 'Object Repository/Open Web/button_Login' is present

2018-04-30 11:15:49 - [TEST_STEP][PASSED] - verifyElementText: Actual text and expected text of test object 'Object Repository/Open Web/button_Login' are matched.

2018-04-30 11:15:53 - [MESSAGE][PASSED] - Actual text and expected text of test object 'Object Repository/Open Web/button_Login' are matched.

2018-04-30 11:15:53 - [TEST_STEP][PASSED] - verifyEqual: Actual object 'http://18.188.55.188:8085/' and expected object 'http://18.188.55.188:8085/' are equal

2018-04-30 11:15:59 - [MESSAGE][PASSED] - Current window's url is: 'http://18.188.55.188:8085/'

2018-04-30 11:15:59 - [MESSAGE][PASSED] - Actual object 'http://18.188.55.188:8085/' and expected object 'http://18.188.55.188:8085/' are equal

2018-04-30 11:15:59 - [TEST_STEP][PASSED] - closeBrowser: Browser is closed

2018-04-30 11:16:12 - [MESSAGE][PASSED] - Browser is closed]]></system-out>
         <system-err><![CDATA[]]></system-err>
      </testcase>
      <testcase name="Test Cases/Open Web Test Case 1" classname="Test Cases/Open Web Test Case 1" status="PASSED">
         <system-out><![CDATA[2018-04-30 11:16:12 - [TEST_CASE][PASSED] - Test Cases/Open Web Test Case 1: Test Cases/Open Web Test Case 1

2018-04-30 11:16:12 - [TEST_STEP][PASSED] - openBrowser: Browser is opened with url: ''

2018-04-30 11:17:00 - [MESSAGE][PASSED] - Browser is opened with url: ''

2018-04-30 11:17:00 - [TEST_STEP][PASSED] - navigateToUrl: Navigate to 'http://18.188.55.188:8085/total' successfully

2018-04-30 11:17:20 - [MESSAGE][PASSED] - Navigate to 'http://18.188.55.188:8085/total' successfully

2018-04-30 11:17:20 - [TEST_STEP][PASSED] - verifyElementPresent: Object 'Object Repository/Open Web/Header1' is present

2018-04-30 11:17:20 - [MESSAGE][WARNING] - Timeout '0' is invalid. Using default page load timeout: '30'

2018-04-30 11:17:21 - [MESSAGE][PASSED] - Object 'Object Repository/Open Web/Header1' is present

2018-04-30 11:17:21 - [TEST_STEP][PASSED] - verifyElementText: Actual text and expected text of test object 'Object Repository/Open Web/Header1' are matched.

2018-04-30 11:17:24 - [MESSAGE][PASSED] - Actual text and expected text of test object 'Object Repository/Open Web/Header1' are matched.

2018-04-30 11:17:24 - [TEST_STEP][PASSED] - verifyElementPresent: Object 'Object Repository/Open Web/Header2' is present

2018-04-30 11:17:24 - [MESSAGE][WARNING] - Timeout '0' is invalid. Using default page load timeout: '30'

2018-04-30 11:17:25 - [MESSAGE][PASSED] - Object 'Object Repository/Open Web/Header2' is present

2018-04-30 11:17:25 - [TEST_STEP][PASSED] - verifyElementText: Actual text and expected text of test object 'Object Repository/Open Web/Header2' are matched.

2018-04-30 11:17:27 - [MESSAGE][PASSED] - Actual text and expected text of test object 'Object Repository/Open Web/Header2' are matched.

2018-04-30 11:17:27 - [TEST_STEP][PASSED] - verifyElementPresent: Object 'Object Repository/Open Web/label_Login' is present

2018-04-30 11:17:27 - [MESSAGE][WARNING] - Timeout '0' is invalid. Using default page load timeout: '30'

2018-04-30 11:17:28 - [MESSAGE][PASSED] - Object 'Object Repository/Open Web/label_Login' is present

2018-04-30 11:17:28 - [TEST_STEP][PASSED] - verifyElementText: Actual text and expected text of test object 'Object Repository/Open Web/label_Login' are matched.

2018-04-30 11:17:28 - [MESSAGE][PASSED] - Actual text and expected text of test object 'Object Repository/Open Web/label_Login' are matched.

2018-04-30 11:17:28 - [TEST_STEP][PASSED] - verifyElementPresent: Object 'Object Repository/Open Web/label_Username' is present

2018-04-30 11:17:28 - [MESSAGE][WARNING] - Timeout '0' is invalid. Using default page load timeout: '30'

2018-04-30 11:17:28 - [MESSAGE][PASSED] - Object 'Object Repository/Open Web/label_Username' is present

2018-04-30 11:17:28 - [TEST_STEP][PASSED] - verifyElementText: Actual text and expected text of test object 'Object Repository/Open Web/label_Username' are matched.

2018-04-30 11:17:32 - [MESSAGE][PASSED] - Actual text and expected text of test object 'Object Repository/Open Web/label_Username' are matched.

2018-04-30 11:17:32 - [TEST_STEP][PASSED] - verifyElementPresent: Object 'Object Repository/Open Web/Header1' is present

2018-04-30 11:17:32 - [MESSAGE][WARNING] - Timeout '0' is invalid. Using default page load timeout: '30'

2018-04-30 11:17:33 - [MESSAGE][PASSED] - Object 'Object Repository/Open Web/Header1' is present

2018-04-30 11:17:33 - [TEST_STEP][PASSED] - verifyElementText: Actual text and expected text of test object 'Object Repository/Open Web/label_Password' are matched.

2018-04-30 11:17:36 - [MESSAGE][PASSED] - Actual text and expected text of test object 'Object Repository/Open Web/label_Password' are matched.

2018-04-30 11:17:36 - [TEST_STEP][PASSED] - verifyElementPresent: Object 'Object Repository/Open Web/button_Login' is present

2018-04-30 11:17:36 - [MESSAGE][WARNING] - Timeout '0' is invalid. Using default page load timeout: '30'

2018-04-30 11:17:38 - [MESSAGE][PASSED] - Object 'Object Repository/Open Web/button_Login' is present

2018-04-30 11:17:38 - [TEST_STEP][PASSED] - verifyElementText: Actual text and expected text of test object 'Object Repository/Open Web/button_Login' are matched.

2018-04-30 11:17:50 - [MESSAGE][PASSED] - Actual text and expected text of test object 'Object Repository/Open Web/button_Login' are matched.

2018-04-30 11:17:50 - [TEST_STEP][PASSED] - verifyEqual: Actual object 'http://18.188.55.188:8085/' and expected object 'http://18.188.55.188:8085/' are equal

2018-04-30 11:17:50 - [MESSAGE][PASSED] - Current window's url is: 'http://18.188.55.188:8085/'

2018-04-30 11:17:50 - [MESSAGE][PASSED] - Actual object 'http://18.188.55.188:8085/' and expected object 'http://18.188.55.188:8085/' are equal

2018-04-30 11:17:50 - [TEST_STEP][PASSED] - closeBrowser: Browser is closed

2018-04-30 11:18:05 - [MESSAGE][PASSED] - Browser is closed]]></system-out>
         <system-err><![CDATA[]]></system-err>
      </testcase>
      <system-out><![CDATA[2018-04-30 11:10:45 - [TEST_SUITE][PASSED] - Test Suite for Open Web Test Case 1: Test Cases/Open Web Test Case 1]]></system-out>
      <system-err><![CDATA[]]></system-err>
   </testsuite>
</testsuites>
