<?xml version="1.0" encoding="UTF-8"?>
<testsuites name="Test Suite for Admin Test Case 1" time="83" tests="1" failures="0" errors="0">
   <testsuite name="Test Suite for Admin Test Case 1" tests="1" failures="0" errors="0" time="83" timestamp="2018-05-07 16:54:54" hostname="Andrew_Dpp - 10.80.101.119" id="Test Suites/Test Suite for Admin Test Case 1">
      <properties>
         <property name="deviceName" value=""/>
         <property name="devicePlatform" value=""/>
         <property name="logFolder" value="C:\\Users\\Andrew_Dpp\\git\\234project-katalon\\Reports\\Test Suite for Admin Test Case 1\\20180507_165437"/>
         <property name="logFiles" value="C:\\Users\\Andrew_Dpp\\git\\234project-katalon\\Reports\\Test Suite for Admin Test Case 1\\20180507_165437\\execution0.log"/>
         <property name="attachments" value=""/>
         <property name="hostName" value="Andrew_Dpp - 10.80.101.119"/>
         <property name="os" value="Windows 7 64bit"/>
         <property name="katalonVersion" value="5.3.1.1"/>
         <property name="browser" value="Chrome 66.0.3359.139"/>
         <property name="hostAddress" value="10.80.101.119"/>
         <property name="sessionId" value="4e30faf2cb12cc9f2c952929251b8243"/>
         <property name="seleniumVersion" value="3.7.1"/>
         <property name="proxyInformation" value="ProxyInformation{proxyOption=NO_PROXY, proxyServerType=HTTP, password=, proxyServerAddress=, proxyServerPort=0}"/>
         <property name="platform" value="Windows 7"/>
      </properties>
      <testcase name="Test Cases/Admin Test Case 1" classname="Test Cases/Admin Test Case 1" status="PASSED">
         <system-out><![CDATA[2018-05-07 16:54:55 - [TEST_CASE][PASSED] - Test Cases/Admin Test Case 1: Test Cases/Admin Test Case 1

2018-05-07 16:54:56 - [TEST_STEP][PASSED] - openBrowser: Browser is opened with url: ''

2018-05-07 16:55:22 - [MESSAGE][PASSED] - Browser is opened with url: ''

2018-05-07 16:55:22 - [TEST_STEP][PASSED] - Statement - driver = com.kms.katalon.core.webui.driver.DriverFactory.getWebDriver(): null

2018-05-07 16:55:22 - [TEST_STEP][PASSED] - navigateToUrl: Navigate to 'http://18.188.55.188:8085/' successfully

2018-05-07 16:55:30 - [MESSAGE][PASSED] - Navigate to 'http://18.188.55.188:8085/' successfully

2018-05-07 16:55:30 - [TEST_STEP][PASSED] - setText: Text 'admin' is set on object 'Object Repository/Admin/input_username'

2018-05-07 16:55:31 - [MESSAGE][PASSED] - Text 'admin' is set on object 'Object Repository/Admin/input_username'

2018-05-07 16:55:31 - [TEST_STEP][PASSED] - setText: Text 'admin' is set on object 'Object Repository/Admin/input_password'

2018-05-07 16:55:31 - [MESSAGE][PASSED] - Text 'admin' is set on object 'Object Repository/Admin/input_password'

2018-05-07 16:55:31 - [TEST_STEP][PASSED] - click: Object: 'Object Repository/Admin/button_Login' is clicked on

2018-05-07 16:55:32 - [MESSAGE][PASSED] - Object: 'Object Repository/Admin/button_Login' is clicked on

2018-05-07 16:55:32 - [TEST_STEP][PASSED] - click: Object: 'Object Repository/Admin/a_Total Transaction' is clicked on

2018-05-07 16:55:33 - [MESSAGE][PASSED] - Object: 'Object Repository/Admin/a_Total Transaction' is clicked on

2018-05-07 16:55:33 - [TEST_STEP][PASSED] - Statement - Table = driver.findElement(org.openqa.selenium.By.xpath("//*[@id="add-row"]/div/table/tbody")): null

2018-05-07 16:55:33 - [TEST_STEP][PASSED] - delay: Delayed 5 second(s)

2018-05-07 16:55:38 - [MESSAGE][PASSED] - Delayed 5 second(s)

2018-05-07 16:55:38 - [TEST_STEP][PASSED] - Statement - oldAdminTotalPrice = driver.findElement(org.openqa.selenium.By.xpath("//*[@id="add-row"]/div/div[2]/div/p")).getText(): null

2018-05-07 16:55:38 - [TEST_STEP][PASSED] - Statement - oldAdminTotalPrice = oldAdminTotalPrice.replaceAll(" THB", "").replaceAll("Total price: ", "").replaceAll(",", ""): null

2018-05-07 16:55:38 - [TEST_STEP][PASSED] - Statement - oldAdminTotalPrice = java.lang.Integer.parseInt(oldAdminTotalPrice): null

2018-05-07 16:55:38 - [TEST_STEP][PASSED] - Statement - oldRows = Table.findElements(org.openqa.selenium.By.tagName("tr")): null

2018-05-07 16:55:38 - [TEST_STEP][PASSED] - Statement - valueOfOldRows = oldRows.size(): null

2018-05-07 16:55:38 - [TEST_STEP][PASSED] - Statement - oldTransactionList = new java.util.ArrayList(): null

2018-05-07 16:55:38 - [TEST_STEP][PASSED] - Statement - For (def i : (1..oldRows.size())): null

2018-05-07 16:55:38 - [TEST_STEP][PASSED] - Statement - tempString = "": null

2018-05-07 16:55:38 - [TEST_STEP][PASSED] - Statement - tempString += driver.findElement(org.openqa.selenium.By.xpath("//*[@id="add-row"]/div/table/tbody/tr[" + i + "]/td[1]")).getText(): null

2018-05-07 16:55:38 - [TEST_STEP][PASSED] - Statement - tempString += driver.findElement(org.openqa.selenium.By.xpath("//*[@id="add-row"]/div/table/tbody/tr[" + i + "]/td[2]")).getText(): null

2018-05-07 16:55:38 - [TEST_STEP][PASSED] - Statement - tempString += driver.findElement(org.openqa.selenium.By.xpath("//*[@id="add-row"]/div/table/tbody/tr[" + i + "]/td[3]")).getText(): null

2018-05-07 16:55:39 - [TEST_STEP][PASSED] - Statement - oldTransactionList.add(tempString): null

2018-05-07 16:55:39 - [TEST_STEP][PASSED] - Statement - println(tempString): null

2018-05-07 16:55:39 - [TEST_STEP][PASSED] - Statement - tempString = "": null

2018-05-07 16:55:39 - [TEST_STEP][PASSED] - Statement - tempString += driver.findElement(org.openqa.selenium.By.xpath("//*[@id="add-row"]/div/table/tbody/tr[" + i + "]/td[1]")).getText(): null

2018-05-07 16:55:39 - [TEST_STEP][PASSED] - Statement - tempString += driver.findElement(org.openqa.selenium.By.xpath("//*[@id="add-row"]/div/table/tbody/tr[" + i + "]/td[2]")).getText(): null

2018-05-07 16:55:39 - [TEST_STEP][PASSED] - Statement - tempString += driver.findElement(org.openqa.selenium.By.xpath("//*[@id="add-row"]/div/table/tbody/tr[" + i + "]/td[3]")).getText(): null

2018-05-07 16:55:39 - [TEST_STEP][PASSED] - Statement - oldTransactionList.add(tempString): null

2018-05-07 16:55:39 - [TEST_STEP][PASSED] - Statement - println(tempString): null

2018-05-07 16:55:39 - [TEST_STEP][PASSED] - Statement - tempString = "": null

2018-05-07 16:55:39 - [TEST_STEP][PASSED] - Statement - tempString += driver.findElement(org.openqa.selenium.By.xpath("//*[@id="add-row"]/div/table/tbody/tr[" + i + "]/td[1]")).getText(): null

2018-05-07 16:55:39 - [TEST_STEP][PASSED] - Statement - tempString += driver.findElement(org.openqa.selenium.By.xpath("//*[@id="add-row"]/div/table/tbody/tr[" + i + "]/td[2]")).getText(): null

2018-05-07 16:55:39 - [TEST_STEP][PASSED] - Statement - tempString += driver.findElement(org.openqa.selenium.By.xpath("//*[@id="add-row"]/div/table/tbody/tr[" + i + "]/td[3]")).getText(): null

2018-05-07 16:55:39 - [TEST_STEP][PASSED] - Statement - oldTransactionList.add(tempString): null

2018-05-07 16:55:39 - [TEST_STEP][PASSED] - Statement - println(tempString): null

2018-05-07 16:55:39 - [TEST_STEP][PASSED] - Statement - tempString = "": null

2018-05-07 16:55:39 - [TEST_STEP][PASSED] - Statement - tempString += driver.findElement(org.openqa.selenium.By.xpath("//*[@id="add-row"]/div/table/tbody/tr[" + i + "]/td[1]")).getText(): null

2018-05-07 16:55:39 - [TEST_STEP][PASSED] - Statement - tempString += driver.findElement(org.openqa.selenium.By.xpath("//*[@id="add-row"]/div/table/tbody/tr[" + i + "]/td[2]")).getText(): null

2018-05-07 16:55:39 - [TEST_STEP][PASSED] - Statement - tempString += driver.findElement(org.openqa.selenium.By.xpath("//*[@id="add-row"]/div/table/tbody/tr[" + i + "]/td[3]")).getText(): null

2018-05-07 16:55:39 - [TEST_STEP][PASSED] - Statement - oldTransactionList.add(tempString): null

2018-05-07 16:55:39 - [TEST_STEP][PASSED] - Statement - println(tempString): null

2018-05-07 16:55:39 - [TEST_STEP][PASSED] - Statement - tempString = "": null

2018-05-07 16:55:39 - [TEST_STEP][PASSED] - Statement - tempString += driver.findElement(org.openqa.selenium.By.xpath("//*[@id="add-row"]/div/table/tbody/tr[" + i + "]/td[1]")).getText(): null

2018-05-07 16:55:40 - [TEST_STEP][PASSED] - Statement - tempString += driver.findElement(org.openqa.selenium.By.xpath("//*[@id="add-row"]/div/table/tbody/tr[" + i + "]/td[2]")).getText(): null

2018-05-07 16:55:40 - [TEST_STEP][PASSED] - Statement - tempString += driver.findElement(org.openqa.selenium.By.xpath("//*[@id="add-row"]/div/table/tbody/tr[" + i + "]/td[3]")).getText(): null

2018-05-07 16:55:40 - [TEST_STEP][PASSED] - Statement - oldTransactionList.add(tempString): null

2018-05-07 16:55:40 - [TEST_STEP][PASSED] - Statement - println(tempString): null

2018-05-07 16:55:40 - [TEST_STEP][PASSED] - Statement - tempString = "": null

2018-05-07 16:55:40 - [TEST_STEP][PASSED] - Statement - tempString += driver.findElement(org.openqa.selenium.By.xpath("//*[@id="add-row"]/div/table/tbody/tr[" + i + "]/td[1]")).getText(): null

2018-05-07 16:55:40 - [TEST_STEP][PASSED] - Statement - tempString += driver.findElement(org.openqa.selenium.By.xpath("//*[@id="add-row"]/div/table/tbody/tr[" + i + "]/td[2]")).getText(): null

2018-05-07 16:55:40 - [TEST_STEP][PASSED] - Statement - tempString += driver.findElement(org.openqa.selenium.By.xpath("//*[@id="add-row"]/div/table/tbody/tr[" + i + "]/td[3]")).getText(): null

2018-05-07 16:55:40 - [TEST_STEP][PASSED] - Statement - oldTransactionList.add(tempString): null

2018-05-07 16:55:40 - [TEST_STEP][PASSED] - Statement - println(tempString): null

2018-05-07 16:55:40 - [TEST_STEP][PASSED] - Statement - tempString = "": null

2018-05-07 16:55:40 - [TEST_STEP][PASSED] - Statement - tempString += driver.findElement(org.openqa.selenium.By.xpath("//*[@id="add-row"]/div/table/tbody/tr[" + i + "]/td[1]")).getText(): null

2018-05-07 16:55:40 - [TEST_STEP][PASSED] - Statement - tempString += driver.findElement(org.openqa.selenium.By.xpath("//*[@id="add-row"]/div/table/tbody/tr[" + i + "]/td[2]")).getText(): null

2018-05-07 16:55:40 - [TEST_STEP][PASSED] - Statement - tempString += driver.findElement(org.openqa.selenium.By.xpath("//*[@id="add-row"]/div/table/tbody/tr[" + i + "]/td[3]")).getText(): null

2018-05-07 16:55:40 - [TEST_STEP][PASSED] - Statement - oldTransactionList.add(tempString): null

2018-05-07 16:55:40 - [TEST_STEP][PASSED] - Statement - println(tempString): null

2018-05-07 16:55:40 - [TEST_STEP][PASSED] - Statement - tempString = "": null

2018-05-07 16:55:40 - [TEST_STEP][PASSED] - Statement - tempString += driver.findElement(org.openqa.selenium.By.xpath("//*[@id="add-row"]/div/table/tbody/tr[" + i + "]/td[1]")).getText(): null

2018-05-07 16:55:40 - [TEST_STEP][PASSED] - Statement - tempString += driver.findElement(org.openqa.selenium.By.xpath("//*[@id="add-row"]/div/table/tbody/tr[" + i + "]/td[2]")).getText(): null

2018-05-07 16:55:40 - [TEST_STEP][PASSED] - Statement - tempString += driver.findElement(org.openqa.selenium.By.xpath("//*[@id="add-row"]/div/table/tbody/tr[" + i + "]/td[3]")).getText(): null

2018-05-07 16:55:40 - [TEST_STEP][PASSED] - Statement - oldTransactionList.add(tempString): null

2018-05-07 16:55:41 - [TEST_STEP][PASSED] - Statement - println(tempString): null

2018-05-07 16:55:41 - [TEST_STEP][PASSED] - Statement - tempString = "": null

2018-05-07 16:55:41 - [TEST_STEP][PASSED] - Statement - tempString += driver.findElement(org.openqa.selenium.By.xpath("//*[@id="add-row"]/div/table/tbody/tr[" + i + "]/td[1]")).getText(): null

2018-05-07 16:55:41 - [TEST_STEP][PASSED] - Statement - tempString += driver.findElement(org.openqa.selenium.By.xpath("//*[@id="add-row"]/div/table/tbody/tr[" + i + "]/td[2]")).getText(): null

2018-05-07 16:55:41 - [TEST_STEP][PASSED] - Statement - tempString += driver.findElement(org.openqa.selenium.By.xpath("//*[@id="add-row"]/div/table/tbody/tr[" + i + "]/td[3]")).getText(): null

2018-05-07 16:55:41 - [TEST_STEP][PASSED] - Statement - oldTransactionList.add(tempString): null

2018-05-07 16:55:41 - [TEST_STEP][PASSED] - Statement - println(tempString): null

2018-05-07 16:55:41 - [TEST_STEP][PASSED] - Statement - tempString = "": null

2018-05-07 16:55:41 - [TEST_STEP][PASSED] - Statement - tempString += driver.findElement(org.openqa.selenium.By.xpath("//*[@id="add-row"]/div/table/tbody/tr[" + i + "]/td[1]")).getText(): null

2018-05-07 16:55:41 - [TEST_STEP][PASSED] - Statement - tempString += driver.findElement(org.openqa.selenium.By.xpath("//*[@id="add-row"]/div/table/tbody/tr[" + i + "]/td[2]")).getText(): null

2018-05-07 16:55:41 - [TEST_STEP][PASSED] - Statement - tempString += driver.findElement(org.openqa.selenium.By.xpath("//*[@id="add-row"]/div/table/tbody/tr[" + i + "]/td[3]")).getText(): null

2018-05-07 16:55:41 - [TEST_STEP][PASSED] - Statement - oldTransactionList.add(tempString): null

2018-05-07 16:55:41 - [TEST_STEP][PASSED] - Statement - println(tempString): null

2018-05-07 16:55:41 - [TEST_STEP][PASSED] - Statement - tempString = "": null

2018-05-07 16:55:41 - [TEST_STEP][PASSED] - Statement - tempString += driver.findElement(org.openqa.selenium.By.xpath("//*[@id="add-row"]/div/table/tbody/tr[" + i + "]/td[1]")).getText(): null

2018-05-07 16:55:41 - [TEST_STEP][PASSED] - Statement - tempString += driver.findElement(org.openqa.selenium.By.xpath("//*[@id="add-row"]/div/table/tbody/tr[" + i + "]/td[2]")).getText(): null

2018-05-07 16:55:43 - [TEST_STEP][PASSED] - Statement - tempString += driver.findElement(org.openqa.selenium.By.xpath("//*[@id="add-row"]/div/table/tbody/tr[" + i + "]/td[3]")).getText(): null

2018-05-07 16:55:43 - [TEST_STEP][PASSED] - Statement - oldTransactionList.add(tempString): null

2018-05-07 16:55:43 - [TEST_STEP][PASSED] - Statement - println(tempString): null

2018-05-07 16:55:43 - [TEST_STEP][PASSED] - Statement - tempString = "": null

2018-05-07 16:55:43 - [TEST_STEP][PASSED] - Statement - tempString += driver.findElement(org.openqa.selenium.By.xpath("//*[@id="add-row"]/div/table/tbody/tr[" + i + "]/td[1]")).getText(): null

2018-05-07 16:55:43 - [TEST_STEP][PASSED] - Statement - tempString += driver.findElement(org.openqa.selenium.By.xpath("//*[@id="add-row"]/div/table/tbody/tr[" + i + "]/td[2]")).getText(): null

2018-05-07 16:55:43 - [TEST_STEP][PASSED] - Statement - tempString += driver.findElement(org.openqa.selenium.By.xpath("//*[@id="add-row"]/div/table/tbody/tr[" + i + "]/td[3]")).getText(): null

2018-05-07 16:55:43 - [TEST_STEP][PASSED] - Statement - oldTransactionList.add(tempString): null

2018-05-07 16:55:43 - [TEST_STEP][PASSED] - Statement - println(tempString): null

2018-05-07 16:55:43 - [TEST_STEP][PASSED] - Statement - tempString = "": null

2018-05-07 16:55:43 - [TEST_STEP][PASSED] - Statement - tempString += driver.findElement(org.openqa.selenium.By.xpath("//*[@id="add-row"]/div/table/tbody/tr[" + i + "]/td[1]")).getText(): null

2018-05-07 16:55:43 - [TEST_STEP][PASSED] - Statement - tempString += driver.findElement(org.openqa.selenium.By.xpath("//*[@id="add-row"]/div/table/tbody/tr[" + i + "]/td[2]")).getText(): null

2018-05-07 16:55:43 - [TEST_STEP][PASSED] - Statement - tempString += driver.findElement(org.openqa.selenium.By.xpath("//*[@id="add-row"]/div/table/tbody/tr[" + i + "]/td[3]")).getText(): null

2018-05-07 16:55:44 - [TEST_STEP][PASSED] - Statement - oldTransactionList.add(tempString): null

2018-05-07 16:55:44 - [TEST_STEP][PASSED] - Statement - println(tempString): null

2018-05-07 16:55:44 - [TEST_STEP][PASSED] - Statement - tempString = "": null

2018-05-07 16:55:44 - [TEST_STEP][PASSED] - Statement - tempString += driver.findElement(org.openqa.selenium.By.xpath("//*[@id="add-row"]/div/table/tbody/tr[" + i + "]/td[1]")).getText(): null

2018-05-07 16:55:44 - [TEST_STEP][PASSED] - Statement - tempString += driver.findElement(org.openqa.selenium.By.xpath("//*[@id="add-row"]/div/table/tbody/tr[" + i + "]/td[2]")).getText(): null

2018-05-07 16:55:44 - [TEST_STEP][PASSED] - Statement - tempString += driver.findElement(org.openqa.selenium.By.xpath("//*[@id="add-row"]/div/table/tbody/tr[" + i + "]/td[3]")).getText(): null

2018-05-07 16:55:44 - [TEST_STEP][PASSED] - Statement - oldTransactionList.add(tempString): null

2018-05-07 16:55:44 - [TEST_STEP][PASSED] - Statement - println(tempString): null

2018-05-07 16:55:44 - [TEST_STEP][PASSED] - click: Object: 'Object Repository/Admin/button_Logout' is clicked on

2018-05-07 16:55:45 - [MESSAGE][PASSED] - Object: 'Object Repository/Admin/button_Logout' is clicked on

2018-05-07 16:55:45 - [TEST_STEP][PASSED] - delay: Delayed 5 second(s)

2018-05-07 16:55:50 - [MESSAGE][PASSED] - Delayed 5 second(s)

2018-05-07 16:55:50 - [TEST_STEP][PASSED] - setText: Text 'hello' is set on object 'Object Repository/Admin/input_username'

2018-05-07 16:55:51 - [MESSAGE][PASSED] - Text 'hello' is set on object 'Object Repository/Admin/input_username'

2018-05-07 16:55:51 - [TEST_STEP][PASSED] - setText: Text 'hello' is set on object 'Object Repository/Admin/input_password'

2018-05-07 16:55:51 - [MESSAGE][PASSED] - Text 'hello' is set on object 'Object Repository/Admin/input_password'

2018-05-07 16:55:51 - [TEST_STEP][PASSED] - click: Object: 'Object Repository/Admin/button_Login' is clicked on

2018-05-07 16:55:51 - [MESSAGE][PASSED] - Object: 'Object Repository/Admin/button_Login' is clicked on

2018-05-07 16:55:51 - [TEST_STEP][PASSED] - click: Object: 'Object Repository/Admin/add to cart2' is clicked on

2018-05-07 16:55:52 - [MESSAGE][PASSED] - Object: 'Object Repository/Admin/add to cart2' is clicked on

2018-05-07 16:55:52 - [TEST_STEP][PASSED] - click: Object: 'Object Repository/Admin/span_1' is clicked on

2018-05-07 16:55:52 - [MESSAGE][PASSED] - Object: 'Object Repository/Admin/span_1' is clicked on

2018-05-07 16:55:52 - [TEST_STEP][PASSED] - delay: Delayed 5 second(s)

2018-05-07 16:55:57 - [MESSAGE][PASSED] - Delayed 5 second(s)

2018-05-07 16:55:57 - [TEST_STEP][PASSED] - Statement - xpathOfElement = driver.findElement(org.openqa.selenium.By.xpath("//*[@id="add-row"]/div/div[2]/div/p")): null

2018-05-07 16:55:57 - [TEST_STEP][PASSED] - Statement - UserTable = driver.findElement(org.openqa.selenium.By.xpath("//*[@id="add-row"]/div/table/tbody")): null

2018-05-07 16:55:57 - [TEST_STEP][PASSED] - Statement - userRows = UserTable.findElements(org.openqa.selenium.By.tagName("tr")): null

2018-05-07 16:55:57 - [TEST_STEP][PASSED] - Statement - userProducts = "": null

2018-05-07 16:55:57 - [TEST_STEP][PASSED] - Statement - For (def i : (1..userRows.size())): null

2018-05-07 16:55:57 - [TEST_STEP][PASSED] - Statement - userProducts += driver.findElement(org.openqa.selenium.By.xpath("//*[@id="add-row"]/div/table/tbody/tr[" + i + "]/td[1]")).getText(): null

2018-05-07 16:55:57 - [TEST_STEP][PASSED] - Statement - userTotalPrice = xpathOfElement.getText().replaceAll("Total price: ", ""): null

2018-05-07 16:55:57 - [TEST_STEP][PASSED] - Statement - valueOfUserTotalPrice = java.lang.Integer.parseInt(userTotalPrice.replaceAll(" THB", "")): null

2018-05-07 16:55:57 - [TEST_STEP][PASSED] - click: Object: 'Object Repository/Admin/button_confirm' is clicked on

2018-05-07 16:55:57 - [MESSAGE][PASSED] - Object: 'Object Repository/Admin/button_confirm' is clicked on

2018-05-07 16:55:57 - [TEST_STEP][PASSED] - acceptAlert: Alert accepted

2018-05-07 16:55:58 - [MESSAGE][PASSED] - Alert accepted

2018-05-07 16:55:58 - [TEST_STEP][PASSED] - click: Object: 'Object Repository/Admin/button_Logout' is clicked on

2018-05-07 16:55:58 - [MESSAGE][PASSED] - Object: 'Object Repository/Admin/button_Logout' is clicked on

2018-05-07 16:55:58 - [TEST_STEP][PASSED] - delay: Delayed 5 second(s)

2018-05-07 16:56:03 - [MESSAGE][PASSED] - Delayed 5 second(s)

2018-05-07 16:56:03 - [TEST_STEP][PASSED] - setText: Text 'admin' is set on object 'Object Repository/Admin/input_username'

2018-05-07 16:56:03 - [MESSAGE][PASSED] - Text 'admin' is set on object 'Object Repository/Admin/input_username'

2018-05-07 16:56:03 - [TEST_STEP][PASSED] - setText: Text 'admin' is set on object 'Object Repository/Admin/input_password'

2018-05-07 16:56:03 - [MESSAGE][PASSED] - Text 'admin' is set on object 'Object Repository/Admin/input_password'

2018-05-07 16:56:03 - [TEST_STEP][PASSED] - click: Object: 'Object Repository/Admin/button_Login' is clicked on

2018-05-07 16:56:04 - [MESSAGE][PASSED] - Object: 'Object Repository/Admin/button_Login' is clicked on

2018-05-07 16:56:04 - [TEST_STEP][PASSED] - click: Object: 'Object Repository/Admin/div_Products' is clicked on

2018-05-07 16:56:04 - [MESSAGE][PASSED] - Object: 'Object Repository/Admin/div_Products' is clicked on

2018-05-07 16:56:04 - [TEST_STEP][PASSED] - click: Object: 'Object Repository/Admin/a_Total Transaction' is clicked on

2018-05-07 16:56:04 - [MESSAGE][PASSED] - Object: 'Object Repository/Admin/a_Total Transaction' is clicked on

2018-05-07 16:56:04 - [TEST_STEP][PASSED] - Statement - Table = driver.findElement(org.openqa.selenium.By.xpath("//*[@id="add-row"]/div/table/tbody")): null

2018-05-07 16:56:04 - [TEST_STEP][PASSED] - delay: Delayed 5 second(s)

2018-05-07 16:56:09 - [MESSAGE][PASSED] - Delayed 5 second(s)

2018-05-07 16:56:09 - [TEST_STEP][PASSED] - Statement - newRows = Table.findElements(org.openqa.selenium.By.tagName("tr")): null

2018-05-07 16:56:09 - [TEST_STEP][PASSED] - Statement - newTransactionList = new java.util.ArrayList(): null

2018-05-07 16:56:09 - [TEST_STEP][PASSED] - Statement - For (def i : (1..(newRows.size() - 1))): null

2018-05-07 16:56:09 - [TEST_STEP][PASSED] - Statement - tempString = "": null

2018-05-07 16:56:09 - [TEST_STEP][PASSED] - Statement - tempString += driver.findElement(org.openqa.selenium.By.xpath("//*[@id="add-row"]/div/table/tbody/tr[" + i + "]/td[1]")).getText(): null

2018-05-07 16:56:09 - [TEST_STEP][PASSED] - Statement - tempString += driver.findElement(org.openqa.selenium.By.xpath("//*[@id="add-row"]/div/table/tbody/tr[" + i + "]/td[2]")).getText(): null

2018-05-07 16:56:10 - [TEST_STEP][PASSED] - Statement - tempString += driver.findElement(org.openqa.selenium.By.xpath("//*[@id="add-row"]/div/table/tbody/tr[" + i + "]/td[3]")).getText(): null

2018-05-07 16:56:10 - [TEST_STEP][PASSED] - Statement - newTransactionList.add(tempString): null

2018-05-07 16:56:10 - [TEST_STEP][PASSED] - Statement - println(tempString): null

2018-05-07 16:56:10 - [TEST_STEP][PASSED] - Statement - tempString = "": null

2018-05-07 16:56:10 - [TEST_STEP][PASSED] - Statement - tempString += driver.findElement(org.openqa.selenium.By.xpath("//*[@id="add-row"]/div/table/tbody/tr[" + i + "]/td[1]")).getText(): null

2018-05-07 16:56:10 - [TEST_STEP][PASSED] - Statement - tempString += driver.findElement(org.openqa.selenium.By.xpath("//*[@id="add-row"]/div/table/tbody/tr[" + i + "]/td[2]")).getText(): null

2018-05-07 16:56:10 - [TEST_STEP][PASSED] - Statement - tempString += driver.findElement(org.openqa.selenium.By.xpath("//*[@id="add-row"]/div/table/tbody/tr[" + i + "]/td[3]")).getText(): null

2018-05-07 16:56:10 - [TEST_STEP][PASSED] - Statement - newTransactionList.add(tempString): null

2018-05-07 16:56:10 - [TEST_STEP][PASSED] - Statement - println(tempString): null

2018-05-07 16:56:10 - [TEST_STEP][PASSED] - Statement - tempString = "": null

2018-05-07 16:56:10 - [TEST_STEP][PASSED] - Statement - tempString += driver.findElement(org.openqa.selenium.By.xpath("//*[@id="add-row"]/div/table/tbody/tr[" + i + "]/td[1]")).getText(): null

2018-05-07 16:56:10 - [TEST_STEP][PASSED] - Statement - tempString += driver.findElement(org.openqa.selenium.By.xpath("//*[@id="add-row"]/div/table/tbody/tr[" + i + "]/td[2]")).getText(): null

2018-05-07 16:56:10 - [TEST_STEP][PASSED] - Statement - tempString += driver.findElement(org.openqa.selenium.By.xpath("//*[@id="add-row"]/div/table/tbody/tr[" + i + "]/td[3]")).getText(): null

2018-05-07 16:56:10 - [TEST_STEP][PASSED] - Statement - newTransactionList.add(tempString): null

2018-05-07 16:56:10 - [TEST_STEP][PASSED] - Statement - println(tempString): null

2018-05-07 16:56:10 - [TEST_STEP][PASSED] - Statement - tempString = "": null

2018-05-07 16:56:10 - [TEST_STEP][PASSED] - Statement - tempString += driver.findElement(org.openqa.selenium.By.xpath("//*[@id="add-row"]/div/table/tbody/tr[" + i + "]/td[1]")).getText(): null

2018-05-07 16:56:10 - [TEST_STEP][PASSED] - Statement - tempString += driver.findElement(org.openqa.selenium.By.xpath("//*[@id="add-row"]/div/table/tbody/tr[" + i + "]/td[2]")).getText(): null

2018-05-07 16:56:10 - [TEST_STEP][PASSED] - Statement - tempString += driver.findElement(org.openqa.selenium.By.xpath("//*[@id="add-row"]/div/table/tbody/tr[" + i + "]/td[3]")).getText(): null

2018-05-07 16:56:10 - [TEST_STEP][PASSED] - Statement - newTransactionList.add(tempString): null

2018-05-07 16:56:10 - [TEST_STEP][PASSED] - Statement - println(tempString): null

2018-05-07 16:56:10 - [TEST_STEP][PASSED] - Statement - tempString = "": null

2018-05-07 16:56:10 - [TEST_STEP][PASSED] - Statement - tempString += driver.findElement(org.openqa.selenium.By.xpath("//*[@id="add-row"]/div/table/tbody/tr[" + i + "]/td[1]")).getText(): null

2018-05-07 16:56:10 - [TEST_STEP][PASSED] - Statement - tempString += driver.findElement(org.openqa.selenium.By.xpath("//*[@id="add-row"]/div/table/tbody/tr[" + i + "]/td[2]")).getText(): null

2018-05-07 16:56:11 - [TEST_STEP][PASSED] - Statement - tempString += driver.findElement(org.openqa.selenium.By.xpath("//*[@id="add-row"]/div/table/tbody/tr[" + i + "]/td[3]")).getText(): null

2018-05-07 16:56:11 - [TEST_STEP][PASSED] - Statement - newTransactionList.add(tempString): null

2018-05-07 16:56:11 - [TEST_STEP][PASSED] - Statement - println(tempString): null

2018-05-07 16:56:11 - [TEST_STEP][PASSED] - Statement - tempString = "": null

2018-05-07 16:56:11 - [TEST_STEP][PASSED] - Statement - tempString += driver.findElement(org.openqa.selenium.By.xpath("//*[@id="add-row"]/div/table/tbody/tr[" + i + "]/td[1]")).getText(): null

2018-05-07 16:56:11 - [TEST_STEP][PASSED] - Statement - tempString += driver.findElement(org.openqa.selenium.By.xpath("//*[@id="add-row"]/div/table/tbody/tr[" + i + "]/td[2]")).getText(): null

2018-05-07 16:56:11 - [TEST_STEP][PASSED] - Statement - tempString += driver.findElement(org.openqa.selenium.By.xpath("//*[@id="add-row"]/div/table/tbody/tr[" + i + "]/td[3]")).getText(): null

2018-05-07 16:56:11 - [TEST_STEP][PASSED] - Statement - newTransactionList.add(tempString): null

2018-05-07 16:56:11 - [TEST_STEP][PASSED] - Statement - println(tempString): null

2018-05-07 16:56:11 - [TEST_STEP][PASSED] - Statement - tempString = "": null

2018-05-07 16:56:11 - [TEST_STEP][PASSED] - Statement - tempString += driver.findElement(org.openqa.selenium.By.xpath("//*[@id="add-row"]/div/table/tbody/tr[" + i + "]/td[1]")).getText(): null

2018-05-07 16:56:11 - [TEST_STEP][PASSED] - Statement - tempString += driver.findElement(org.openqa.selenium.By.xpath("//*[@id="add-row"]/div/table/tbody/tr[" + i + "]/td[2]")).getText(): null

2018-05-07 16:56:11 - [TEST_STEP][PASSED] - Statement - tempString += driver.findElement(org.openqa.selenium.By.xpath("//*[@id="add-row"]/div/table/tbody/tr[" + i + "]/td[3]")).getText(): null

2018-05-07 16:56:11 - [TEST_STEP][PASSED] - Statement - newTransactionList.add(tempString): null

2018-05-07 16:56:11 - [TEST_STEP][PASSED] - Statement - println(tempString): null

2018-05-07 16:56:11 - [TEST_STEP][PASSED] - Statement - tempString = "": null

2018-05-07 16:56:11 - [TEST_STEP][PASSED] - Statement - tempString += driver.findElement(org.openqa.selenium.By.xpath("//*[@id="add-row"]/div/table/tbody/tr[" + i + "]/td[1]")).getText(): null

2018-05-07 16:56:11 - [TEST_STEP][PASSED] - Statement - tempString += driver.findElement(org.openqa.selenium.By.xpath("//*[@id="add-row"]/div/table/tbody/tr[" + i + "]/td[2]")).getText(): null

2018-05-07 16:56:11 - [TEST_STEP][PASSED] - Statement - tempString += driver.findElement(org.openqa.selenium.By.xpath("//*[@id="add-row"]/div/table/tbody/tr[" + i + "]/td[3]")).getText(): null

2018-05-07 16:56:11 - [TEST_STEP][PASSED] - Statement - newTransactionList.add(tempString): null

2018-05-07 16:56:11 - [TEST_STEP][PASSED] - Statement - println(tempString): null

2018-05-07 16:56:11 - [TEST_STEP][PASSED] - Statement - tempString = "": null

2018-05-07 16:56:11 - [TEST_STEP][PASSED] - Statement - tempString += driver.findElement(org.openqa.selenium.By.xpath("//*[@id="add-row"]/div/table/tbody/tr[" + i + "]/td[1]")).getText(): null

2018-05-07 16:56:11 - [TEST_STEP][PASSED] - Statement - tempString += driver.findElement(org.openqa.selenium.By.xpath("//*[@id="add-row"]/div/table/tbody/tr[" + i + "]/td[2]")).getText(): null

2018-05-07 16:56:12 - [TEST_STEP][PASSED] - Statement - tempString += driver.findElement(org.openqa.selenium.By.xpath("//*[@id="add-row"]/div/table/tbody/tr[" + i + "]/td[3]")).getText(): null

2018-05-07 16:56:12 - [TEST_STEP][PASSED] - Statement - newTransactionList.add(tempString): null

2018-05-07 16:56:12 - [TEST_STEP][PASSED] - Statement - println(tempString): null

2018-05-07 16:56:12 - [TEST_STEP][PASSED] - Statement - tempString = "": null

2018-05-07 16:56:12 - [TEST_STEP][PASSED] - Statement - tempString += driver.findElement(org.openqa.selenium.By.xpath("//*[@id="add-row"]/div/table/tbody/tr[" + i + "]/td[1]")).getText(): null

2018-05-07 16:56:12 - [TEST_STEP][PASSED] - Statement - tempString += driver.findElement(org.openqa.selenium.By.xpath("//*[@id="add-row"]/div/table/tbody/tr[" + i + "]/td[2]")).getText(): null

2018-05-07 16:56:12 - [TEST_STEP][PASSED] - Statement - tempString += driver.findElement(org.openqa.selenium.By.xpath("//*[@id="add-row"]/div/table/tbody/tr[" + i + "]/td[3]")).getText(): null

2018-05-07 16:56:12 - [TEST_STEP][PASSED] - Statement - newTransactionList.add(tempString): null

2018-05-07 16:56:12 - [TEST_STEP][PASSED] - Statement - println(tempString): null

2018-05-07 16:56:13 - [TEST_STEP][PASSED] - Statement - tempString = "": null

2018-05-07 16:56:13 - [TEST_STEP][PASSED] - Statement - tempString += driver.findElement(org.openqa.selenium.By.xpath("//*[@id="add-row"]/div/table/tbody/tr[" + i + "]/td[1]")).getText(): null

2018-05-07 16:56:13 - [TEST_STEP][PASSED] - Statement - tempString += driver.findElement(org.openqa.selenium.By.xpath("//*[@id="add-row"]/div/table/tbody/tr[" + i + "]/td[2]")).getText(): null

2018-05-07 16:56:13 - [TEST_STEP][PASSED] - Statement - tempString += driver.findElement(org.openqa.selenium.By.xpath("//*[@id="add-row"]/div/table/tbody/tr[" + i + "]/td[3]")).getText(): null

2018-05-07 16:56:13 - [TEST_STEP][PASSED] - Statement - newTransactionList.add(tempString): null

2018-05-07 16:56:13 - [TEST_STEP][PASSED] - Statement - println(tempString): null

2018-05-07 16:56:13 - [TEST_STEP][PASSED] - Statement - tempString = "": null

2018-05-07 16:56:13 - [TEST_STEP][PASSED] - Statement - tempString += driver.findElement(org.openqa.selenium.By.xpath("//*[@id="add-row"]/div/table/tbody/tr[" + i + "]/td[1]")).getText(): null

2018-05-07 16:56:13 - [TEST_STEP][PASSED] - Statement - tempString += driver.findElement(org.openqa.selenium.By.xpath("//*[@id="add-row"]/div/table/tbody/tr[" + i + "]/td[2]")).getText(): null

2018-05-07 16:56:13 - [TEST_STEP][PASSED] - Statement - tempString += driver.findElement(org.openqa.selenium.By.xpath("//*[@id="add-row"]/div/table/tbody/tr[" + i + "]/td[3]")).getText(): null

2018-05-07 16:56:13 - [TEST_STEP][PASSED] - Statement - newTransactionList.add(tempString): null

2018-05-07 16:56:13 - [TEST_STEP][PASSED] - Statement - println(tempString): null

2018-05-07 16:56:13 - [TEST_STEP][PASSED] - Statement - tempString = "": null

2018-05-07 16:56:13 - [TEST_STEP][PASSED] - Statement - tempString += driver.findElement(org.openqa.selenium.By.xpath("//*[@id="add-row"]/div/table/tbody/tr[" + i + "]/td[1]")).getText(): null

2018-05-07 16:56:14 - [TEST_STEP][PASSED] - Statement - tempString += driver.findElement(org.openqa.selenium.By.xpath("//*[@id="add-row"]/div/table/tbody/tr[" + i + "]/td[2]")).getText(): null

2018-05-07 16:56:14 - [TEST_STEP][PASSED] - Statement - tempString += driver.findElement(org.openqa.selenium.By.xpath("//*[@id="add-row"]/div/table/tbody/tr[" + i + "]/td[3]")).getText(): null

2018-05-07 16:56:14 - [TEST_STEP][PASSED] - Statement - newTransactionList.add(tempString): null

2018-05-07 16:56:14 - [TEST_STEP][PASSED] - Statement - println(tempString): null

2018-05-07 16:56:14 - [TEST_STEP][PASSED] - Statement - tempString = "": null

2018-05-07 16:56:14 - [TEST_STEP][PASSED] - Statement - tempString += driver.findElement(org.openqa.selenium.By.xpath("//*[@id="add-row"]/div/table/tbody/tr[" + i + "]/td[1]")).getText(): null

2018-05-07 16:56:14 - [TEST_STEP][PASSED] - Statement - tempString += driver.findElement(org.openqa.selenium.By.xpath("//*[@id="add-row"]/div/table/tbody/tr[" + i + "]/td[2]")).getText(): null

2018-05-07 16:56:14 - [TEST_STEP][PASSED] - Statement - tempString += driver.findElement(org.openqa.selenium.By.xpath("//*[@id="add-row"]/div/table/tbody/tr[" + i + "]/td[3]")).getText(): null

2018-05-07 16:56:14 - [TEST_STEP][PASSED] - Statement - newTransactionList.add(tempString): null

2018-05-07 16:56:14 - [TEST_STEP][PASSED] - Statement - println(tempString): null

2018-05-07 16:56:14 - [TEST_STEP][PASSED] - Statement - newRowValue = driver.findElement(org.openqa.selenium.By.xpath("//*[@id="add-row"]/div/table/tbody/tr[" + newRows.size() - 1 + "]/td[3]")).getText(): null

2018-05-07 16:56:15 - [TEST_STEP][PASSED] - Statement - newTranscation = driver.findElement(org.openqa.selenium.By.xpath("//*[@id="add-row"]/div/table/tbody/tr[" + newRows.size() - 1 + "]/td[2]")).getText().replaceAll(",", ""): null

2018-05-07 16:56:15 - [TEST_STEP][PASSED] - Statement - newAdminTotalPrice = driver.findElement(org.openqa.selenium.By.xpath("//*[@id="add-row"]/div/div[2]/div/p")).getText(): null

2018-05-07 16:56:15 - [TEST_STEP][PASSED] - Statement - newAdminTotalPrice = newAdminTotalPrice.replaceAll(" THB", "").replaceAll("Total price: ", "").replaceAll(",", ""): null

2018-05-07 16:56:15 - [TEST_STEP][PASSED] - Statement - newAdminTotalPrice = java.lang.Integer.parseInt(newAdminTotalPrice): null

2018-05-07 16:56:15 - [TEST_STEP][PASSED] - Statement - println("Total Price of All Transaction before: " + oldAdminTotalPrice): null

2018-05-07 16:56:15 - [TEST_STEP][PASSED] - Statement - println("Total Price that User Bought: " + userTotalPrice): null

2018-05-07 16:56:15 - [TEST_STEP][PASSED] - Statement - println("Total Price of all Transaction after: " + newAdminTotalPrice): null

2018-05-07 16:56:15 - [TEST_STEP][PASSED] - Statement - println("Size of Rows after: " + newRows.size()): null

2018-05-07 16:56:15 - [TEST_STEP][PASSED] - Statement - println("Total Price of Last Transaction: " + newRowValue): null

2018-05-07 16:56:16 - [TEST_STEP][PASSED] - verifyEqual: Actual object '150 THB' and expected object '150 THB' are equal

2018-05-07 16:56:16 - [MESSAGE][PASSED] - Actual object '150 THB' and expected object '150 THB' are equal

2018-05-07 16:56:16 - [TEST_STEP][PASSED] - verifyEqual: Actual object '82,640' and expected object '82,640' are equal

2018-05-07 16:56:16 - [MESSAGE][PASSED] - Actual object '82,640' and expected object '82,640' are equal

2018-05-07 16:56:16 - [TEST_STEP][PASSED] - verifyEqual: Actual object '[[1Garden, Papaya20,120 THB, 2Banana, Garden, Banana, Rambutan60,570 THB, 3Banana150 THB, 4Banana150 THB, 5Banana150 THB, 6Banana150 THB, 7Banana150 THB, 8Banana150 THB, 9Banana150 THB, 10Banana150 THB, 11Banana150 THB, 12Banana150 THB, 13Banana150 THB, 14Banana150 THB]]' and expected object '[[1Garden, Papaya20,120 THB, 2Banana, Garden, Banana, Rambutan60,570 THB, 3Banana150 THB, 4Banana150 THB, 5Banana150 THB, 6Banana150 THB, 7Banana150 THB, 8Banana150 THB, 9Banana150 THB, 10Banana150 THB, 11Banana150 THB, 12Banana150 THB, 13Banana150 THB, 14Banana150 THB]]' are equal

2018-05-07 16:56:16 - [MESSAGE][PASSED] - Actual object '[[1Garden, Papaya20,120 THB, 2Banana, Garden, Banana, Rambutan60,570 THB, 3Banana150 THB, 4Banana150 THB, 5Banana150 THB, 6Banana150 THB, 7Banana150 THB, 8Banana150 THB, 9Banana150 THB, 10Banana150 THB, 11Banana150 THB, 12Banana150 THB, 13Banana150 THB, 14Banana150 THB]]' and expected object '[[1Garden, Papaya20,120 THB, 2Banana, Garden, Banana, Rambutan60,570 THB, 3Banana150 THB, 4Banana150 THB, 5Banana150 THB, 6Banana150 THB, 7Banana150 THB, 8Banana150 THB, 9Banana150 THB, 10Banana150 THB, 11Banana150 THB, 12Banana150 THB, 13Banana150 THB, 14Banana150 THB]]' are equal

2018-05-07 16:56:16 - [TEST_STEP][PASSED] - verifyEqual: Actual object 'Banana' and expected object 'Banana' are equal

2018-05-07 16:56:16 - [MESSAGE][PASSED] - Actual object 'Banana' and expected object 'Banana' are equal

2018-05-07 16:56:16 - [TEST_STEP][PASSED] - Statement - println("No. of old rows " + valueOfOldRows): null

2018-05-07 16:56:16 - [TEST_STEP][PASSED] - Statement - println("No. of new rows " + newRows.size()): null

2018-05-07 16:56:16 - [TEST_STEP][PASSED] - verifyGreaterThan: Actual number '15' is greater than expected number '14'

2018-05-07 16:56:16 - [MESSAGE][PASSED] - Actual number '15' is greater than expected number '14'

2018-05-07 16:56:16 - [TEST_STEP][PASSED] - closeBrowser: Browser is closed

2018-05-07 16:56:17 - [MESSAGE][PASSED] - Browser is closed]]></system-out>
         <system-err><![CDATA[]]></system-err>
      </testcase>
      <system-out><![CDATA[2018-05-07 16:54:54 - [TEST_SUITE][PASSED] - Test Suite for Admin Test Case 1: Test Cases/Admin Test Case 1]]></system-out>
      <system-err><![CDATA[]]></system-err>
   </testsuite>
</testsuites>
