<?xml version="1.0" encoding="UTF-8"?>
<testsuites name="Test Suite for User Test Case 2" time="94" tests="2" failures="0" errors="0">
   <testsuite name="Test Suite for User Test Case 2" tests="2" failures="0" errors="0" time="94" timestamp="2018-05-07 17:50:14" hostname="Andrew_Dpp - 10.80.101.119" id="Test Suites/Test Suite for User Test Case 2">
      <properties>
         <property name="deviceName" value=""/>
         <property name="devicePlatform" value=""/>
         <property name="logFolder" value="C:\\Users\\Andrew_Dpp\\git\\234project-katalon\\Reports\\Test Suite for User Test Case 2\\20180507_174957"/>
         <property name="logFiles" value="C:\\Users\\Andrew_Dpp\\git\\234project-katalon\\Reports\\Test Suite for User Test Case 2\\20180507_174957\\execution0.log"/>
         <property name="attachments" value=""/>
         <property name="hostName" value="Andrew_Dpp - 10.80.101.119"/>
         <property name="os" value="Windows 7 64bit"/>
         <property name="katalonVersion" value="5.3.1.1"/>
         <property name="browser" value="Chrome 66.0.3359.139"/>
         <property name="hostAddress" value="10.80.101.119"/>
         <property name="sessionId" value="58830e20824376bd4dad5e84183f3579"/>
         <property name="seleniumVersion" value="3.7.1"/>
         <property name="proxyInformation" value="ProxyInformation{proxyOption=NO_PROXY, proxyServerType=HTTP, password=, proxyServerAddress=, proxyServerPort=0}"/>
         <property name="platform" value="Windows 7"/>
      </properties>
      <testcase name="Test Cases/User Test Case 2" classname="Test Cases/User Test Case 2" status="PASSED">
         <system-out><![CDATA[2018-05-07 17:50:15 - [TEST_CASE][PASSED] - Test Cases/User Test Case 2: Test Cases/User Test Case 2

2018-05-07 17:50:16 - [TEST_STEP][PASSED] - openBrowser: Browser is opened with url: ''

2018-05-07 17:50:41 - [MESSAGE][PASSED] - Browser is opened with url: ''

2018-05-07 17:50:41 - [TEST_STEP][PASSED] - navigateToUrl: Navigate to 'http://18.188.55.188:8085/' successfully

2018-05-07 17:50:54 - [MESSAGE][PASSED] - Navigate to 'http://18.188.55.188:8085/' successfully

2018-05-07 17:50:54 - [TEST_STEP][PASSED] - setText: Text 'user' is set on object 'Object Repository/User/User Cart/input_username'

2018-05-07 17:50:55 - [MESSAGE][PASSED] - Text 'user' is set on object 'Object Repository/User/User Cart/input_username'

2018-05-07 17:50:55 - [TEST_STEP][PASSED] - setText: Text 'user' is set on object 'Object Repository/User/User Cart/input_password'

2018-05-07 17:50:55 - [MESSAGE][PASSED] - Text 'user' is set on object 'Object Repository/User/User Cart/input_password'

2018-05-07 17:50:55 - [TEST_STEP][PASSED] - click: Object: 'Object Repository/User/User Cart/button_Login' is clicked on

2018-05-07 17:50:56 - [MESSAGE][PASSED] - Object: 'Object Repository/User/User Cart/button_Login' is clicked on

2018-05-07 17:50:56 - [TEST_STEP][PASSED] - Statement - driver = com.kms.katalon.core.webui.driver.DriverFactory.getWebDriver(): null

2018-05-07 17:50:56 - [TEST_STEP][PASSED] - waitForElementPresent: Object 'Object Repository/User/User Cart/add to cart1' is present

2018-05-07 17:50:56 - [MESSAGE][WARNING] - Timeout '0' is invalid. Using default page load timeout: '30'

2018-05-07 17:50:57 - [MESSAGE][PASSED] - Object 'Object Repository/User/User Cart/add to cart1' is present

2018-05-07 17:50:57 - [TEST_STEP][PASSED] - Statement - products = driver.findElement(org.openqa.selenium.By.xpath("/html/body/app-root/app-product-list/div/div[2]/div")): null

2018-05-07 17:50:57 - [TEST_STEP][PASSED] - Statement - productList = products.findElements(org.openqa.selenium.By.className("farmer-card")): null

2018-05-07 17:50:57 - [TEST_STEP][PASSED] - Statement - println(productList.size()): null

2018-05-07 17:50:57 - [TEST_STEP][PASSED] - Statement - variables = new java.util.ArrayList(): null

2018-05-07 17:50:57 - [TEST_STEP][PASSED] - Statement - For (def i : (1..productList.size())): Actual text and expected text of test object 'Object Repository/User/User Cart/cart_icon' are matched.

2018-05-07 17:50:57 - [TEST_STEP][PASSED] - Statement - For (def j : (1..i)): Actual text and expected text of test object 'Object Repository/User/User Cart/added_1' are matched.

2018-05-07 17:50:57 - [TEST_STEP][PASSED] - click: Object: 'Object Repository/User/User Cart/add to cart1' is clicked on

2018-05-07 17:50:58 - [MESSAGE][PASSED] - Object: 'Object Repository/User/User Cart/add to cart1' is clicked on

2018-05-07 17:50:58 - [TEST_STEP][PASSED] - verifyElementText: Actual text and expected text of test object 'Object Repository/User/User Cart/added_1' are matched.

2018-05-07 17:50:58 - [MESSAGE][PASSED] - Actual text and expected text of test object 'Object Repository/User/User Cart/added_1' are matched.

2018-05-07 17:50:58 - [TEST_STEP][PASSED] - verifyElementText: Actual text and expected text of test object 'Object Repository/User/User Cart/cart_icon' are matched.

2018-05-07 17:50:58 - [MESSAGE][PASSED] - Actual text and expected text of test object 'Object Repository/User/User Cart/cart_icon' are matched.

2018-05-07 17:50:58 - [TEST_STEP][PASSED] - Statement - For (def j : (1..i)): Actual text and expected text of test object 'Object Repository/User/User Cart/added_2' are matched.

2018-05-07 17:50:58 - [TEST_STEP][PASSED] - click: Object: 'Object Repository/User/User Cart/add to cart1' is clicked on

2018-05-07 17:50:58 - [MESSAGE][PASSED] - Object: 'Object Repository/User/User Cart/add to cart1' is clicked on

2018-05-07 17:50:58 - [TEST_STEP][PASSED] - verifyElementText: Actual text and expected text of test object 'Object Repository/User/User Cart/added_1' are matched.

2018-05-07 17:50:58 - [MESSAGE][PASSED] - Actual text and expected text of test object 'Object Repository/User/User Cart/added_1' are matched.

2018-05-07 17:50:58 - [TEST_STEP][PASSED] - click: Object: 'Object Repository/User/User Cart/add to cart2' is clicked on

2018-05-07 17:50:59 - [MESSAGE][PASSED] - Object: 'Object Repository/User/User Cart/add to cart2' is clicked on

2018-05-07 17:50:59 - [TEST_STEP][PASSED] - verifyElementText: Actual text and expected text of test object 'Object Repository/User/User Cart/added_2' are matched.

2018-05-07 17:50:59 - [MESSAGE][PASSED] - Actual text and expected text of test object 'Object Repository/User/User Cart/added_2' are matched.

2018-05-07 17:50:59 - [TEST_STEP][PASSED] - verifyElementText: Actual text and expected text of test object 'Object Repository/User/User Cart/cart_icon' are matched.

2018-05-07 17:50:59 - [MESSAGE][PASSED] - Actual text and expected text of test object 'Object Repository/User/User Cart/cart_icon' are matched.

2018-05-07 17:50:59 - [TEST_STEP][PASSED] - Statement - For (def j : (1..i)): Actual text and expected text of test object 'Object Repository/User/User Cart/added_3' are matched.

2018-05-07 17:50:59 - [TEST_STEP][PASSED] - click: Object: 'Object Repository/User/User Cart/add to cart1' is clicked on

2018-05-07 17:50:59 - [MESSAGE][PASSED] - Object: 'Object Repository/User/User Cart/add to cart1' is clicked on

2018-05-07 17:50:59 - [TEST_STEP][PASSED] - verifyElementText: Actual text and expected text of test object 'Object Repository/User/User Cart/added_1' are matched.

2018-05-07 17:50:59 - [MESSAGE][PASSED] - Actual text and expected text of test object 'Object Repository/User/User Cart/added_1' are matched.

2018-05-07 17:50:59 - [TEST_STEP][PASSED] - click: Object: 'Object Repository/User/User Cart/add to cart2' is clicked on

2018-05-07 17:50:59 - [MESSAGE][PASSED] - Object: 'Object Repository/User/User Cart/add to cart2' is clicked on

2018-05-07 17:50:59 - [TEST_STEP][PASSED] - verifyElementText: Actual text and expected text of test object 'Object Repository/User/User Cart/added_2' are matched.

2018-05-07 17:50:59 - [MESSAGE][PASSED] - Actual text and expected text of test object 'Object Repository/User/User Cart/added_2' are matched.

2018-05-07 17:50:59 - [TEST_STEP][PASSED] - click: Object: 'Object Repository/User/User Cart/add to cart3' is clicked on

2018-05-07 17:51:00 - [MESSAGE][PASSED] - Object: 'Object Repository/User/User Cart/add to cart3' is clicked on

2018-05-07 17:51:00 - [TEST_STEP][PASSED] - verifyElementText: Actual text and expected text of test object 'Object Repository/User/User Cart/added_3' are matched.

2018-05-07 17:51:00 - [MESSAGE][PASSED] - Actual text and expected text of test object 'Object Repository/User/User Cart/added_3' are matched.

2018-05-07 17:51:00 - [TEST_STEP][PASSED] - verifyElementText: Actual text and expected text of test object 'Object Repository/User/User Cart/cart_icon' are matched.

2018-05-07 17:51:00 - [MESSAGE][PASSED] - Actual text and expected text of test object 'Object Repository/User/User Cart/cart_icon' are matched.

2018-05-07 17:51:00 - [TEST_STEP][PASSED] - Statement - For (def j : (1..i)): Actual text and expected text of test object 'Object Repository/User/User Cart/added_4' are matched.

2018-05-07 17:51:00 - [TEST_STEP][PASSED] - click: Object: 'Object Repository/User/User Cart/add to cart1' is clicked on

2018-05-07 17:51:00 - [MESSAGE][PASSED] - Object: 'Object Repository/User/User Cart/add to cart1' is clicked on

2018-05-07 17:51:00 - [TEST_STEP][PASSED] - verifyElementText: Actual text and expected text of test object 'Object Repository/User/User Cart/added_1' are matched.

2018-05-07 17:51:01 - [MESSAGE][PASSED] - Actual text and expected text of test object 'Object Repository/User/User Cart/added_1' are matched.

2018-05-07 17:51:01 - [TEST_STEP][PASSED] - click: Object: 'Object Repository/User/User Cart/add to cart2' is clicked on

2018-05-07 17:51:01 - [MESSAGE][PASSED] - Object: 'Object Repository/User/User Cart/add to cart2' is clicked on

2018-05-07 17:51:01 - [TEST_STEP][PASSED] - verifyElementText: Actual text and expected text of test object 'Object Repository/User/User Cart/added_2' are matched.

2018-05-07 17:51:01 - [MESSAGE][PASSED] - Actual text and expected text of test object 'Object Repository/User/User Cart/added_2' are matched.

2018-05-07 17:51:01 - [TEST_STEP][PASSED] - click: Object: 'Object Repository/User/User Cart/add to cart3' is clicked on

2018-05-07 17:51:01 - [MESSAGE][PASSED] - Object: 'Object Repository/User/User Cart/add to cart3' is clicked on

2018-05-07 17:51:01 - [TEST_STEP][PASSED] - verifyElementText: Actual text and expected text of test object 'Object Repository/User/User Cart/added_3' are matched.

2018-05-07 17:51:01 - [MESSAGE][PASSED] - Actual text and expected text of test object 'Object Repository/User/User Cart/added_3' are matched.

2018-05-07 17:51:02 - [TEST_STEP][PASSED] - click: Object: 'Object Repository/User/User Cart/add to cart4' is clicked on

2018-05-07 17:51:02 - [MESSAGE][PASSED] - Object: 'Object Repository/User/User Cart/add to cart4' is clicked on

2018-05-07 17:51:02 - [TEST_STEP][PASSED] - verifyElementText: Actual text and expected text of test object 'Object Repository/User/User Cart/added_4' are matched.

2018-05-07 17:51:02 - [MESSAGE][PASSED] - Actual text and expected text of test object 'Object Repository/User/User Cart/added_4' are matched.

2018-05-07 17:51:02 - [TEST_STEP][PASSED] - verifyElementText: Actual text and expected text of test object 'Object Repository/User/User Cart/cart_icon' are matched.

2018-05-07 17:51:02 - [MESSAGE][PASSED] - Actual text and expected text of test object 'Object Repository/User/User Cart/cart_icon' are matched.

2018-05-07 17:51:02 - [TEST_STEP][PASSED] - Statement - For (def j : (1..i)): Actual text and expected text of test object 'Object Repository/User/User Cart/added_5' are matched.

2018-05-07 17:51:02 - [TEST_STEP][PASSED] - click: Object: 'Object Repository/User/User Cart/add to cart1' is clicked on

2018-05-07 17:51:02 - [MESSAGE][PASSED] - Object: 'Object Repository/User/User Cart/add to cart1' is clicked on

2018-05-07 17:51:02 - [TEST_STEP][PASSED] - verifyElementText: Actual text and expected text of test object 'Object Repository/User/User Cart/added_1' are matched.

2018-05-07 17:51:03 - [MESSAGE][PASSED] - Actual text and expected text of test object 'Object Repository/User/User Cart/added_1' are matched.

2018-05-07 17:51:03 - [TEST_STEP][PASSED] - click: Object: 'Object Repository/User/User Cart/add to cart2' is clicked on

2018-05-07 17:51:03 - [MESSAGE][PASSED] - Object: 'Object Repository/User/User Cart/add to cart2' is clicked on

2018-05-07 17:51:03 - [TEST_STEP][PASSED] - verifyElementText: Actual text and expected text of test object 'Object Repository/User/User Cart/added_2' are matched.

2018-05-07 17:51:03 - [MESSAGE][PASSED] - Actual text and expected text of test object 'Object Repository/User/User Cart/added_2' are matched.

2018-05-07 17:51:03 - [TEST_STEP][PASSED] - click: Object: 'Object Repository/User/User Cart/add to cart3' is clicked on

2018-05-07 17:51:03 - [MESSAGE][PASSED] - Object: 'Object Repository/User/User Cart/add to cart3' is clicked on

2018-05-07 17:51:03 - [TEST_STEP][PASSED] - verifyElementText: Actual text and expected text of test object 'Object Repository/User/User Cart/added_3' are matched.

2018-05-07 17:51:03 - [MESSAGE][PASSED] - Actual text and expected text of test object 'Object Repository/User/User Cart/added_3' are matched.

2018-05-07 17:51:04 - [TEST_STEP][PASSED] - click: Object: 'Object Repository/User/User Cart/add to cart4' is clicked on

2018-05-07 17:51:04 - [MESSAGE][PASSED] - Object: 'Object Repository/User/User Cart/add to cart4' is clicked on

2018-05-07 17:51:04 - [TEST_STEP][PASSED] - verifyElementText: Actual text and expected text of test object 'Object Repository/User/User Cart/added_4' are matched.

2018-05-07 17:51:04 - [MESSAGE][PASSED] - Actual text and expected text of test object 'Object Repository/User/User Cart/added_4' are matched.

2018-05-07 17:51:04 - [TEST_STEP][PASSED] - click: Object: 'Object Repository/User/User Cart/add to cart5' is clicked on

2018-05-07 17:51:05 - [MESSAGE][PASSED] - Object: 'Object Repository/User/User Cart/add to cart5' is clicked on

2018-05-07 17:51:05 - [TEST_STEP][PASSED] - verifyElementText: Actual text and expected text of test object 'Object Repository/User/User Cart/added_5' are matched.

2018-05-07 17:51:05 - [MESSAGE][PASSED] - Actual text and expected text of test object 'Object Repository/User/User Cart/added_5' are matched.

2018-05-07 17:51:05 - [TEST_STEP][PASSED] - verifyElementText: Actual text and expected text of test object 'Object Repository/User/User Cart/cart_icon' are matched.

2018-05-07 17:51:05 - [MESSAGE][PASSED] - Actual text and expected text of test object 'Object Repository/User/User Cart/cart_icon' are matched.

2018-05-07 17:51:05 - [TEST_STEP][PASSED] - closeBrowser: Browser is closed

2018-05-07 17:51:06 - [MESSAGE][PASSED] - Browser is closed]]></system-out>
         <system-err><![CDATA[]]></system-err>
      </testcase>
      <testcase name="Test Cases/User Test Case 2" classname="Test Cases/User Test Case 2" status="PASSED">
         <system-out><![CDATA[2018-05-07 17:51:06 - [TEST_CASE][PASSED] - Test Cases/User Test Case 2: Test Cases/User Test Case 2

2018-05-07 17:51:06 - [TEST_STEP][PASSED] - openBrowser: Browser is opened with url: ''

2018-05-07 17:51:29 - [MESSAGE][PASSED] - Browser is opened with url: ''

2018-05-07 17:51:29 - [TEST_STEP][PASSED] - navigateToUrl: Navigate to 'http://18.188.55.188:8085/' successfully

2018-05-07 17:51:37 - [MESSAGE][PASSED] - Navigate to 'http://18.188.55.188:8085/' successfully

2018-05-07 17:51:37 - [TEST_STEP][PASSED] - setText: Text 'hello' is set on object 'Object Repository/User/User Cart/input_username'

2018-05-07 17:51:37 - [MESSAGE][PASSED] - Text 'hello' is set on object 'Object Repository/User/User Cart/input_username'

2018-05-07 17:51:37 - [TEST_STEP][PASSED] - setText: Text 'hello' is set on object 'Object Repository/User/User Cart/input_password'

2018-05-07 17:51:37 - [MESSAGE][PASSED] - Text 'hello' is set on object 'Object Repository/User/User Cart/input_password'

2018-05-07 17:51:37 - [TEST_STEP][PASSED] - click: Object: 'Object Repository/User/User Cart/button_Login' is clicked on

2018-05-07 17:51:38 - [MESSAGE][PASSED] - Object: 'Object Repository/User/User Cart/button_Login' is clicked on

2018-05-07 17:51:38 - [TEST_STEP][PASSED] - Statement - driver = com.kms.katalon.core.webui.driver.DriverFactory.getWebDriver(): null

2018-05-07 17:51:38 - [TEST_STEP][PASSED] - waitForElementPresent: Object 'Object Repository/User/User Cart/add to cart1' is present

2018-05-07 17:51:38 - [MESSAGE][WARNING] - Timeout '0' is invalid. Using default page load timeout: '30'

2018-05-07 17:51:39 - [MESSAGE][PASSED] - Object 'Object Repository/User/User Cart/add to cart1' is present

2018-05-07 17:51:39 - [TEST_STEP][PASSED] - Statement - products = driver.findElement(org.openqa.selenium.By.xpath("/html/body/app-root/app-product-list/div/div[2]/div")): null

2018-05-07 17:51:39 - [TEST_STEP][PASSED] - Statement - productList = products.findElements(org.openqa.selenium.By.className("farmer-card")): null

2018-05-07 17:51:39 - [TEST_STEP][PASSED] - Statement - println(productList.size()): null

2018-05-07 17:51:39 - [TEST_STEP][PASSED] - Statement - variables = new java.util.ArrayList(): null

2018-05-07 17:51:39 - [TEST_STEP][PASSED] - Statement - For (def i : (1..productList.size())): Actual text and expected text of test object 'Object Repository/User/User Cart/cart_icon' are matched.

2018-05-07 17:51:39 - [TEST_STEP][PASSED] - Statement - For (def j : (1..i)): Actual text and expected text of test object 'Object Repository/User/User Cart/added_1' are matched.

2018-05-07 17:51:39 - [TEST_STEP][PASSED] - click: Object: 'Object Repository/User/User Cart/add to cart1' is clicked on

2018-05-07 17:51:40 - [MESSAGE][PASSED] - Object: 'Object Repository/User/User Cart/add to cart1' is clicked on

2018-05-07 17:51:40 - [TEST_STEP][PASSED] - verifyElementText: Actual text and expected text of test object 'Object Repository/User/User Cart/added_1' are matched.

2018-05-07 17:51:40 - [MESSAGE][PASSED] - Actual text and expected text of test object 'Object Repository/User/User Cart/added_1' are matched.

2018-05-07 17:51:40 - [TEST_STEP][PASSED] - verifyElementText: Actual text and expected text of test object 'Object Repository/User/User Cart/cart_icon' are matched.

2018-05-07 17:51:40 - [MESSAGE][PASSED] - Actual text and expected text of test object 'Object Repository/User/User Cart/cart_icon' are matched.

2018-05-07 17:51:40 - [TEST_STEP][PASSED] - Statement - For (def j : (1..i)): Actual text and expected text of test object 'Object Repository/User/User Cart/added_2' are matched.

2018-05-07 17:51:40 - [TEST_STEP][PASSED] - click: Object: 'Object Repository/User/User Cart/add to cart1' is clicked on

2018-05-07 17:51:40 - [MESSAGE][PASSED] - Object: 'Object Repository/User/User Cart/add to cart1' is clicked on

2018-05-07 17:51:40 - [TEST_STEP][PASSED] - verifyElementText: Actual text and expected text of test object 'Object Repository/User/User Cart/added_1' are matched.

2018-05-07 17:51:40 - [MESSAGE][PASSED] - Actual text and expected text of test object 'Object Repository/User/User Cart/added_1' are matched.

2018-05-07 17:51:40 - [TEST_STEP][PASSED] - click: Object: 'Object Repository/User/User Cart/add to cart2' is clicked on

2018-05-07 17:51:40 - [MESSAGE][PASSED] - Object: 'Object Repository/User/User Cart/add to cart2' is clicked on

2018-05-07 17:51:40 - [TEST_STEP][PASSED] - verifyElementText: Actual text and expected text of test object 'Object Repository/User/User Cart/added_2' are matched.

2018-05-07 17:51:40 - [MESSAGE][PASSED] - Actual text and expected text of test object 'Object Repository/User/User Cart/added_2' are matched.

2018-05-07 17:51:40 - [TEST_STEP][PASSED] - verifyElementText: Actual text and expected text of test object 'Object Repository/User/User Cart/cart_icon' are matched.

2018-05-07 17:51:40 - [MESSAGE][PASSED] - Actual text and expected text of test object 'Object Repository/User/User Cart/cart_icon' are matched.

2018-05-07 17:51:40 - [TEST_STEP][PASSED] - Statement - For (def j : (1..i)): Actual text and expected text of test object 'Object Repository/User/User Cart/added_3' are matched.

2018-05-07 17:51:40 - [TEST_STEP][PASSED] - click: Object: 'Object Repository/User/User Cart/add to cart1' is clicked on

2018-05-07 17:51:40 - [MESSAGE][PASSED] - Object: 'Object Repository/User/User Cart/add to cart1' is clicked on

2018-05-07 17:51:40 - [TEST_STEP][PASSED] - verifyElementText: Actual text and expected text of test object 'Object Repository/User/User Cart/added_1' are matched.

2018-05-07 17:51:40 - [MESSAGE][PASSED] - Actual text and expected text of test object 'Object Repository/User/User Cart/added_1' are matched.

2018-05-07 17:51:40 - [TEST_STEP][PASSED] - click: Object: 'Object Repository/User/User Cart/add to cart2' is clicked on

2018-05-07 17:51:41 - [MESSAGE][PASSED] - Object: 'Object Repository/User/User Cart/add to cart2' is clicked on

2018-05-07 17:51:41 - [TEST_STEP][PASSED] - verifyElementText: Actual text and expected text of test object 'Object Repository/User/User Cart/added_2' are matched.

2018-05-07 17:51:41 - [MESSAGE][PASSED] - Actual text and expected text of test object 'Object Repository/User/User Cart/added_2' are matched.

2018-05-07 17:51:41 - [TEST_STEP][PASSED] - click: Object: 'Object Repository/User/User Cart/add to cart3' is clicked on

2018-05-07 17:51:42 - [MESSAGE][PASSED] - Object: 'Object Repository/User/User Cart/add to cart3' is clicked on

2018-05-07 17:51:42 - [TEST_STEP][PASSED] - verifyElementText: Actual text and expected text of test object 'Object Repository/User/User Cart/added_3' are matched.

2018-05-07 17:51:42 - [MESSAGE][PASSED] - Actual text and expected text of test object 'Object Repository/User/User Cart/added_3' are matched.

2018-05-07 17:51:42 - [TEST_STEP][PASSED] - verifyElementText: Actual text and expected text of test object 'Object Repository/User/User Cart/cart_icon' are matched.

2018-05-07 17:51:42 - [MESSAGE][PASSED] - Actual text and expected text of test object 'Object Repository/User/User Cart/cart_icon' are matched.

2018-05-07 17:51:42 - [TEST_STEP][PASSED] - Statement - For (def j : (1..i)): Actual text and expected text of test object 'Object Repository/User/User Cart/added_4' are matched.

2018-05-07 17:51:42 - [TEST_STEP][PASSED] - click: Object: 'Object Repository/User/User Cart/add to cart1' is clicked on

2018-05-07 17:51:42 - [MESSAGE][PASSED] - Object: 'Object Repository/User/User Cart/add to cart1' is clicked on

2018-05-07 17:51:42 - [TEST_STEP][PASSED] - verifyElementText: Actual text and expected text of test object 'Object Repository/User/User Cart/added_1' are matched.

2018-05-07 17:51:42 - [MESSAGE][PASSED] - Actual text and expected text of test object 'Object Repository/User/User Cart/added_1' are matched.

2018-05-07 17:51:43 - [TEST_STEP][PASSED] - click: Object: 'Object Repository/User/User Cart/add to cart2' is clicked on

2018-05-07 17:51:43 - [MESSAGE][PASSED] - Object: 'Object Repository/User/User Cart/add to cart2' is clicked on

2018-05-07 17:51:43 - [TEST_STEP][PASSED] - verifyElementText: Actual text and expected text of test object 'Object Repository/User/User Cart/added_2' are matched.

2018-05-07 17:51:43 - [MESSAGE][PASSED] - Actual text and expected text of test object 'Object Repository/User/User Cart/added_2' are matched.

2018-05-07 17:51:43 - [TEST_STEP][PASSED] - click: Object: 'Object Repository/User/User Cart/add to cart3' is clicked on

2018-05-07 17:51:43 - [MESSAGE][PASSED] - Object: 'Object Repository/User/User Cart/add to cart3' is clicked on

2018-05-07 17:51:43 - [TEST_STEP][PASSED] - verifyElementText: Actual text and expected text of test object 'Object Repository/User/User Cart/added_3' are matched.

2018-05-07 17:51:43 - [MESSAGE][PASSED] - Actual text and expected text of test object 'Object Repository/User/User Cart/added_3' are matched.

2018-05-07 17:51:43 - [TEST_STEP][PASSED] - click: Object: 'Object Repository/User/User Cart/add to cart4' is clicked on

2018-05-07 17:51:44 - [MESSAGE][PASSED] - Object: 'Object Repository/User/User Cart/add to cart4' is clicked on

2018-05-07 17:51:44 - [TEST_STEP][PASSED] - verifyElementText: Actual text and expected text of test object 'Object Repository/User/User Cart/added_4' are matched.

2018-05-07 17:51:44 - [MESSAGE][PASSED] - Actual text and expected text of test object 'Object Repository/User/User Cart/added_4' are matched.

2018-05-07 17:51:44 - [TEST_STEP][PASSED] - verifyElementText: Actual text and expected text of test object 'Object Repository/User/User Cart/cart_icon' are matched.

2018-05-07 17:51:44 - [MESSAGE][PASSED] - Actual text and expected text of test object 'Object Repository/User/User Cart/cart_icon' are matched.

2018-05-07 17:51:44 - [TEST_STEP][PASSED] - Statement - For (def j : (1..i)): Actual text and expected text of test object 'Object Repository/User/User Cart/added_5' are matched.

2018-05-07 17:51:44 - [TEST_STEP][PASSED] - click: Object: 'Object Repository/User/User Cart/add to cart1' is clicked on

2018-05-07 17:51:45 - [MESSAGE][PASSED] - Object: 'Object Repository/User/User Cart/add to cart1' is clicked on

2018-05-07 17:51:45 - [TEST_STEP][PASSED] - verifyElementText: Actual text and expected text of test object 'Object Repository/User/User Cart/added_1' are matched.

2018-05-07 17:51:45 - [MESSAGE][PASSED] - Actual text and expected text of test object 'Object Repository/User/User Cart/added_1' are matched.

2018-05-07 17:51:45 - [TEST_STEP][PASSED] - click: Object: 'Object Repository/User/User Cart/add to cart2' is clicked on

2018-05-07 17:51:45 - [MESSAGE][PASSED] - Object: 'Object Repository/User/User Cart/add to cart2' is clicked on

2018-05-07 17:51:45 - [TEST_STEP][PASSED] - verifyElementText: Actual text and expected text of test object 'Object Repository/User/User Cart/added_2' are matched.

2018-05-07 17:51:45 - [MESSAGE][PASSED] - Actual text and expected text of test object 'Object Repository/User/User Cart/added_2' are matched.

2018-05-07 17:51:45 - [TEST_STEP][PASSED] - click: Object: 'Object Repository/User/User Cart/add to cart3' is clicked on

2018-05-07 17:51:46 - [MESSAGE][PASSED] - Object: 'Object Repository/User/User Cart/add to cart3' is clicked on

2018-05-07 17:51:46 - [TEST_STEP][PASSED] - verifyElementText: Actual text and expected text of test object 'Object Repository/User/User Cart/added_3' are matched.

2018-05-07 17:51:46 - [MESSAGE][PASSED] - Actual text and expected text of test object 'Object Repository/User/User Cart/added_3' are matched.

2018-05-07 17:51:46 - [TEST_STEP][PASSED] - click: Object: 'Object Repository/User/User Cart/add to cart4' is clicked on

2018-05-07 17:51:46 - [MESSAGE][PASSED] - Object: 'Object Repository/User/User Cart/add to cart4' is clicked on

2018-05-07 17:51:46 - [TEST_STEP][PASSED] - verifyElementText: Actual text and expected text of test object 'Object Repository/User/User Cart/added_4' are matched.

2018-05-07 17:51:46 - [MESSAGE][PASSED] - Actual text and expected text of test object 'Object Repository/User/User Cart/added_4' are matched.

2018-05-07 17:51:46 - [TEST_STEP][PASSED] - click: Object: 'Object Repository/User/User Cart/add to cart5' is clicked on

2018-05-07 17:51:47 - [MESSAGE][PASSED] - Object: 'Object Repository/User/User Cart/add to cart5' is clicked on

2018-05-07 17:51:47 - [TEST_STEP][PASSED] - verifyElementText: Actual text and expected text of test object 'Object Repository/User/User Cart/added_5' are matched.

2018-05-07 17:51:47 - [MESSAGE][PASSED] - Actual text and expected text of test object 'Object Repository/User/User Cart/added_5' are matched.

2018-05-07 17:51:47 - [TEST_STEP][PASSED] - verifyElementText: Actual text and expected text of test object 'Object Repository/User/User Cart/cart_icon' are matched.

2018-05-07 17:51:47 - [MESSAGE][PASSED] - Actual text and expected text of test object 'Object Repository/User/User Cart/cart_icon' are matched.

2018-05-07 17:51:48 - [TEST_STEP][PASSED] - closeBrowser: Browser is closed

2018-05-07 17:51:49 - [MESSAGE][PASSED] - Browser is closed]]></system-out>
         <system-err><![CDATA[]]></system-err>
      </testcase>
      <system-out><![CDATA[2018-05-07 17:50:14 - [TEST_SUITE][PASSED] - Test Suite for User Test Case 2: Test Cases/User Test Case 2]]></system-out>
      <system-err><![CDATA[]]></system-err>
   </testsuite>
</testsuites>
