<?xml version="1.0" encoding="UTF-8"?>
<testsuites name="Test Suite for Admin Test Case 1" time="46" tests="1" failures="0" errors="0">
   <testsuite name="Test Suite for Admin Test Case 1" tests="1" failures="0" errors="0" time="46" timestamp="2018-05-07 11:40:34" hostname="Andrew_Dpp - 10.80.101.119" id="Test Suites/Test Suite for Admin Test Case 1">
      <properties>
         <property name="deviceName" value=""/>
         <property name="devicePlatform" value=""/>
         <property name="logFolder" value="C:\\Users\\Andrew_Dpp\\git\\234project-katalon\\Reports\\Test Suite for Admin Test Case 1\\20180507_114017"/>
         <property name="logFiles" value="C:\\Users\\Andrew_Dpp\\git\\234project-katalon\\Reports\\Test Suite for Admin Test Case 1\\20180507_114017\\execution0.log"/>
         <property name="attachments" value=""/>
         <property name="hostName" value="Andrew_Dpp - 10.80.101.119"/>
         <property name="os" value="Windows 7 64bit"/>
         <property name="katalonVersion" value="5.3.1.1"/>
         <property name="browser" value="Chrome 66.0.3359.139"/>
         <property name="hostAddress" value="10.80.101.119"/>
         <property name="sessionId" value="e5d3e637eb0ac1fa4106903e8450ae90"/>
         <property name="seleniumVersion" value="3.7.1"/>
         <property name="proxyInformation" value="ProxyInformation{proxyOption=NO_PROXY, proxyServerType=HTTP, password=, proxyServerAddress=, proxyServerPort=0}"/>
         <property name="platform" value="Windows 7"/>
      </properties>
      <testcase name="Test Cases/Admin Test Case 1" classname="Test Cases/Admin Test Case 1" status="PASSED">
         <system-out><![CDATA[2018-05-07 11:40:35 - [TEST_CASE][PASSED] - Test Cases/Admin Test Case 1: Test Cases/Admin Test Case 1

2018-05-07 11:40:36 - [TEST_STEP][PASSED] - openBrowser: Browser is opened with url: ''

2018-05-07 11:41:03 - [MESSAGE][PASSED] - Browser is opened with url: ''

2018-05-07 11:41:03 - [TEST_STEP][PASSED] - Statement - driver = com.kms.katalon.core.webui.driver.DriverFactory.getWebDriver(): null

2018-05-07 11:41:03 - [TEST_STEP][PASSED] - navigateToUrl: Navigate to 'http://18.188.55.188:8085/' successfully

2018-05-07 11:41:12 - [MESSAGE][PASSED] - Navigate to 'http://18.188.55.188:8085/' successfully

2018-05-07 11:41:12 - [TEST_STEP][PASSED] - setText: Text 'admin' is set on object 'Object Repository/Admin/input_username'

2018-05-07 11:41:13 - [MESSAGE][PASSED] - Text 'admin' is set on object 'Object Repository/Admin/input_username'

2018-05-07 11:41:13 - [TEST_STEP][PASSED] - setText: Text 'admin' is set on object 'Object Repository/Admin/input_password'

2018-05-07 11:41:13 - [MESSAGE][PASSED] - Text 'admin' is set on object 'Object Repository/Admin/input_password'

2018-05-07 11:41:13 - [TEST_STEP][PASSED] - click: Object: 'Object Repository/Admin/button_Login' is clicked on

2018-05-07 11:41:13 - [MESSAGE][PASSED] - Object: 'Object Repository/Admin/button_Login' is clicked on

2018-05-07 11:41:13 - [TEST_STEP][PASSED] - click: Object: 'Object Repository/Admin/div_Products' is clicked on

2018-05-07 11:41:14 - [MESSAGE][PASSED] - Object: 'Object Repository/Admin/div_Products' is clicked on

2018-05-07 11:41:14 - [TEST_STEP][PASSED] - click: Object: 'Object Repository/Admin/a_Total Transaction' is clicked on

2018-05-07 11:41:15 - [MESSAGE][PASSED] - Object: 'Object Repository/Admin/a_Total Transaction' is clicked on

2018-05-07 11:41:15 - [TEST_STEP][PASSED] - Statement - Table = driver.findElement(org.openqa.selenium.By.xpath("//*[@id="add-row"]/div/table/tbody")): null

2018-05-07 11:41:15 - [TEST_STEP][PASSED] - Statement - adminTotalPrice = driver.findElement(org.openqa.selenium.By.xpath("//*[@id="add-row"]/div/div[2]/div/p")).getText(): null

2018-05-07 11:41:16 - [TEST_STEP][PASSED] - Statement - adminTotalPrice = adminTotalPrice.replaceAll(" THB", "").replaceAll("Total price: ", "").replaceAll(",", ""): null

2018-05-07 11:41:16 - [TEST_STEP][PASSED] - Statement - println(adminTotalPrice): null

2018-05-07 11:41:16 - [TEST_STEP][PASSED] - Statement - adminTotalPrice = java.lang.Integer.parseInt(adminTotalPrice): null

2018-05-07 11:41:16 - [TEST_STEP][PASSED] - Statement - println(adminTotalPrice): null

2018-05-07 11:41:16 - [TEST_STEP][PASSED] - Statement - oldRows = Table.findElements(org.openqa.selenium.By.tagName("tr")): null

2018-05-07 11:41:16 - [TEST_STEP][PASSED] - Statement - valueOfOldRows = oldRows.size(): null

2018-05-07 11:41:16 - [TEST_STEP][PASSED] - click: Object: 'Object Repository/Admin/button_Logout' is clicked on

2018-05-07 11:41:16 - [MESSAGE][PASSED] - Object: 'Object Repository/Admin/button_Logout' is clicked on

2018-05-07 11:41:16 - [TEST_STEP][PASSED] - setText: Text 'user' is set on object 'Object Repository/Admin/input_username'

2018-05-07 11:41:16 - [MESSAGE][PASSED] - Text 'user' is set on object 'Object Repository/Admin/input_username'

2018-05-07 11:41:16 - [TEST_STEP][PASSED] - setText: Text 'user' is set on object 'Object Repository/Admin/input_password'

2018-05-07 11:41:17 - [MESSAGE][PASSED] - Text 'user' is set on object 'Object Repository/Admin/input_password'

2018-05-07 11:41:17 - [TEST_STEP][PASSED] - click: Object: 'Object Repository/Admin/button_Login' is clicked on

2018-05-07 11:41:17 - [MESSAGE][PASSED] - Object: 'Object Repository/Admin/button_Login' is clicked on

2018-05-07 11:41:17 - [TEST_STEP][PASSED] - click: Object: 'Object Repository/Admin/add to cart2' is clicked on

2018-05-07 11:41:18 - [MESSAGE][PASSED] - Object: 'Object Repository/Admin/add to cart2' is clicked on

2018-05-07 11:41:18 - [TEST_STEP][PASSED] - click: Object: 'Object Repository/Admin/span_1' is clicked on

2018-05-07 11:41:18 - [MESSAGE][PASSED] - Object: 'Object Repository/Admin/span_1' is clicked on

2018-05-07 11:41:18 - [TEST_STEP][PASSED] - Statement - xpathOfElement = driver.findElement(org.openqa.selenium.By.xpath("//*[@id="add-row"]/div/div[2]/div/p")): null

2018-05-07 11:41:18 - [TEST_STEP][PASSED] - Statement - println(xpathOfElement.getText()): null

2018-05-07 11:41:18 - [TEST_STEP][PASSED] - Statement - userTotalPrice = xpathOfElement.getText().replaceAll("Total price: ", ""): null

2018-05-07 11:41:18 - [TEST_STEP][PASSED] - Statement - valueOfUserTotalPrice = userTotalPrice.replaceAll(" THB", ""): null

2018-05-07 11:41:18 - [TEST_STEP][PASSED] - Statement - println(userTotalPrice): null

2018-05-07 11:41:18 - [TEST_STEP][PASSED] - click: Object: 'Object Repository/Admin/button_confirm' is clicked on

2018-05-07 11:41:18 - [MESSAGE][PASSED] - Object: 'Object Repository/Admin/button_confirm' is clicked on

2018-05-07 11:41:18 - [TEST_STEP][PASSED] - acceptAlert: Alert accepted

2018-05-07 11:41:18 - [MESSAGE][PASSED] - Alert accepted

2018-05-07 11:41:18 - [TEST_STEP][PASSED] - click: Object: 'Object Repository/Admin/button_Logout' is clicked on

2018-05-07 11:41:18 - [MESSAGE][PASSED] - Object: 'Object Repository/Admin/button_Logout' is clicked on

2018-05-07 11:41:18 - [TEST_STEP][PASSED] - waitForAngularLoad: This page doesn't use Angular.

2018-05-07 11:41:19 - [MESSAGE][WARNING] - This page doesn't use Angular.

2018-05-07 11:41:19 - [TEST_STEP][PASSED] - setText: Text 'admin' is set on object 'Object Repository/Admin/input_username'

2018-05-07 11:41:19 - [MESSAGE][PASSED] - Text 'admin' is set on object 'Object Repository/Admin/input_username'

2018-05-07 11:41:19 - [TEST_STEP][PASSED] - setText: Text 'admin' is set on object 'Object Repository/Admin/input_password'

2018-05-07 11:41:19 - [MESSAGE][PASSED] - Text 'admin' is set on object 'Object Repository/Admin/input_password'

2018-05-07 11:41:19 - [TEST_STEP][PASSED] - click: Object: 'Object Repository/Admin/button_Login' is clicked on

2018-05-07 11:41:19 - [MESSAGE][PASSED] - Object: 'Object Repository/Admin/button_Login' is clicked on

2018-05-07 11:41:19 - [TEST_STEP][PASSED] - click: Object: 'Object Repository/Admin/div_Products' is clicked on

2018-05-07 11:41:20 - [MESSAGE][PASSED] - Object: 'Object Repository/Admin/div_Products' is clicked on

2018-05-07 11:41:20 - [TEST_STEP][PASSED] - click: Object: 'Object Repository/Admin/a_Total Transaction' is clicked on

2018-05-07 11:41:20 - [MESSAGE][PASSED] - Object: 'Object Repository/Admin/a_Total Transaction' is clicked on

2018-05-07 11:41:20 - [TEST_STEP][PASSED] - Statement - Table = driver.findElement(org.openqa.selenium.By.xpath("//*[@id="add-row"]/div/table/tbody")): null

2018-05-07 11:41:20 - [TEST_STEP][PASSED] - Statement - newRows = Table.findElements(org.openqa.selenium.By.tagName("tr")): null

2018-05-07 11:41:20 - [TEST_STEP][PASSED] - Statement - newRowValue = driver.findElement(org.openqa.selenium.By.xpath("//*[@id="add-row"]/div/table/tbody/tr[" + newRows.size() - 1 + "]/td[3]")).getText(): null

2018-05-07 11:41:20 - [TEST_STEP][PASSED] - Statement - println(newRows.size()): null

2018-05-07 11:41:20 - [TEST_STEP][PASSED] - Statement - println(newRowValue): null

2018-05-07 11:41:20 - [TEST_STEP][PASSED] - verifyEqual: Actual object '150 THB' and expected object '150 THB' are equal

2018-05-07 11:41:20 - [MESSAGE][PASSED] - Actual object '150 THB' and expected object '150 THB' are equal

2018-05-07 11:41:20 - [TEST_STEP][PASSED] - Statement - println("No. of old rows " + valueOfOldRows): null

2018-05-07 11:41:20 - [TEST_STEP][PASSED] - Statement - println("No. of new rows " + newRows.size()): null

2018-05-07 11:41:20 - [TEST_STEP][PASSED] - verifyGreaterThan: Actual number '72' is greater than expected number '71'

2018-05-07 11:41:20 - [MESSAGE][PASSED] - Actual number '72' is greater than expected number '71'

2018-05-07 11:41:20 - [TEST_STEP][PASSED] - closeBrowser: Browser is closed

2018-05-07 11:41:21 - [MESSAGE][PASSED] - Browser is closed]]></system-out>
         <system-err><![CDATA[]]></system-err>
      </testcase>
      <system-out><![CDATA[2018-05-07 11:40:34 - [TEST_SUITE][PASSED] - Test Suite for Admin Test Case 1: Test Cases/Admin Test Case 1]]></system-out>
      <system-err><![CDATA[]]></system-err>
   </testsuite>
</testsuites>
