<?xml version="1.0" encoding="UTF-8"?>
<testsuites name="Test Suite for Logout Test Case 1" time="397" tests="3" failures="0" errors="0">
   <testsuite name="Test Suite for Logout Test Case 1" tests="3" failures="0" errors="0" time="397" timestamp="2018-04-28 11:01:34" hostname="Andrew_Dpp - 10.80.100.145" id="Test Suites/Test Suite for Logout Test Case 1">
      <properties>
         <property name="deviceName" value=""/>
         <property name="devicePlatform" value=""/>
         <property name="logFolder" value="C:\\Users\\Andrew_Dpp\\git\\234project-katalon\\Reports\\Test Suite for Logout Test Case 1\\20180428_110113"/>
         <property name="logFiles" value="C:\\Users\\Andrew_Dpp\\git\\234project-katalon\\Reports\\Test Suite for Logout Test Case 1\\20180428_110113\\execution0.log"/>
         <property name="attachments" value=""/>
         <property name="hostName" value="Andrew_Dpp - 10.80.100.145"/>
         <property name="os" value="Windows 7 64bit"/>
         <property name="katalonVersion" value="5.3.1.1"/>
         <property name="browser" value="Chrome 65.0.3325.181"/>
         <property name="hostAddress" value="10.80.100.145"/>
         <property name="sessionId" value="a723fac1d106cb9e52c1349b9387f6fb"/>
         <property name="seleniumVersion" value="3.7.1"/>
         <property name="proxyInformation" value="ProxyInformation{proxyOption=NO_PROXY, proxyServerType=HTTP, password=, proxyServerAddress=, proxyServerPort=0}"/>
         <property name="platform" value="Windows 7"/>
      </properties>
      <testcase name="Test Cases/Logout Test Case 1" classname="Test Cases/Logout Test Case 1" status="PASSED">
         <system-out><![CDATA[2018-04-28 11:01:35 - [TEST_CASE][PASSED] - Test Cases/Logout Test Case 1: Test Cases/Logout Test Case 1

2018-04-28 11:01:38 - [TEST_STEP][PASSED] - openBrowser: Browser is opened with url: ''

2018-04-28 11:02:21 - [MESSAGE][PASSED] - Browser is opened with url: ''

2018-04-28 11:02:21 - [TEST_STEP][PASSED] - navigateToUrl: Navigate to 'http://18.188.55.188:8085/' successfully

2018-04-28 11:02:47 - [MESSAGE][PASSED] - Navigate to 'http://18.188.55.188:8085/' successfully

2018-04-28 11:02:47 - [TEST_STEP][PASSED] - setText: Text 'user' is set on object 'Object Repository/Logout/input_username'

2018-04-28 11:03:21 - [MESSAGE][PASSED] - Text 'user' is set on object 'Object Repository/Logout/input_username'

2018-04-28 11:03:21 - [TEST_STEP][PASSED] - setText: Text 'user' is set on object 'Object Repository/Logout/input_password'

2018-04-28 11:03:59 - [MESSAGE][PASSED] - Text 'user' is set on object 'Object Repository/Logout/input_password'

2018-04-28 11:03:59 - [TEST_STEP][PASSED] - click: Object: 'Object Repository/Logout/button_Login' is clicked on

2018-04-28 11:04:03 - [MESSAGE][PASSED] - Object: 'Object Repository/Logout/button_Login' is clicked on

2018-04-28 11:04:03 - [TEST_STEP][PASSED] - click: Object: 'Object Repository/Logout/button_Logout' is clicked on

2018-04-28 11:04:10 - [MESSAGE][PASSED] - Object: 'Object Repository/Logout/button_Logout' is clicked on

2018-04-28 11:04:10 - [TEST_STEP][PASSED] - verifyElementText: Actual text and expected text of test object 'Object Repository/Logout/h2_Login' are matched.

2018-04-28 11:04:11 - [MESSAGE][PASSED] - Actual text and expected text of test object 'Object Repository/Logout/h2_Login' are matched.

2018-04-28 11:04:11 - [TEST_STEP][PASSED] - verifyElementText: Actual text and expected text of test object 'Object Repository/Logout/label_Username' are matched.

2018-04-28 11:04:12 - [MESSAGE][PASSED] - Actual text and expected text of test object 'Object Repository/Logout/label_Username' are matched.

2018-04-28 11:04:12 - [TEST_STEP][PASSED] - verifyElementText: Actual text and expected text of test object 'Object Repository/Logout/label_Password' are matched.

2018-04-28 11:04:13 - [MESSAGE][PASSED] - Actual text and expected text of test object 'Object Repository/Logout/label_Password' are matched.

2018-04-28 11:04:13 - [TEST_STEP][PASSED] - verifyElementText: Actual text and expected text of test object 'Object Repository/Logout/button_Login' are matched.

2018-04-28 11:04:14 - [MESSAGE][PASSED] - Actual text and expected text of test object 'Object Repository/Logout/button_Login' are matched.

2018-04-28 11:04:14 - [TEST_STEP][PASSED] - closeBrowser: Browser is closed

2018-04-28 11:04:55 - [MESSAGE][PASSED] - Browser is closed]]></system-out>
         <system-err><![CDATA[]]></system-err>
      </testcase>
      <testcase name="Test Cases/Logout Test Case 1" classname="Test Cases/Logout Test Case 1" status="PASSED">
         <system-out><![CDATA[2018-04-28 11:04:55 - [TEST_CASE][PASSED] - Test Cases/Logout Test Case 1: Test Cases/Logout Test Case 1

2018-04-28 11:04:55 - [TEST_STEP][PASSED] - openBrowser: Browser is opened with url: ''

2018-04-28 11:05:42 - [MESSAGE][PASSED] - Browser is opened with url: ''

2018-04-28 11:05:42 - [TEST_STEP][PASSED] - navigateToUrl: Navigate to 'http://18.188.55.188:8085/' successfully

2018-04-28 11:06:15 - [MESSAGE][PASSED] - Navigate to 'http://18.188.55.188:8085/' successfully

2018-04-28 11:06:15 - [TEST_STEP][PASSED] - setText: Text 'hello' is set on object 'Object Repository/Logout/input_username'

2018-04-28 11:06:31 - [MESSAGE][PASSED] - Text 'hello' is set on object 'Object Repository/Logout/input_username'

2018-04-28 11:06:31 - [TEST_STEP][PASSED] - setText: Text 'hello' is set on object 'Object Repository/Logout/input_password'

2018-04-28 11:06:40 - [MESSAGE][PASSED] - Text 'hello' is set on object 'Object Repository/Logout/input_password'

2018-04-28 11:06:40 - [TEST_STEP][PASSED] - click: Object: 'Object Repository/Logout/button_Login' is clicked on

2018-04-28 11:06:44 - [MESSAGE][PASSED] - Object: 'Object Repository/Logout/button_Login' is clicked on

2018-04-28 11:06:44 - [TEST_STEP][PASSED] - click: Object: 'Object Repository/Logout/button_Logout' is clicked on

2018-04-28 11:06:47 - [MESSAGE][PASSED] - Object: 'Object Repository/Logout/button_Logout' is clicked on

2018-04-28 11:06:47 - [TEST_STEP][PASSED] - verifyElementText: Actual text and expected text of test object 'Object Repository/Logout/h2_Login' are matched.

2018-04-28 11:06:50 - [MESSAGE][PASSED] - Actual text and expected text of test object 'Object Repository/Logout/h2_Login' are matched.

2018-04-28 11:06:50 - [TEST_STEP][PASSED] - verifyElementText: Actual text and expected text of test object 'Object Repository/Logout/label_Username' are matched.

2018-04-28 11:06:54 - [MESSAGE][PASSED] - Actual text and expected text of test object 'Object Repository/Logout/label_Username' are matched.

2018-04-28 11:06:54 - [TEST_STEP][PASSED] - verifyElementText: Actual text and expected text of test object 'Object Repository/Logout/label_Password' are matched.

2018-04-28 11:06:58 - [MESSAGE][PASSED] - Actual text and expected text of test object 'Object Repository/Logout/label_Password' are matched.

2018-04-28 11:06:58 - [TEST_STEP][PASSED] - verifyElementText: Actual text and expected text of test object 'Object Repository/Logout/button_Login' are matched.

2018-04-28 11:07:01 - [MESSAGE][PASSED] - Actual text and expected text of test object 'Object Repository/Logout/button_Login' are matched.

2018-04-28 11:07:01 - [TEST_STEP][PASSED] - closeBrowser: Browser is closed

2018-04-28 11:07:11 - [MESSAGE][PASSED] - Browser is closed]]></system-out>
         <system-err><![CDATA[]]></system-err>
      </testcase>
      <testcase name="Test Cases/Logout Test Case 1" classname="Test Cases/Logout Test Case 1" status="PASSED">
         <system-out><![CDATA[2018-04-28 11:07:11 - [TEST_CASE][PASSED] - Test Cases/Logout Test Case 1: Test Cases/Logout Test Case 1

2018-04-28 11:07:11 - [TEST_STEP][PASSED] - openBrowser: Browser is opened with url: ''

2018-04-28 11:07:44 - [MESSAGE][PASSED] - Browser is opened with url: ''

2018-04-28 11:07:44 - [TEST_STEP][PASSED] - navigateToUrl: Navigate to 'http://18.188.55.188:8085/' successfully

2018-04-28 11:08:05 - [MESSAGE][PASSED] - Navigate to 'http://18.188.55.188:8085/' successfully

2018-04-28 11:08:05 - [TEST_STEP][PASSED] - setText: Text 'admin' is set on object 'Object Repository/Logout/input_username'

2018-04-28 11:08:06 - [MESSAGE][PASSED] - Text 'admin' is set on object 'Object Repository/Logout/input_username'

2018-04-28 11:08:06 - [TEST_STEP][PASSED] - setText: Text 'admin' is set on object 'Object Repository/Logout/input_password'

2018-04-28 11:08:07 - [MESSAGE][PASSED] - Text 'admin' is set on object 'Object Repository/Logout/input_password'

2018-04-28 11:08:07 - [TEST_STEP][PASSED] - click: Object: 'Object Repository/Logout/button_Login' is clicked on

2018-04-28 11:08:07 - [MESSAGE][PASSED] - Object: 'Object Repository/Logout/button_Login' is clicked on

2018-04-28 11:08:07 - [TEST_STEP][PASSED] - click: Object: 'Object Repository/Logout/button_Logout' is clicked on

2018-04-28 11:08:09 - [MESSAGE][PASSED] - Object: 'Object Repository/Logout/button_Logout' is clicked on

2018-04-28 11:08:09 - [TEST_STEP][PASSED] - verifyElementText: Actual text and expected text of test object 'Object Repository/Logout/h2_Login' are matched.

2018-04-28 11:08:09 - [MESSAGE][PASSED] - Actual text and expected text of test object 'Object Repository/Logout/h2_Login' are matched.

2018-04-28 11:08:09 - [TEST_STEP][PASSED] - verifyElementText: Actual text and expected text of test object 'Object Repository/Logout/label_Username' are matched.

2018-04-28 11:08:09 - [MESSAGE][PASSED] - Actual text and expected text of test object 'Object Repository/Logout/label_Username' are matched.

2018-04-28 11:08:09 - [TEST_STEP][PASSED] - verifyElementText: Actual text and expected text of test object 'Object Repository/Logout/label_Password' are matched.

2018-04-28 11:08:09 - [MESSAGE][PASSED] - Actual text and expected text of test object 'Object Repository/Logout/label_Password' are matched.

2018-04-28 11:08:09 - [TEST_STEP][PASSED] - verifyElementText: Actual text and expected text of test object 'Object Repository/Logout/button_Login' are matched.

2018-04-28 11:08:10 - [MESSAGE][PASSED] - Actual text and expected text of test object 'Object Repository/Logout/button_Login' are matched.

2018-04-28 11:08:10 - [TEST_STEP][PASSED] - closeBrowser: Browser is closed

2018-04-28 11:08:11 - [MESSAGE][PASSED] - Browser is closed]]></system-out>
         <system-err><![CDATA[]]></system-err>
      </testcase>
      <system-out><![CDATA[2018-04-28 11:01:34 - [TEST_SUITE][PASSED] - Test Suite for Logout Test Case 1: Test Cases/Logout Test Case 1]]></system-out>
      <system-err><![CDATA[]]></system-err>
   </testsuite>
</testsuites>
