<?xml version="1.0" encoding="UTF-8"?>
<testsuites name="Test Suite for Login Test Case 1" time="61" tests="0" failures="0" errors="3">
   <testsuite name="Test Suite for Login Test Case 1" tests="0" failures="0" errors="3" time="61" timestamp="2018-04-27 21:50:06" hostname="Andrew_Dpp - Andrew_Dpp-PC" id="Test Suites/Test Suite for Login Test Case 1">
      <properties>
         <property name="deviceName" value=""/>
         <property name="devicePlatform" value=""/>
         <property name="logFolder" value="C:\\Users\\Andrew_Dpp\\git\\234project-katalon\\Reports\\Test Suite for Login Test Case 1\\20180427_215003"/>
         <property name="logFiles" value="C:\\Users\\Andrew_Dpp\\git\\234project-katalon\\Reports\\Test Suite for Login Test Case 1\\20180427_215003\\execution0.log"/>
         <property name="attachments" value=""/>
         <property name="hostName" value="Andrew_Dpp - Andrew_Dpp-PC"/>
         <property name="os" value="Windows 7 64bit"/>
         <property name="katalonVersion" value="5.3.1.1"/>
         <property name="browser" value="Chrome 65.0.3325.181"/>
         <property name="hostAddress" value="192.168.1.6"/>
         <property name="sessionId" value="e12a148ce84613f7ed531df11feaf942"/>
         <property name="seleniumVersion" value="3.7.1"/>
         <property name="proxyInformation" value="ProxyInformation{proxyOption=NO_PROXY, proxyServerType=HTTP, password=, proxyServerAddress=, proxyServerPort=0}"/>
         <property name="platform" value="Windows 7"/>
      </properties>
      <testcase name="Test Cases/Login Test Case 1" classname="Test Cases/Login Test Case 1" status="ERROR">
         <error type="ERROR" message="Test Cases/Login Test Case 1 FAILED because (of) java.lang.NullPointerException"/>
         <system-out><![CDATA[2018-04-27 21:50:07 - [TEST_CASE][ERROR] - Test Cases/Login Test Case 1: Test Cases/Login Test Case 1 FAILED because (of) java.lang.NullPointerException

2018-04-27 21:50:08 - [TEST_STEP][PASSED] - openBrowser: Browser is opened with url: ''

2018-04-27 21:50:13 - [MESSAGE][PASSED] - Browser is opened with url: ''

2018-04-27 21:50:13 - [TEST_STEP][PASSED] - navigateToUrl: Navigate to 'http://18.188.55.188:8085/' successfully

2018-04-27 21:50:38 - [MESSAGE][PASSED] - Navigate to 'http://18.188.55.188:8085/' successfully

2018-04-27 21:50:38 - [TEST_STEP][PASSED] - setText: Text 'user' is set on object 'Object Repository/Login/Login Success/input_username'

2018-04-27 21:50:38 - [MESSAGE][PASSED] - Text 'user' is set on object 'Object Repository/Login/Login Success/input_username'

2018-04-27 21:50:38 - [TEST_STEP][PASSED] - setText: Text 'user' is set on object 'Object Repository/Login/Login Success/input_password'

2018-04-27 21:50:39 - [MESSAGE][PASSED] - Text 'user' is set on object 'Object Repository/Login/Login Success/input_password'

2018-04-27 21:50:39 - [TEST_STEP][PASSED] - click: Object: 'Object Repository/Login/Login Success/button_Login' is clicked on

2018-04-27 21:50:39 - [MESSAGE][PASSED] - Object: 'Object Repository/Login/Login Success/button_Login' is clicked on

2018-04-27 21:50:39 - [TEST_STEP][PASSED] - verifyElementText: Test object with id 'Object Repository/' does not exist

2018-04-27 21:50:39 - [MESSAGE][WARNING] - Test object with id 'Object Repository/User/Page_ProjectBackend/a_Products' does not exist

2018-04-27 21:50:39 - [MESSAGE][WARNING] - Test object with id 'Object Repository/' does not exist]]></system-out>
         <system-err><![CDATA[2018-04-27 21:50:07 - [TEST_CASE][ERROR] - Test Cases/Login Test Case 1: Test Cases/Login Test Case 1 FAILED because (of) java.lang.NullPointerException]]></system-err>
      </testcase>
      <testcase name="Test Cases/Login Test Case 1" classname="Test Cases/Login Test Case 1" status="ERROR">
         <error type="ERROR" message="Test Cases/Login Test Case 1 FAILED because (of) java.lang.NullPointerException"/>
         <system-out><![CDATA[2018-04-27 21:50:39 - [TEST_CASE][ERROR] - Test Cases/Login Test Case 1: Test Cases/Login Test Case 1 FAILED because (of) java.lang.NullPointerException

2018-04-27 21:50:39 - [TEST_STEP][PASSED] - openBrowser: Browser is opened with url: ''

2018-04-27 21:50:39 - [MESSAGE][WARNING] - A browser is already opened. Closing browser and opening a new one

2018-04-27 21:50:43 - [MESSAGE][PASSED] - Browser is opened with url: ''

2018-04-27 21:50:43 - [TEST_STEP][PASSED] - navigateToUrl: Navigate to 'http://18.188.55.188:8085/' successfully

2018-04-27 21:50:54 - [MESSAGE][PASSED] - Navigate to 'http://18.188.55.188:8085/' successfully

2018-04-27 21:50:54 - [TEST_STEP][PASSED] - setText: Text 'hello' is set on object 'Object Repository/Login/Login Success/input_username'

2018-04-27 21:50:54 - [MESSAGE][PASSED] - Text 'hello' is set on object 'Object Repository/Login/Login Success/input_username'

2018-04-27 21:50:54 - [TEST_STEP][PASSED] - setText: Text 'hello' is set on object 'Object Repository/Login/Login Success/input_password'

2018-04-27 21:50:54 - [MESSAGE][PASSED] - Text 'hello' is set on object 'Object Repository/Login/Login Success/input_password'

2018-04-27 21:50:54 - [TEST_STEP][PASSED] - click: Object: 'Object Repository/Login/Login Success/button_Login' is clicked on

2018-04-27 21:50:54 - [MESSAGE][PASSED] - Object: 'Object Repository/Login/Login Success/button_Login' is clicked on

2018-04-27 21:50:54 - [TEST_STEP][PASSED] - verifyElementText: Test object with id 'Object Repository/' does not exist

2018-04-27 21:50:54 - [MESSAGE][WARNING] - Test object with id 'Object Repository/User/Page_ProjectBackend/a_Products' does not exist

2018-04-27 21:50:54 - [MESSAGE][WARNING] - Test object with id 'Object Repository/' does not exist]]></system-out>
         <system-err><![CDATA[2018-04-27 21:50:39 - [TEST_CASE][ERROR] - Test Cases/Login Test Case 1: Test Cases/Login Test Case 1 FAILED because (of) java.lang.NullPointerException]]></system-err>
      </testcase>
      <testcase name="Test Cases/Login Test Case 1" classname="Test Cases/Login Test Case 1" status="ERROR">
         <error type="ERROR" message="Test Cases/Login Test Case 1 FAILED because (of) java.lang.NullPointerException"/>
         <system-out><![CDATA[2018-04-27 21:50:54 - [TEST_CASE][ERROR] - Test Cases/Login Test Case 1: Test Cases/Login Test Case 1 FAILED because (of) java.lang.NullPointerException

2018-04-27 21:50:54 - [TEST_STEP][PASSED] - openBrowser: Browser is opened with url: ''

2018-04-27 21:50:54 - [MESSAGE][WARNING] - A browser is already opened. Closing browser and opening a new one

2018-04-27 21:50:57 - [MESSAGE][PASSED] - Browser is opened with url: ''

2018-04-27 21:50:57 - [TEST_STEP][PASSED] - navigateToUrl: Navigate to 'http://18.188.55.188:8085/' successfully

2018-04-27 21:51:07 - [MESSAGE][PASSED] - Navigate to 'http://18.188.55.188:8085/' successfully

2018-04-27 21:51:07 - [TEST_STEP][PASSED] - setText: Text 'admin' is set on object 'Object Repository/Login/Login Success/input_username'

2018-04-27 21:51:07 - [MESSAGE][PASSED] - Text 'admin' is set on object 'Object Repository/Login/Login Success/input_username'

2018-04-27 21:51:07 - [TEST_STEP][PASSED] - setText: Text 'admin' is set on object 'Object Repository/Login/Login Success/input_password'

2018-04-27 21:51:07 - [MESSAGE][PASSED] - Text 'admin' is set on object 'Object Repository/Login/Login Success/input_password'

2018-04-27 21:51:07 - [TEST_STEP][PASSED] - click: Object: 'Object Repository/Login/Login Success/button_Login' is clicked on

2018-04-27 21:51:08 - [MESSAGE][PASSED] - Object: 'Object Repository/Login/Login Success/button_Login' is clicked on

2018-04-27 21:51:08 - [TEST_STEP][PASSED] - verifyElementText: Test object with id 'Object Repository/' does not exist

2018-04-27 21:51:08 - [MESSAGE][WARNING] - Test object with id 'Object Repository/User/Page_ProjectBackend/a_Products' does not exist

2018-04-27 21:51:08 - [MESSAGE][WARNING] - Test object with id 'Object Repository/' does not exist]]></system-out>
         <system-err><![CDATA[2018-04-27 21:50:54 - [TEST_CASE][ERROR] - Test Cases/Login Test Case 1: Test Cases/Login Test Case 1 FAILED because (of) java.lang.NullPointerException]]></system-err>
      </testcase>
      <system-out><![CDATA[2018-04-27 21:50:06 - [TEST_SUITE][ERROR] - Test Suite for Login Test Case 1: Test Cases/Login Test Case 1 FAILED because (of) java.lang.NullPointerException]]></system-out>
      <system-err><![CDATA[2018-04-27 21:50:06 - [TEST_SUITE][ERROR] - Test Suite for Login Test Case 1: Test Cases/Login Test Case 1 FAILED because (of) java.lang.NullPointerException]]></system-err>
   </testsuite>
</testsuites>
