<?xml version="1.0" encoding="UTF-8"?>
<testsuites name="Test Suite for User Test Case 2" time="57" tests="0" failures="1" errors="0">
   <testsuite name="Test Suite for User Test Case 2" tests="0" failures="1" errors="0" time="57" timestamp="2018-04-30 13:37:30" hostname="Andrew_Dpp - 10.80.103.44" id="Test Suites/Test Suite for User Test Case 2">
      <properties>
         <property name="deviceName" value=""/>
         <property name="devicePlatform" value=""/>
         <property name="logFolder" value="C:\\Users\\Andrew_Dpp\\git\\234project-katalon\\Reports\\Test Suite for User Test Case 2\\20180430_133712"/>
         <property name="logFiles" value="C:\\Users\\Andrew_Dpp\\git\\234project-katalon\\Reports\\Test Suite for User Test Case 2\\20180430_133712\\execution0.log"/>
         <property name="attachments" value="C:\\Users\\Andrew_Dpp\\git\\234project-katalon\\Reports\\Test Suite for User Test Case 2\\20180430_133712\\1525070306342.png"/>
         <property name="hostName" value="Andrew_Dpp - 10.80.103.44"/>
         <property name="os" value="Windows 7 64bit"/>
         <property name="katalonVersion" value="5.3.1.1"/>
         <property name="browser" value="Chrome 65.0.3325.181"/>
         <property name="hostAddress" value="10.80.103.44"/>
         <property name="sessionId" value="d347b918edd74f9d3f8a9c8dfdeafee0"/>
         <property name="seleniumVersion" value="3.7.1"/>
         <property name="proxyInformation" value="ProxyInformation{proxyOption=NO_PROXY, proxyServerType=HTTP, password=, proxyServerAddress=, proxyServerPort=0}"/>
         <property name="platform" value="Windows 7"/>
      </properties>
      <testcase name="Test Cases/User Test Case 2" classname="Test Cases/User Test Case 2" status="FAILED">
         <failure type="FAILED" message="Unable to click on object (Root cause: java.lang.IllegalArgumentException: Object is null)"/>
         <system-out><![CDATA[2018-04-30 13:37:31 - [TEST_CASE][FAILED] - Test Cases/User Test Case 2: Test Cases/User Test Case 2 FAILED because (of) Unable to click on object (Root cause: java.lang.IllegalArgumentException: Object is null)

2018-04-30 13:37:32 - [TEST_STEP][PASSED] - openBrowser: Browser is opened with url: ''

2018-04-30 13:37:58 - [MESSAGE][PASSED] - Browser is opened with url: ''

2018-04-30 13:37:58 - [TEST_STEP][PASSED] - navigateToUrl: Navigate to 'http://18.188.55.188:8085/' successfully

2018-04-30 13:38:08 - [MESSAGE][PASSED] - Navigate to 'http://18.188.55.188:8085/' successfully

2018-04-30 13:38:08 - [TEST_STEP][PASSED] - setText: Text 'user' is set on object 'Object Repository/User/User Cart/input_username'

2018-04-30 13:38:08 - [MESSAGE][PASSED] - Text 'user' is set on object 'Object Repository/User/User Cart/input_username'

2018-04-30 13:38:08 - [TEST_STEP][PASSED] - setText: Text 'user' is set on object 'Object Repository/User/User Cart/input_password'

2018-04-30 13:38:09 - [MESSAGE][PASSED] - Text 'user' is set on object 'Object Repository/User/User Cart/input_password'

2018-04-30 13:38:09 - [TEST_STEP][PASSED] - click: Object: 'Object Repository/User/User Cart/button_Login' is clicked on

2018-04-30 13:38:09 - [MESSAGE][PASSED] - Object: 'Object Repository/User/User Cart/button_Login' is clicked on

2018-04-30 13:38:09 - [TEST_STEP][PASSED] - Statement - driver = com.kms.katalon.core.webui.driver.DriverFactory.getWebDriver(): null

2018-04-30 13:38:09 - [TEST_STEP][PASSED] - waitForElementPresent: Object 'Object Repository/User/User Cart/add to cart1' is present

2018-04-30 13:38:09 - [MESSAGE][WARNING] - Timeout '0' is invalid. Using default page load timeout: '30'

2018-04-30 13:38:10 - [MESSAGE][PASSED] - Object 'Object Repository/User/User Cart/add to cart1' is present

2018-04-30 13:38:10 - [TEST_STEP][PASSED] - Statement - products = driver.findElement(org.openqa.selenium.By.xpath("/html/body/app-root/app-product-list/div/div[2]/div")): null

2018-04-30 13:38:10 - [TEST_STEP][PASSED] - Statement - productList = products.findElements(org.openqa.selenium.By.tagName("div")): null

2018-04-30 13:38:10 - [TEST_STEP][PASSED] - Statement - variables = new java.util.ArrayList(): null

2018-04-30 13:38:10 - [TEST_STEP][PASSED] - Statement - variables.add(input_amount1): null

2018-04-30 13:38:10 - [TEST_STEP][PASSED] - Statement - variables.add(input_amount2): null

2018-04-30 13:38:10 - [TEST_STEP][PASSED] - Statement - variables.add(input_amount3): null

2018-04-30 13:38:10 - [TEST_STEP][PASSED] - Statement - variables.add(input_amount4): null

2018-04-30 13:38:10 - [TEST_STEP][PASSED] - Statement - variables.add(input_amount5): null

2018-04-30 13:38:10 - [TEST_STEP][FAILED] - Statement - For (def i : (1..productList.size())): Unable to click on object (Root cause: java.lang.IllegalArgumentException: Object is null)

2018-04-30 13:38:10 - [TEST_STEP][PASSED] - Statement - For (def j : (1..i)): Actual text and expected text of test object 'Object Repository/User/User Cart/added_1' are matched.

2018-04-30 13:38:10 - [TEST_STEP][PASSED] - click: Object: 'Object Repository/User/User Cart/add to cart1' is clicked on

2018-04-30 13:38:11 - [MESSAGE][PASSED] - Object: 'Object Repository/User/User Cart/add to cart1' is clicked on

2018-04-30 13:38:11 - [TEST_STEP][PASSED] - verifyElementText: Actual text and expected text of test object 'Object Repository/User/User Cart/added_1' are matched.

2018-04-30 13:38:11 - [MESSAGE][PASSED] - Actual text and expected text of test object 'Object Repository/User/User Cart/added_1' are matched.

2018-04-30 13:38:11 - [TEST_STEP][PASSED] - click: Object: 'Object Repository/User/User Cart/cart_icon' is clicked on

2018-04-30 13:38:11 - [MESSAGE][PASSED] - Object: 'Object Repository/User/User Cart/cart_icon' is clicked on

2018-04-30 13:38:11 - [TEST_STEP][PASSED] - verifyElementText: Actual text and expected text of test object 'Object Repository/User/User Cart/cart_icon' are matched.

2018-04-30 13:38:11 - [MESSAGE][PASSED] - Actual text and expected text of test object 'Object Repository/User/User Cart/cart_icon' are matched.

2018-04-30 13:38:11 - [TEST_STEP][PASSED] - Statement - For (def k : (0..(i - 1))): Text '1' is set on object 'Object Repository/User/User Cart/input_amount1'

2018-04-30 13:38:11 - [TEST_STEP][PASSED] - setText: Text '1' is set on object 'Object Repository/User/User Cart/input_amount1'

2018-04-30 13:38:12 - [MESSAGE][PASSED] - Text '1' is set on object 'Object Repository/User/User Cart/input_amount1'

2018-04-30 13:38:12 - [TEST_STEP][PASSED] - click: Object: 'Object Repository/User/User Cart/button_confirm' is clicked on

2018-04-30 13:38:12 - [MESSAGE][PASSED] - Object: 'Object Repository/User/User Cart/button_confirm' is clicked on

2018-04-30 13:38:12 - [TEST_STEP][PASSED] - acceptAlert: Alert accepted

2018-04-30 13:38:12 - [MESSAGE][PASSED] - Alert accepted

2018-04-30 13:38:12 - [TEST_STEP][PASSED] - click: Object: 'Object Repository/User/User Cart/div_Well done You successfully' is clicked on

2018-04-30 13:38:12 - [MESSAGE][PASSED] - Object: 'Object Repository/User/User Cart/div_Well done You successfully' is clicked on

2018-04-30 13:38:12 - [TEST_STEP][PASSED] - Statement - For (def j : (1..i)): Actual text and expected text of test object 'Object Repository/User/User Cart/added_2' are matched.

2018-04-30 13:38:12 - [TEST_STEP][PASSED] - click: Object: 'Object Repository/User/User Cart/add to cart1' is clicked on

2018-04-30 13:38:13 - [MESSAGE][PASSED] - Object: 'Object Repository/User/User Cart/add to cart1' is clicked on

2018-04-30 13:38:13 - [TEST_STEP][PASSED] - verifyElementText: Actual text and expected text of test object 'Object Repository/User/User Cart/added_1' are matched.

2018-04-30 13:38:13 - [MESSAGE][PASSED] - Actual text and expected text of test object 'Object Repository/User/User Cart/added_1' are matched.

2018-04-30 13:38:13 - [TEST_STEP][PASSED] - click: Object: 'Object Repository/User/User Cart/add to cart2' is clicked on

2018-04-30 13:38:13 - [MESSAGE][PASSED] - Object: 'Object Repository/User/User Cart/add to cart2' is clicked on

2018-04-30 13:38:13 - [TEST_STEP][PASSED] - verifyElementText: Actual text and expected text of test object 'Object Repository/User/User Cart/added_2' are matched.

2018-04-30 13:38:13 - [MESSAGE][PASSED] - Actual text and expected text of test object 'Object Repository/User/User Cart/added_2' are matched.

2018-04-30 13:38:13 - [TEST_STEP][PASSED] - click: Object: 'Object Repository/User/User Cart/cart_icon' is clicked on

2018-04-30 13:38:13 - [MESSAGE][PASSED] - Object: 'Object Repository/User/User Cart/cart_icon' is clicked on

2018-04-30 13:38:13 - [TEST_STEP][PASSED] - verifyElementText: Actual text and expected text of test object 'Object Repository/User/User Cart/cart_icon' are matched.

2018-04-30 13:38:13 - [MESSAGE][PASSED] - Actual text and expected text of test object 'Object Repository/User/User Cart/cart_icon' are matched.

2018-04-30 13:38:13 - [TEST_STEP][PASSED] - Statement - For (def k : (0..(i - 1))): Text '1' is set on object 'Object Repository/User/User Cart/input_amount2'

2018-04-30 13:38:13 - [TEST_STEP][PASSED] - setText: Text '1' is set on object 'Object Repository/User/User Cart/input_amount1'

2018-04-30 13:38:13 - [MESSAGE][PASSED] - Text '1' is set on object 'Object Repository/User/User Cart/input_amount1'

2018-04-30 13:38:13 - [TEST_STEP][PASSED] - setText: Text '1' is set on object 'Object Repository/User/User Cart/input_amount2'

2018-04-30 13:38:14 - [MESSAGE][PASSED] - Text '1' is set on object 'Object Repository/User/User Cart/input_amount2'

2018-04-30 13:38:14 - [TEST_STEP][PASSED] - click: Object: 'Object Repository/User/User Cart/button_confirm' is clicked on

2018-04-30 13:38:14 - [MESSAGE][PASSED] - Object: 'Object Repository/User/User Cart/button_confirm' is clicked on

2018-04-30 13:38:14 - [TEST_STEP][PASSED] - acceptAlert: Alert accepted

2018-04-30 13:38:14 - [MESSAGE][PASSED] - Alert accepted

2018-04-30 13:38:14 - [TEST_STEP][PASSED] - click: Object: 'Object Repository/User/User Cart/div_Well done You successfully' is clicked on

2018-04-30 13:38:14 - [MESSAGE][PASSED] - Object: 'Object Repository/User/User Cart/div_Well done You successfully' is clicked on

2018-04-30 13:38:14 - [TEST_STEP][PASSED] - Statement - For (def j : (1..i)): Actual text and expected text of test object 'Object Repository/User/User Cart/added_3' are matched.

2018-04-30 13:38:14 - [TEST_STEP][PASSED] - click: Object: 'Object Repository/User/User Cart/add to cart1' is clicked on

2018-04-30 13:38:15 - [MESSAGE][PASSED] - Object: 'Object Repository/User/User Cart/add to cart1' is clicked on

2018-04-30 13:38:15 - [TEST_STEP][PASSED] - verifyElementText: Actual text and expected text of test object 'Object Repository/User/User Cart/added_1' are matched.

2018-04-30 13:38:15 - [MESSAGE][PASSED] - Actual text and expected text of test object 'Object Repository/User/User Cart/added_1' are matched.

2018-04-30 13:38:15 - [TEST_STEP][PASSED] - click: Object: 'Object Repository/User/User Cart/add to cart2' is clicked on

2018-04-30 13:38:15 - [MESSAGE][PASSED] - Object: 'Object Repository/User/User Cart/add to cart2' is clicked on

2018-04-30 13:38:15 - [TEST_STEP][PASSED] - verifyElementText: Actual text and expected text of test object 'Object Repository/User/User Cart/added_2' are matched.

2018-04-30 13:38:15 - [MESSAGE][PASSED] - Actual text and expected text of test object 'Object Repository/User/User Cart/added_2' are matched.

2018-04-30 13:38:15 - [TEST_STEP][PASSED] - click: Object: 'Object Repository/User/User Cart/add to cart3' is clicked on

2018-04-30 13:38:15 - [MESSAGE][PASSED] - Object: 'Object Repository/User/User Cart/add to cart3' is clicked on

2018-04-30 13:38:15 - [TEST_STEP][PASSED] - verifyElementText: Actual text and expected text of test object 'Object Repository/User/User Cart/added_3' are matched.

2018-04-30 13:38:15 - [MESSAGE][PASSED] - Actual text and expected text of test object 'Object Repository/User/User Cart/added_3' are matched.

2018-04-30 13:38:15 - [TEST_STEP][PASSED] - click: Object: 'Object Repository/User/User Cart/cart_icon' is clicked on

2018-04-30 13:38:15 - [MESSAGE][PASSED] - Object: 'Object Repository/User/User Cart/cart_icon' is clicked on

2018-04-30 13:38:15 - [TEST_STEP][PASSED] - verifyElementText: Actual text and expected text of test object 'Object Repository/User/User Cart/cart_icon' are matched.

2018-04-30 13:38:16 - [MESSAGE][PASSED] - Actual text and expected text of test object 'Object Repository/User/User Cart/cart_icon' are matched.

2018-04-30 13:38:16 - [TEST_STEP][PASSED] - Statement - For (def k : (0..(i - 1))): Text '1' is set on object 'Object Repository/User/User Cart/input_amount3'

2018-04-30 13:38:16 - [TEST_STEP][PASSED] - setText: Text '1' is set on object 'Object Repository/User/User Cart/input_amount1'

2018-04-30 13:38:16 - [MESSAGE][PASSED] - Text '1' is set on object 'Object Repository/User/User Cart/input_amount1'

2018-04-30 13:38:16 - [TEST_STEP][PASSED] - setText: Text '1' is set on object 'Object Repository/User/User Cart/input_amount2'

2018-04-30 13:38:16 - [MESSAGE][PASSED] - Text '1' is set on object 'Object Repository/User/User Cart/input_amount2'

2018-04-30 13:38:16 - [TEST_STEP][PASSED] - setText: Text '1' is set on object 'Object Repository/User/User Cart/input_amount3'

2018-04-30 13:38:16 - [MESSAGE][PASSED] - Text '1' is set on object 'Object Repository/User/User Cart/input_amount3'

2018-04-30 13:38:16 - [TEST_STEP][PASSED] - click: Object: 'Object Repository/User/User Cart/button_confirm' is clicked on

2018-04-30 13:38:17 - [MESSAGE][PASSED] - Object: 'Object Repository/User/User Cart/button_confirm' is clicked on

2018-04-30 13:38:17 - [TEST_STEP][PASSED] - acceptAlert: Alert accepted

2018-04-30 13:38:17 - [MESSAGE][PASSED] - Alert accepted

2018-04-30 13:38:17 - [TEST_STEP][PASSED] - click: Object: 'Object Repository/User/User Cart/div_Well done You successfully' is clicked on

2018-04-30 13:38:17 - [MESSAGE][PASSED] - Object: 'Object Repository/User/User Cart/div_Well done You successfully' is clicked on

2018-04-30 13:38:17 - [TEST_STEP][PASSED] - Statement - For (def j : (1..i)): Actual text and expected text of test object 'Object Repository/User/User Cart/added_4' are matched.

2018-04-30 13:38:17 - [TEST_STEP][PASSED] - click: Object: 'Object Repository/User/User Cart/add to cart1' is clicked on

2018-04-30 13:38:17 - [MESSAGE][PASSED] - Object: 'Object Repository/User/User Cart/add to cart1' is clicked on

2018-04-30 13:38:17 - [TEST_STEP][PASSED] - verifyElementText: Actual text and expected text of test object 'Object Repository/User/User Cart/added_1' are matched.

2018-04-30 13:38:17 - [MESSAGE][PASSED] - Actual text and expected text of test object 'Object Repository/User/User Cart/added_1' are matched.

2018-04-30 13:38:17 - [TEST_STEP][PASSED] - click: Object: 'Object Repository/User/User Cart/add to cart2' is clicked on

2018-04-30 13:38:18 - [MESSAGE][PASSED] - Object: 'Object Repository/User/User Cart/add to cart2' is clicked on

2018-04-30 13:38:18 - [TEST_STEP][PASSED] - verifyElementText: Actual text and expected text of test object 'Object Repository/User/User Cart/added_2' are matched.

2018-04-30 13:38:18 - [MESSAGE][PASSED] - Actual text and expected text of test object 'Object Repository/User/User Cart/added_2' are matched.

2018-04-30 13:38:18 - [TEST_STEP][PASSED] - click: Object: 'Object Repository/User/User Cart/add to cart3' is clicked on

2018-04-30 13:38:18 - [MESSAGE][PASSED] - Object: 'Object Repository/User/User Cart/add to cart3' is clicked on

2018-04-30 13:38:18 - [TEST_STEP][PASSED] - verifyElementText: Actual text and expected text of test object 'Object Repository/User/User Cart/added_3' are matched.

2018-04-30 13:38:18 - [MESSAGE][PASSED] - Actual text and expected text of test object 'Object Repository/User/User Cart/added_3' are matched.

2018-04-30 13:38:18 - [TEST_STEP][PASSED] - click: Object: 'Object Repository/User/User Cart/add to cart4' is clicked on

2018-04-30 13:38:18 - [MESSAGE][PASSED] - Object: 'Object Repository/User/User Cart/add to cart4' is clicked on

2018-04-30 13:38:18 - [TEST_STEP][PASSED] - verifyElementText: Actual text and expected text of test object 'Object Repository/User/User Cart/added_4' are matched.

2018-04-30 13:38:18 - [MESSAGE][PASSED] - Actual text and expected text of test object 'Object Repository/User/User Cart/added_4' are matched.

2018-04-30 13:38:18 - [TEST_STEP][PASSED] - click: Object: 'Object Repository/User/User Cart/cart_icon' is clicked on

2018-04-30 13:38:18 - [MESSAGE][PASSED] - Object: 'Object Repository/User/User Cart/cart_icon' is clicked on

2018-04-30 13:38:18 - [TEST_STEP][PASSED] - verifyElementText: Actual text and expected text of test object 'Object Repository/User/User Cart/cart_icon' are matched.

2018-04-30 13:38:18 - [MESSAGE][PASSED] - Actual text and expected text of test object 'Object Repository/User/User Cart/cart_icon' are matched.

2018-04-30 13:38:18 - [TEST_STEP][PASSED] - Statement - For (def k : (0..(i - 1))): Text '1' is set on object 'Object Repository/User/User Cart/input_amount4'

2018-04-30 13:38:18 - [TEST_STEP][PASSED] - setText: Text '1' is set on object 'Object Repository/User/User Cart/input_amount1'

2018-04-30 13:38:19 - [MESSAGE][PASSED] - Text '1' is set on object 'Object Repository/User/User Cart/input_amount1'

2018-04-30 13:38:19 - [TEST_STEP][PASSED] - setText: Text '1' is set on object 'Object Repository/User/User Cart/input_amount2'

2018-04-30 13:38:19 - [MESSAGE][PASSED] - Text '1' is set on object 'Object Repository/User/User Cart/input_amount2'

2018-04-30 13:38:19 - [TEST_STEP][PASSED] - setText: Text '1' is set on object 'Object Repository/User/User Cart/input_amount3'

2018-04-30 13:38:19 - [MESSAGE][PASSED] - Text '1' is set on object 'Object Repository/User/User Cart/input_amount3'

2018-04-30 13:38:19 - [TEST_STEP][PASSED] - setText: Text '1' is set on object 'Object Repository/User/User Cart/input_amount4'

2018-04-30 13:38:20 - [MESSAGE][PASSED] - Text '1' is set on object 'Object Repository/User/User Cart/input_amount4'

2018-04-30 13:38:20 - [TEST_STEP][PASSED] - click: Object: 'Object Repository/User/User Cart/button_confirm' is clicked on

2018-04-30 13:38:20 - [MESSAGE][PASSED] - Object: 'Object Repository/User/User Cart/button_confirm' is clicked on

2018-04-30 13:38:20 - [TEST_STEP][PASSED] - acceptAlert: Alert accepted

2018-04-30 13:38:20 - [MESSAGE][PASSED] - Alert accepted

2018-04-30 13:38:20 - [TEST_STEP][PASSED] - click: Object: 'Object Repository/User/User Cart/div_Well done You successfully' is clicked on

2018-04-30 13:38:20 - [MESSAGE][PASSED] - Object: 'Object Repository/User/User Cart/div_Well done You successfully' is clicked on

2018-04-30 13:38:20 - [TEST_STEP][PASSED] - Statement - For (def j : (1..i)): Actual text and expected text of test object 'Object Repository/User/User Cart/added_5' are matched.

2018-04-30 13:38:20 - [TEST_STEP][PASSED] - click: Object: 'Object Repository/User/User Cart/add to cart1' is clicked on

2018-04-30 13:38:21 - [MESSAGE][PASSED] - Object: 'Object Repository/User/User Cart/add to cart1' is clicked on

2018-04-30 13:38:21 - [TEST_STEP][PASSED] - verifyElementText: Actual text and expected text of test object 'Object Repository/User/User Cart/added_1' are matched.

2018-04-30 13:38:21 - [MESSAGE][PASSED] - Actual text and expected text of test object 'Object Repository/User/User Cart/added_1' are matched.

2018-04-30 13:38:21 - [TEST_STEP][PASSED] - click: Object: 'Object Repository/User/User Cart/add to cart2' is clicked on

2018-04-30 13:38:21 - [MESSAGE][PASSED] - Object: 'Object Repository/User/User Cart/add to cart2' is clicked on

2018-04-30 13:38:21 - [TEST_STEP][PASSED] - verifyElementText: Actual text and expected text of test object 'Object Repository/User/User Cart/added_2' are matched.

2018-04-30 13:38:21 - [MESSAGE][PASSED] - Actual text and expected text of test object 'Object Repository/User/User Cart/added_2' are matched.

2018-04-30 13:38:21 - [TEST_STEP][PASSED] - click: Object: 'Object Repository/User/User Cart/add to cart3' is clicked on

2018-04-30 13:38:21 - [MESSAGE][PASSED] - Object: 'Object Repository/User/User Cart/add to cart3' is clicked on

2018-04-30 13:38:21 - [TEST_STEP][PASSED] - verifyElementText: Actual text and expected text of test object 'Object Repository/User/User Cart/added_3' are matched.

2018-04-30 13:38:21 - [MESSAGE][PASSED] - Actual text and expected text of test object 'Object Repository/User/User Cart/added_3' are matched.

2018-04-30 13:38:21 - [TEST_STEP][PASSED] - click: Object: 'Object Repository/User/User Cart/add to cart4' is clicked on

2018-04-30 13:38:21 - [MESSAGE][PASSED] - Object: 'Object Repository/User/User Cart/add to cart4' is clicked on

2018-04-30 13:38:21 - [TEST_STEP][PASSED] - verifyElementText: Actual text and expected text of test object 'Object Repository/User/User Cart/added_4' are matched.

2018-04-30 13:38:21 - [MESSAGE][PASSED] - Actual text and expected text of test object 'Object Repository/User/User Cart/added_4' are matched.

2018-04-30 13:38:21 - [TEST_STEP][PASSED] - click: Object: 'Object Repository/User/User Cart/add to cart5' is clicked on

2018-04-30 13:38:22 - [MESSAGE][PASSED] - Object: 'Object Repository/User/User Cart/add to cart5' is clicked on

2018-04-30 13:38:22 - [TEST_STEP][PASSED] - verifyElementText: Actual text and expected text of test object 'Object Repository/User/User Cart/added_5' are matched.

2018-04-30 13:38:22 - [MESSAGE][PASSED] - Actual text and expected text of test object 'Object Repository/User/User Cart/added_5' are matched.

2018-04-30 13:38:22 - [TEST_STEP][PASSED] - click: Object: 'Object Repository/User/User Cart/cart_icon' is clicked on

2018-04-30 13:38:22 - [MESSAGE][PASSED] - Object: 'Object Repository/User/User Cart/cart_icon' is clicked on

2018-04-30 13:38:22 - [TEST_STEP][PASSED] - verifyElementText: Actual text and expected text of test object 'Object Repository/User/User Cart/cart_icon' are matched.

2018-04-30 13:38:22 - [MESSAGE][PASSED] - Actual text and expected text of test object 'Object Repository/User/User Cart/cart_icon' are matched.

2018-04-30 13:38:22 - [TEST_STEP][PASSED] - Statement - For (def k : (0..(i - 1))): Text '1' is set on object 'Object Repository/User/User Cart/input_amount5'

2018-04-30 13:38:22 - [TEST_STEP][PASSED] - setText: Text '1' is set on object 'Object Repository/User/User Cart/input_amount1'

2018-04-30 13:38:22 - [MESSAGE][PASSED] - Text '1' is set on object 'Object Repository/User/User Cart/input_amount1'

2018-04-30 13:38:22 - [TEST_STEP][PASSED] - setText: Text '1' is set on object 'Object Repository/User/User Cart/input_amount2'

2018-04-30 13:38:23 - [MESSAGE][PASSED] - Text '1' is set on object 'Object Repository/User/User Cart/input_amount2'

2018-04-30 13:38:23 - [TEST_STEP][PASSED] - setText: Text '1' is set on object 'Object Repository/User/User Cart/input_amount3'

2018-04-30 13:38:23 - [MESSAGE][PASSED] - Text '1' is set on object 'Object Repository/User/User Cart/input_amount3'

2018-04-30 13:38:23 - [TEST_STEP][PASSED] - setText: Text '1' is set on object 'Object Repository/User/User Cart/input_amount4'

2018-04-30 13:38:23 - [MESSAGE][PASSED] - Text '1' is set on object 'Object Repository/User/User Cart/input_amount4'

2018-04-30 13:38:23 - [TEST_STEP][PASSED] - setText: Text '1' is set on object 'Object Repository/User/User Cart/input_amount5'

2018-04-30 13:38:23 - [MESSAGE][PASSED] - Text '1' is set on object 'Object Repository/User/User Cart/input_amount5'

2018-04-30 13:38:23 - [TEST_STEP][PASSED] - click: Object: 'Object Repository/User/User Cart/button_confirm' is clicked on

2018-04-30 13:38:23 - [MESSAGE][PASSED] - Object: 'Object Repository/User/User Cart/button_confirm' is clicked on

2018-04-30 13:38:23 - [TEST_STEP][PASSED] - acceptAlert: Alert accepted

2018-04-30 13:38:23 - [MESSAGE][PASSED] - Alert accepted

2018-04-30 13:38:23 - [TEST_STEP][PASSED] - click: Object: 'Object Repository/User/User Cart/div_Well done You successfully' is clicked on

2018-04-30 13:38:24 - [MESSAGE][PASSED] - Object: 'Object Repository/User/User Cart/div_Well done You successfully' is clicked on

2018-04-30 13:38:24 - [TEST_STEP][FAILED] - Statement - For (def j : (1..i)): Unable to click on object (Root cause: java.lang.IllegalArgumentException: Object is null)

2018-04-30 13:38:24 - [TEST_STEP][PASSED] - click: Object: 'Object Repository/User/User Cart/add to cart1' is clicked on

2018-04-30 13:38:24 - [MESSAGE][PASSED] - Object: 'Object Repository/User/User Cart/add to cart1' is clicked on

2018-04-30 13:38:24 - [TEST_STEP][PASSED] - verifyElementText: Actual text and expected text of test object 'Object Repository/User/User Cart/added_1' are matched.

2018-04-30 13:38:24 - [MESSAGE][PASSED] - Actual text and expected text of test object 'Object Repository/User/User Cart/added_1' are matched.

2018-04-30 13:38:24 - [TEST_STEP][PASSED] - click: Object: 'Object Repository/User/User Cart/add to cart2' is clicked on

2018-04-30 13:38:25 - [MESSAGE][PASSED] - Object: 'Object Repository/User/User Cart/add to cart2' is clicked on

2018-04-30 13:38:25 - [TEST_STEP][PASSED] - verifyElementText: Actual text and expected text of test object 'Object Repository/User/User Cart/added_2' are matched.

2018-04-30 13:38:25 - [MESSAGE][PASSED] - Actual text and expected text of test object 'Object Repository/User/User Cart/added_2' are matched.

2018-04-30 13:38:25 - [TEST_STEP][PASSED] - click: Object: 'Object Repository/User/User Cart/add to cart3' is clicked on

2018-04-30 13:38:25 - [MESSAGE][PASSED] - Object: 'Object Repository/User/User Cart/add to cart3' is clicked on

2018-04-30 13:38:25 - [TEST_STEP][PASSED] - verifyElementText: Actual text and expected text of test object 'Object Repository/User/User Cart/added_3' are matched.

2018-04-30 13:38:25 - [MESSAGE][PASSED] - Actual text and expected text of test object 'Object Repository/User/User Cart/added_3' are matched.

2018-04-30 13:38:25 - [TEST_STEP][PASSED] - click: Object: 'Object Repository/User/User Cart/add to cart4' is clicked on

2018-04-30 13:38:25 - [MESSAGE][PASSED] - Object: 'Object Repository/User/User Cart/add to cart4' is clicked on

2018-04-30 13:38:25 - [TEST_STEP][PASSED] - verifyElementText: Actual text and expected text of test object 'Object Repository/User/User Cart/added_4' are matched.

2018-04-30 13:38:26 - [MESSAGE][PASSED] - Actual text and expected text of test object 'Object Repository/User/User Cart/added_4' are matched.

2018-04-30 13:38:26 - [TEST_STEP][PASSED] - click: Object: 'Object Repository/User/User Cart/add to cart5' is clicked on

2018-04-30 13:38:26 - [MESSAGE][PASSED] - Object: 'Object Repository/User/User Cart/add to cart5' is clicked on

2018-04-30 13:38:26 - [TEST_STEP][PASSED] - verifyElementText: Actual text and expected text of test object 'Object Repository/User/User Cart/added_5' are matched.

2018-04-30 13:38:26 - [MESSAGE][PASSED] - Actual text and expected text of test object 'Object Repository/User/User Cart/added_5' are matched.

2018-04-30 13:38:26 - [TEST_STEP][FAILED] - click: Unable to click on object (Root cause: java.lang.IllegalArgumentException: Object is null)

2018-04-30 13:38:26 - [MESSAGE][WARNING] - Test object with id 'Object Repository/User/User Cart/add to cart6' does not exist

2018-04-30 13:38:26 - [MESSAGE][WARNING] - Test object with id 'Object Repository/' does not exist

2018-04-30 13:38:26 - [MESSAGE][FAILED] - Unable to click on object (Root cause: java.lang.IllegalArgumentException: Object is null)
[[ATTACHMENT|C:\\Users\\Andrew_Dpp\\git\\234project-katalon\\Reports\\Test Suite for User Test Case 2\\20180430_133712\\1525070306342.png]]]]></system-out>
         <system-err><![CDATA[2018-04-30 13:37:31 - [TEST_CASE][FAILED] - Test Cases/User Test Case 2: Test Cases/User Test Case 2 FAILED because (of) Unable to click on object (Root cause: java.lang.IllegalArgumentException: Object is null)]]></system-err>
      </testcase>
      <system-out><![CDATA[2018-04-30 13:37:30 - [TEST_SUITE][FAILED] - Test Suite for User Test Case 2: Test Cases/User Test Case 2 FAILED because (of) Unable to click on object (Root cause: java.lang.IllegalArgumentException: Object is null)]]></system-out>
      <system-err><![CDATA[2018-04-30 13:37:30 - [TEST_SUITE][FAILED] - Test Suite for User Test Case 2: Test Cases/User Test Case 2 FAILED because (of) Unable to click on object (Root cause: java.lang.IllegalArgumentException: Object is null)]]></system-err>
   </testsuite>
</testsuites>
