<?xml version="1.0" encoding="UTF-8"?>
<testsuites name="Test Suite for Admin Test Case 1" time="175" tests="0" failures="2" errors="0">
   <testsuite name="Test Suite for Admin Test Case 1" tests="0" failures="2" errors="0" time="175" timestamp="2018-05-07 20:24:53" hostname="Andrew_Dpp - Andrew_Dpp-PC" id="Test Suites/Test Suite for Admin Test Case 1">
      <properties>
         <property name="deviceName" value=""/>
         <property name="devicePlatform" value=""/>
         <property name="logFolder" value="C:\\Users\\Andrew_Dpp\\git\\234project-katalon\\Reports\\Test Suite for Admin Test Case 1\\20180507_202451"/>
         <property name="logFiles" value="C:\\Users\\Andrew_Dpp\\git\\234project-katalon\\Reports\\Test Suite for Admin Test Case 1\\20180507_202451\\execution0.log"/>
         <property name="attachments" value=""/>
         <property name="hostName" value="Andrew_Dpp - Andrew_Dpp-PC"/>
         <property name="os" value="Windows 7 64bit"/>
         <property name="katalonVersion" value="5.3.1.1"/>
         <property name="browser" value="Chrome 66.0.3359.139"/>
         <property name="hostAddress" value="192.168.1.9"/>
         <property name="sessionId" value="dd92e7ebda26f92a8bcfd9da4b0cccd3"/>
         <property name="seleniumVersion" value="3.7.1"/>
         <property name="proxyInformation" value="ProxyInformation{proxyOption=NO_PROXY, proxyServerType=HTTP, password=, proxyServerAddress=, proxyServerPort=0}"/>
         <property name="platform" value="Windows 7"/>
      </properties>
      <testcase name="Test Cases/Admin Test Case 1" classname="Test Cases/Admin Test Case 1" status="FAILED">
         <failure type="FAILED" message="Unable to verify equal between actual object 'GardenBananaOrangePapayaRambutan' and expected object 'Garden Banana Orange Papaya Rambutan' (Root cause: Actual object 'GardenBananaOrangePapayaRambutan' and expected object 'Garden Banana Orange Papaya Rambutan' are not equal)"/>
         <system-out><![CDATA[2018-05-07 20:24:54 - [TEST_CASE][FAILED] - Test Cases/Admin Test Case 1: Test Cases/Admin Test Case 1 FAILED because (of) Unable to verify equal between actual object 'GardenBananaOrangePapayaRambutan' and expected object 'Garden Banana Orange Papaya Rambutan' (Root cause: Actual object 'GardenBananaOrangePapayaRambutan' and expected object 'Garden Banana Orange Papaya Rambutan' are not equal)

2018-05-07 20:24:56 - [TEST_STEP][PASSED] - openBrowser: Browser is opened with url: ''

2018-05-07 20:25:22 - [MESSAGE][PASSED] - Browser is opened with url: ''

2018-05-07 20:25:22 - [TEST_STEP][PASSED] - Statement - driver = com.kms.katalon.core.webui.driver.DriverFactory.getWebDriver(): null

2018-05-07 20:25:22 - [TEST_STEP][PASSED] - navigateToUrl: Navigate to 'http://18.188.55.188:8085/' successfully

2018-05-07 20:25:33 - [MESSAGE][PASSED] - Navigate to 'http://18.188.55.188:8085/' successfully

2018-05-07 20:25:33 - [TEST_STEP][PASSED] - setText: Text 'admin' is set on object 'Object Repository/Admin/input_username'

2018-05-07 20:25:34 - [MESSAGE][PASSED] - Text 'admin' is set on object 'Object Repository/Admin/input_username'

2018-05-07 20:25:34 - [TEST_STEP][PASSED] - setText: Text 'admin' is set on object 'Object Repository/Admin/input_password'

2018-05-07 20:25:34 - [MESSAGE][PASSED] - Text 'admin' is set on object 'Object Repository/Admin/input_password'

2018-05-07 20:25:34 - [TEST_STEP][PASSED] - click: Object: 'Object Repository/Admin/button_Login' is clicked on

2018-05-07 20:25:34 - [MESSAGE][PASSED] - Object: 'Object Repository/Admin/button_Login' is clicked on

2018-05-07 20:25:34 - [TEST_STEP][PASSED] - delay: Delayed 5 second(s)

2018-05-07 20:25:39 - [MESSAGE][PASSED] - Delayed 5 second(s)

2018-05-07 20:25:39 - [TEST_STEP][PASSED] - click: Object: 'Object Repository/Admin/a_Total Transaction' is clicked on

2018-05-07 20:25:40 - [MESSAGE][PASSED] - Object: 'Object Repository/Admin/a_Total Transaction' is clicked on

2018-05-07 20:25:40 - [TEST_STEP][PASSED] - Statement - Table = driver.findElement(org.openqa.selenium.By.xpath("//*[@id="add-row"]/div/table/tbody")): null

2018-05-07 20:25:40 - [TEST_STEP][PASSED] - delay: Delayed 5 second(s)

2018-05-07 20:25:45 - [MESSAGE][PASSED] - Delayed 5 second(s)

2018-05-07 20:25:45 - [TEST_STEP][PASSED] - Statement - oldAdminTotalPrice = driver.findElement(org.openqa.selenium.By.xpath("//*[@id="add-row"]/div/div[2]/div/p")).getText(): null

2018-05-07 20:25:45 - [TEST_STEP][PASSED] - Statement - oldAdminTotalPrice = oldAdminTotalPrice.replaceAll(" THB", "").replaceAll("Total price: ", "").replaceAll(",", ""): null

2018-05-07 20:25:45 - [TEST_STEP][PASSED] - Statement - oldAdminTotalPrice = java.lang.Integer.parseInt(oldAdminTotalPrice): null

2018-05-07 20:25:45 - [TEST_STEP][PASSED] - Statement - oldRows = Table.findElements(org.openqa.selenium.By.tagName("tr")): null

2018-05-07 20:25:45 - [TEST_STEP][PASSED] - Statement - valueOfOldRows = oldRows.size(): null

2018-05-07 20:25:45 - [TEST_STEP][PASSED] - Statement - oldTransactionList = new java.util.ArrayList(): null

2018-05-07 20:25:45 - [TEST_STEP][PASSED] - Statement - For (def i : (1..oldRows.size())): null

2018-05-07 20:25:45 - [TEST_STEP][PASSED] - Statement - tempString = "": null

2018-05-07 20:25:45 - [TEST_STEP][PASSED] - Statement - tempString += driver.findElement(org.openqa.selenium.By.xpath("//*[@id="add-row"]/div/table/tbody/tr[" + i + "]/td[1]")).getText(): null

2018-05-07 20:25:45 - [TEST_STEP][PASSED] - Statement - tempString += driver.findElement(org.openqa.selenium.By.xpath("//*[@id="add-row"]/div/table/tbody/tr[" + i + "]/td[2]")).getText(): null

2018-05-07 20:25:45 - [TEST_STEP][PASSED] - Statement - tempString += driver.findElement(org.openqa.selenium.By.xpath("//*[@id="add-row"]/div/table/tbody/tr[" + i + "]/td[3]")).getText(): null

2018-05-07 20:25:45 - [TEST_STEP][PASSED] - Statement - oldTransactionList.add(tempString): null

2018-05-07 20:25:45 - [TEST_STEP][PASSED] - Statement - println(tempString): null

2018-05-07 20:25:45 - [TEST_STEP][PASSED] - Statement - tempString = "": null

2018-05-07 20:25:45 - [TEST_STEP][PASSED] - Statement - tempString += driver.findElement(org.openqa.selenium.By.xpath("//*[@id="add-row"]/div/table/tbody/tr[" + i + "]/td[1]")).getText(): null

2018-05-07 20:25:45 - [TEST_STEP][PASSED] - Statement - tempString += driver.findElement(org.openqa.selenium.By.xpath("//*[@id="add-row"]/div/table/tbody/tr[" + i + "]/td[2]")).getText(): null

2018-05-07 20:25:45 - [TEST_STEP][PASSED] - Statement - tempString += driver.findElement(org.openqa.selenium.By.xpath("//*[@id="add-row"]/div/table/tbody/tr[" + i + "]/td[3]")).getText(): null

2018-05-07 20:25:46 - [TEST_STEP][PASSED] - Statement - oldTransactionList.add(tempString): null

2018-05-07 20:25:46 - [TEST_STEP][PASSED] - Statement - println(tempString): null

2018-05-07 20:25:46 - [TEST_STEP][PASSED] - Statement - tempString = "": null

2018-05-07 20:25:46 - [TEST_STEP][PASSED] - Statement - tempString += driver.findElement(org.openqa.selenium.By.xpath("//*[@id="add-row"]/div/table/tbody/tr[" + i + "]/td[1]")).getText(): null

2018-05-07 20:25:46 - [TEST_STEP][PASSED] - Statement - tempString += driver.findElement(org.openqa.selenium.By.xpath("//*[@id="add-row"]/div/table/tbody/tr[" + i + "]/td[2]")).getText(): null

2018-05-07 20:25:46 - [TEST_STEP][PASSED] - Statement - tempString += driver.findElement(org.openqa.selenium.By.xpath("//*[@id="add-row"]/div/table/tbody/tr[" + i + "]/td[3]")).getText(): null

2018-05-07 20:25:46 - [TEST_STEP][PASSED] - Statement - oldTransactionList.add(tempString): null

2018-05-07 20:25:46 - [TEST_STEP][PASSED] - Statement - println(tempString): null

2018-05-07 20:25:46 - [TEST_STEP][PASSED] - Statement - tempString = "": null

2018-05-07 20:25:46 - [TEST_STEP][PASSED] - Statement - tempString += driver.findElement(org.openqa.selenium.By.xpath("//*[@id="add-row"]/div/table/tbody/tr[" + i + "]/td[1]")).getText(): null

2018-05-07 20:25:46 - [TEST_STEP][PASSED] - Statement - tempString += driver.findElement(org.openqa.selenium.By.xpath("//*[@id="add-row"]/div/table/tbody/tr[" + i + "]/td[2]")).getText(): null

2018-05-07 20:25:46 - [TEST_STEP][PASSED] - Statement - tempString += driver.findElement(org.openqa.selenium.By.xpath("//*[@id="add-row"]/div/table/tbody/tr[" + i + "]/td[3]")).getText(): null

2018-05-07 20:25:46 - [TEST_STEP][PASSED] - Statement - oldTransactionList.add(tempString): null

2018-05-07 20:25:46 - [TEST_STEP][PASSED] - Statement - println(tempString): null

2018-05-07 20:25:46 - [TEST_STEP][PASSED] - Statement - tempString = "": null

2018-05-07 20:25:46 - [TEST_STEP][PASSED] - Statement - tempString += driver.findElement(org.openqa.selenium.By.xpath("//*[@id="add-row"]/div/table/tbody/tr[" + i + "]/td[1]")).getText(): null

2018-05-07 20:25:46 - [TEST_STEP][PASSED] - Statement - tempString += driver.findElement(org.openqa.selenium.By.xpath("//*[@id="add-row"]/div/table/tbody/tr[" + i + "]/td[2]")).getText(): null

2018-05-07 20:25:46 - [TEST_STEP][PASSED] - Statement - tempString += driver.findElement(org.openqa.selenium.By.xpath("//*[@id="add-row"]/div/table/tbody/tr[" + i + "]/td[3]")).getText(): null

2018-05-07 20:25:46 - [TEST_STEP][PASSED] - Statement - oldTransactionList.add(tempString): null

2018-05-07 20:25:46 - [TEST_STEP][PASSED] - Statement - println(tempString): null

2018-05-07 20:25:46 - [TEST_STEP][PASSED] - Statement - tempString = "": null

2018-05-07 20:25:46 - [TEST_STEP][PASSED] - Statement - tempString += driver.findElement(org.openqa.selenium.By.xpath("//*[@id="add-row"]/div/table/tbody/tr[" + i + "]/td[1]")).getText(): null

2018-05-07 20:25:46 - [TEST_STEP][PASSED] - Statement - tempString += driver.findElement(org.openqa.selenium.By.xpath("//*[@id="add-row"]/div/table/tbody/tr[" + i + "]/td[2]")).getText(): null

2018-05-07 20:25:46 - [TEST_STEP][PASSED] - Statement - tempString += driver.findElement(org.openqa.selenium.By.xpath("//*[@id="add-row"]/div/table/tbody/tr[" + i + "]/td[3]")).getText(): null

2018-05-07 20:25:46 - [TEST_STEP][PASSED] - Statement - oldTransactionList.add(tempString): null

2018-05-07 20:25:46 - [TEST_STEP][PASSED] - Statement - println(tempString): null

2018-05-07 20:25:46 - [TEST_STEP][PASSED] - Statement - tempString = "": null

2018-05-07 20:25:46 - [TEST_STEP][PASSED] - Statement - tempString += driver.findElement(org.openqa.selenium.By.xpath("//*[@id="add-row"]/div/table/tbody/tr[" + i + "]/td[1]")).getText(): null

2018-05-07 20:25:47 - [TEST_STEP][PASSED] - Statement - tempString += driver.findElement(org.openqa.selenium.By.xpath("//*[@id="add-row"]/div/table/tbody/tr[" + i + "]/td[2]")).getText(): null

2018-05-07 20:25:47 - [TEST_STEP][PASSED] - Statement - tempString += driver.findElement(org.openqa.selenium.By.xpath("//*[@id="add-row"]/div/table/tbody/tr[" + i + "]/td[3]")).getText(): null

2018-05-07 20:25:47 - [TEST_STEP][PASSED] - Statement - oldTransactionList.add(tempString): null

2018-05-07 20:25:47 - [TEST_STEP][PASSED] - Statement - println(tempString): null

2018-05-07 20:25:47 - [TEST_STEP][PASSED] - Statement - tempString = "": null

2018-05-07 20:25:47 - [TEST_STEP][PASSED] - Statement - tempString += driver.findElement(org.openqa.selenium.By.xpath("//*[@id="add-row"]/div/table/tbody/tr[" + i + "]/td[1]")).getText(): null

2018-05-07 20:25:47 - [TEST_STEP][PASSED] - Statement - tempString += driver.findElement(org.openqa.selenium.By.xpath("//*[@id="add-row"]/div/table/tbody/tr[" + i + "]/td[2]")).getText(): null

2018-05-07 20:25:47 - [TEST_STEP][PASSED] - Statement - tempString += driver.findElement(org.openqa.selenium.By.xpath("//*[@id="add-row"]/div/table/tbody/tr[" + i + "]/td[3]")).getText(): null

2018-05-07 20:25:47 - [TEST_STEP][PASSED] - Statement - oldTransactionList.add(tempString): null

2018-05-07 20:25:47 - [TEST_STEP][PASSED] - Statement - println(tempString): null

2018-05-07 20:25:47 - [TEST_STEP][PASSED] - Statement - tempString = "": null

2018-05-07 20:25:47 - [TEST_STEP][PASSED] - Statement - tempString += driver.findElement(org.openqa.selenium.By.xpath("//*[@id="add-row"]/div/table/tbody/tr[" + i + "]/td[1]")).getText(): null

2018-05-07 20:25:47 - [TEST_STEP][PASSED] - Statement - tempString += driver.findElement(org.openqa.selenium.By.xpath("//*[@id="add-row"]/div/table/tbody/tr[" + i + "]/td[2]")).getText(): null

2018-05-07 20:25:47 - [TEST_STEP][PASSED] - Statement - tempString += driver.findElement(org.openqa.selenium.By.xpath("//*[@id="add-row"]/div/table/tbody/tr[" + i + "]/td[3]")).getText(): null

2018-05-07 20:25:47 - [TEST_STEP][PASSED] - Statement - oldTransactionList.add(tempString): null

2018-05-07 20:25:47 - [TEST_STEP][PASSED] - Statement - println(tempString): null

2018-05-07 20:25:47 - [TEST_STEP][PASSED] - Statement - tempString = "": null

2018-05-07 20:25:47 - [TEST_STEP][PASSED] - Statement - tempString += driver.findElement(org.openqa.selenium.By.xpath("//*[@id="add-row"]/div/table/tbody/tr[" + i + "]/td[1]")).getText(): null

2018-05-07 20:25:47 - [TEST_STEP][PASSED] - Statement - tempString += driver.findElement(org.openqa.selenium.By.xpath("//*[@id="add-row"]/div/table/tbody/tr[" + i + "]/td[2]")).getText(): null

2018-05-07 20:25:47 - [TEST_STEP][PASSED] - Statement - tempString += driver.findElement(org.openqa.selenium.By.xpath("//*[@id="add-row"]/div/table/tbody/tr[" + i + "]/td[3]")).getText(): null

2018-05-07 20:25:47 - [TEST_STEP][PASSED] - Statement - oldTransactionList.add(tempString): null

2018-05-07 20:25:47 - [TEST_STEP][PASSED] - Statement - println(tempString): null

2018-05-07 20:25:47 - [TEST_STEP][PASSED] - Statement - tempString = "": null

2018-05-07 20:25:47 - [TEST_STEP][PASSED] - Statement - tempString += driver.findElement(org.openqa.selenium.By.xpath("//*[@id="add-row"]/div/table/tbody/tr[" + i + "]/td[1]")).getText(): null

2018-05-07 20:25:48 - [TEST_STEP][PASSED] - Statement - tempString += driver.findElement(org.openqa.selenium.By.xpath("//*[@id="add-row"]/div/table/tbody/tr[" + i + "]/td[2]")).getText(): null

2018-05-07 20:25:48 - [TEST_STEP][PASSED] - Statement - tempString += driver.findElement(org.openqa.selenium.By.xpath("//*[@id="add-row"]/div/table/tbody/tr[" + i + "]/td[3]")).getText(): null

2018-05-07 20:25:48 - [TEST_STEP][PASSED] - Statement - oldTransactionList.add(tempString): null

2018-05-07 20:25:48 - [TEST_STEP][PASSED] - Statement - println(tempString): null

2018-05-07 20:25:48 - [TEST_STEP][PASSED] - Statement - tempString = "": null

2018-05-07 20:25:48 - [TEST_STEP][PASSED] - Statement - tempString += driver.findElement(org.openqa.selenium.By.xpath("//*[@id="add-row"]/div/table/tbody/tr[" + i + "]/td[1]")).getText(): null

2018-05-07 20:25:48 - [TEST_STEP][PASSED] - Statement - tempString += driver.findElement(org.openqa.selenium.By.xpath("//*[@id="add-row"]/div/table/tbody/tr[" + i + "]/td[2]")).getText(): null

2018-05-07 20:25:48 - [TEST_STEP][PASSED] - Statement - tempString += driver.findElement(org.openqa.selenium.By.xpath("//*[@id="add-row"]/div/table/tbody/tr[" + i + "]/td[3]")).getText(): null

2018-05-07 20:25:48 - [TEST_STEP][PASSED] - Statement - oldTransactionList.add(tempString): null

2018-05-07 20:25:48 - [TEST_STEP][PASSED] - Statement - println(tempString): null

2018-05-07 20:25:48 - [TEST_STEP][PASSED] - click: Object: 'Object Repository/Admin/button_Logout' is clicked on

2018-05-07 20:25:48 - [MESSAGE][PASSED] - Object: 'Object Repository/Admin/button_Logout' is clicked on

2018-05-07 20:25:48 - [TEST_STEP][PASSED] - delay: Delayed 5 second(s)

2018-05-07 20:25:53 - [MESSAGE][PASSED] - Delayed 5 second(s)

2018-05-07 20:25:53 - [TEST_STEP][PASSED] - setText: Text 'hello' is set on object 'Object Repository/Admin/input_username'

2018-05-07 20:25:53 - [MESSAGE][PASSED] - Text 'hello' is set on object 'Object Repository/Admin/input_username'

2018-05-07 20:25:53 - [TEST_STEP][PASSED] - setText: Text 'hello' is set on object 'Object Repository/Admin/input_password'

2018-05-07 20:25:54 - [MESSAGE][PASSED] - Text 'hello' is set on object 'Object Repository/Admin/input_password'

2018-05-07 20:25:54 - [TEST_STEP][PASSED] - click: Object: 'Object Repository/Admin/button_Login' is clicked on

2018-05-07 20:25:54 - [MESSAGE][PASSED] - Object: 'Object Repository/Admin/button_Login' is clicked on

2018-05-07 20:25:54 - [TEST_STEP][PASSED] - click: Object: 'Object Repository/Admin/add to cart1' is clicked on

2018-05-07 20:25:55 - [MESSAGE][PASSED] - Object: 'Object Repository/Admin/add to cart1' is clicked on

2018-05-07 20:25:55 - [TEST_STEP][PASSED] - click: Object: 'Object Repository/Admin/add to cart2' is clicked on

2018-05-07 20:25:55 - [MESSAGE][PASSED] - Object: 'Object Repository/Admin/add to cart2' is clicked on

2018-05-07 20:25:55 - [TEST_STEP][PASSED] - click: Object: 'Object Repository/Admin/add to cart3' is clicked on

2018-05-07 20:25:55 - [MESSAGE][PASSED] - Object: 'Object Repository/Admin/add to cart3' is clicked on

2018-05-07 20:25:55 - [TEST_STEP][PASSED] - click: Object: 'Object Repository/Admin/add to cart4' is clicked on

2018-05-07 20:25:55 - [MESSAGE][PASSED] - Object: 'Object Repository/Admin/add to cart4' is clicked on

2018-05-07 20:25:55 - [TEST_STEP][PASSED] - click: Object: 'Object Repository/Admin/add to cart5' is clicked on

2018-05-07 20:25:55 - [MESSAGE][PASSED] - Object: 'Object Repository/Admin/add to cart5' is clicked on

2018-05-07 20:25:55 - [TEST_STEP][PASSED] - click: Object: 'Object Repository/Admin/cart' is clicked on

2018-05-07 20:25:56 - [MESSAGE][PASSED] - Object: 'Object Repository/Admin/cart' is clicked on

2018-05-07 20:25:56 - [TEST_STEP][PASSED] - delay: Delayed 5 second(s)

2018-05-07 20:26:01 - [MESSAGE][PASSED] - Delayed 5 second(s)

2018-05-07 20:26:01 - [TEST_STEP][PASSED] - Statement - xpathOfElement = driver.findElement(org.openqa.selenium.By.xpath("//*[@id="add-row"]/div/div[2]/div/p")): null

2018-05-07 20:26:01 - [TEST_STEP][PASSED] - Statement - UserTable = driver.findElement(org.openqa.selenium.By.xpath("//*[@id="add-row"]/div/table/tbody")): null

2018-05-07 20:26:01 - [TEST_STEP][PASSED] - Statement - userRows = UserTable.findElements(org.openqa.selenium.By.tagName("tr")): null

2018-05-07 20:26:01 - [TEST_STEP][PASSED] - Statement - userProducts = "": null

2018-05-07 20:26:01 - [TEST_STEP][PASSED] - Statement - For (def i : (1..userRows.size())): null

2018-05-07 20:26:01 - [TEST_STEP][PASSED] - Statement - userProducts += driver.findElement(org.openqa.selenium.By.xpath("//*[@id="add-row"]/div/table/tbody/tr[" + i + "]/td[1]")).getText(): null

2018-05-07 20:26:01 - [TEST_STEP][PASSED] - Statement - userProducts += driver.findElement(org.openqa.selenium.By.xpath("//*[@id="add-row"]/div/table/tbody/tr[" + i + "]/td[1]")).getText(): null

2018-05-07 20:26:01 - [TEST_STEP][PASSED] - Statement - userProducts += driver.findElement(org.openqa.selenium.By.xpath("//*[@id="add-row"]/div/table/tbody/tr[" + i + "]/td[1]")).getText(): null

2018-05-07 20:26:01 - [TEST_STEP][PASSED] - Statement - userProducts += driver.findElement(org.openqa.selenium.By.xpath("//*[@id="add-row"]/div/table/tbody/tr[" + i + "]/td[1]")).getText(): null

2018-05-07 20:26:01 - [TEST_STEP][PASSED] - Statement - userProducts += driver.findElement(org.openqa.selenium.By.xpath("//*[@id="add-row"]/div/table/tbody/tr[" + i + "]/td[1]")).getText(): null

2018-05-07 20:26:01 - [TEST_STEP][PASSED] - Statement - userTotalPrice = xpathOfElement.getText().replaceAll("Total price: ", ""): null

2018-05-07 20:26:01 - [TEST_STEP][PASSED] - Statement - valueOfUserTotalPrice = java.lang.Integer.parseInt(userTotalPrice.replaceAll(" THB", "").replaceAll(",", "")): null

2018-05-07 20:26:01 - [TEST_STEP][PASSED] - click: Object: 'Object Repository/Admin/button_confirm' is clicked on

2018-05-07 20:26:01 - [MESSAGE][PASSED] - Object: 'Object Repository/Admin/button_confirm' is clicked on

2018-05-07 20:26:01 - [TEST_STEP][PASSED] - acceptAlert: Alert accepted

2018-05-07 20:26:01 - [MESSAGE][PASSED] - Alert accepted

2018-05-07 20:26:01 - [TEST_STEP][PASSED] - click: Object: 'Object Repository/Admin/button_Logout' is clicked on

2018-05-07 20:26:02 - [MESSAGE][PASSED] - Object: 'Object Repository/Admin/button_Logout' is clicked on

2018-05-07 20:26:02 - [TEST_STEP][PASSED] - delay: Delayed 5 second(s)

2018-05-07 20:26:07 - [MESSAGE][PASSED] - Delayed 5 second(s)

2018-05-07 20:26:07 - [TEST_STEP][PASSED] - setText: Text 'admin' is set on object 'Object Repository/Admin/input_username'

2018-05-07 20:26:07 - [MESSAGE][PASSED] - Text 'admin' is set on object 'Object Repository/Admin/input_username'

2018-05-07 20:26:07 - [TEST_STEP][PASSED] - setText: Text 'admin' is set on object 'Object Repository/Admin/input_password'

2018-05-07 20:26:07 - [MESSAGE][PASSED] - Text 'admin' is set on object 'Object Repository/Admin/input_password'

2018-05-07 20:26:07 - [TEST_STEP][PASSED] - click: Object: 'Object Repository/Admin/button_Login' is clicked on

2018-05-07 20:26:07 - [MESSAGE][PASSED] - Object: 'Object Repository/Admin/button_Login' is clicked on

2018-05-07 20:26:07 - [TEST_STEP][PASSED] - click: Object: 'Object Repository/Admin/div_Products' is clicked on

2018-05-07 20:26:08 - [MESSAGE][PASSED] - Object: 'Object Repository/Admin/div_Products' is clicked on

2018-05-07 20:26:08 - [TEST_STEP][PASSED] - click: Object: 'Object Repository/Admin/a_Total Transaction' is clicked on

2018-05-07 20:26:08 - [MESSAGE][PASSED] - Object: 'Object Repository/Admin/a_Total Transaction' is clicked on

2018-05-07 20:26:08 - [TEST_STEP][PASSED] - Statement - Table = driver.findElement(org.openqa.selenium.By.xpath("//*[@id="add-row"]/div/table/tbody")): null

2018-05-07 20:26:08 - [TEST_STEP][PASSED] - delay: Delayed 5 second(s)

2018-05-07 20:26:13 - [MESSAGE][PASSED] - Delayed 5 second(s)

2018-05-07 20:26:13 - [TEST_STEP][PASSED] - Statement - newRows = Table.findElements(org.openqa.selenium.By.tagName("tr")): null

2018-05-07 20:26:13 - [TEST_STEP][PASSED] - Statement - newTransactionList = new java.util.ArrayList(): null

2018-05-07 20:26:13 - [TEST_STEP][PASSED] - Statement - For (def i : (1..(newRows.size() - 1))): null

2018-05-07 20:26:13 - [TEST_STEP][PASSED] - Statement - tempString = "": null

2018-05-07 20:26:13 - [TEST_STEP][PASSED] - Statement - tempString += driver.findElement(org.openqa.selenium.By.xpath("//*[@id="add-row"]/div/table/tbody/tr[" + i + "]/td[1]")).getText(): null

2018-05-07 20:26:13 - [TEST_STEP][PASSED] - Statement - tempString += driver.findElement(org.openqa.selenium.By.xpath("//*[@id="add-row"]/div/table/tbody/tr[" + i + "]/td[2]")).getText(): null

2018-05-07 20:26:13 - [TEST_STEP][PASSED] - Statement - tempString += driver.findElement(org.openqa.selenium.By.xpath("//*[@id="add-row"]/div/table/tbody/tr[" + i + "]/td[3]")).getText(): null

2018-05-07 20:26:13 - [TEST_STEP][PASSED] - Statement - newTransactionList.add(tempString): null

2018-05-07 20:26:13 - [TEST_STEP][PASSED] - Statement - println(tempString): null

2018-05-07 20:26:13 - [TEST_STEP][PASSED] - Statement - tempString = "": null

2018-05-07 20:26:13 - [TEST_STEP][PASSED] - Statement - tempString += driver.findElement(org.openqa.selenium.By.xpath("//*[@id="add-row"]/div/table/tbody/tr[" + i + "]/td[1]")).getText(): null

2018-05-07 20:26:13 - [TEST_STEP][PASSED] - Statement - tempString += driver.findElement(org.openqa.selenium.By.xpath("//*[@id="add-row"]/div/table/tbody/tr[" + i + "]/td[2]")).getText(): null

2018-05-07 20:26:13 - [TEST_STEP][PASSED] - Statement - tempString += driver.findElement(org.openqa.selenium.By.xpath("//*[@id="add-row"]/div/table/tbody/tr[" + i + "]/td[3]")).getText(): null

2018-05-07 20:26:13 - [TEST_STEP][PASSED] - Statement - newTransactionList.add(tempString): null

2018-05-07 20:26:13 - [TEST_STEP][PASSED] - Statement - println(tempString): null

2018-05-07 20:26:13 - [TEST_STEP][PASSED] - Statement - tempString = "": null

2018-05-07 20:26:13 - [TEST_STEP][PASSED] - Statement - tempString += driver.findElement(org.openqa.selenium.By.xpath("//*[@id="add-row"]/div/table/tbody/tr[" + i + "]/td[1]")).getText(): null

2018-05-07 20:26:13 - [TEST_STEP][PASSED] - Statement - tempString += driver.findElement(org.openqa.selenium.By.xpath("//*[@id="add-row"]/div/table/tbody/tr[" + i + "]/td[2]")).getText(): null

2018-05-07 20:26:14 - [TEST_STEP][PASSED] - Statement - tempString += driver.findElement(org.openqa.selenium.By.xpath("//*[@id="add-row"]/div/table/tbody/tr[" + i + "]/td[3]")).getText(): null

2018-05-07 20:26:14 - [TEST_STEP][PASSED] - Statement - newTransactionList.add(tempString): null

2018-05-07 20:26:14 - [TEST_STEP][PASSED] - Statement - println(tempString): null

2018-05-07 20:26:14 - [TEST_STEP][PASSED] - Statement - tempString = "": null

2018-05-07 20:26:14 - [TEST_STEP][PASSED] - Statement - tempString += driver.findElement(org.openqa.selenium.By.xpath("//*[@id="add-row"]/div/table/tbody/tr[" + i + "]/td[1]")).getText(): null

2018-05-07 20:26:14 - [TEST_STEP][PASSED] - Statement - tempString += driver.findElement(org.openqa.selenium.By.xpath("//*[@id="add-row"]/div/table/tbody/tr[" + i + "]/td[2]")).getText(): null

2018-05-07 20:26:14 - [TEST_STEP][PASSED] - Statement - tempString += driver.findElement(org.openqa.selenium.By.xpath("//*[@id="add-row"]/div/table/tbody/tr[" + i + "]/td[3]")).getText(): null

2018-05-07 20:26:14 - [TEST_STEP][PASSED] - Statement - newTransactionList.add(tempString): null

2018-05-07 20:26:14 - [TEST_STEP][PASSED] - Statement - println(tempString): null

2018-05-07 20:26:14 - [TEST_STEP][PASSED] - Statement - tempString = "": null

2018-05-07 20:26:14 - [TEST_STEP][PASSED] - Statement - tempString += driver.findElement(org.openqa.selenium.By.xpath("//*[@id="add-row"]/div/table/tbody/tr[" + i + "]/td[1]")).getText(): null

2018-05-07 20:26:14 - [TEST_STEP][PASSED] - Statement - tempString += driver.findElement(org.openqa.selenium.By.xpath("//*[@id="add-row"]/div/table/tbody/tr[" + i + "]/td[2]")).getText(): null

2018-05-07 20:26:14 - [TEST_STEP][PASSED] - Statement - tempString += driver.findElement(org.openqa.selenium.By.xpath("//*[@id="add-row"]/div/table/tbody/tr[" + i + "]/td[3]")).getText(): null

2018-05-07 20:26:14 - [TEST_STEP][PASSED] - Statement - newTransactionList.add(tempString): null

2018-05-07 20:26:14 - [TEST_STEP][PASSED] - Statement - println(tempString): null

2018-05-07 20:26:14 - [TEST_STEP][PASSED] - Statement - tempString = "": null

2018-05-07 20:26:14 - [TEST_STEP][PASSED] - Statement - tempString += driver.findElement(org.openqa.selenium.By.xpath("//*[@id="add-row"]/div/table/tbody/tr[" + i + "]/td[1]")).getText(): null

2018-05-07 20:26:15 - [TEST_STEP][PASSED] - Statement - tempString += driver.findElement(org.openqa.selenium.By.xpath("//*[@id="add-row"]/div/table/tbody/tr[" + i + "]/td[2]")).getText(): null

2018-05-07 20:26:15 - [TEST_STEP][PASSED] - Statement - tempString += driver.findElement(org.openqa.selenium.By.xpath("//*[@id="add-row"]/div/table/tbody/tr[" + i + "]/td[3]")).getText(): null

2018-05-07 20:26:15 - [TEST_STEP][PASSED] - Statement - newTransactionList.add(tempString): null

2018-05-07 20:26:15 - [TEST_STEP][PASSED] - Statement - println(tempString): null

2018-05-07 20:26:15 - [TEST_STEP][PASSED] - Statement - tempString = "": null

2018-05-07 20:26:15 - [TEST_STEP][PASSED] - Statement - tempString += driver.findElement(org.openqa.selenium.By.xpath("//*[@id="add-row"]/div/table/tbody/tr[" + i + "]/td[1]")).getText(): null

2018-05-07 20:26:15 - [TEST_STEP][PASSED] - Statement - tempString += driver.findElement(org.openqa.selenium.By.xpath("//*[@id="add-row"]/div/table/tbody/tr[" + i + "]/td[2]")).getText(): null

2018-05-07 20:26:15 - [TEST_STEP][PASSED] - Statement - tempString += driver.findElement(org.openqa.selenium.By.xpath("//*[@id="add-row"]/div/table/tbody/tr[" + i + "]/td[3]")).getText(): null

2018-05-07 20:26:16 - [TEST_STEP][PASSED] - Statement - newTransactionList.add(tempString): null

2018-05-07 20:26:16 - [TEST_STEP][PASSED] - Statement - println(tempString): null

2018-05-07 20:26:16 - [TEST_STEP][PASSED] - Statement - tempString = "": null

2018-05-07 20:26:16 - [TEST_STEP][PASSED] - Statement - tempString += driver.findElement(org.openqa.selenium.By.xpath("//*[@id="add-row"]/div/table/tbody/tr[" + i + "]/td[1]")).getText(): null

2018-05-07 20:26:16 - [TEST_STEP][PASSED] - Statement - tempString += driver.findElement(org.openqa.selenium.By.xpath("//*[@id="add-row"]/div/table/tbody/tr[" + i + "]/td[2]")).getText(): null

2018-05-07 20:26:16 - [TEST_STEP][PASSED] - Statement - tempString += driver.findElement(org.openqa.selenium.By.xpath("//*[@id="add-row"]/div/table/tbody/tr[" + i + "]/td[3]")).getText(): null

2018-05-07 20:26:16 - [TEST_STEP][PASSED] - Statement - newTransactionList.add(tempString): null

2018-05-07 20:26:16 - [TEST_STEP][PASSED] - Statement - println(tempString): null

2018-05-07 20:26:16 - [TEST_STEP][PASSED] - Statement - tempString = "": null

2018-05-07 20:26:16 - [TEST_STEP][PASSED] - Statement - tempString += driver.findElement(org.openqa.selenium.By.xpath("//*[@id="add-row"]/div/table/tbody/tr[" + i + "]/td[1]")).getText(): null

2018-05-07 20:26:17 - [TEST_STEP][PASSED] - Statement - tempString += driver.findElement(org.openqa.selenium.By.xpath("//*[@id="add-row"]/div/table/tbody/tr[" + i + "]/td[2]")).getText(): null

2018-05-07 20:26:17 - [TEST_STEP][PASSED] - Statement - tempString += driver.findElement(org.openqa.selenium.By.xpath("//*[@id="add-row"]/div/table/tbody/tr[" + i + "]/td[3]")).getText(): null

2018-05-07 20:26:17 - [TEST_STEP][PASSED] - Statement - newTransactionList.add(tempString): null

2018-05-07 20:26:17 - [TEST_STEP][PASSED] - Statement - println(tempString): null

2018-05-07 20:26:17 - [TEST_STEP][PASSED] - Statement - tempString = "": null

2018-05-07 20:26:17 - [TEST_STEP][PASSED] - Statement - tempString += driver.findElement(org.openqa.selenium.By.xpath("//*[@id="add-row"]/div/table/tbody/tr[" + i + "]/td[1]")).getText(): null

2018-05-07 20:26:17 - [TEST_STEP][PASSED] - Statement - tempString += driver.findElement(org.openqa.selenium.By.xpath("//*[@id="add-row"]/div/table/tbody/tr[" + i + "]/td[2]")).getText(): null

2018-05-07 20:26:17 - [TEST_STEP][PASSED] - Statement - tempString += driver.findElement(org.openqa.selenium.By.xpath("//*[@id="add-row"]/div/table/tbody/tr[" + i + "]/td[3]")).getText(): null

2018-05-07 20:26:18 - [TEST_STEP][PASSED] - Statement - newTransactionList.add(tempString): null

2018-05-07 20:26:18 - [TEST_STEP][PASSED] - Statement - println(tempString): null

2018-05-07 20:26:18 - [TEST_STEP][PASSED] - Statement - tempString = "": null

2018-05-07 20:26:18 - [TEST_STEP][PASSED] - Statement - tempString += driver.findElement(org.openqa.selenium.By.xpath("//*[@id="add-row"]/div/table/tbody/tr[" + i + "]/td[1]")).getText(): null

2018-05-07 20:26:18 - [TEST_STEP][PASSED] - Statement - tempString += driver.findElement(org.openqa.selenium.By.xpath("//*[@id="add-row"]/div/table/tbody/tr[" + i + "]/td[2]")).getText(): null

2018-05-07 20:26:18 - [TEST_STEP][PASSED] - Statement - tempString += driver.findElement(org.openqa.selenium.By.xpath("//*[@id="add-row"]/div/table/tbody/tr[" + i + "]/td[3]")).getText(): null

2018-05-07 20:26:18 - [TEST_STEP][PASSED] - Statement - newTransactionList.add(tempString): null

2018-05-07 20:26:18 - [TEST_STEP][PASSED] - Statement - println(tempString): null

2018-05-07 20:26:18 - [TEST_STEP][PASSED] - Statement - tempString = "": null

2018-05-07 20:26:18 - [TEST_STEP][PASSED] - Statement - tempString += driver.findElement(org.openqa.selenium.By.xpath("//*[@id="add-row"]/div/table/tbody/tr[" + i + "]/td[1]")).getText(): null

2018-05-07 20:26:18 - [TEST_STEP][PASSED] - Statement - tempString += driver.findElement(org.openqa.selenium.By.xpath("//*[@id="add-row"]/div/table/tbody/tr[" + i + "]/td[2]")).getText(): null

2018-05-07 20:26:19 - [TEST_STEP][PASSED] - Statement - tempString += driver.findElement(org.openqa.selenium.By.xpath("//*[@id="add-row"]/div/table/tbody/tr[" + i + "]/td[3]")).getText(): null

2018-05-07 20:26:19 - [TEST_STEP][PASSED] - Statement - newTransactionList.add(tempString): null

2018-05-07 20:26:19 - [TEST_STEP][PASSED] - Statement - println(tempString): null

2018-05-07 20:26:19 - [TEST_STEP][PASSED] - Statement - newRowValue = driver.findElement(org.openqa.selenium.By.xpath("//*[@id="add-row"]/div/table/tbody/tr[" + newRows.size() + "]/td[3]")).getText(): null

2018-05-07 20:26:19 - [TEST_STEP][PASSED] - Statement - newTranscation = driver.findElement(org.openqa.selenium.By.xpath("//*[@id="add-row"]/div/table/tbody/tr[" + newRows.size() + "]/td[2]")).getText().replaceAll(",", ""): null

2018-05-07 20:26:19 - [TEST_STEP][PASSED] - Statement - newAdminTotalPrice = driver.findElement(org.openqa.selenium.By.xpath("//*[@id="add-row"]/div/div[2]/div/p")).getText(): null

2018-05-07 20:26:19 - [TEST_STEP][PASSED] - Statement - newAdminTotalPrice = newAdminTotalPrice.replaceAll(" THB", "").replaceAll("Total price: ", "").replaceAll(",", ""): null

2018-05-07 20:26:19 - [TEST_STEP][PASSED] - Statement - newAdminTotalPrice = java.lang.Integer.parseInt(newAdminTotalPrice): null

2018-05-07 20:26:19 - [TEST_STEP][PASSED] - Statement - println("Total Price of All Transaction before: " + oldAdminTotalPrice): null

2018-05-07 20:26:19 - [TEST_STEP][PASSED] - Statement - println("Total Price that User Bought: " + userTotalPrice): null

2018-05-07 20:26:19 - [TEST_STEP][PASSED] - Statement - println("Total Price of all Transaction after: " + newAdminTotalPrice): null

2018-05-07 20:26:19 - [TEST_STEP][PASSED] - Statement - println("Size of Rows after: " + newRows.size()): null

2018-05-07 20:26:20 - [TEST_STEP][PASSED] - Statement - println("Total Price of Last Transaction: " + newRowValue): null

2018-05-07 20:26:20 - [TEST_STEP][PASSED] - verifyEqual: Actual object '20,462 THB' and expected object '20,462 THB' are equal

2018-05-07 20:26:20 - [MESSAGE][PASSED] - Actual object '20,462 THB' and expected object '20,462 THB' are equal

2018-05-07 20:26:20 - [TEST_STEP][PASSED] - verifyEqual: Actual object '324,842' and expected object '324,842' are equal

2018-05-07 20:26:20 - [MESSAGE][PASSED] - Actual object '324,842' and expected object '324,842' are equal

2018-05-07 20:26:20 - [TEST_STEP][PASSED] - verifyEqual: Actual object '[[1Garden, Papaya20,120 THB, 2Banana, Garden, Banana, Rambutan60,570 THB, 3Garden20,000 THB, 4Orange280 THB, 5Papaya12 THB, 6Garden40,000 THB, 7Garden, Banana40,300 THB, 8Garden, Banana, Orange40,860 THB, 9Garden, Banana, Orange, Papaya40,884 THB, 10Garden, Banana, Orange, Papaya, Rambutan40,924 THB, 11Banana150 THB, 12Orange280 THB]]' and expected object '[[1Garden, Papaya20,120 THB, 2Banana, Garden, Banana, Rambutan60,570 THB, 3Garden20,000 THB, 4Orange280 THB, 5Papaya12 THB, 6Garden40,000 THB, 7Garden, Banana40,300 THB, 8Garden, Banana, Orange40,860 THB, 9Garden, Banana, Orange, Papaya40,884 THB, 10Garden, Banana, Orange, Papaya, Rambutan40,924 THB, 11Banana150 THB, 12Orange280 THB]]' are equal

2018-05-07 20:26:20 - [MESSAGE][PASSED] - Actual object '[[1Garden, Papaya20,120 THB, 2Banana, Garden, Banana, Rambutan60,570 THB, 3Garden20,000 THB, 4Orange280 THB, 5Papaya12 THB, 6Garden40,000 THB, 7Garden, Banana40,300 THB, 8Garden, Banana, Orange40,860 THB, 9Garden, Banana, Orange, Papaya40,884 THB, 10Garden, Banana, Orange, Papaya, Rambutan40,924 THB, 11Banana150 THB, 12Orange280 THB]]' and expected object '[[1Garden, Papaya20,120 THB, 2Banana, Garden, Banana, Rambutan60,570 THB, 3Garden20,000 THB, 4Orange280 THB, 5Papaya12 THB, 6Garden40,000 THB, 7Garden, Banana40,300 THB, 8Garden, Banana, Orange40,860 THB, 9Garden, Banana, Orange, Papaya40,884 THB, 10Garden, Banana, Orange, Papaya, Rambutan40,924 THB, 11Banana150 THB, 12Orange280 THB]]' are equal

2018-05-07 20:26:20 - [TEST_STEP][FAILED] - verifyEqual: Unable to verify equal between actual object 'GardenBananaOrangePapayaRambutan' and expected object 'Garden Banana Orange Papaya Rambutan' (Root cause: Actual object 'GardenBananaOrangePapayaRambutan' and expected object 'Garden Banana Orange Papaya Rambutan' are not equal)

2018-05-07 20:26:20 - [MESSAGE][FAILED] - Unable to verify equal between actual object 'GardenBananaOrangePapayaRambutan' and expected object 'Garden Banana Orange Papaya Rambutan' (Root cause: Actual object 'GardenBananaOrangePapayaRambutan' and expected object 'Garden Banana Orange Papaya Rambutan' are not equal)]]></system-out>
         <system-err><![CDATA[2018-05-07 20:24:54 - [TEST_CASE][FAILED] - Test Cases/Admin Test Case 1: Test Cases/Admin Test Case 1 FAILED because (of) Unable to verify equal between actual object 'GardenBananaOrangePapayaRambutan' and expected object 'Garden Banana Orange Papaya Rambutan' (Root cause: Actual object 'GardenBananaOrangePapayaRambutan' and expected object 'Garden Banana Orange Papaya Rambutan' are not equal)]]></system-err>
      </testcase>
      <testcase name="Test Cases/Admin Test Case 1" classname="Test Cases/Admin Test Case 1" status="FAILED">
         <failure type="FAILED" message="Unable to verify equal between actual object 'GardenBananaOrangePapayaRambutan' and expected object 'Garden Banana Orange Papaya Rambutan' (Root cause: Actual object 'GardenBananaOrangePapayaRambutan' and expected object 'Garden Banana Orange Papaya Rambutan' are not equal)"/>
         <system-out><![CDATA[2018-05-07 20:26:21 - [TEST_CASE][FAILED] - Test Cases/Admin Test Case 1: Test Cases/Admin Test Case 1 FAILED because (of) Unable to verify equal between actual object 'GardenBananaOrangePapayaRambutan' and expected object 'Garden Banana Orange Papaya Rambutan' (Root cause: Actual object 'GardenBananaOrangePapayaRambutan' and expected object 'Garden Banana Orange Papaya Rambutan' are not equal)

2018-05-07 20:26:22 - [TEST_STEP][PASSED] - openBrowser: Browser is opened with url: ''

2018-05-07 20:26:22 - [MESSAGE][WARNING] - A browser is already opened. Closing browser and opening a new one

2018-05-07 20:26:46 - [MESSAGE][PASSED] - Browser is opened with url: ''

2018-05-07 20:26:46 - [TEST_STEP][PASSED] - Statement - driver = com.kms.katalon.core.webui.driver.DriverFactory.getWebDriver(): null

2018-05-07 20:26:46 - [TEST_STEP][PASSED] - navigateToUrl: Navigate to 'http://18.188.55.188:8085/' successfully

2018-05-07 20:27:00 - [MESSAGE][PASSED] - Navigate to 'http://18.188.55.188:8085/' successfully

2018-05-07 20:27:00 - [TEST_STEP][PASSED] - setText: Text 'admin' is set on object 'Object Repository/Admin/input_username'

2018-05-07 20:27:00 - [MESSAGE][PASSED] - Text 'admin' is set on object 'Object Repository/Admin/input_username'

2018-05-07 20:27:00 - [TEST_STEP][PASSED] - setText: Text 'admin' is set on object 'Object Repository/Admin/input_password'

2018-05-07 20:27:01 - [MESSAGE][PASSED] - Text 'admin' is set on object 'Object Repository/Admin/input_password'

2018-05-07 20:27:01 - [TEST_STEP][PASSED] - click: Object: 'Object Repository/Admin/button_Login' is clicked on

2018-05-07 20:27:01 - [MESSAGE][PASSED] - Object: 'Object Repository/Admin/button_Login' is clicked on

2018-05-07 20:27:01 - [TEST_STEP][PASSED] - delay: Delayed 5 second(s)

2018-05-07 20:27:06 - [MESSAGE][PASSED] - Delayed 5 second(s)

2018-05-07 20:27:06 - [TEST_STEP][PASSED] - click: Object: 'Object Repository/Admin/a_Total Transaction' is clicked on

2018-05-07 20:27:06 - [MESSAGE][PASSED] - Object: 'Object Repository/Admin/a_Total Transaction' is clicked on

2018-05-07 20:27:06 - [TEST_STEP][PASSED] - Statement - Table = driver.findElement(org.openqa.selenium.By.xpath("//*[@id="add-row"]/div/table/tbody")): null

2018-05-07 20:27:06 - [TEST_STEP][PASSED] - delay: Delayed 5 second(s)

2018-05-07 20:27:11 - [MESSAGE][PASSED] - Delayed 5 second(s)

2018-05-07 20:27:11 - [TEST_STEP][PASSED] - Statement - oldAdminTotalPrice = driver.findElement(org.openqa.selenium.By.xpath("//*[@id="add-row"]/div/div[2]/div/p")).getText(): null

2018-05-07 20:27:11 - [TEST_STEP][PASSED] - Statement - oldAdminTotalPrice = oldAdminTotalPrice.replaceAll(" THB", "").replaceAll("Total price: ", "").replaceAll(",", ""): null

2018-05-07 20:27:11 - [TEST_STEP][PASSED] - Statement - oldAdminTotalPrice = java.lang.Integer.parseInt(oldAdminTotalPrice): null

2018-05-07 20:27:11 - [TEST_STEP][PASSED] - Statement - oldRows = Table.findElements(org.openqa.selenium.By.tagName("tr")): null

2018-05-07 20:27:11 - [TEST_STEP][PASSED] - Statement - valueOfOldRows = oldRows.size(): null

2018-05-07 20:27:11 - [TEST_STEP][PASSED] - Statement - oldTransactionList = new java.util.ArrayList(): null

2018-05-07 20:27:11 - [TEST_STEP][PASSED] - Statement - For (def i : (1..oldRows.size())): null

2018-05-07 20:27:11 - [TEST_STEP][PASSED] - Statement - tempString = "": null

2018-05-07 20:27:11 - [TEST_STEP][PASSED] - Statement - tempString += driver.findElement(org.openqa.selenium.By.xpath("//*[@id="add-row"]/div/table/tbody/tr[" + i + "]/td[1]")).getText(): null

2018-05-07 20:27:11 - [TEST_STEP][PASSED] - Statement - tempString += driver.findElement(org.openqa.selenium.By.xpath("//*[@id="add-row"]/div/table/tbody/tr[" + i + "]/td[2]")).getText(): null

2018-05-07 20:27:11 - [TEST_STEP][PASSED] - Statement - tempString += driver.findElement(org.openqa.selenium.By.xpath("//*[@id="add-row"]/div/table/tbody/tr[" + i + "]/td[3]")).getText(): null

2018-05-07 20:27:12 - [TEST_STEP][PASSED] - Statement - oldTransactionList.add(tempString): null

2018-05-07 20:27:12 - [TEST_STEP][PASSED] - Statement - println(tempString): null

2018-05-07 20:27:12 - [TEST_STEP][PASSED] - Statement - tempString = "": null

2018-05-07 20:27:12 - [TEST_STEP][PASSED] - Statement - tempString += driver.findElement(org.openqa.selenium.By.xpath("//*[@id="add-row"]/div/table/tbody/tr[" + i + "]/td[1]")).getText(): null

2018-05-07 20:27:12 - [TEST_STEP][PASSED] - Statement - tempString += driver.findElement(org.openqa.selenium.By.xpath("//*[@id="add-row"]/div/table/tbody/tr[" + i + "]/td[2]")).getText(): null

2018-05-07 20:27:12 - [TEST_STEP][PASSED] - Statement - tempString += driver.findElement(org.openqa.selenium.By.xpath("//*[@id="add-row"]/div/table/tbody/tr[" + i + "]/td[3]")).getText(): null

2018-05-07 20:27:12 - [TEST_STEP][PASSED] - Statement - oldTransactionList.add(tempString): null

2018-05-07 20:27:12 - [TEST_STEP][PASSED] - Statement - println(tempString): null

2018-05-07 20:27:12 - [TEST_STEP][PASSED] - Statement - tempString = "": null

2018-05-07 20:27:12 - [TEST_STEP][PASSED] - Statement - tempString += driver.findElement(org.openqa.selenium.By.xpath("//*[@id="add-row"]/div/table/tbody/tr[" + i + "]/td[1]")).getText(): null

2018-05-07 20:27:12 - [TEST_STEP][PASSED] - Statement - tempString += driver.findElement(org.openqa.selenium.By.xpath("//*[@id="add-row"]/div/table/tbody/tr[" + i + "]/td[2]")).getText(): null

2018-05-07 20:27:12 - [TEST_STEP][PASSED] - Statement - tempString += driver.findElement(org.openqa.selenium.By.xpath("//*[@id="add-row"]/div/table/tbody/tr[" + i + "]/td[3]")).getText(): null

2018-05-07 20:27:12 - [TEST_STEP][PASSED] - Statement - oldTransactionList.add(tempString): null

2018-05-07 20:27:12 - [TEST_STEP][PASSED] - Statement - println(tempString): null

2018-05-07 20:27:12 - [TEST_STEP][PASSED] - Statement - tempString = "": null

2018-05-07 20:27:12 - [TEST_STEP][PASSED] - Statement - tempString += driver.findElement(org.openqa.selenium.By.xpath("//*[@id="add-row"]/div/table/tbody/tr[" + i + "]/td[1]")).getText(): null

2018-05-07 20:27:13 - [TEST_STEP][PASSED] - Statement - tempString += driver.findElement(org.openqa.selenium.By.xpath("//*[@id="add-row"]/div/table/tbody/tr[" + i + "]/td[2]")).getText(): null

2018-05-07 20:27:13 - [TEST_STEP][PASSED] - Statement - tempString += driver.findElement(org.openqa.selenium.By.xpath("//*[@id="add-row"]/div/table/tbody/tr[" + i + "]/td[3]")).getText(): null

2018-05-07 20:27:13 - [TEST_STEP][PASSED] - Statement - oldTransactionList.add(tempString): null

2018-05-07 20:27:13 - [TEST_STEP][PASSED] - Statement - println(tempString): null

2018-05-07 20:27:13 - [TEST_STEP][PASSED] - Statement - tempString = "": null

2018-05-07 20:27:13 - [TEST_STEP][PASSED] - Statement - tempString += driver.findElement(org.openqa.selenium.By.xpath("//*[@id="add-row"]/div/table/tbody/tr[" + i + "]/td[1]")).getText(): null

2018-05-07 20:27:13 - [TEST_STEP][PASSED] - Statement - tempString += driver.findElement(org.openqa.selenium.By.xpath("//*[@id="add-row"]/div/table/tbody/tr[" + i + "]/td[2]")).getText(): null

2018-05-07 20:27:13 - [TEST_STEP][PASSED] - Statement - tempString += driver.findElement(org.openqa.selenium.By.xpath("//*[@id="add-row"]/div/table/tbody/tr[" + i + "]/td[3]")).getText(): null

2018-05-07 20:27:13 - [TEST_STEP][PASSED] - Statement - oldTransactionList.add(tempString): null

2018-05-07 20:27:13 - [TEST_STEP][PASSED] - Statement - println(tempString): null

2018-05-07 20:27:13 - [TEST_STEP][PASSED] - Statement - tempString = "": null

2018-05-07 20:27:13 - [TEST_STEP][PASSED] - Statement - tempString += driver.findElement(org.openqa.selenium.By.xpath("//*[@id="add-row"]/div/table/tbody/tr[" + i + "]/td[1]")).getText(): null

2018-05-07 20:27:13 - [TEST_STEP][PASSED] - Statement - tempString += driver.findElement(org.openqa.selenium.By.xpath("//*[@id="add-row"]/div/table/tbody/tr[" + i + "]/td[2]")).getText(): null

2018-05-07 20:27:13 - [TEST_STEP][PASSED] - Statement - tempString += driver.findElement(org.openqa.selenium.By.xpath("//*[@id="add-row"]/div/table/tbody/tr[" + i + "]/td[3]")).getText(): null

2018-05-07 20:27:14 - [TEST_STEP][PASSED] - Statement - oldTransactionList.add(tempString): null

2018-05-07 20:27:14 - [TEST_STEP][PASSED] - Statement - println(tempString): null

2018-05-07 20:27:14 - [TEST_STEP][PASSED] - Statement - tempString = "": null

2018-05-07 20:27:14 - [TEST_STEP][PASSED] - Statement - tempString += driver.findElement(org.openqa.selenium.By.xpath("//*[@id="add-row"]/div/table/tbody/tr[" + i + "]/td[1]")).getText(): null

2018-05-07 20:27:14 - [TEST_STEP][PASSED] - Statement - tempString += driver.findElement(org.openqa.selenium.By.xpath("//*[@id="add-row"]/div/table/tbody/tr[" + i + "]/td[2]")).getText(): null

2018-05-07 20:27:14 - [TEST_STEP][PASSED] - Statement - tempString += driver.findElement(org.openqa.selenium.By.xpath("//*[@id="add-row"]/div/table/tbody/tr[" + i + "]/td[3]")).getText(): null

2018-05-07 20:27:14 - [TEST_STEP][PASSED] - Statement - oldTransactionList.add(tempString): null

2018-05-07 20:27:14 - [TEST_STEP][PASSED] - Statement - println(tempString): null

2018-05-07 20:27:14 - [TEST_STEP][PASSED] - Statement - tempString = "": null

2018-05-07 20:27:14 - [TEST_STEP][PASSED] - Statement - tempString += driver.findElement(org.openqa.selenium.By.xpath("//*[@id="add-row"]/div/table/tbody/tr[" + i + "]/td[1]")).getText(): null

2018-05-07 20:27:14 - [TEST_STEP][PASSED] - Statement - tempString += driver.findElement(org.openqa.selenium.By.xpath("//*[@id="add-row"]/div/table/tbody/tr[" + i + "]/td[2]")).getText(): null

2018-05-07 20:27:14 - [TEST_STEP][PASSED] - Statement - tempString += driver.findElement(org.openqa.selenium.By.xpath("//*[@id="add-row"]/div/table/tbody/tr[" + i + "]/td[3]")).getText(): null

2018-05-07 20:27:14 - [TEST_STEP][PASSED] - Statement - oldTransactionList.add(tempString): null

2018-05-07 20:27:14 - [TEST_STEP][PASSED] - Statement - println(tempString): null

2018-05-07 20:27:14 - [TEST_STEP][PASSED] - Statement - tempString = "": null

2018-05-07 20:27:14 - [TEST_STEP][PASSED] - Statement - tempString += driver.findElement(org.openqa.selenium.By.xpath("//*[@id="add-row"]/div/table/tbody/tr[" + i + "]/td[1]")).getText(): null

2018-05-07 20:27:14 - [TEST_STEP][PASSED] - Statement - tempString += driver.findElement(org.openqa.selenium.By.xpath("//*[@id="add-row"]/div/table/tbody/tr[" + i + "]/td[2]")).getText(): null

2018-05-07 20:27:14 - [TEST_STEP][PASSED] - Statement - tempString += driver.findElement(org.openqa.selenium.By.xpath("//*[@id="add-row"]/div/table/tbody/tr[" + i + "]/td[3]")).getText(): null

2018-05-07 20:27:14 - [TEST_STEP][PASSED] - Statement - oldTransactionList.add(tempString): null

2018-05-07 20:27:14 - [TEST_STEP][PASSED] - Statement - println(tempString): null

2018-05-07 20:27:14 - [TEST_STEP][PASSED] - Statement - tempString = "": null

2018-05-07 20:27:14 - [TEST_STEP][PASSED] - Statement - tempString += driver.findElement(org.openqa.selenium.By.xpath("//*[@id="add-row"]/div/table/tbody/tr[" + i + "]/td[1]")).getText(): null

2018-05-07 20:27:14 - [TEST_STEP][PASSED] - Statement - tempString += driver.findElement(org.openqa.selenium.By.xpath("//*[@id="add-row"]/div/table/tbody/tr[" + i + "]/td[2]")).getText(): null

2018-05-07 20:27:14 - [TEST_STEP][PASSED] - Statement - tempString += driver.findElement(org.openqa.selenium.By.xpath("//*[@id="add-row"]/div/table/tbody/tr[" + i + "]/td[3]")).getText(): null

2018-05-07 20:27:15 - [TEST_STEP][PASSED] - Statement - oldTransactionList.add(tempString): null

2018-05-07 20:27:15 - [TEST_STEP][PASSED] - Statement - println(tempString): null

2018-05-07 20:27:15 - [TEST_STEP][PASSED] - Statement - tempString = "": null

2018-05-07 20:27:15 - [TEST_STEP][PASSED] - Statement - tempString += driver.findElement(org.openqa.selenium.By.xpath("//*[@id="add-row"]/div/table/tbody/tr[" + i + "]/td[1]")).getText(): null

2018-05-07 20:27:15 - [TEST_STEP][PASSED] - Statement - tempString += driver.findElement(org.openqa.selenium.By.xpath("//*[@id="add-row"]/div/table/tbody/tr[" + i + "]/td[2]")).getText(): null

2018-05-07 20:27:15 - [TEST_STEP][PASSED] - Statement - tempString += driver.findElement(org.openqa.selenium.By.xpath("//*[@id="add-row"]/div/table/tbody/tr[" + i + "]/td[3]")).getText(): null

2018-05-07 20:27:15 - [TEST_STEP][PASSED] - Statement - oldTransactionList.add(tempString): null

2018-05-07 20:27:15 - [TEST_STEP][PASSED] - Statement - println(tempString): null

2018-05-07 20:27:15 - [TEST_STEP][PASSED] - Statement - tempString = "": null

2018-05-07 20:27:15 - [TEST_STEP][PASSED] - Statement - tempString += driver.findElement(org.openqa.selenium.By.xpath("//*[@id="add-row"]/div/table/tbody/tr[" + i + "]/td[1]")).getText(): null

2018-05-07 20:27:15 - [TEST_STEP][PASSED] - Statement - tempString += driver.findElement(org.openqa.selenium.By.xpath("//*[@id="add-row"]/div/table/tbody/tr[" + i + "]/td[2]")).getText(): null

2018-05-07 20:27:15 - [TEST_STEP][PASSED] - Statement - tempString += driver.findElement(org.openqa.selenium.By.xpath("//*[@id="add-row"]/div/table/tbody/tr[" + i + "]/td[3]")).getText(): null

2018-05-07 20:27:15 - [TEST_STEP][PASSED] - Statement - oldTransactionList.add(tempString): null

2018-05-07 20:27:15 - [TEST_STEP][PASSED] - Statement - println(tempString): null

2018-05-07 20:27:15 - [TEST_STEP][PASSED] - Statement - tempString = "": null

2018-05-07 20:27:15 - [TEST_STEP][PASSED] - Statement - tempString += driver.findElement(org.openqa.selenium.By.xpath("//*[@id="add-row"]/div/table/tbody/tr[" + i + "]/td[1]")).getText(): null

2018-05-07 20:27:15 - [TEST_STEP][PASSED] - Statement - tempString += driver.findElement(org.openqa.selenium.By.xpath("//*[@id="add-row"]/div/table/tbody/tr[" + i + "]/td[2]")).getText(): null

2018-05-07 20:27:16 - [TEST_STEP][PASSED] - Statement - tempString += driver.findElement(org.openqa.selenium.By.xpath("//*[@id="add-row"]/div/table/tbody/tr[" + i + "]/td[3]")).getText(): null

2018-05-07 20:27:16 - [TEST_STEP][PASSED] - Statement - oldTransactionList.add(tempString): null

2018-05-07 20:27:16 - [TEST_STEP][PASSED] - Statement - println(tempString): null

2018-05-07 20:27:16 - [TEST_STEP][PASSED] - click: Object: 'Object Repository/Admin/button_Logout' is clicked on

2018-05-07 20:27:16 - [MESSAGE][PASSED] - Object: 'Object Repository/Admin/button_Logout' is clicked on

2018-05-07 20:27:16 - [TEST_STEP][PASSED] - delay: Delayed 5 second(s)

2018-05-07 20:27:21 - [MESSAGE][PASSED] - Delayed 5 second(s)

2018-05-07 20:27:21 - [TEST_STEP][PASSED] - setText: Text 'user' is set on object 'Object Repository/Admin/input_username'

2018-05-07 20:27:22 - [MESSAGE][PASSED] - Text 'user' is set on object 'Object Repository/Admin/input_username'

2018-05-07 20:27:22 - [TEST_STEP][PASSED] - setText: Text 'user' is set on object 'Object Repository/Admin/input_password'

2018-05-07 20:27:22 - [MESSAGE][PASSED] - Text 'user' is set on object 'Object Repository/Admin/input_password'

2018-05-07 20:27:22 - [TEST_STEP][PASSED] - click: Object: 'Object Repository/Admin/button_Login' is clicked on

2018-05-07 20:27:22 - [MESSAGE][PASSED] - Object: 'Object Repository/Admin/button_Login' is clicked on

2018-05-07 20:27:22 - [TEST_STEP][PASSED] - click: Object: 'Object Repository/Admin/add to cart1' is clicked on

2018-05-07 20:27:23 - [MESSAGE][PASSED] - Object: 'Object Repository/Admin/add to cart1' is clicked on

2018-05-07 20:27:23 - [TEST_STEP][PASSED] - click: Object: 'Object Repository/Admin/add to cart2' is clicked on

2018-05-07 20:27:24 - [MESSAGE][PASSED] - Object: 'Object Repository/Admin/add to cart2' is clicked on

2018-05-07 20:27:24 - [TEST_STEP][PASSED] - click: Object: 'Object Repository/Admin/add to cart3' is clicked on

2018-05-07 20:27:25 - [MESSAGE][PASSED] - Object: 'Object Repository/Admin/add to cart3' is clicked on

2018-05-07 20:27:25 - [TEST_STEP][PASSED] - click: Object: 'Object Repository/Admin/add to cart4' is clicked on

2018-05-07 20:27:25 - [MESSAGE][PASSED] - Object: 'Object Repository/Admin/add to cart4' is clicked on

2018-05-07 20:27:25 - [TEST_STEP][PASSED] - click: Object: 'Object Repository/Admin/add to cart5' is clicked on

2018-05-07 20:27:25 - [MESSAGE][PASSED] - Object: 'Object Repository/Admin/add to cart5' is clicked on

2018-05-07 20:27:25 - [TEST_STEP][PASSED] - click: Object: 'Object Repository/Admin/cart' is clicked on

2018-05-07 20:27:25 - [MESSAGE][PASSED] - Object: 'Object Repository/Admin/cart' is clicked on

2018-05-07 20:27:25 - [TEST_STEP][PASSED] - delay: Delayed 5 second(s)

2018-05-07 20:27:30 - [MESSAGE][PASSED] - Delayed 5 second(s)

2018-05-07 20:27:30 - [TEST_STEP][PASSED] - Statement - xpathOfElement = driver.findElement(org.openqa.selenium.By.xpath("//*[@id="add-row"]/div/div[2]/div/p")): null

2018-05-07 20:27:30 - [TEST_STEP][PASSED] - Statement - UserTable = driver.findElement(org.openqa.selenium.By.xpath("//*[@id="add-row"]/div/table/tbody")): null

2018-05-07 20:27:30 - [TEST_STEP][PASSED] - Statement - userRows = UserTable.findElements(org.openqa.selenium.By.tagName("tr")): null

2018-05-07 20:27:30 - [TEST_STEP][PASSED] - Statement - userProducts = "": null

2018-05-07 20:27:30 - [TEST_STEP][PASSED] - Statement - For (def i : (1..userRows.size())): null

2018-05-07 20:27:30 - [TEST_STEP][PASSED] - Statement - userProducts += driver.findElement(org.openqa.selenium.By.xpath("//*[@id="add-row"]/div/table/tbody/tr[" + i + "]/td[1]")).getText(): null

2018-05-07 20:27:31 - [TEST_STEP][PASSED] - Statement - userProducts += driver.findElement(org.openqa.selenium.By.xpath("//*[@id="add-row"]/div/table/tbody/tr[" + i + "]/td[1]")).getText(): null

2018-05-07 20:27:31 - [TEST_STEP][PASSED] - Statement - userProducts += driver.findElement(org.openqa.selenium.By.xpath("//*[@id="add-row"]/div/table/tbody/tr[" + i + "]/td[1]")).getText(): null

2018-05-07 20:27:31 - [TEST_STEP][PASSED] - Statement - userProducts += driver.findElement(org.openqa.selenium.By.xpath("//*[@id="add-row"]/div/table/tbody/tr[" + i + "]/td[1]")).getText(): null

2018-05-07 20:27:31 - [TEST_STEP][PASSED] - Statement - userProducts += driver.findElement(org.openqa.selenium.By.xpath("//*[@id="add-row"]/div/table/tbody/tr[" + i + "]/td[1]")).getText(): null

2018-05-07 20:27:31 - [TEST_STEP][PASSED] - Statement - userTotalPrice = xpathOfElement.getText().replaceAll("Total price: ", ""): null

2018-05-07 20:27:31 - [TEST_STEP][PASSED] - Statement - valueOfUserTotalPrice = java.lang.Integer.parseInt(userTotalPrice.replaceAll(" THB", "").replaceAll(",", "")): null

2018-05-07 20:27:31 - [TEST_STEP][PASSED] - click: Object: 'Object Repository/Admin/button_confirm' is clicked on

2018-05-07 20:27:31 - [MESSAGE][PASSED] - Object: 'Object Repository/Admin/button_confirm' is clicked on

2018-05-07 20:27:31 - [TEST_STEP][PASSED] - acceptAlert: Alert accepted

2018-05-07 20:27:31 - [MESSAGE][PASSED] - Alert accepted

2018-05-07 20:27:31 - [TEST_STEP][PASSED] - click: Object: 'Object Repository/Admin/button_Logout' is clicked on

2018-05-07 20:27:32 - [MESSAGE][PASSED] - Object: 'Object Repository/Admin/button_Logout' is clicked on

2018-05-07 20:27:32 - [TEST_STEP][PASSED] - delay: Delayed 5 second(s)

2018-05-07 20:27:37 - [MESSAGE][PASSED] - Delayed 5 second(s)

2018-05-07 20:27:37 - [TEST_STEP][PASSED] - setText: Text 'admin' is set on object 'Object Repository/Admin/input_username'

2018-05-07 20:27:37 - [MESSAGE][PASSED] - Text 'admin' is set on object 'Object Repository/Admin/input_username'

2018-05-07 20:27:37 - [TEST_STEP][PASSED] - setText: Text 'admin' is set on object 'Object Repository/Admin/input_password'

2018-05-07 20:27:38 - [MESSAGE][PASSED] - Text 'admin' is set on object 'Object Repository/Admin/input_password'

2018-05-07 20:27:38 - [TEST_STEP][PASSED] - click: Object: 'Object Repository/Admin/button_Login' is clicked on

2018-05-07 20:27:38 - [MESSAGE][PASSED] - Object: 'Object Repository/Admin/button_Login' is clicked on

2018-05-07 20:27:38 - [TEST_STEP][PASSED] - click: Object: 'Object Repository/Admin/div_Products' is clicked on

2018-05-07 20:27:38 - [MESSAGE][PASSED] - Object: 'Object Repository/Admin/div_Products' is clicked on

2018-05-07 20:27:38 - [TEST_STEP][PASSED] - click: Object: 'Object Repository/Admin/a_Total Transaction' is clicked on

2018-05-07 20:27:39 - [MESSAGE][PASSED] - Object: 'Object Repository/Admin/a_Total Transaction' is clicked on

2018-05-07 20:27:39 - [TEST_STEP][PASSED] - Statement - Table = driver.findElement(org.openqa.selenium.By.xpath("//*[@id="add-row"]/div/table/tbody")): null

2018-05-07 20:27:39 - [TEST_STEP][PASSED] - delay: Delayed 5 second(s)

2018-05-07 20:27:44 - [MESSAGE][PASSED] - Delayed 5 second(s)

2018-05-07 20:27:44 - [TEST_STEP][PASSED] - Statement - newRows = Table.findElements(org.openqa.selenium.By.tagName("tr")): null

2018-05-07 20:27:44 - [TEST_STEP][PASSED] - Statement - newTransactionList = new java.util.ArrayList(): null

2018-05-07 20:27:44 - [TEST_STEP][PASSED] - Statement - For (def i : (1..(newRows.size() - 1))): null

2018-05-07 20:27:44 - [TEST_STEP][PASSED] - Statement - tempString = "": null

2018-05-07 20:27:44 - [TEST_STEP][PASSED] - Statement - tempString += driver.findElement(org.openqa.selenium.By.xpath("//*[@id="add-row"]/div/table/tbody/tr[" + i + "]/td[1]")).getText(): null

2018-05-07 20:27:44 - [TEST_STEP][PASSED] - Statement - tempString += driver.findElement(org.openqa.selenium.By.xpath("//*[@id="add-row"]/div/table/tbody/tr[" + i + "]/td[2]")).getText(): null

2018-05-07 20:27:44 - [TEST_STEP][PASSED] - Statement - tempString += driver.findElement(org.openqa.selenium.By.xpath("//*[@id="add-row"]/div/table/tbody/tr[" + i + "]/td[3]")).getText(): null

2018-05-07 20:27:44 - [TEST_STEP][PASSED] - Statement - newTransactionList.add(tempString): null

2018-05-07 20:27:44 - [TEST_STEP][PASSED] - Statement - println(tempString): null

2018-05-07 20:27:44 - [TEST_STEP][PASSED] - Statement - tempString = "": null

2018-05-07 20:27:44 - [TEST_STEP][PASSED] - Statement - tempString += driver.findElement(org.openqa.selenium.By.xpath("//*[@id="add-row"]/div/table/tbody/tr[" + i + "]/td[1]")).getText(): null

2018-05-07 20:27:44 - [TEST_STEP][PASSED] - Statement - tempString += driver.findElement(org.openqa.selenium.By.xpath("//*[@id="add-row"]/div/table/tbody/tr[" + i + "]/td[2]")).getText(): null

2018-05-07 20:27:44 - [TEST_STEP][PASSED] - Statement - tempString += driver.findElement(org.openqa.selenium.By.xpath("//*[@id="add-row"]/div/table/tbody/tr[" + i + "]/td[3]")).getText(): null

2018-05-07 20:27:44 - [TEST_STEP][PASSED] - Statement - newTransactionList.add(tempString): null

2018-05-07 20:27:44 - [TEST_STEP][PASSED] - Statement - println(tempString): null

2018-05-07 20:27:44 - [TEST_STEP][PASSED] - Statement - tempString = "": null

2018-05-07 20:27:44 - [TEST_STEP][PASSED] - Statement - tempString += driver.findElement(org.openqa.selenium.By.xpath("//*[@id="add-row"]/div/table/tbody/tr[" + i + "]/td[1]")).getText(): null

2018-05-07 20:27:44 - [TEST_STEP][PASSED] - Statement - tempString += driver.findElement(org.openqa.selenium.By.xpath("//*[@id="add-row"]/div/table/tbody/tr[" + i + "]/td[2]")).getText(): null

2018-05-07 20:27:44 - [TEST_STEP][PASSED] - Statement - tempString += driver.findElement(org.openqa.selenium.By.xpath("//*[@id="add-row"]/div/table/tbody/tr[" + i + "]/td[3]")).getText(): null

2018-05-07 20:27:45 - [TEST_STEP][PASSED] - Statement - newTransactionList.add(tempString): null

2018-05-07 20:27:45 - [TEST_STEP][PASSED] - Statement - println(tempString): null

2018-05-07 20:27:45 - [TEST_STEP][PASSED] - Statement - tempString = "": null

2018-05-07 20:27:45 - [TEST_STEP][PASSED] - Statement - tempString += driver.findElement(org.openqa.selenium.By.xpath("//*[@id="add-row"]/div/table/tbody/tr[" + i + "]/td[1]")).getText(): null

2018-05-07 20:27:45 - [TEST_STEP][PASSED] - Statement - tempString += driver.findElement(org.openqa.selenium.By.xpath("//*[@id="add-row"]/div/table/tbody/tr[" + i + "]/td[2]")).getText(): null

2018-05-07 20:27:45 - [TEST_STEP][PASSED] - Statement - tempString += driver.findElement(org.openqa.selenium.By.xpath("//*[@id="add-row"]/div/table/tbody/tr[" + i + "]/td[3]")).getText(): null

2018-05-07 20:27:45 - [TEST_STEP][PASSED] - Statement - newTransactionList.add(tempString): null

2018-05-07 20:27:45 - [TEST_STEP][PASSED] - Statement - println(tempString): null

2018-05-07 20:27:45 - [TEST_STEP][PASSED] - Statement - tempString = "": null

2018-05-07 20:27:45 - [TEST_STEP][PASSED] - Statement - tempString += driver.findElement(org.openqa.selenium.By.xpath("//*[@id="add-row"]/div/table/tbody/tr[" + i + "]/td[1]")).getText(): null

2018-05-07 20:27:45 - [TEST_STEP][PASSED] - Statement - tempString += driver.findElement(org.openqa.selenium.By.xpath("//*[@id="add-row"]/div/table/tbody/tr[" + i + "]/td[2]")).getText(): null

2018-05-07 20:27:45 - [TEST_STEP][PASSED] - Statement - tempString += driver.findElement(org.openqa.selenium.By.xpath("//*[@id="add-row"]/div/table/tbody/tr[" + i + "]/td[3]")).getText(): null

2018-05-07 20:27:45 - [TEST_STEP][PASSED] - Statement - newTransactionList.add(tempString): null

2018-05-07 20:27:45 - [TEST_STEP][PASSED] - Statement - println(tempString): null

2018-05-07 20:27:45 - [TEST_STEP][PASSED] - Statement - tempString = "": null

2018-05-07 20:27:45 - [TEST_STEP][PASSED] - Statement - tempString += driver.findElement(org.openqa.selenium.By.xpath("//*[@id="add-row"]/div/table/tbody/tr[" + i + "]/td[1]")).getText(): null

2018-05-07 20:27:45 - [TEST_STEP][PASSED] - Statement - tempString += driver.findElement(org.openqa.selenium.By.xpath("//*[@id="add-row"]/div/table/tbody/tr[" + i + "]/td[2]")).getText(): null

2018-05-07 20:27:45 - [TEST_STEP][PASSED] - Statement - tempString += driver.findElement(org.openqa.selenium.By.xpath("//*[@id="add-row"]/div/table/tbody/tr[" + i + "]/td[3]")).getText(): null

2018-05-07 20:27:45 - [TEST_STEP][PASSED] - Statement - newTransactionList.add(tempString): null

2018-05-07 20:27:45 - [TEST_STEP][PASSED] - Statement - println(tempString): null

2018-05-07 20:27:45 - [TEST_STEP][PASSED] - Statement - tempString = "": null

2018-05-07 20:27:45 - [TEST_STEP][PASSED] - Statement - tempString += driver.findElement(org.openqa.selenium.By.xpath("//*[@id="add-row"]/div/table/tbody/tr[" + i + "]/td[1]")).getText(): null

2018-05-07 20:27:45 - [TEST_STEP][PASSED] - Statement - tempString += driver.findElement(org.openqa.selenium.By.xpath("//*[@id="add-row"]/div/table/tbody/tr[" + i + "]/td[2]")).getText(): null

2018-05-07 20:27:45 - [TEST_STEP][PASSED] - Statement - tempString += driver.findElement(org.openqa.selenium.By.xpath("//*[@id="add-row"]/div/table/tbody/tr[" + i + "]/td[3]")).getText(): null

2018-05-07 20:27:45 - [TEST_STEP][PASSED] - Statement - newTransactionList.add(tempString): null

2018-05-07 20:27:45 - [TEST_STEP][PASSED] - Statement - println(tempString): null

2018-05-07 20:27:45 - [TEST_STEP][PASSED] - Statement - tempString = "": null

2018-05-07 20:27:45 - [TEST_STEP][PASSED] - Statement - tempString += driver.findElement(org.openqa.selenium.By.xpath("//*[@id="add-row"]/div/table/tbody/tr[" + i + "]/td[1]")).getText(): null

2018-05-07 20:27:46 - [TEST_STEP][PASSED] - Statement - tempString += driver.findElement(org.openqa.selenium.By.xpath("//*[@id="add-row"]/div/table/tbody/tr[" + i + "]/td[2]")).getText(): null

2018-05-07 20:27:46 - [TEST_STEP][PASSED] - Statement - tempString += driver.findElement(org.openqa.selenium.By.xpath("//*[@id="add-row"]/div/table/tbody/tr[" + i + "]/td[3]")).getText(): null

2018-05-07 20:27:46 - [TEST_STEP][PASSED] - Statement - newTransactionList.add(tempString): null

2018-05-07 20:27:46 - [TEST_STEP][PASSED] - Statement - println(tempString): null

2018-05-07 20:27:46 - [TEST_STEP][PASSED] - Statement - tempString = "": null

2018-05-07 20:27:46 - [TEST_STEP][PASSED] - Statement - tempString += driver.findElement(org.openqa.selenium.By.xpath("//*[@id="add-row"]/div/table/tbody/tr[" + i + "]/td[1]")).getText(): null

2018-05-07 20:27:46 - [TEST_STEP][PASSED] - Statement - tempString += driver.findElement(org.openqa.selenium.By.xpath("//*[@id="add-row"]/div/table/tbody/tr[" + i + "]/td[2]")).getText(): null

2018-05-07 20:27:46 - [TEST_STEP][PASSED] - Statement - tempString += driver.findElement(org.openqa.selenium.By.xpath("//*[@id="add-row"]/div/table/tbody/tr[" + i + "]/td[3]")).getText(): null

2018-05-07 20:27:46 - [TEST_STEP][PASSED] - Statement - newTransactionList.add(tempString): null

2018-05-07 20:27:46 - [TEST_STEP][PASSED] - Statement - println(tempString): null

2018-05-07 20:27:46 - [TEST_STEP][PASSED] - Statement - tempString = "": null

2018-05-07 20:27:46 - [TEST_STEP][PASSED] - Statement - tempString += driver.findElement(org.openqa.selenium.By.xpath("//*[@id="add-row"]/div/table/tbody/tr[" + i + "]/td[1]")).getText(): null

2018-05-07 20:27:46 - [TEST_STEP][PASSED] - Statement - tempString += driver.findElement(org.openqa.selenium.By.xpath("//*[@id="add-row"]/div/table/tbody/tr[" + i + "]/td[2]")).getText(): null

2018-05-07 20:27:46 - [TEST_STEP][PASSED] - Statement - tempString += driver.findElement(org.openqa.selenium.By.xpath("//*[@id="add-row"]/div/table/tbody/tr[" + i + "]/td[3]")).getText(): null

2018-05-07 20:27:46 - [TEST_STEP][PASSED] - Statement - newTransactionList.add(tempString): null

2018-05-07 20:27:46 - [TEST_STEP][PASSED] - Statement - println(tempString): null

2018-05-07 20:27:46 - [TEST_STEP][PASSED] - Statement - tempString = "": null

2018-05-07 20:27:46 - [TEST_STEP][PASSED] - Statement - tempString += driver.findElement(org.openqa.selenium.By.xpath("//*[@id="add-row"]/div/table/tbody/tr[" + i + "]/td[1]")).getText(): null

2018-05-07 20:27:46 - [TEST_STEP][PASSED] - Statement - tempString += driver.findElement(org.openqa.selenium.By.xpath("//*[@id="add-row"]/div/table/tbody/tr[" + i + "]/td[2]")).getText(): null

2018-05-07 20:27:46 - [TEST_STEP][PASSED] - Statement - tempString += driver.findElement(org.openqa.selenium.By.xpath("//*[@id="add-row"]/div/table/tbody/tr[" + i + "]/td[3]")).getText(): null

2018-05-07 20:27:46 - [TEST_STEP][PASSED] - Statement - newTransactionList.add(tempString): null

2018-05-07 20:27:46 - [TEST_STEP][PASSED] - Statement - println(tempString): null

2018-05-07 20:27:46 - [TEST_STEP][PASSED] - Statement - tempString = "": null

2018-05-07 20:27:46 - [TEST_STEP][PASSED] - Statement - tempString += driver.findElement(org.openqa.selenium.By.xpath("//*[@id="add-row"]/div/table/tbody/tr[" + i + "]/td[1]")).getText(): null

2018-05-07 20:27:47 - [TEST_STEP][PASSED] - Statement - tempString += driver.findElement(org.openqa.selenium.By.xpath("//*[@id="add-row"]/div/table/tbody/tr[" + i + "]/td[2]")).getText(): null

2018-05-07 20:27:47 - [TEST_STEP][PASSED] - Statement - tempString += driver.findElement(org.openqa.selenium.By.xpath("//*[@id="add-row"]/div/table/tbody/tr[" + i + "]/td[3]")).getText(): null

2018-05-07 20:27:47 - [TEST_STEP][PASSED] - Statement - newTransactionList.add(tempString): null

2018-05-07 20:27:47 - [TEST_STEP][PASSED] - Statement - println(tempString): null

2018-05-07 20:27:47 - [TEST_STEP][PASSED] - Statement - tempString = "": null

2018-05-07 20:27:47 - [TEST_STEP][PASSED] - Statement - tempString += driver.findElement(org.openqa.selenium.By.xpath("//*[@id="add-row"]/div/table/tbody/tr[" + i + "]/td[1]")).getText(): null

2018-05-07 20:27:47 - [TEST_STEP][PASSED] - Statement - tempString += driver.findElement(org.openqa.selenium.By.xpath("//*[@id="add-row"]/div/table/tbody/tr[" + i + "]/td[2]")).getText(): null

2018-05-07 20:27:47 - [TEST_STEP][PASSED] - Statement - tempString += driver.findElement(org.openqa.selenium.By.xpath("//*[@id="add-row"]/div/table/tbody/tr[" + i + "]/td[3]")).getText(): null

2018-05-07 20:27:47 - [TEST_STEP][PASSED] - Statement - newTransactionList.add(tempString): null

2018-05-07 20:27:47 - [TEST_STEP][PASSED] - Statement - println(tempString): null

2018-05-07 20:27:47 - [TEST_STEP][PASSED] - Statement - newRowValue = driver.findElement(org.openqa.selenium.By.xpath("//*[@id="add-row"]/div/table/tbody/tr[" + newRows.size() + "]/td[3]")).getText(): null

2018-05-07 20:27:47 - [TEST_STEP][PASSED] - Statement - newTranscation = driver.findElement(org.openqa.selenium.By.xpath("//*[@id="add-row"]/div/table/tbody/tr[" + newRows.size() + "]/td[2]")).getText().replaceAll(",", ""): null

2018-05-07 20:27:47 - [TEST_STEP][PASSED] - Statement - newAdminTotalPrice = driver.findElement(org.openqa.selenium.By.xpath("//*[@id="add-row"]/div/div[2]/div/p")).getText(): null

2018-05-07 20:27:47 - [TEST_STEP][PASSED] - Statement - newAdminTotalPrice = newAdminTotalPrice.replaceAll(" THB", "").replaceAll("Total price: ", "").replaceAll(",", ""): null

2018-05-07 20:27:47 - [TEST_STEP][PASSED] - Statement - newAdminTotalPrice = java.lang.Integer.parseInt(newAdminTotalPrice): null

2018-05-07 20:27:47 - [TEST_STEP][PASSED] - Statement - println("Total Price of All Transaction before: " + oldAdminTotalPrice): null

2018-05-07 20:27:47 - [TEST_STEP][PASSED] - Statement - println("Total Price that User Bought: " + userTotalPrice): null

2018-05-07 20:27:47 - [TEST_STEP][PASSED] - Statement - println("Total Price of all Transaction after: " + newAdminTotalPrice): null

2018-05-07 20:27:47 - [TEST_STEP][PASSED] - Statement - println("Size of Rows after: " + newRows.size()): null

2018-05-07 20:27:47 - [TEST_STEP][PASSED] - Statement - println("Total Price of Last Transaction: " + newRowValue): null

2018-05-07 20:27:47 - [TEST_STEP][PASSED] - verifyEqual: Actual object '20,462 THB' and expected object '20,462 THB' are equal

2018-05-07 20:27:47 - [MESSAGE][PASSED] - Actual object '20,462 THB' and expected object '20,462 THB' are equal

2018-05-07 20:27:47 - [TEST_STEP][PASSED] - verifyEqual: Actual object '345,304' and expected object '345,304' are equal

2018-05-07 20:27:47 - [MESSAGE][PASSED] - Actual object '345,304' and expected object '345,304' are equal

2018-05-07 20:27:47 - [TEST_STEP][PASSED] - verifyEqual: Actual object '[[1Garden, Papaya20,120 THB, 2Banana, Garden, Banana, Rambutan60,570 THB, 3Garden20,000 THB, 4Orange280 THB, 5Papaya12 THB, 6Garden40,000 THB, 7Garden, Banana40,300 THB, 8Garden, Banana, Orange40,860 THB, 9Garden, Banana, Orange, Papaya40,884 THB, 10Garden, Banana, Orange, Papaya, Rambutan40,924 THB, 11Banana150 THB, 12Orange280 THB, 13Garden, Banana, Orange, Papaya, Rambutan20,462 THB]]' and expected object '[[1Garden, Papaya20,120 THB, 2Banana, Garden, Banana, Rambutan60,570 THB, 3Garden20,000 THB, 4Orange280 THB, 5Papaya12 THB, 6Garden40,000 THB, 7Garden, Banana40,300 THB, 8Garden, Banana, Orange40,860 THB, 9Garden, Banana, Orange, Papaya40,884 THB, 10Garden, Banana, Orange, Papaya, Rambutan40,924 THB, 11Banana150 THB, 12Orange280 THB, 13Garden, Banana, Orange, Papaya, Rambutan20,462 THB]]' are equal

2018-05-07 20:27:47 - [MESSAGE][PASSED] - Actual object '[[1Garden, Papaya20,120 THB, 2Banana, Garden, Banana, Rambutan60,570 THB, 3Garden20,000 THB, 4Orange280 THB, 5Papaya12 THB, 6Garden40,000 THB, 7Garden, Banana40,300 THB, 8Garden, Banana, Orange40,860 THB, 9Garden, Banana, Orange, Papaya40,884 THB, 10Garden, Banana, Orange, Papaya, Rambutan40,924 THB, 11Banana150 THB, 12Orange280 THB, 13Garden, Banana, Orange, Papaya, Rambutan20,462 THB]]' and expected object '[[1Garden, Papaya20,120 THB, 2Banana, Garden, Banana, Rambutan60,570 THB, 3Garden20,000 THB, 4Orange280 THB, 5Papaya12 THB, 6Garden40,000 THB, 7Garden, Banana40,300 THB, 8Garden, Banana, Orange40,860 THB, 9Garden, Banana, Orange, Papaya40,884 THB, 10Garden, Banana, Orange, Papaya, Rambutan40,924 THB, 11Banana150 THB, 12Orange280 THB, 13Garden, Banana, Orange, Papaya, Rambutan20,462 THB]]' are equal

2018-05-07 20:27:48 - [TEST_STEP][FAILED] - verifyEqual: Unable to verify equal between actual object 'GardenBananaOrangePapayaRambutan' and expected object 'Garden Banana Orange Papaya Rambutan' (Root cause: Actual object 'GardenBananaOrangePapayaRambutan' and expected object 'Garden Banana Orange Papaya Rambutan' are not equal)

2018-05-07 20:27:48 - [MESSAGE][FAILED] - Unable to verify equal between actual object 'GardenBananaOrangePapayaRambutan' and expected object 'Garden Banana Orange Papaya Rambutan' (Root cause: Actual object 'GardenBananaOrangePapayaRambutan' and expected object 'Garden Banana Orange Papaya Rambutan' are not equal)]]></system-out>
         <system-err><![CDATA[2018-05-07 20:26:21 - [TEST_CASE][FAILED] - Test Cases/Admin Test Case 1: Test Cases/Admin Test Case 1 FAILED because (of) Unable to verify equal between actual object 'GardenBananaOrangePapayaRambutan' and expected object 'Garden Banana Orange Papaya Rambutan' (Root cause: Actual object 'GardenBananaOrangePapayaRambutan' and expected object 'Garden Banana Orange Papaya Rambutan' are not equal)]]></system-err>
      </testcase>
      <system-out><![CDATA[2018-05-07 20:24:53 - [TEST_SUITE][FAILED] - Test Suite for Admin Test Case 1: Test Cases/Admin Test Case 1 FAILED because (of) Unable to verify equal between actual object 'GardenBananaOrangePapayaRambutan' and expected object 'Garden Banana Orange Papaya Rambutan' (Root cause: Actual object 'GardenBananaOrangePapayaRambutan' and expected object 'Garden Banana Orange Papaya Rambutan' are not equal)]]></system-out>
      <system-err><![CDATA[2018-05-07 20:24:53 - [TEST_SUITE][FAILED] - Test Suite for Admin Test Case 1: Test Cases/Admin Test Case 1 FAILED because (of) Unable to verify equal between actual object 'GardenBananaOrangePapayaRambutan' and expected object 'Garden Banana Orange Papaya Rambutan' (Root cause: Actual object 'GardenBananaOrangePapayaRambutan' and expected object 'Garden Banana Orange Papaya Rambutan' are not equal)]]></system-err>
   </testsuite>
</testsuites>
