<?xml version="1.0" encoding="UTF-8"?>
<testsuites name="Test Suite for Admin Test Case 1" time="135" tests="2" failures="0" errors="0">
   <testsuite name="Test Suite for Admin Test Case 1" tests="2" failures="0" errors="0" time="135" timestamp="2018-05-07 17:30:38" hostname="Andrew_Dpp - 10.80.101.119" id="Test Suites/Test Suite for Admin Test Case 1">
      <properties>
         <property name="deviceName" value=""/>
         <property name="devicePlatform" value=""/>
         <property name="logFolder" value="C:\\Users\\Andrew_Dpp\\git\\234project-katalon\\Reports\\Test Suite for Admin Test Case 1\\20180507_173022"/>
         <property name="logFiles" value="C:\\Users\\Andrew_Dpp\\git\\234project-katalon\\Reports\\Test Suite for Admin Test Case 1\\20180507_173022\\execution0.log"/>
         <property name="attachments" value=""/>
         <property name="hostName" value="Andrew_Dpp - 10.80.101.119"/>
         <property name="os" value="Windows 7 64bit"/>
         <property name="katalonVersion" value="5.3.1.1"/>
         <property name="browser" value="Chrome 66.0.3359.139"/>
         <property name="hostAddress" value="10.80.101.119"/>
         <property name="sessionId" value="9082cf81c55565e211196971794024c0"/>
         <property name="seleniumVersion" value="3.7.1"/>
         <property name="proxyInformation" value="ProxyInformation{proxyOption=NO_PROXY, proxyServerType=HTTP, password=, proxyServerAddress=, proxyServerPort=0}"/>
         <property name="platform" value="Windows 7"/>
      </properties>
      <testcase name="Test Cases/Admin Test Case 1" classname="Test Cases/Admin Test Case 1" status="PASSED">
         <system-out><![CDATA[2018-05-07 17:30:39 - [TEST_CASE][PASSED] - Test Cases/Admin Test Case 1: Test Cases/Admin Test Case 1

2018-05-07 17:30:40 - [TEST_STEP][PASSED] - openBrowser: Browser is opened with url: ''

2018-05-07 17:31:06 - [MESSAGE][PASSED] - Browser is opened with url: ''

2018-05-07 17:31:06 - [TEST_STEP][PASSED] - Statement - driver = com.kms.katalon.core.webui.driver.DriverFactory.getWebDriver(): null

2018-05-07 17:31:06 - [TEST_STEP][PASSED] - navigateToUrl: Navigate to 'http://18.188.55.188:8085/' successfully

2018-05-07 17:31:14 - [MESSAGE][PASSED] - Navigate to 'http://18.188.55.188:8085/' successfully

2018-05-07 17:31:14 - [TEST_STEP][PASSED] - setText: Text 'admin' is set on object 'Object Repository/Admin/input_username'

2018-05-07 17:31:14 - [MESSAGE][PASSED] - Text 'admin' is set on object 'Object Repository/Admin/input_username'

2018-05-07 17:31:14 - [TEST_STEP][PASSED] - setText: Text 'admin' is set on object 'Object Repository/Admin/input_password'

2018-05-07 17:31:15 - [MESSAGE][PASSED] - Text 'admin' is set on object 'Object Repository/Admin/input_password'

2018-05-07 17:31:15 - [TEST_STEP][PASSED] - click: Object: 'Object Repository/Admin/button_Login' is clicked on

2018-05-07 17:31:15 - [MESSAGE][PASSED] - Object: 'Object Repository/Admin/button_Login' is clicked on

2018-05-07 17:31:15 - [TEST_STEP][PASSED] - click: Object: 'Object Repository/Admin/a_Total Transaction' is clicked on

2018-05-07 17:31:16 - [MESSAGE][PASSED] - Object: 'Object Repository/Admin/a_Total Transaction' is clicked on

2018-05-07 17:31:16 - [TEST_STEP][PASSED] - Statement - Table = driver.findElement(org.openqa.selenium.By.xpath("//*[@id="add-row"]/div/table/tbody")): null

2018-05-07 17:31:16 - [TEST_STEP][PASSED] - delay: Delayed 5 second(s)

2018-05-07 17:31:22 - [MESSAGE][PASSED] - Delayed 5 second(s)

2018-05-07 17:31:22 - [TEST_STEP][PASSED] - Statement - oldAdminTotalPrice = driver.findElement(org.openqa.selenium.By.xpath("//*[@id="add-row"]/div/div[2]/div/p")).getText(): null

2018-05-07 17:31:22 - [TEST_STEP][PASSED] - Statement - oldAdminTotalPrice = oldAdminTotalPrice.replaceAll(" THB", "").replaceAll("Total price: ", "").replaceAll(",", ""): null

2018-05-07 17:31:22 - [TEST_STEP][PASSED] - Statement - oldAdminTotalPrice = java.lang.Integer.parseInt(oldAdminTotalPrice): null

2018-05-07 17:31:22 - [TEST_STEP][PASSED] - Statement - oldRows = Table.findElements(org.openqa.selenium.By.tagName("tr")): null

2018-05-07 17:31:22 - [TEST_STEP][PASSED] - Statement - valueOfOldRows = oldRows.size(): null

2018-05-07 17:31:22 - [TEST_STEP][PASSED] - Statement - oldTransactionList = new java.util.ArrayList(): null

2018-05-07 17:31:22 - [TEST_STEP][PASSED] - Statement - For (def i : (1..oldRows.size())): null

2018-05-07 17:31:22 - [TEST_STEP][PASSED] - Statement - tempString = "": null

2018-05-07 17:31:22 - [TEST_STEP][PASSED] - Statement - tempString += driver.findElement(org.openqa.selenium.By.xpath("//*[@id="add-row"]/div/table/tbody/tr[" + i + "]/td[1]")).getText(): null

2018-05-07 17:31:22 - [TEST_STEP][PASSED] - Statement - tempString += driver.findElement(org.openqa.selenium.By.xpath("//*[@id="add-row"]/div/table/tbody/tr[" + i + "]/td[2]")).getText(): null

2018-05-07 17:31:22 - [TEST_STEP][PASSED] - Statement - tempString += driver.findElement(org.openqa.selenium.By.xpath("//*[@id="add-row"]/div/table/tbody/tr[" + i + "]/td[3]")).getText(): null

2018-05-07 17:31:22 - [TEST_STEP][PASSED] - Statement - oldTransactionList.add(tempString): null

2018-05-07 17:31:22 - [TEST_STEP][PASSED] - Statement - println(tempString): null

2018-05-07 17:31:22 - [TEST_STEP][PASSED] - Statement - tempString = "": null

2018-05-07 17:31:22 - [TEST_STEP][PASSED] - Statement - tempString += driver.findElement(org.openqa.selenium.By.xpath("//*[@id="add-row"]/div/table/tbody/tr[" + i + "]/td[1]")).getText(): null

2018-05-07 17:31:22 - [TEST_STEP][PASSED] - Statement - tempString += driver.findElement(org.openqa.selenium.By.xpath("//*[@id="add-row"]/div/table/tbody/tr[" + i + "]/td[2]")).getText(): null

2018-05-07 17:31:22 - [TEST_STEP][PASSED] - Statement - tempString += driver.findElement(org.openqa.selenium.By.xpath("//*[@id="add-row"]/div/table/tbody/tr[" + i + "]/td[3]")).getText(): null

2018-05-07 17:31:22 - [TEST_STEP][PASSED] - Statement - oldTransactionList.add(tempString): null

2018-05-07 17:31:22 - [TEST_STEP][PASSED] - Statement - println(tempString): null

2018-05-07 17:31:22 - [TEST_STEP][PASSED] - Statement - tempString = "": null

2018-05-07 17:31:22 - [TEST_STEP][PASSED] - Statement - tempString += driver.findElement(org.openqa.selenium.By.xpath("//*[@id="add-row"]/div/table/tbody/tr[" + i + "]/td[1]")).getText(): null

2018-05-07 17:31:22 - [TEST_STEP][PASSED] - Statement - tempString += driver.findElement(org.openqa.selenium.By.xpath("//*[@id="add-row"]/div/table/tbody/tr[" + i + "]/td[2]")).getText(): null

2018-05-07 17:31:23 - [TEST_STEP][PASSED] - Statement - tempString += driver.findElement(org.openqa.selenium.By.xpath("//*[@id="add-row"]/div/table/tbody/tr[" + i + "]/td[3]")).getText(): null

2018-05-07 17:31:23 - [TEST_STEP][PASSED] - Statement - oldTransactionList.add(tempString): null

2018-05-07 17:31:23 - [TEST_STEP][PASSED] - Statement - println(tempString): null

2018-05-07 17:31:23 - [TEST_STEP][PASSED] - click: Object: 'Object Repository/Admin/button_Logout' is clicked on

2018-05-07 17:31:23 - [MESSAGE][PASSED] - Object: 'Object Repository/Admin/button_Logout' is clicked on

2018-05-07 17:31:23 - [TEST_STEP][PASSED] - delay: Delayed 5 second(s)

2018-05-07 17:31:28 - [MESSAGE][PASSED] - Delayed 5 second(s)

2018-05-07 17:31:28 - [TEST_STEP][PASSED] - setText: Text 'hello' is set on object 'Object Repository/Admin/input_username'

2018-05-07 17:31:28 - [MESSAGE][PASSED] - Text 'hello' is set on object 'Object Repository/Admin/input_username'

2018-05-07 17:31:28 - [TEST_STEP][PASSED] - setText: Text 'hello' is set on object 'Object Repository/Admin/input_password'

2018-05-07 17:31:28 - [MESSAGE][PASSED] - Text 'hello' is set on object 'Object Repository/Admin/input_password'

2018-05-07 17:31:28 - [TEST_STEP][PASSED] - click: Object: 'Object Repository/Admin/button_Login' is clicked on

2018-05-07 17:31:28 - [MESSAGE][PASSED] - Object: 'Object Repository/Admin/button_Login' is clicked on

2018-05-07 17:31:28 - [TEST_STEP][PASSED] - Statement - rand = new java.util.Random(): null

2018-05-07 17:31:29 - [TEST_STEP][PASSED] - Statement - randomNum = rand.nextInt(5 - 1 + 1) + 1: null

2018-05-07 17:31:29 - [TEST_STEP][PASSED] - Statement - println(randomNum): null

2018-05-07 17:31:29 - [TEST_STEP][PASSED] - click: Object: 'Object Repository/Admin/add to cart3' is clicked on

2018-05-07 17:31:29 - [MESSAGE][PASSED] - Object: 'Object Repository/Admin/add to cart3' is clicked on

2018-05-07 17:31:29 - [TEST_STEP][PASSED] - click: Object: 'Object Repository/Admin/cart' is clicked on

2018-05-07 17:31:30 - [MESSAGE][PASSED] - Object: 'Object Repository/Admin/cart' is clicked on

2018-05-07 17:31:30 - [TEST_STEP][PASSED] - delay: Delayed 5 second(s)

2018-05-07 17:31:35 - [MESSAGE][PASSED] - Delayed 5 second(s)

2018-05-07 17:31:35 - [TEST_STEP][PASSED] - Statement - xpathOfElement = driver.findElement(org.openqa.selenium.By.xpath("//*[@id="add-row"]/div/div[2]/div/p")): null

2018-05-07 17:31:35 - [TEST_STEP][PASSED] - Statement - UserTable = driver.findElement(org.openqa.selenium.By.xpath("//*[@id="add-row"]/div/table/tbody")): null

2018-05-07 17:31:35 - [TEST_STEP][PASSED] - Statement - userRows = UserTable.findElements(org.openqa.selenium.By.tagName("tr")): null

2018-05-07 17:31:35 - [TEST_STEP][PASSED] - Statement - userProducts = "": null

2018-05-07 17:31:35 - [TEST_STEP][PASSED] - Statement - For (def i : (1..userRows.size())): null

2018-05-07 17:31:35 - [TEST_STEP][PASSED] - Statement - userProducts += driver.findElement(org.openqa.selenium.By.xpath("//*[@id="add-row"]/div/table/tbody/tr[" + i + "]/td[1]")).getText(): null

2018-05-07 17:31:35 - [TEST_STEP][PASSED] - Statement - userTotalPrice = xpathOfElement.getText().replaceAll("Total price: ", ""): null

2018-05-07 17:31:35 - [TEST_STEP][PASSED] - Statement - valueOfUserTotalPrice = java.lang.Integer.parseInt(userTotalPrice.replaceAll(" THB", "").replaceAll(",", "")): null

2018-05-07 17:31:35 - [TEST_STEP][PASSED] - click: Object: 'Object Repository/Admin/button_confirm' is clicked on

2018-05-07 17:31:35 - [MESSAGE][PASSED] - Object: 'Object Repository/Admin/button_confirm' is clicked on

2018-05-07 17:31:35 - [TEST_STEP][PASSED] - acceptAlert: Alert accepted

2018-05-07 17:31:35 - [MESSAGE][PASSED] - Alert accepted

2018-05-07 17:31:35 - [TEST_STEP][PASSED] - click: Object: 'Object Repository/Admin/button_Logout' is clicked on

2018-05-07 17:31:35 - [MESSAGE][PASSED] - Object: 'Object Repository/Admin/button_Logout' is clicked on

2018-05-07 17:31:35 - [TEST_STEP][PASSED] - delay: Delayed 5 second(s)

2018-05-07 17:31:40 - [MESSAGE][PASSED] - Delayed 5 second(s)

2018-05-07 17:31:40 - [TEST_STEP][PASSED] - setText: Text 'admin' is set on object 'Object Repository/Admin/input_username'

2018-05-07 17:31:41 - [MESSAGE][PASSED] - Text 'admin' is set on object 'Object Repository/Admin/input_username'

2018-05-07 17:31:41 - [TEST_STEP][PASSED] - setText: Text 'admin' is set on object 'Object Repository/Admin/input_password'

2018-05-07 17:31:41 - [MESSAGE][PASSED] - Text 'admin' is set on object 'Object Repository/Admin/input_password'

2018-05-07 17:31:41 - [TEST_STEP][PASSED] - click: Object: 'Object Repository/Admin/button_Login' is clicked on

2018-05-07 17:31:41 - [MESSAGE][PASSED] - Object: 'Object Repository/Admin/button_Login' is clicked on

2018-05-07 17:31:41 - [TEST_STEP][PASSED] - click: Object: 'Object Repository/Admin/div_Products' is clicked on

2018-05-07 17:31:41 - [MESSAGE][PASSED] - Object: 'Object Repository/Admin/div_Products' is clicked on

2018-05-07 17:31:41 - [TEST_STEP][PASSED] - click: Object: 'Object Repository/Admin/a_Total Transaction' is clicked on

2018-05-07 17:31:41 - [MESSAGE][PASSED] - Object: 'Object Repository/Admin/a_Total Transaction' is clicked on

2018-05-07 17:31:41 - [TEST_STEP][PASSED] - Statement - Table = driver.findElement(org.openqa.selenium.By.xpath("//*[@id="add-row"]/div/table/tbody")): null

2018-05-07 17:31:41 - [TEST_STEP][PASSED] - delay: Delayed 5 second(s)

2018-05-07 17:31:46 - [MESSAGE][PASSED] - Delayed 5 second(s)

2018-05-07 17:31:46 - [TEST_STEP][PASSED] - Statement - newRows = Table.findElements(org.openqa.selenium.By.tagName("tr")): null

2018-05-07 17:31:46 - [TEST_STEP][PASSED] - Statement - newTransactionList = new java.util.ArrayList(): null

2018-05-07 17:31:46 - [TEST_STEP][PASSED] - Statement - For (def i : (1..(newRows.size() - 1))): null

2018-05-07 17:31:46 - [TEST_STEP][PASSED] - Statement - tempString = "": null

2018-05-07 17:31:46 - [TEST_STEP][PASSED] - Statement - tempString += driver.findElement(org.openqa.selenium.By.xpath("//*[@id="add-row"]/div/table/tbody/tr[" + i + "]/td[1]")).getText(): null

2018-05-07 17:31:47 - [TEST_STEP][PASSED] - Statement - tempString += driver.findElement(org.openqa.selenium.By.xpath("//*[@id="add-row"]/div/table/tbody/tr[" + i + "]/td[2]")).getText(): null

2018-05-07 17:31:47 - [TEST_STEP][PASSED] - Statement - tempString += driver.findElement(org.openqa.selenium.By.xpath("//*[@id="add-row"]/div/table/tbody/tr[" + i + "]/td[3]")).getText(): null

2018-05-07 17:31:47 - [TEST_STEP][PASSED] - Statement - newTransactionList.add(tempString): null

2018-05-07 17:31:47 - [TEST_STEP][PASSED] - Statement - println(tempString): null

2018-05-07 17:31:47 - [TEST_STEP][PASSED] - Statement - tempString = "": null

2018-05-07 17:31:47 - [TEST_STEP][PASSED] - Statement - tempString += driver.findElement(org.openqa.selenium.By.xpath("//*[@id="add-row"]/div/table/tbody/tr[" + i + "]/td[1]")).getText(): null

2018-05-07 17:31:47 - [TEST_STEP][PASSED] - Statement - tempString += driver.findElement(org.openqa.selenium.By.xpath("//*[@id="add-row"]/div/table/tbody/tr[" + i + "]/td[2]")).getText(): null

2018-05-07 17:31:47 - [TEST_STEP][PASSED] - Statement - tempString += driver.findElement(org.openqa.selenium.By.xpath("//*[@id="add-row"]/div/table/tbody/tr[" + i + "]/td[3]")).getText(): null

2018-05-07 17:31:47 - [TEST_STEP][PASSED] - Statement - newTransactionList.add(tempString): null

2018-05-07 17:31:47 - [TEST_STEP][PASSED] - Statement - println(tempString): null

2018-05-07 17:31:47 - [TEST_STEP][PASSED] - Statement - tempString = "": null

2018-05-07 17:31:47 - [TEST_STEP][PASSED] - Statement - tempString += driver.findElement(org.openqa.selenium.By.xpath("//*[@id="add-row"]/div/table/tbody/tr[" + i + "]/td[1]")).getText(): null

2018-05-07 17:31:47 - [TEST_STEP][PASSED] - Statement - tempString += driver.findElement(org.openqa.selenium.By.xpath("//*[@id="add-row"]/div/table/tbody/tr[" + i + "]/td[2]")).getText(): null

2018-05-07 17:31:47 - [TEST_STEP][PASSED] - Statement - tempString += driver.findElement(org.openqa.selenium.By.xpath("//*[@id="add-row"]/div/table/tbody/tr[" + i + "]/td[3]")).getText(): null

2018-05-07 17:31:47 - [TEST_STEP][PASSED] - Statement - newTransactionList.add(tempString): null

2018-05-07 17:31:47 - [TEST_STEP][PASSED] - Statement - println(tempString): null

2018-05-07 17:31:47 - [TEST_STEP][PASSED] - Statement - newRowValue = driver.findElement(org.openqa.selenium.By.xpath("//*[@id="add-row"]/div/table/tbody/tr[" + newRows.size() + "]/td[3]")).getText(): null

2018-05-07 17:31:47 - [TEST_STEP][PASSED] - Statement - newTranscation = driver.findElement(org.openqa.selenium.By.xpath("//*[@id="add-row"]/div/table/tbody/tr[" + newRows.size() + "]/td[2]")).getText().replaceAll(",", ""): null

2018-05-07 17:31:47 - [TEST_STEP][PASSED] - Statement - newAdminTotalPrice = driver.findElement(org.openqa.selenium.By.xpath("//*[@id="add-row"]/div/div[2]/div/p")).getText(): null

2018-05-07 17:31:47 - [TEST_STEP][PASSED] - Statement - newAdminTotalPrice = newAdminTotalPrice.replaceAll(" THB", "").replaceAll("Total price: ", "").replaceAll(",", ""): null

2018-05-07 17:31:47 - [TEST_STEP][PASSED] - Statement - newAdminTotalPrice = java.lang.Integer.parseInt(newAdminTotalPrice): null

2018-05-07 17:31:47 - [TEST_STEP][PASSED] - Statement - println("Total Price of All Transaction before: " + oldAdminTotalPrice): null

2018-05-07 17:31:47 - [TEST_STEP][PASSED] - Statement - println("Total Price that User Bought: " + userTotalPrice): null

2018-05-07 17:31:47 - [TEST_STEP][PASSED] - Statement - println("Total Price of all Transaction after: " + newAdminTotalPrice): null

2018-05-07 17:31:47 - [TEST_STEP][PASSED] - Statement - println("Size of Rows after: " + newRows.size()): null

2018-05-07 17:31:47 - [TEST_STEP][PASSED] - Statement - println("Total Price of Last Transaction: " + newRowValue): null

2018-05-07 17:31:47 - [TEST_STEP][PASSED] - verifyEqual: Actual object '280 THB' and expected object '280 THB' are equal

2018-05-07 17:31:47 - [MESSAGE][PASSED] - Actual object '280 THB' and expected object '280 THB' are equal

2018-05-07 17:31:47 - [TEST_STEP][PASSED] - verifyEqual: Actual object '100,970' and expected object '100,970' are equal

2018-05-07 17:31:47 - [MESSAGE][PASSED] - Actual object '100,970' and expected object '100,970' are equal

2018-05-07 17:31:47 - [TEST_STEP][PASSED] - verifyEqual: Actual object '[[1Garden, Papaya20,120 THB, 2Banana, Garden, Banana, Rambutan60,570 THB, 3Garden20,000 THB]]' and expected object '[[1Garden, Papaya20,120 THB, 2Banana, Garden, Banana, Rambutan60,570 THB, 3Garden20,000 THB]]' are equal

2018-05-07 17:31:47 - [MESSAGE][PASSED] - Actual object '[[1Garden, Papaya20,120 THB, 2Banana, Garden, Banana, Rambutan60,570 THB, 3Garden20,000 THB]]' and expected object '[[1Garden, Papaya20,120 THB, 2Banana, Garden, Banana, Rambutan60,570 THB, 3Garden20,000 THB]]' are equal

2018-05-07 17:31:47 - [TEST_STEP][PASSED] - verifyEqual: Actual object 'Orange' and expected object 'Orange' are equal

2018-05-07 17:31:47 - [MESSAGE][PASSED] - Actual object 'Orange' and expected object 'Orange' are equal

2018-05-07 17:31:47 - [TEST_STEP][PASSED] - Statement - println("No. of old rows " + valueOfOldRows): null

2018-05-07 17:31:47 - [TEST_STEP][PASSED] - Statement - println("No. of new rows " + newRows.size()): null

2018-05-07 17:31:47 - [TEST_STEP][PASSED] - verifyGreaterThan: Actual number '4' is greater than expected number '3'

2018-05-07 17:31:47 - [MESSAGE][PASSED] - Actual number '4' is greater than expected number '3'

2018-05-07 17:31:47 - [TEST_STEP][PASSED] - closeBrowser: Browser is closed

2018-05-07 17:31:48 - [MESSAGE][PASSED] - Browser is closed]]></system-out>
         <system-err><![CDATA[]]></system-err>
      </testcase>
      <testcase name="Test Cases/Admin Test Case 1" classname="Test Cases/Admin Test Case 1" status="PASSED">
         <system-out><![CDATA[2018-05-07 17:31:48 - [TEST_CASE][PASSED] - Test Cases/Admin Test Case 1: Test Cases/Admin Test Case 1

2018-05-07 17:31:48 - [TEST_STEP][PASSED] - openBrowser: Browser is opened with url: ''

2018-05-07 17:32:12 - [MESSAGE][PASSED] - Browser is opened with url: ''

2018-05-07 17:32:12 - [TEST_STEP][PASSED] - Statement - driver = com.kms.katalon.core.webui.driver.DriverFactory.getWebDriver(): null

2018-05-07 17:32:12 - [TEST_STEP][PASSED] - navigateToUrl: Navigate to 'http://18.188.55.188:8085/' successfully

2018-05-07 17:32:19 - [MESSAGE][PASSED] - Navigate to 'http://18.188.55.188:8085/' successfully

2018-05-07 17:32:19 - [TEST_STEP][PASSED] - setText: Text 'admin' is set on object 'Object Repository/Admin/input_username'

2018-05-07 17:32:19 - [MESSAGE][PASSED] - Text 'admin' is set on object 'Object Repository/Admin/input_username'

2018-05-07 17:32:19 - [TEST_STEP][PASSED] - setText: Text 'admin' is set on object 'Object Repository/Admin/input_password'

2018-05-07 17:32:19 - [MESSAGE][PASSED] - Text 'admin' is set on object 'Object Repository/Admin/input_password'

2018-05-07 17:32:19 - [TEST_STEP][PASSED] - click: Object: 'Object Repository/Admin/button_Login' is clicked on

2018-05-07 17:32:19 - [MESSAGE][PASSED] - Object: 'Object Repository/Admin/button_Login' is clicked on

2018-05-07 17:32:19 - [TEST_STEP][PASSED] - click: Object: 'Object Repository/Admin/a_Total Transaction' is clicked on

2018-05-07 17:32:21 - [MESSAGE][PASSED] - Object: 'Object Repository/Admin/a_Total Transaction' is clicked on

2018-05-07 17:32:21 - [TEST_STEP][PASSED] - Statement - Table = driver.findElement(org.openqa.selenium.By.xpath("//*[@id="add-row"]/div/table/tbody")): null

2018-05-07 17:32:21 - [TEST_STEP][PASSED] - delay: Delayed 5 second(s)

2018-05-07 17:32:26 - [MESSAGE][PASSED] - Delayed 5 second(s)

2018-05-07 17:32:26 - [TEST_STEP][PASSED] - Statement - oldAdminTotalPrice = driver.findElement(org.openqa.selenium.By.xpath("//*[@id="add-row"]/div/div[2]/div/p")).getText(): null

2018-05-07 17:32:26 - [TEST_STEP][PASSED] - Statement - oldAdminTotalPrice = oldAdminTotalPrice.replaceAll(" THB", "").replaceAll("Total price: ", "").replaceAll(",", ""): null

2018-05-07 17:32:26 - [TEST_STEP][PASSED] - Statement - oldAdminTotalPrice = java.lang.Integer.parseInt(oldAdminTotalPrice): null

2018-05-07 17:32:26 - [TEST_STEP][PASSED] - Statement - oldRows = Table.findElements(org.openqa.selenium.By.tagName("tr")): null

2018-05-07 17:32:26 - [TEST_STEP][PASSED] - Statement - valueOfOldRows = oldRows.size(): null

2018-05-07 17:32:26 - [TEST_STEP][PASSED] - Statement - oldTransactionList = new java.util.ArrayList(): null

2018-05-07 17:32:26 - [TEST_STEP][PASSED] - Statement - For (def i : (1..oldRows.size())): null

2018-05-07 17:32:26 - [TEST_STEP][PASSED] - Statement - tempString = "": null

2018-05-07 17:32:26 - [TEST_STEP][PASSED] - Statement - tempString += driver.findElement(org.openqa.selenium.By.xpath("//*[@id="add-row"]/div/table/tbody/tr[" + i + "]/td[1]")).getText(): null

2018-05-07 17:32:26 - [TEST_STEP][PASSED] - Statement - tempString += driver.findElement(org.openqa.selenium.By.xpath("//*[@id="add-row"]/div/table/tbody/tr[" + i + "]/td[2]")).getText(): null

2018-05-07 17:32:26 - [TEST_STEP][PASSED] - Statement - tempString += driver.findElement(org.openqa.selenium.By.xpath("//*[@id="add-row"]/div/table/tbody/tr[" + i + "]/td[3]")).getText(): null

2018-05-07 17:32:26 - [TEST_STEP][PASSED] - Statement - oldTransactionList.add(tempString): null

2018-05-07 17:32:26 - [TEST_STEP][PASSED] - Statement - println(tempString): null

2018-05-07 17:32:26 - [TEST_STEP][PASSED] - Statement - tempString = "": null

2018-05-07 17:32:26 - [TEST_STEP][PASSED] - Statement - tempString += driver.findElement(org.openqa.selenium.By.xpath("//*[@id="add-row"]/div/table/tbody/tr[" + i + "]/td[1]")).getText(): null

2018-05-07 17:32:26 - [TEST_STEP][PASSED] - Statement - tempString += driver.findElement(org.openqa.selenium.By.xpath("//*[@id="add-row"]/div/table/tbody/tr[" + i + "]/td[2]")).getText(): null

2018-05-07 17:32:26 - [TEST_STEP][PASSED] - Statement - tempString += driver.findElement(org.openqa.selenium.By.xpath("//*[@id="add-row"]/div/table/tbody/tr[" + i + "]/td[3]")).getText(): null

2018-05-07 17:32:27 - [TEST_STEP][PASSED] - Statement - oldTransactionList.add(tempString): null

2018-05-07 17:32:27 - [TEST_STEP][PASSED] - Statement - println(tempString): null

2018-05-07 17:32:27 - [TEST_STEP][PASSED] - Statement - tempString = "": null

2018-05-07 17:32:27 - [TEST_STEP][PASSED] - Statement - tempString += driver.findElement(org.openqa.selenium.By.xpath("//*[@id="add-row"]/div/table/tbody/tr[" + i + "]/td[1]")).getText(): null

2018-05-07 17:32:27 - [TEST_STEP][PASSED] - Statement - tempString += driver.findElement(org.openqa.selenium.By.xpath("//*[@id="add-row"]/div/table/tbody/tr[" + i + "]/td[2]")).getText(): null

2018-05-07 17:32:27 - [TEST_STEP][PASSED] - Statement - tempString += driver.findElement(org.openqa.selenium.By.xpath("//*[@id="add-row"]/div/table/tbody/tr[" + i + "]/td[3]")).getText(): null

2018-05-07 17:32:27 - [TEST_STEP][PASSED] - Statement - oldTransactionList.add(tempString): null

2018-05-07 17:32:27 - [TEST_STEP][PASSED] - Statement - println(tempString): null

2018-05-07 17:32:27 - [TEST_STEP][PASSED] - Statement - tempString = "": null

2018-05-07 17:32:27 - [TEST_STEP][PASSED] - Statement - tempString += driver.findElement(org.openqa.selenium.By.xpath("//*[@id="add-row"]/div/table/tbody/tr[" + i + "]/td[1]")).getText(): null

2018-05-07 17:32:27 - [TEST_STEP][PASSED] - Statement - tempString += driver.findElement(org.openqa.selenium.By.xpath("//*[@id="add-row"]/div/table/tbody/tr[" + i + "]/td[2]")).getText(): null

2018-05-07 17:32:27 - [TEST_STEP][PASSED] - Statement - tempString += driver.findElement(org.openqa.selenium.By.xpath("//*[@id="add-row"]/div/table/tbody/tr[" + i + "]/td[3]")).getText(): null

2018-05-07 17:32:27 - [TEST_STEP][PASSED] - Statement - oldTransactionList.add(tempString): null

2018-05-07 17:32:27 - [TEST_STEP][PASSED] - Statement - println(tempString): null

2018-05-07 17:32:27 - [TEST_STEP][PASSED] - click: Object: 'Object Repository/Admin/button_Logout' is clicked on

2018-05-07 17:32:27 - [MESSAGE][PASSED] - Object: 'Object Repository/Admin/button_Logout' is clicked on

2018-05-07 17:32:27 - [TEST_STEP][PASSED] - delay: Delayed 5 second(s)

2018-05-07 17:32:32 - [MESSAGE][PASSED] - Delayed 5 second(s)

2018-05-07 17:32:32 - [TEST_STEP][PASSED] - setText: Text 'user' is set on object 'Object Repository/Admin/input_username'

2018-05-07 17:32:33 - [MESSAGE][PASSED] - Text 'user' is set on object 'Object Repository/Admin/input_username'

2018-05-07 17:32:33 - [TEST_STEP][PASSED] - setText: Text 'user' is set on object 'Object Repository/Admin/input_password'

2018-05-07 17:32:33 - [MESSAGE][PASSED] - Text 'user' is set on object 'Object Repository/Admin/input_password'

2018-05-07 17:32:33 - [TEST_STEP][PASSED] - click: Object: 'Object Repository/Admin/button_Login' is clicked on

2018-05-07 17:32:33 - [MESSAGE][PASSED] - Object: 'Object Repository/Admin/button_Login' is clicked on

2018-05-07 17:32:33 - [TEST_STEP][PASSED] - Statement - rand = new java.util.Random(): null

2018-05-07 17:32:33 - [TEST_STEP][PASSED] - Statement - randomNum = rand.nextInt(5 - 1 + 1) + 1: null

2018-05-07 17:32:33 - [TEST_STEP][PASSED] - Statement - println(randomNum): null

2018-05-07 17:32:33 - [TEST_STEP][PASSED] - click: Object: 'Object Repository/Admin/add to cart4' is clicked on

2018-05-07 17:32:34 - [MESSAGE][PASSED] - Object: 'Object Repository/Admin/add to cart4' is clicked on

2018-05-07 17:32:34 - [TEST_STEP][PASSED] - click: Object: 'Object Repository/Admin/cart' is clicked on

2018-05-07 17:32:34 - [MESSAGE][PASSED] - Object: 'Object Repository/Admin/cart' is clicked on

2018-05-07 17:32:34 - [TEST_STEP][PASSED] - delay: Delayed 5 second(s)

2018-05-07 17:32:39 - [MESSAGE][PASSED] - Delayed 5 second(s)

2018-05-07 17:32:39 - [TEST_STEP][PASSED] - Statement - xpathOfElement = driver.findElement(org.openqa.selenium.By.xpath("//*[@id="add-row"]/div/div[2]/div/p")): null

2018-05-07 17:32:39 - [TEST_STEP][PASSED] - Statement - UserTable = driver.findElement(org.openqa.selenium.By.xpath("//*[@id="add-row"]/div/table/tbody")): null

2018-05-07 17:32:39 - [TEST_STEP][PASSED] - Statement - userRows = UserTable.findElements(org.openqa.selenium.By.tagName("tr")): null

2018-05-07 17:32:39 - [TEST_STEP][PASSED] - Statement - userProducts = "": null

2018-05-07 17:32:39 - [TEST_STEP][PASSED] - Statement - For (def i : (1..userRows.size())): null

2018-05-07 17:32:39 - [TEST_STEP][PASSED] - Statement - userProducts += driver.findElement(org.openqa.selenium.By.xpath("//*[@id="add-row"]/div/table/tbody/tr[" + i + "]/td[1]")).getText(): null

2018-05-07 17:32:39 - [TEST_STEP][PASSED] - Statement - userTotalPrice = xpathOfElement.getText().replaceAll("Total price: ", ""): null

2018-05-07 17:32:39 - [TEST_STEP][PASSED] - Statement - valueOfUserTotalPrice = java.lang.Integer.parseInt(userTotalPrice.replaceAll(" THB", "").replaceAll(",", "")): null

2018-05-07 17:32:39 - [TEST_STEP][PASSED] - click: Object: 'Object Repository/Admin/button_confirm' is clicked on

2018-05-07 17:32:39 - [MESSAGE][PASSED] - Object: 'Object Repository/Admin/button_confirm' is clicked on

2018-05-07 17:32:39 - [TEST_STEP][PASSED] - acceptAlert: Alert accepted

2018-05-07 17:32:39 - [MESSAGE][PASSED] - Alert accepted

2018-05-07 17:32:39 - [TEST_STEP][PASSED] - click: Object: 'Object Repository/Admin/button_Logout' is clicked on

2018-05-07 17:32:40 - [MESSAGE][PASSED] - Object: 'Object Repository/Admin/button_Logout' is clicked on

2018-05-07 17:32:40 - [TEST_STEP][PASSED] - delay: Delayed 5 second(s)

2018-05-07 17:32:45 - [MESSAGE][PASSED] - Delayed 5 second(s)

2018-05-07 17:32:45 - [TEST_STEP][PASSED] - setText: Text 'admin' is set on object 'Object Repository/Admin/input_username'

2018-05-07 17:32:45 - [MESSAGE][PASSED] - Text 'admin' is set on object 'Object Repository/Admin/input_username'

2018-05-07 17:32:45 - [TEST_STEP][PASSED] - setText: Text 'admin' is set on object 'Object Repository/Admin/input_password'

2018-05-07 17:32:45 - [MESSAGE][PASSED] - Text 'admin' is set on object 'Object Repository/Admin/input_password'

2018-05-07 17:32:45 - [TEST_STEP][PASSED] - click: Object: 'Object Repository/Admin/button_Login' is clicked on

2018-05-07 17:32:46 - [MESSAGE][PASSED] - Object: 'Object Repository/Admin/button_Login' is clicked on

2018-05-07 17:32:46 - [TEST_STEP][PASSED] - click: Object: 'Object Repository/Admin/div_Products' is clicked on

2018-05-07 17:32:46 - [MESSAGE][PASSED] - Object: 'Object Repository/Admin/div_Products' is clicked on

2018-05-07 17:32:46 - [TEST_STEP][PASSED] - click: Object: 'Object Repository/Admin/a_Total Transaction' is clicked on

2018-05-07 17:32:46 - [MESSAGE][PASSED] - Object: 'Object Repository/Admin/a_Total Transaction' is clicked on

2018-05-07 17:32:46 - [TEST_STEP][PASSED] - Statement - Table = driver.findElement(org.openqa.selenium.By.xpath("//*[@id="add-row"]/div/table/tbody")): null

2018-05-07 17:32:46 - [TEST_STEP][PASSED] - delay: Delayed 5 second(s)

2018-05-07 17:32:51 - [MESSAGE][PASSED] - Delayed 5 second(s)

2018-05-07 17:32:51 - [TEST_STEP][PASSED] - Statement - newRows = Table.findElements(org.openqa.selenium.By.tagName("tr")): null

2018-05-07 17:32:51 - [TEST_STEP][PASSED] - Statement - newTransactionList = new java.util.ArrayList(): null

2018-05-07 17:32:51 - [TEST_STEP][PASSED] - Statement - For (def i : (1..(newRows.size() - 1))): null

2018-05-07 17:32:51 - [TEST_STEP][PASSED] - Statement - tempString = "": null

2018-05-07 17:32:51 - [TEST_STEP][PASSED] - Statement - tempString += driver.findElement(org.openqa.selenium.By.xpath("//*[@id="add-row"]/div/table/tbody/tr[" + i + "]/td[1]")).getText(): null

2018-05-07 17:32:51 - [TEST_STEP][PASSED] - Statement - tempString += driver.findElement(org.openqa.selenium.By.xpath("//*[@id="add-row"]/div/table/tbody/tr[" + i + "]/td[2]")).getText(): null

2018-05-07 17:32:51 - [TEST_STEP][PASSED] - Statement - tempString += driver.findElement(org.openqa.selenium.By.xpath("//*[@id="add-row"]/div/table/tbody/tr[" + i + "]/td[3]")).getText(): null

2018-05-07 17:32:51 - [TEST_STEP][PASSED] - Statement - newTransactionList.add(tempString): null

2018-05-07 17:32:51 - [TEST_STEP][PASSED] - Statement - println(tempString): null

2018-05-07 17:32:51 - [TEST_STEP][PASSED] - Statement - tempString = "": null

2018-05-07 17:32:51 - [TEST_STEP][PASSED] - Statement - tempString += driver.findElement(org.openqa.selenium.By.xpath("//*[@id="add-row"]/div/table/tbody/tr[" + i + "]/td[1]")).getText(): null

2018-05-07 17:32:51 - [TEST_STEP][PASSED] - Statement - tempString += driver.findElement(org.openqa.selenium.By.xpath("//*[@id="add-row"]/div/table/tbody/tr[" + i + "]/td[2]")).getText(): null

2018-05-07 17:32:51 - [TEST_STEP][PASSED] - Statement - tempString += driver.findElement(org.openqa.selenium.By.xpath("//*[@id="add-row"]/div/table/tbody/tr[" + i + "]/td[3]")).getText(): null

2018-05-07 17:32:51 - [TEST_STEP][PASSED] - Statement - newTransactionList.add(tempString): null

2018-05-07 17:32:51 - [TEST_STEP][PASSED] - Statement - println(tempString): null

2018-05-07 17:32:51 - [TEST_STEP][PASSED] - Statement - tempString = "": null

2018-05-07 17:32:51 - [TEST_STEP][PASSED] - Statement - tempString += driver.findElement(org.openqa.selenium.By.xpath("//*[@id="add-row"]/div/table/tbody/tr[" + i + "]/td[1]")).getText(): null

2018-05-07 17:32:52 - [TEST_STEP][PASSED] - Statement - tempString += driver.findElement(org.openqa.selenium.By.xpath("//*[@id="add-row"]/div/table/tbody/tr[" + i + "]/td[2]")).getText(): null

2018-05-07 17:32:52 - [TEST_STEP][PASSED] - Statement - tempString += driver.findElement(org.openqa.selenium.By.xpath("//*[@id="add-row"]/div/table/tbody/tr[" + i + "]/td[3]")).getText(): null

2018-05-07 17:32:52 - [TEST_STEP][PASSED] - Statement - newTransactionList.add(tempString): null

2018-05-07 17:32:52 - [TEST_STEP][PASSED] - Statement - println(tempString): null

2018-05-07 17:32:52 - [TEST_STEP][PASSED] - Statement - tempString = "": null

2018-05-07 17:32:52 - [TEST_STEP][PASSED] - Statement - tempString += driver.findElement(org.openqa.selenium.By.xpath("//*[@id="add-row"]/div/table/tbody/tr[" + i + "]/td[1]")).getText(): null

2018-05-07 17:32:52 - [TEST_STEP][PASSED] - Statement - tempString += driver.findElement(org.openqa.selenium.By.xpath("//*[@id="add-row"]/div/table/tbody/tr[" + i + "]/td[2]")).getText(): null

2018-05-07 17:32:52 - [TEST_STEP][PASSED] - Statement - tempString += driver.findElement(org.openqa.selenium.By.xpath("//*[@id="add-row"]/div/table/tbody/tr[" + i + "]/td[3]")).getText(): null

2018-05-07 17:32:52 - [TEST_STEP][PASSED] - Statement - newTransactionList.add(tempString): null

2018-05-07 17:32:52 - [TEST_STEP][PASSED] - Statement - println(tempString): null

2018-05-07 17:32:52 - [TEST_STEP][PASSED] - Statement - newRowValue = driver.findElement(org.openqa.selenium.By.xpath("//*[@id="add-row"]/div/table/tbody/tr[" + newRows.size() + "]/td[3]")).getText(): null

2018-05-07 17:32:52 - [TEST_STEP][PASSED] - Statement - newTranscation = driver.findElement(org.openqa.selenium.By.xpath("//*[@id="add-row"]/div/table/tbody/tr[" + newRows.size() + "]/td[2]")).getText().replaceAll(",", ""): null

2018-05-07 17:32:52 - [TEST_STEP][PASSED] - Statement - newAdminTotalPrice = driver.findElement(org.openqa.selenium.By.xpath("//*[@id="add-row"]/div/div[2]/div/p")).getText(): null

2018-05-07 17:32:52 - [TEST_STEP][PASSED] - Statement - newAdminTotalPrice = newAdminTotalPrice.replaceAll(" THB", "").replaceAll("Total price: ", "").replaceAll(",", ""): null

2018-05-07 17:32:52 - [TEST_STEP][PASSED] - Statement - newAdminTotalPrice = java.lang.Integer.parseInt(newAdminTotalPrice): null

2018-05-07 17:32:52 - [TEST_STEP][PASSED] - Statement - println("Total Price of All Transaction before: " + oldAdminTotalPrice): null

2018-05-07 17:32:52 - [TEST_STEP][PASSED] - Statement - println("Total Price that User Bought: " + userTotalPrice): null

2018-05-07 17:32:52 - [TEST_STEP][PASSED] - Statement - println("Total Price of all Transaction after: " + newAdminTotalPrice): null

2018-05-07 17:32:52 - [TEST_STEP][PASSED] - Statement - println("Size of Rows after: " + newRows.size()): null

2018-05-07 17:32:52 - [TEST_STEP][PASSED] - Statement - println("Total Price of Last Transaction: " + newRowValue): null

2018-05-07 17:32:52 - [TEST_STEP][PASSED] - verifyEqual: Actual object '12 THB' and expected object '12 THB' are equal

2018-05-07 17:32:52 - [MESSAGE][PASSED] - Actual object '12 THB' and expected object '12 THB' are equal

2018-05-07 17:32:52 - [TEST_STEP][PASSED] - verifyEqual: Actual object '100,982' and expected object '100,982' are equal

2018-05-07 17:32:52 - [MESSAGE][PASSED] - Actual object '100,982' and expected object '100,982' are equal

2018-05-07 17:32:52 - [TEST_STEP][PASSED] - verifyEqual: Actual object '[[1Garden, Papaya20,120 THB, 2Banana, Garden, Banana, Rambutan60,570 THB, 3Garden20,000 THB, 4Orange280 THB]]' and expected object '[[1Garden, Papaya20,120 THB, 2Banana, Garden, Banana, Rambutan60,570 THB, 3Garden20,000 THB, 4Orange280 THB]]' are equal

2018-05-07 17:32:52 - [MESSAGE][PASSED] - Actual object '[[1Garden, Papaya20,120 THB, 2Banana, Garden, Banana, Rambutan60,570 THB, 3Garden20,000 THB, 4Orange280 THB]]' and expected object '[[1Garden, Papaya20,120 THB, 2Banana, Garden, Banana, Rambutan60,570 THB, 3Garden20,000 THB, 4Orange280 THB]]' are equal

2018-05-07 17:32:52 - [TEST_STEP][PASSED] - verifyEqual: Actual object 'Papaya' and expected object 'Papaya' are equal

2018-05-07 17:32:53 - [MESSAGE][PASSED] - Actual object 'Papaya' and expected object 'Papaya' are equal

2018-05-07 17:32:53 - [TEST_STEP][PASSED] - Statement - println("No. of old rows " + valueOfOldRows): null

2018-05-07 17:32:53 - [TEST_STEP][PASSED] - Statement - println("No. of new rows " + newRows.size()): null

2018-05-07 17:32:53 - [TEST_STEP][PASSED] - verifyGreaterThan: Actual number '5' is greater than expected number '4'

2018-05-07 17:32:53 - [MESSAGE][PASSED] - Actual number '5' is greater than expected number '4'

2018-05-07 17:32:53 - [TEST_STEP][PASSED] - closeBrowser: Browser is closed

2018-05-07 17:32:53 - [MESSAGE][PASSED] - Browser is closed]]></system-out>
         <system-err><![CDATA[]]></system-err>
      </testcase>
      <system-out><![CDATA[2018-05-07 17:30:38 - [TEST_SUITE][PASSED] - Test Suite for Admin Test Case 1: Test Cases/Admin Test Case 1]]></system-out>
      <system-err><![CDATA[]]></system-err>
   </testsuite>
</testsuites>
