<?xml version="1.0" encoding="UTF-8"?>
<testsuites name="Test Suite for Logout Test Case 1" time="40" tests="0" failures="1" errors="0">
   <testsuite name="Test Suite for Logout Test Case 1" tests="0" failures="1" errors="0" time="40" timestamp="2018-04-28 11:20:45" hostname="Andrew_Dpp - 10.80.100.145" id="Test Suites/Test Suite for Logout Test Case 1">
      <properties>
         <property name="deviceName" value=""/>
         <property name="devicePlatform" value=""/>
         <property name="logFolder" value="C:\\Users\\Andrew_Dpp\\git\\234project-katalon\\Reports\\Test Suite for Logout Test Case 1\\20180428_112037"/>
         <property name="logFiles" value="C:\\Users\\Andrew_Dpp\\git\\234project-katalon\\Reports\\Test Suite for Logout Test Case 1\\20180428_112037\\execution0.log"/>
         <property name="attachments" value=""/>
         <property name="hostName" value="Andrew_Dpp - 10.80.100.145"/>
         <property name="os" value="Windows 7 64bit"/>
         <property name="katalonVersion" value="5.3.1.1"/>
         <property name="browser" value="Chrome 65.0.3325.181"/>
         <property name="hostAddress" value="10.80.100.145"/>
         <property name="sessionId" value="6c0faa7b35aa9fd184c10a47d3ec9538"/>
         <property name="seleniumVersion" value="3.7.1"/>
         <property name="proxyInformation" value="ProxyInformation{proxyOption=NO_PROXY, proxyServerType=HTTP, password=, proxyServerAddress=, proxyServerPort=0}"/>
         <property name="platform" value="Windows 7"/>
      </properties>
      <testcase name="Test Cases/Logout Test Case 1" classname="Test Cases/Logout Test Case 1" status="FAILED">
         <failure type="FAILED" message="Unable to verify equal between actual object 'http://18.188.55.188:8085/' and expected object 'http://18.188.55.188:8085' (Root cause: Actual object 'http://18.188.55.188:8085/' and expected object 'http://18.188.55.188:8085' are not equal)"/>
         <system-out><![CDATA[2018-04-28 11:20:46 - [TEST_CASE][FAILED] - Test Cases/Logout Test Case 1: Test Cases/Logout Test Case 1 FAILED because (of) Unable to verify equal between actual object 'http://18.188.55.188:8085/' and expected object 'http://18.188.55.188:8085' (Root cause: Actual object 'http://18.188.55.188:8085/' and expected object 'http://18.188.55.188:8085' are not equal)

2018-04-28 11:20:47 - [TEST_STEP][PASSED] - openBrowser: Browser is opened with url: ''

2018-04-28 11:21:12 - [MESSAGE][PASSED] - Browser is opened with url: ''

2018-04-28 11:21:12 - [TEST_STEP][PASSED] - navigateToUrl: Navigate to 'http://18.188.55.188:8085/' successfully

2018-04-28 11:21:20 - [MESSAGE][PASSED] - Navigate to 'http://18.188.55.188:8085/' successfully

2018-04-28 11:21:20 - [TEST_STEP][PASSED] - setText: Text 'user' is set on object 'Object Repository/Logout/input_username'

2018-04-28 11:21:21 - [MESSAGE][PASSED] - Text 'user' is set on object 'Object Repository/Logout/input_username'

2018-04-28 11:21:21 - [TEST_STEP][PASSED] - setText: Text 'user' is set on object 'Object Repository/Logout/input_password'

2018-04-28 11:21:21 - [MESSAGE][PASSED] - Text 'user' is set on object 'Object Repository/Logout/input_password'

2018-04-28 11:21:21 - [TEST_STEP][PASSED] - click: Object: 'Object Repository/Logout/button_Login' is clicked on

2018-04-28 11:21:23 - [MESSAGE][PASSED] - Object: 'Object Repository/Logout/button_Login' is clicked on

2018-04-28 11:21:23 - [TEST_STEP][PASSED] - click: Object: 'Object Repository/Logout/button_Logout' is clicked on

2018-04-28 11:21:24 - [MESSAGE][PASSED] - Object: 'Object Repository/Logout/button_Logout' is clicked on

2018-04-28 11:21:24 - [TEST_STEP][FAILED] - verifyEqual: Unable to verify equal between actual object 'http://18.188.55.188:8085/' and expected object 'http://18.188.55.188:8085' (Root cause: Actual object 'http://18.188.55.188:8085/' and expected object 'http://18.188.55.188:8085' are not equal)

2018-04-28 11:21:24 - [MESSAGE][PASSED] - Current window's url is: 'http://18.188.55.188:8085/'

2018-04-28 11:21:24 - [MESSAGE][FAILED] - Unable to verify equal between actual object 'http://18.188.55.188:8085/' and expected object 'http://18.188.55.188:8085' (Root cause: Actual object 'http://18.188.55.188:8085/' and expected object 'http://18.188.55.188:8085' are not equal)]]></system-out>
         <system-err><![CDATA[2018-04-28 11:20:46 - [TEST_CASE][FAILED] - Test Cases/Logout Test Case 1: Test Cases/Logout Test Case 1 FAILED because (of) Unable to verify equal between actual object 'http://18.188.55.188:8085/' and expected object 'http://18.188.55.188:8085' (Root cause: Actual object 'http://18.188.55.188:8085/' and expected object 'http://18.188.55.188:8085' are not equal)]]></system-err>
      </testcase>
      <system-out><![CDATA[2018-04-28 11:20:45 - [TEST_SUITE][FAILED] - Test Suite for Logout Test Case 1: Test Cases/Logout Test Case 1 FAILED because (of) Unable to verify equal between actual object 'http://18.188.55.188:8085/' and expected object 'http://18.188.55.188:8085' (Root cause: Actual object 'http://18.188.55.188:8085/' and expected object 'http://18.188.55.188:8085' are not equal)]]></system-out>
      <system-err><![CDATA[2018-04-28 11:20:45 - [TEST_SUITE][FAILED] - Test Suite for Logout Test Case 1: Test Cases/Logout Test Case 1 FAILED because (of) Unable to verify equal between actual object 'http://18.188.55.188:8085/' and expected object 'http://18.188.55.188:8085' (Root cause: Actual object 'http://18.188.55.188:8085/' and expected object 'http://18.188.55.188:8085' are not equal)]]></system-err>
   </testsuite>
</testsuites>
