<?xml version="1.0" encoding="UTF-8"?>
<testsuites name="Test Suite for User Test Case 2" time="95" tests="2" failures="0" errors="0">
   <testsuite name="Test Suite for User Test Case 2" tests="2" failures="0" errors="0" time="95" timestamp="2018-04-28 10:06:21" hostname="Andrew_Dpp - 10.80.100.145" id="Test Suites/Test Suite for User Test Case 2">
      <properties>
         <property name="deviceName" value=""/>
         <property name="devicePlatform" value=""/>
         <property name="logFolder" value="C:\\Users\\Andrew_Dpp\\git\\234project-katalon\\Reports\\Test Suite for User Test Case 2\\20180428_100602"/>
         <property name="logFiles" value="C:\\Users\\Andrew_Dpp\\git\\234project-katalon\\Reports\\Test Suite for User Test Case 2\\20180428_100602\\execution0.log"/>
         <property name="attachments" value=""/>
         <property name="hostName" value="Andrew_Dpp - 10.80.100.145"/>
         <property name="os" value="Windows 7 64bit"/>
         <property name="katalonVersion" value="5.3.1.1"/>
         <property name="browser" value="Chrome 65.0.3325.181"/>
         <property name="hostAddress" value="10.80.100.145"/>
         <property name="sessionId" value="61b20aa3463c34805fa19ae36da2f2d7"/>
         <property name="seleniumVersion" value="3.7.1"/>
         <property name="proxyInformation" value="ProxyInformation{proxyOption=NO_PROXY, proxyServerType=HTTP, password=, proxyServerAddress=, proxyServerPort=0}"/>
         <property name="platform" value="Windows 7"/>
      </properties>
      <testcase name="Test Cases/User Test Case 2" classname="Test Cases/User Test Case 2" status="PASSED">
         <system-out><![CDATA[2018-04-28 10:06:22 - [TEST_CASE][PASSED] - Test Cases/User Test Case 2: Test Cases/User Test Case 2

2018-04-28 10:06:24 - [TEST_STEP][PASSED] - openBrowser: Browser is opened with url: ''

2018-04-28 10:06:51 - [MESSAGE][PASSED] - Browser is opened with url: ''

2018-04-28 10:06:51 - [TEST_STEP][PASSED] - navigateToUrl: Navigate to 'http://18.188.55.188:8085/' successfully

2018-04-28 10:07:01 - [MESSAGE][PASSED] - Navigate to 'http://18.188.55.188:8085/' successfully

2018-04-28 10:07:01 - [TEST_STEP][PASSED] - setText: Text 'user' is set on object 'Object Repository/User/User Cart/input_username'

2018-04-28 10:07:01 - [MESSAGE][PASSED] - Text 'user' is set on object 'Object Repository/User/User Cart/input_username'

2018-04-28 10:07:01 - [TEST_STEP][PASSED] - setText: Text 'user' is set on object 'Object Repository/User/User Cart/input_password'

2018-04-28 10:07:02 - [MESSAGE][PASSED] - Text 'user' is set on object 'Object Repository/User/User Cart/input_password'

2018-04-28 10:07:02 - [TEST_STEP][PASSED] - click: Object: 'Object Repository/User/User Cart/button_Login' is clicked on

2018-04-28 10:07:02 - [MESSAGE][PASSED] - Object: 'Object Repository/User/User Cart/button_Login' is clicked on

2018-04-28 10:07:02 - [TEST_STEP][PASSED] - click: Object: 'Object Repository/User/User Cart/button_add to cart' is clicked on

2018-04-28 10:07:04 - [MESSAGE][PASSED] - Object: 'Object Repository/User/User Cart/button_add to cart' is clicked on

2018-04-28 10:07:04 - [TEST_STEP][PASSED] - verifyElementText: Actual text and expected text of test object 'Object Repository/User/User Cart/button_added' are matched.

2018-04-28 10:07:04 - [MESSAGE][PASSED] - Actual text and expected text of test object 'Object Repository/User/User Cart/button_added' are matched.

2018-04-28 10:07:04 - [TEST_STEP][PASSED] - click: Object: 'Object Repository/User/User Cart/button_add to cart' is clicked on

2018-04-28 10:07:04 - [MESSAGE][PASSED] - Object: 'Object Repository/User/User Cart/button_add to cart' is clicked on

2018-04-28 10:07:04 - [TEST_STEP][PASSED] - verifyElementText: Actual text and expected text of test object 'Object Repository/User/User Cart/button_added' are matched.

2018-04-28 10:07:04 - [MESSAGE][PASSED] - Actual text and expected text of test object 'Object Repository/User/User Cart/button_added' are matched.

2018-04-28 10:07:04 - [TEST_STEP][PASSED] - click: Object: 'Object Repository/User/User Cart/button_add to cart' is clicked on

2018-04-28 10:07:05 - [MESSAGE][PASSED] - Object: 'Object Repository/User/User Cart/button_add to cart' is clicked on

2018-04-28 10:07:05 - [TEST_STEP][PASSED] - verifyElementText: Actual text and expected text of test object 'Object Repository/User/User Cart/button_added' are matched.

2018-04-28 10:07:05 - [MESSAGE][PASSED] - Actual text and expected text of test object 'Object Repository/User/User Cart/button_added' are matched.

2018-04-28 10:07:05 - [TEST_STEP][PASSED] - click: Object: 'Object Repository/User/User Cart/button_add to cart' is clicked on

2018-04-28 10:07:05 - [MESSAGE][PASSED] - Object: 'Object Repository/User/User Cart/button_add to cart' is clicked on

2018-04-28 10:07:05 - [TEST_STEP][PASSED] - verifyElementText: Actual text and expected text of test object 'Object Repository/User/User Cart/button_added' are matched.

2018-04-28 10:07:05 - [MESSAGE][PASSED] - Actual text and expected text of test object 'Object Repository/User/User Cart/button_added' are matched.

2018-04-28 10:07:05 - [TEST_STEP][PASSED] - click: Object: 'Object Repository/User/User Cart/button_add to cart' is clicked on

2018-04-28 10:07:05 - [MESSAGE][PASSED] - Object: 'Object Repository/User/User Cart/button_add to cart' is clicked on

2018-04-28 10:07:05 - [TEST_STEP][PASSED] - verifyElementText: Actual text and expected text of test object 'Object Repository/User/User Cart/button_added' are matched.

2018-04-28 10:07:05 - [MESSAGE][PASSED] - Actual text and expected text of test object 'Object Repository/User/User Cart/button_added' are matched.

2018-04-28 10:07:05 - [TEST_STEP][PASSED] - click: Object: 'Object Repository/User/User Cart/cart_icon' is clicked on

2018-04-28 10:07:06 - [MESSAGE][PASSED] - Object: 'Object Repository/User/User Cart/cart_icon' is clicked on

2018-04-28 10:07:06 - [TEST_STEP][PASSED] - setText: Text '1' is set on object 'Object Repository/User/User Cart/input_amount'

2018-04-28 10:07:06 - [MESSAGE][PASSED] - Text '1' is set on object 'Object Repository/User/User Cart/input_amount'

2018-04-28 10:07:06 - [TEST_STEP][PASSED] - setText: Text '1' is set on object 'Object Repository/User/User Cart/input_amount2'

2018-04-28 10:07:07 - [MESSAGE][PASSED] - Text '1' is set on object 'Object Repository/User/User Cart/input_amount2'

2018-04-28 10:07:07 - [TEST_STEP][PASSED] - setText: Text '1' is set on object 'Object Repository/User/User Cart/input_amount3'

2018-04-28 10:07:07 - [MESSAGE][PASSED] - Text '1' is set on object 'Object Repository/User/User Cart/input_amount3'

2018-04-28 10:07:07 - [TEST_STEP][PASSED] - setText: Text '1' is set on object 'Object Repository/User/User Cart/input_amount4'

2018-04-28 10:07:08 - [MESSAGE][PASSED] - Text '1' is set on object 'Object Repository/User/User Cart/input_amount4'

2018-04-28 10:07:08 - [TEST_STEP][PASSED] - setText: Text '1' is set on object 'Object Repository/User/User Cart/input_amount5'

2018-04-28 10:07:09 - [MESSAGE][PASSED] - Text '1' is set on object 'Object Repository/User/User Cart/input_amount5'

2018-04-28 10:07:09 - [TEST_STEP][PASSED] - waitForElementPresent: Object 'Object Repository/User/User Cart/p_Total price' is present

2018-04-28 10:07:09 - [MESSAGE][WARNING] - Timeout '0' is invalid. Using default page load timeout: '30'

2018-04-28 10:07:09 - [MESSAGE][PASSED] - Object 'Object Repository/User/User Cart/p_Total price' is present

2018-04-28 10:07:09 - [TEST_STEP][PASSED] - verifyElementText: Actual text and expected text of test object 'Object Repository/User/User Cart/p_Total price' are matched.

2018-04-28 10:07:10 - [MESSAGE][PASSED] - Actual text and expected text of test object 'Object Repository/User/User Cart/p_Total price' are matched.

2018-04-28 10:07:10 - [TEST_STEP][PASSED] - Statement - driver = com.kms.katalon.core.webui.driver.DriverFactory.getWebDriver(): null

2018-04-28 10:07:10 - [TEST_STEP][PASSED] - Statement - Table = driver.findElement(org.openqa.selenium.By.xpath("//*[@id="add-row"]/div/table/tbody")): null

2018-04-28 10:07:10 - [TEST_STEP][PASSED] - Statement - Rows = Table.findElements(org.openqa.selenium.By.tagName("tr")): null

2018-04-28 10:07:10 - [TEST_STEP][PASSED] - Statement - println("No. of rows " + Rows.size()): null

2018-04-28 10:07:10 - [TEST_STEP][PASSED] - verifyEqual: Actual object '5' and expected object '5' are equal

2018-04-28 10:07:10 - [MESSAGE][PASSED] - Actual object '5' and expected object '5' are equal

2018-04-28 10:07:10 - [TEST_STEP][PASSED] - click: Object: 'Object Repository/User/User Cart/button_confirm' is clicked on

2018-04-28 10:07:11 - [MESSAGE][PASSED] - Object: 'Object Repository/User/User Cart/button_confirm' is clicked on

2018-04-28 10:07:11 - [TEST_STEP][PASSED] - acceptAlert: Alert accepted

2018-04-28 10:07:11 - [MESSAGE][PASSED] - Alert accepted

2018-04-28 10:07:11 - [TEST_STEP][PASSED] - click: Object: 'Object Repository/User/User Cart/div_Well done You successfully' is clicked on

2018-04-28 10:07:12 - [MESSAGE][PASSED] - Object: 'Object Repository/User/User Cart/div_Well done You successfully' is clicked on

2018-04-28 10:07:12 - [TEST_STEP][PASSED] - closeBrowser: Browser is closed

2018-04-28 10:07:12 - [MESSAGE][PASSED] - Browser is closed]]></system-out>
         <system-err><![CDATA[]]></system-err>
      </testcase>
      <testcase name="Test Cases/User Test Case 2" classname="Test Cases/User Test Case 2" status="PASSED">
         <system-out><![CDATA[2018-04-28 10:07:12 - [TEST_CASE][PASSED] - Test Cases/User Test Case 2: Test Cases/User Test Case 2

2018-04-28 10:07:12 - [TEST_STEP][PASSED] - openBrowser: Browser is opened with url: ''

2018-04-28 10:07:36 - [MESSAGE][PASSED] - Browser is opened with url: ''

2018-04-28 10:07:36 - [TEST_STEP][PASSED] - navigateToUrl: Navigate to 'http://18.188.55.188:8085/' successfully

2018-04-28 10:07:45 - [MESSAGE][PASSED] - Navigate to 'http://18.188.55.188:8085/' successfully

2018-04-28 10:07:45 - [TEST_STEP][PASSED] - setText: Text 'user' is set on object 'Object Repository/User/User Cart/input_username'

2018-04-28 10:07:46 - [MESSAGE][PASSED] - Text 'user' is set on object 'Object Repository/User/User Cart/input_username'

2018-04-28 10:07:46 - [TEST_STEP][PASSED] - setText: Text 'user' is set on object 'Object Repository/User/User Cart/input_password'

2018-04-28 10:07:46 - [MESSAGE][PASSED] - Text 'user' is set on object 'Object Repository/User/User Cart/input_password'

2018-04-28 10:07:46 - [TEST_STEP][PASSED] - click: Object: 'Object Repository/User/User Cart/button_Login' is clicked on

2018-04-28 10:07:46 - [MESSAGE][PASSED] - Object: 'Object Repository/User/User Cart/button_Login' is clicked on

2018-04-28 10:07:46 - [TEST_STEP][PASSED] - click: Object: 'Object Repository/User/User Cart/button_add to cart' is clicked on

2018-04-28 10:07:48 - [MESSAGE][PASSED] - Object: 'Object Repository/User/User Cart/button_add to cart' is clicked on

2018-04-28 10:07:48 - [TEST_STEP][PASSED] - verifyElementText: Actual text and expected text of test object 'Object Repository/User/User Cart/button_added' are matched.

2018-04-28 10:07:48 - [MESSAGE][PASSED] - Actual text and expected text of test object 'Object Repository/User/User Cart/button_added' are matched.

2018-04-28 10:07:48 - [TEST_STEP][PASSED] - click: Object: 'Object Repository/User/User Cart/button_add to cart' is clicked on

2018-04-28 10:07:48 - [MESSAGE][PASSED] - Object: 'Object Repository/User/User Cart/button_add to cart' is clicked on

2018-04-28 10:07:48 - [TEST_STEP][PASSED] - verifyElementText: Actual text and expected text of test object 'Object Repository/User/User Cart/button_added' are matched.

2018-04-28 10:07:48 - [MESSAGE][PASSED] - Actual text and expected text of test object 'Object Repository/User/User Cart/button_added' are matched.

2018-04-28 10:07:48 - [TEST_STEP][PASSED] - click: Object: 'Object Repository/User/User Cart/button_add to cart' is clicked on

2018-04-28 10:07:48 - [MESSAGE][PASSED] - Object: 'Object Repository/User/User Cart/button_add to cart' is clicked on

2018-04-28 10:07:48 - [TEST_STEP][PASSED] - verifyElementText: Actual text and expected text of test object 'Object Repository/User/User Cart/button_added' are matched.

2018-04-28 10:07:48 - [MESSAGE][PASSED] - Actual text and expected text of test object 'Object Repository/User/User Cart/button_added' are matched.

2018-04-28 10:07:48 - [TEST_STEP][PASSED] - click: Object: 'Object Repository/User/User Cart/button_add to cart' is clicked on

2018-04-28 10:07:49 - [MESSAGE][PASSED] - Object: 'Object Repository/User/User Cart/button_add to cart' is clicked on

2018-04-28 10:07:49 - [TEST_STEP][PASSED] - verifyElementText: Actual text and expected text of test object 'Object Repository/User/User Cart/button_added' are matched.

2018-04-28 10:07:49 - [MESSAGE][PASSED] - Actual text and expected text of test object 'Object Repository/User/User Cart/button_added' are matched.

2018-04-28 10:07:49 - [TEST_STEP][PASSED] - click: Object: 'Object Repository/User/User Cart/button_add to cart' is clicked on

2018-04-28 10:07:49 - [MESSAGE][PASSED] - Object: 'Object Repository/User/User Cart/button_add to cart' is clicked on

2018-04-28 10:07:49 - [TEST_STEP][PASSED] - verifyElementText: Actual text and expected text of test object 'Object Repository/User/User Cart/button_added' are matched.

2018-04-28 10:07:49 - [MESSAGE][PASSED] - Actual text and expected text of test object 'Object Repository/User/User Cart/button_added' are matched.

2018-04-28 10:07:49 - [TEST_STEP][PASSED] - click: Object: 'Object Repository/User/User Cart/cart_icon' is clicked on

2018-04-28 10:07:49 - [MESSAGE][PASSED] - Object: 'Object Repository/User/User Cart/cart_icon' is clicked on

2018-04-28 10:07:49 - [TEST_STEP][PASSED] - setText: Text '3' is set on object 'Object Repository/User/User Cart/input_amount'

2018-04-28 10:07:50 - [MESSAGE][PASSED] - Text '3' is set on object 'Object Repository/User/User Cart/input_amount'

2018-04-28 10:07:50 - [TEST_STEP][PASSED] - setText: Text '2' is set on object 'Object Repository/User/User Cart/input_amount2'

2018-04-28 10:07:50 - [MESSAGE][PASSED] - Text '2' is set on object 'Object Repository/User/User Cart/input_amount2'

2018-04-28 10:07:50 - [TEST_STEP][PASSED] - setText: Text '2' is set on object 'Object Repository/User/User Cart/input_amount3'

2018-04-28 10:07:51 - [MESSAGE][PASSED] - Text '2' is set on object 'Object Repository/User/User Cart/input_amount3'

2018-04-28 10:07:51 - [TEST_STEP][PASSED] - setText: Text '2' is set on object 'Object Repository/User/User Cart/input_amount4'

2018-04-28 10:07:52 - [MESSAGE][PASSED] - Text '2' is set on object 'Object Repository/User/User Cart/input_amount4'

2018-04-28 10:07:52 - [TEST_STEP][PASSED] - setText: Text '2' is set on object 'Object Repository/User/User Cart/input_amount5'

2018-04-28 10:07:53 - [MESSAGE][PASSED] - Text '2' is set on object 'Object Repository/User/User Cart/input_amount5'

2018-04-28 10:07:53 - [TEST_STEP][PASSED] - waitForElementPresent: Object 'Object Repository/User/User Cart/p_Total price' is present

2018-04-28 10:07:53 - [MESSAGE][WARNING] - Timeout '0' is invalid. Using default page load timeout: '30'

2018-04-28 10:07:53 - [MESSAGE][PASSED] - Object 'Object Repository/User/User Cart/p_Total price' is present

2018-04-28 10:07:53 - [TEST_STEP][PASSED] - verifyElementText: Actual text and expected text of test object 'Object Repository/User/User Cart/p_Total price' are matched.

2018-04-28 10:07:53 - [MESSAGE][PASSED] - Actual text and expected text of test object 'Object Repository/User/User Cart/p_Total price' are matched.

2018-04-28 10:07:53 - [TEST_STEP][PASSED] - Statement - driver = com.kms.katalon.core.webui.driver.DriverFactory.getWebDriver(): null

2018-04-28 10:07:53 - [TEST_STEP][PASSED] - Statement - Table = driver.findElement(org.openqa.selenium.By.xpath("//*[@id="add-row"]/div/table/tbody")): null

2018-04-28 10:07:53 - [TEST_STEP][PASSED] - Statement - Rows = Table.findElements(org.openqa.selenium.By.tagName("tr")): null

2018-04-28 10:07:53 - [TEST_STEP][PASSED] - Statement - println("No. of rows " + Rows.size()): null

2018-04-28 10:07:53 - [TEST_STEP][PASSED] - verifyEqual: Actual object '5' and expected object '5' are equal

2018-04-28 10:07:53 - [MESSAGE][PASSED] - Actual object '5' and expected object '5' are equal

2018-04-28 10:07:53 - [TEST_STEP][PASSED] - click: Object: 'Object Repository/User/User Cart/button_confirm' is clicked on

2018-04-28 10:07:54 - [MESSAGE][PASSED] - Object: 'Object Repository/User/User Cart/button_confirm' is clicked on

2018-04-28 10:07:54 - [TEST_STEP][PASSED] - acceptAlert: Alert accepted

2018-04-28 10:07:54 - [MESSAGE][PASSED] - Alert accepted

2018-04-28 10:07:54 - [TEST_STEP][PASSED] - click: Object: 'Object Repository/User/User Cart/div_Well done You successfully' is clicked on

2018-04-28 10:07:55 - [MESSAGE][PASSED] - Object: 'Object Repository/User/User Cart/div_Well done You successfully' is clicked on

2018-04-28 10:07:55 - [TEST_STEP][PASSED] - closeBrowser: Browser is closed

2018-04-28 10:07:56 - [MESSAGE][PASSED] - Browser is closed]]></system-out>
         <system-err><![CDATA[]]></system-err>
      </testcase>
      <system-out><![CDATA[2018-04-28 10:06:21 - [TEST_SUITE][PASSED] - Test Suite for User Test Case 2: Test Cases/User Test Case 2]]></system-out>
      <system-err><![CDATA[]]></system-err>
   </testsuite>
</testsuites>
