<?xml version="1.0" encoding="UTF-8"?>
<testsuites name="Test Suite for Admin Test Case 1" time="1" tests="1" failures="0" errors="0">
   <testsuite name="Test Suite for Admin Test Case 1" tests="1" failures="0" errors="0" time="1" timestamp="2018-05-07 17:17:08" hostname="Andrew_Dpp - 10.80.101.119" id="Test Suites/Test Suite for Admin Test Case 1">
      <properties>
         <property name="deviceName" value=""/>
         <property name="devicePlatform" value=""/>
         <property name="logFolder" value="C:\\Users\\Andrew_Dpp\\git\\234project-katalon\\Reports\\Test Suite for Admin Test Case 1\\20180507_171651"/>
         <property name="logFiles" value="C:\\Users\\Andrew_Dpp\\git\\234project-katalon\\Reports\\Test Suite for Admin Test Case 1\\20180507_171651\\execution0.log"/>
         <property name="attachments" value=""/>
         <property name="hostName" value="Andrew_Dpp - 10.80.101.119"/>
         <property name="hostAddress" value="10.80.101.119"/>
         <property name="os" value="Windows 7 64bit"/>
         <property name="katalonVersion" value="5.3.1.1"/>
      </properties>
      <testcase name="Test Cases/Admin Test Case 1" classname="Test Cases/Admin Test Case 1" status="PASSED">
         <system-out><![CDATA[2018-05-07 17:17:09 - [TEST_CASE][PASSED] - Test Cases/Admin Test Case 1: null]]></system-out>
         <system-err><![CDATA[]]></system-err>
      </testcase>
      <system-out><![CDATA[2018-05-07 17:17:08 - [TEST_SUITE][INCOMPLETE] - Test Suite for Admin Test Case 1: null]]></system-out>
      <system-err><![CDATA[2018-05-07 17:17:08 - [TEST_SUITE][INCOMPLETE] - Test Suite for Admin Test Case 1: null]]></system-err>
   </testsuite>
</testsuites>
