<?xml version="1.0" encoding="UTF-8"?>
<testsuites name="Test Suite for Login Test Case for Empty Password" time="71" tests="0" failures="0" errors="0">
   <testsuite name="Test Suite for Login Test Case for Empty Password" tests="0" failures="0" errors="0" time="71" timestamp="2018-05-08 11:10:58" hostname="Andrew_Dpp - 10.80.101.146" id="Test Suites/Test Suite for Login Test Case for Empty Password">
      <properties>
         <property name="deviceName" value=""/>
         <property name="devicePlatform" value=""/>
         <property name="logFolder" value="C:\\Users\\Andrew_Dpp\\git\\234project-katalon\\Reports\\Test Suite for Login Test Case for Empty Password\\20180508_111041"/>
         <property name="logFiles" value="C:\\Users\\Andrew_Dpp\\git\\234project-katalon\\Reports\\Test Suite for Login Test Case for Empty Password\\20180508_111041\\execution0.log"/>
         <property name="attachments" value=""/>
         <property name="hostName" value="Andrew_Dpp - 10.80.101.146"/>
         <property name="os" value="Windows 7 64bit"/>
         <property name="katalonVersion" value="5.3.1.1"/>
         <property name="browser" value="Chrome 66.0.3359.139"/>
         <property name="hostAddress" value="10.80.101.146"/>
         <property name="sessionId" value="d1fcb28a470e64849e84805667e4f16b"/>
         <property name="seleniumVersion" value="3.7.1"/>
         <property name="proxyInformation" value="ProxyInformation{proxyOption=NO_PROXY, proxyServerType=HTTP, password=, proxyServerAddress=, proxyServerPort=0}"/>
         <property name="platform" value="Windows 7"/>
      </properties>
      <testcase name="Test Cases/Login Test Case for Empty Password" classname="Test Cases/Login Test Case for Empty Password" status="INCOMPLETE">
         <system-out><![CDATA[2018-05-08 11:10:59 - [TEST_CASE][INCOMPLETE] - Test Cases/Login Test Case for Empty Password: null

2018-05-08 11:11:00 - [TEST_STEP][PASSED] - openBrowser: Browser is opened with url: ''

2018-05-08 11:11:25 - [MESSAGE][PASSED] - Browser is opened with url: ''

2018-05-08 11:11:25 - [TEST_STEP][PASSED] - navigateToUrl: Navigate to 'http://18.188.55.188:8085/' successfully

2018-05-08 11:11:37 - [MESSAGE][PASSED] - Navigate to 'http://18.188.55.188:8085/' successfully

2018-05-08 11:11:37 - [TEST_STEP][PASSED] - setText: Text 'user' is set on object 'Object Repository/Login/Login Fail 3/input_password'

2018-05-08 11:11:38 - [MESSAGE][PASSED] - Text 'user' is set on object 'Object Repository/Login/Login Fail 3/input_password'

2018-05-08 11:11:38 - [TEST_STEP][PASSED] - Statement - driver = com.kms.katalon.core.webui.driver.DriverFactory.getWebDriver(): null

2018-05-08 11:11:38 - [TEST_STEP][PASSED] - Statement - inputLength = com.kms.katalon.core.webui.keyword.WebUiBuiltInKeywords.getText(com.kms.katalon.core.testobject.ObjectRepository.findTestObject(Login/Login Fail 3/input_password)).length(): Text of object 'Object Repository/Login/Login Fail 3/input_password' is: ''

2018-05-08 11:11:38 - [MESSAGE][PASSED] - Text of object 'Object Repository/Login/Login Fail 3/input_password' is: ''

2018-05-08 11:11:38 - [TEST_STEP][PASSED] - Statement - While (inputLength > 0): null

2018-05-08 11:11:38 - [TEST_STEP][PASSED] - setText: Text 'user' is set on object 'Object Repository/Login/Login Fail 3/input_username'

2018-05-08 11:11:39 - [MESSAGE][PASSED] - Text 'user' is set on object 'Object Repository/Login/Login Fail 3/input_username'

2018-05-08 11:11:39 - [TEST_STEP][PASSED] - waitForElementPresent: Object 'Object Repository/Login/Login Fail 3/passwordNotification' is not present after 0 second(s)

2018-05-08 11:11:39 - [MESSAGE][WARNING] - Timeout '0' is invalid. Using default page load timeout: '30'

2018-05-08 11:12:10 - [MESSAGE][WARNING] - Object 'Object Repository/Login/Login Fail 3/passwordNotification' is not present after 0 second(s)

2018-05-08 11:12:10 - [TEST_STEP][INCOMPLETE] - waitForElementAttributeValue: Timeout '0' is invalid. Using default page load timeout: '30'

2018-05-08 11:12:10 - [MESSAGE][WARNING] - Timeout '0' is invalid. Using default page load timeout: '30']]></system-out>
         <system-err><![CDATA[2018-05-08 11:10:59 - [TEST_CASE][INCOMPLETE] - Test Cases/Login Test Case for Empty Password: null]]></system-err>
      </testcase>
      <system-out><![CDATA[2018-05-08 11:10:58 - [TEST_SUITE][INCOMPLETE] - Test Suite for Login Test Case for Empty Password: null]]></system-out>
      <system-err><![CDATA[2018-05-08 11:10:58 - [TEST_SUITE][INCOMPLETE] - Test Suite for Login Test Case for Empty Password: null]]></system-err>
   </testsuite>
</testsuites>
