<?xml version="1.0" encoding="UTF-8"?>
<testsuites name="Test Suite for Logout Test Case 1" time="70" tests="3" failures="0" errors="0">
   <testsuite name="Test Suite for Logout Test Case 1" tests="3" failures="0" errors="0" time="70" timestamp="2018-04-29 20:47:52" hostname="Andrew_Dpp - Andrew_Dpp-PC" id="Test Suites/Test Suite for Logout Test Case 1">
      <properties>
         <property name="deviceName" value=""/>
         <property name="devicePlatform" value=""/>
         <property name="logFolder" value="C:\\Users\\Andrew_Dpp\\git\\234project-katalon\\Reports\\Test Suite for Logout Test Case 1\\20180429_204750"/>
         <property name="logFiles" value="C:\\Users\\Andrew_Dpp\\git\\234project-katalon\\Reports\\Test Suite for Logout Test Case 1\\20180429_204750\\execution0.log"/>
         <property name="attachments" value=""/>
         <property name="hostName" value="Andrew_Dpp - Andrew_Dpp-PC"/>
         <property name="os" value="Windows 7 64bit"/>
         <property name="katalonVersion" value="5.3.1.1"/>
         <property name="browser" value="Chrome 65.0.3325.181"/>
         <property name="hostAddress" value="192.168.1.10"/>
         <property name="sessionId" value="3347c1021cacc17b17d1ed42c8e80e7b"/>
         <property name="seleniumVersion" value="3.7.1"/>
         <property name="proxyInformation" value="ProxyInformation{proxyOption=NO_PROXY, proxyServerType=HTTP, password=, proxyServerAddress=, proxyServerPort=0}"/>
         <property name="platform" value="Windows 7"/>
      </properties>
      <testcase name="Test Cases/Logout Test Case 1" classname="Test Cases/Logout Test Case 1" status="PASSED">
         <system-out><![CDATA[2018-04-29 20:47:53 - [TEST_CASE][PASSED] - Test Cases/Logout Test Case 1: Test Cases/Logout Test Case 1

2018-04-29 20:47:54 - [TEST_STEP][PASSED] - openBrowser: Browser is opened with url: ''

2018-04-29 20:48:00 - [MESSAGE][PASSED] - Browser is opened with url: ''

2018-04-29 20:48:00 - [TEST_STEP][PASSED] - navigateToUrl: Navigate to 'http://18.188.55.188:8085/' successfully

2018-04-29 20:48:11 - [MESSAGE][PASSED] - Navigate to 'http://18.188.55.188:8085/' successfully

2018-04-29 20:48:11 - [TEST_STEP][PASSED] - setText: Text 'user' is set on object 'Object Repository/Logout/input_username'

2018-04-29 20:48:12 - [MESSAGE][PASSED] - Text 'user' is set on object 'Object Repository/Logout/input_username'

2018-04-29 20:48:12 - [TEST_STEP][PASSED] - setText: Text 'user' is set on object 'Object Repository/Logout/input_password'

2018-04-29 20:48:13 - [MESSAGE][PASSED] - Text 'user' is set on object 'Object Repository/Logout/input_password'

2018-04-29 20:48:13 - [TEST_STEP][PASSED] - click: Object: 'Object Repository/Logout/button_Login' is clicked on

2018-04-29 20:48:13 - [MESSAGE][PASSED] - Object: 'Object Repository/Logout/button_Login' is clicked on

2018-04-29 20:48:13 - [TEST_STEP][PASSED] - waitForElementPresent: Object 'Object Repository/Logout/button_Logout' is present

2018-04-29 20:48:13 - [MESSAGE][WARNING] - Timeout '0' is invalid. Using default page load timeout: '30'

2018-04-29 20:48:14 - [MESSAGE][PASSED] - Object 'Object Repository/Logout/button_Logout' is present

2018-04-29 20:48:14 - [TEST_STEP][PASSED] - verifyEqual: Actual object 'http://18.188.55.188:8085/products' and expected object 'http://18.188.55.188:8085/products' are equal

2018-04-29 20:48:14 - [MESSAGE][PASSED] - Current window's url is: 'http://18.188.55.188:8085/products'

2018-04-29 20:48:14 - [MESSAGE][PASSED] - Actual object 'http://18.188.55.188:8085/products' and expected object 'http://18.188.55.188:8085/products' are equal

2018-04-29 20:48:14 - [TEST_STEP][PASSED] - click: Object: 'Object Repository/Logout/button_Logout' is clicked on

2018-04-29 20:48:14 - [MESSAGE][PASSED] - Object: 'Object Repository/Logout/button_Logout' is clicked on

2018-04-29 20:48:14 - [TEST_STEP][PASSED] - verifyEqual: Actual object 'http://18.188.55.188:8085/' and expected object 'http://18.188.55.188:8085/' are equal

2018-04-29 20:48:14 - [MESSAGE][PASSED] - Current window's url is: 'http://18.188.55.188:8085/'

2018-04-29 20:48:14 - [MESSAGE][PASSED] - Actual object 'http://18.188.55.188:8085/' and expected object 'http://18.188.55.188:8085/' are equal

2018-04-29 20:48:14 - [TEST_STEP][PASSED] - closeBrowser: Browser is closed

2018-04-29 20:48:15 - [MESSAGE][PASSED] - Browser is closed]]></system-out>
         <system-err><![CDATA[]]></system-err>
      </testcase>
      <testcase name="Test Cases/Logout Test Case 1" classname="Test Cases/Logout Test Case 1" status="PASSED">
         <system-out><![CDATA[2018-04-29 20:48:15 - [TEST_CASE][PASSED] - Test Cases/Logout Test Case 1: Test Cases/Logout Test Case 1

2018-04-29 20:48:15 - [TEST_STEP][PASSED] - openBrowser: Browser is opened with url: ''

2018-04-29 20:48:18 - [MESSAGE][PASSED] - Browser is opened with url: ''

2018-04-29 20:48:18 - [TEST_STEP][PASSED] - navigateToUrl: Navigate to 'http://18.188.55.188:8085/' successfully

2018-04-29 20:48:29 - [MESSAGE][PASSED] - Navigate to 'http://18.188.55.188:8085/' successfully

2018-04-29 20:48:29 - [TEST_STEP][PASSED] - setText: Text 'hello' is set on object 'Object Repository/Logout/input_username'

2018-04-29 20:48:30 - [MESSAGE][PASSED] - Text 'hello' is set on object 'Object Repository/Logout/input_username'

2018-04-29 20:48:30 - [TEST_STEP][PASSED] - setText: Text 'hello' is set on object 'Object Repository/Logout/input_password'

2018-04-29 20:48:30 - [MESSAGE][PASSED] - Text 'hello' is set on object 'Object Repository/Logout/input_password'

2018-04-29 20:48:30 - [TEST_STEP][PASSED] - click: Object: 'Object Repository/Logout/button_Login' is clicked on

2018-04-29 20:48:35 - [MESSAGE][PASSED] - Object: 'Object Repository/Logout/button_Login' is clicked on

2018-04-29 20:48:35 - [TEST_STEP][PASSED] - waitForElementPresent: Object 'Object Repository/Logout/button_Logout' is present

2018-04-29 20:48:35 - [MESSAGE][WARNING] - Timeout '0' is invalid. Using default page load timeout: '30'

2018-04-29 20:48:36 - [MESSAGE][PASSED] - Object 'Object Repository/Logout/button_Logout' is present

2018-04-29 20:48:36 - [TEST_STEP][PASSED] - verifyEqual: Actual object 'http://18.188.55.188:8085/products' and expected object 'http://18.188.55.188:8085/products' are equal

2018-04-29 20:48:36 - [MESSAGE][PASSED] - Current window's url is: 'http://18.188.55.188:8085/products'

2018-04-29 20:48:36 - [MESSAGE][PASSED] - Actual object 'http://18.188.55.188:8085/products' and expected object 'http://18.188.55.188:8085/products' are equal

2018-04-29 20:48:36 - [TEST_STEP][PASSED] - click: Object: 'Object Repository/Logout/button_Logout' is clicked on

2018-04-29 20:48:42 - [MESSAGE][PASSED] - Object: 'Object Repository/Logout/button_Logout' is clicked on

2018-04-29 20:48:42 - [TEST_STEP][PASSED] - verifyEqual: Actual object 'http://18.188.55.188:8085/' and expected object 'http://18.188.55.188:8085/' are equal

2018-04-29 20:48:42 - [MESSAGE][PASSED] - Current window's url is: 'http://18.188.55.188:8085/'

2018-04-29 20:48:42 - [MESSAGE][PASSED] - Actual object 'http://18.188.55.188:8085/' and expected object 'http://18.188.55.188:8085/' are equal

2018-04-29 20:48:42 - [TEST_STEP][PASSED] - closeBrowser: Browser is closed

2018-04-29 20:48:42 - [MESSAGE][PASSED] - Browser is closed]]></system-out>
         <system-err><![CDATA[]]></system-err>
      </testcase>
      <testcase name="Test Cases/Logout Test Case 1" classname="Test Cases/Logout Test Case 1" status="PASSED">
         <system-out><![CDATA[2018-04-29 20:48:42 - [TEST_CASE][PASSED] - Test Cases/Logout Test Case 1: Test Cases/Logout Test Case 1

2018-04-29 20:48:42 - [TEST_STEP][PASSED] - openBrowser: Browser is opened with url: ''

2018-04-29 20:48:45 - [MESSAGE][PASSED] - Browser is opened with url: ''

2018-04-29 20:48:45 - [TEST_STEP][PASSED] - navigateToUrl: Navigate to 'http://18.188.55.188:8085/' successfully

2018-04-29 20:48:59 - [MESSAGE][PASSED] - Navigate to 'http://18.188.55.188:8085/' successfully

2018-04-29 20:48:59 - [TEST_STEP][PASSED] - setText: Text 'admin' is set on object 'Object Repository/Logout/input_username'

2018-04-29 20:49:00 - [MESSAGE][PASSED] - Text 'admin' is set on object 'Object Repository/Logout/input_username'

2018-04-29 20:49:00 - [TEST_STEP][PASSED] - setText: Text 'admin' is set on object 'Object Repository/Logout/input_password'

2018-04-29 20:49:01 - [MESSAGE][PASSED] - Text 'admin' is set on object 'Object Repository/Logout/input_password'

2018-04-29 20:49:01 - [TEST_STEP][PASSED] - click: Object: 'Object Repository/Logout/button_Login' is clicked on

2018-04-29 20:49:01 - [MESSAGE][PASSED] - Object: 'Object Repository/Logout/button_Login' is clicked on

2018-04-29 20:49:01 - [TEST_STEP][PASSED] - waitForElementPresent: Object 'Object Repository/Logout/button_Logout' is present

2018-04-29 20:49:01 - [MESSAGE][WARNING] - Timeout '0' is invalid. Using default page load timeout: '30'

2018-04-29 20:49:02 - [MESSAGE][PASSED] - Object 'Object Repository/Logout/button_Logout' is present

2018-04-29 20:49:02 - [TEST_STEP][PASSED] - verifyEqual: Actual object 'http://18.188.55.188:8085/products' and expected object 'http://18.188.55.188:8085/products' are equal

2018-04-29 20:49:02 - [MESSAGE][PASSED] - Current window's url is: 'http://18.188.55.188:8085/products'

2018-04-29 20:49:02 - [MESSAGE][PASSED] - Actual object 'http://18.188.55.188:8085/products' and expected object 'http://18.188.55.188:8085/products' are equal

2018-04-29 20:49:02 - [TEST_STEP][PASSED] - click: Object: 'Object Repository/Logout/button_Logout' is clicked on

2018-04-29 20:49:02 - [MESSAGE][PASSED] - Object: 'Object Repository/Logout/button_Logout' is clicked on

2018-04-29 20:49:02 - [TEST_STEP][PASSED] - verifyEqual: Actual object 'http://18.188.55.188:8085/' and expected object 'http://18.188.55.188:8085/' are equal

2018-04-29 20:49:02 - [MESSAGE][PASSED] - Current window's url is: 'http://18.188.55.188:8085/'

2018-04-29 20:49:02 - [MESSAGE][PASSED] - Actual object 'http://18.188.55.188:8085/' and expected object 'http://18.188.55.188:8085/' are equal

2018-04-29 20:49:02 - [TEST_STEP][PASSED] - closeBrowser: Browser is closed

2018-04-29 20:49:03 - [MESSAGE][PASSED] - Browser is closed]]></system-out>
         <system-err><![CDATA[]]></system-err>
      </testcase>
      <system-out><![CDATA[2018-04-29 20:47:52 - [TEST_SUITE][PASSED] - Test Suite for Logout Test Case 1: Test Cases/Logout Test Case 1]]></system-out>
      <system-err><![CDATA[]]></system-err>
   </testsuite>
</testsuites>
