<?xml version="1.0" encoding="UTF-8"?>
<testsuites name="Test Suite for Login Test Case For Incorrect Username and Password" time="126" tests="3" failures="0" errors="0">
   <testsuite name="Test Suite for Login Test Case For Incorrect Username and Password" tests="3" failures="0" errors="0" time="126" timestamp="2018-05-08 12:00:17" hostname="Andrew_Dpp - 10.80.101.146" id="Test Suites/Test Suite for Login Test Case For Incorrect Username and Password">
      <properties>
         <property name="deviceName" value=""/>
         <property name="devicePlatform" value=""/>
         <property name="logFolder" value="C:\\Users\\Andrew_Dpp\\git\\234project-katalon\\Reports\\Test Suite for Login Test Case For Incorrect Username and Password\\20180508_120000"/>
         <property name="logFiles" value="C:\\Users\\Andrew_Dpp\\git\\234project-katalon\\Reports\\Test Suite for Login Test Case For Incorrect Username and Password\\20180508_120000\\execution0.log"/>
         <property name="attachments" value=""/>
         <property name="hostName" value="Andrew_Dpp - 10.80.101.146"/>
         <property name="os" value="Windows 7 64bit"/>
         <property name="katalonVersion" value="5.3.1.1"/>
         <property name="browser" value="Chrome 66.0.3359.139"/>
         <property name="hostAddress" value="10.80.101.146"/>
         <property name="sessionId" value="2a2e56155da985cf55fb04d160e3d650"/>
         <property name="seleniumVersion" value="3.7.1"/>
         <property name="proxyInformation" value="ProxyInformation{proxyOption=NO_PROXY, proxyServerType=HTTP, password=, proxyServerAddress=, proxyServerPort=0}"/>
         <property name="platform" value="Windows 7"/>
      </properties>
      <testcase name="Test Cases/Login Test Case for Incorrect Username and Password" classname="Test Cases/Login Test Case for Incorrect Username and Password" status="PASSED">
         <system-out><![CDATA[2018-05-08 12:00:18 - [TEST_CASE][PASSED] - Test Cases/Login Test Case for Incorrect Username and Password: Test Cases/Login Test Case for Incorrect Username and Password

2018-05-08 12:00:19 - [TEST_STEP][PASSED] - openBrowser: Browser is opened with url: ''

2018-05-08 12:00:45 - [MESSAGE][PASSED] - Browser is opened with url: ''

2018-05-08 12:00:45 - [TEST_STEP][PASSED] - navigateToUrl: Navigate to 'http://18.188.55.188:8085/' successfully

2018-05-08 12:01:01 - [MESSAGE][PASSED] - Navigate to 'http://18.188.55.188:8085/' successfully

2018-05-08 12:01:01 - [TEST_STEP][PASSED] - setText: Text 'admin' is set on object 'Object Repository/Login/Login Fail 1/input_username'

2018-05-08 12:01:02 - [MESSAGE][PASSED] - Text 'admin' is set on object 'Object Repository/Login/Login Fail 1/input_username'

2018-05-08 12:01:02 - [TEST_STEP][PASSED] - setText: Text 'Admin' is set on object 'Object Repository/Login/Login Fail 1/input_password'

2018-05-08 12:01:03 - [MESSAGE][PASSED] - Text 'Admin' is set on object 'Object Repository/Login/Login Fail 1/input_password'

2018-05-08 12:01:03 - [TEST_STEP][PASSED] - click: Object: 'Object Repository/Login/Login Fail 1/button_Login' is clicked on

2018-05-08 12:01:04 - [MESSAGE][PASSED] - Object: 'Object Repository/Login/Login Fail 1/button_Login' is clicked on

2018-05-08 12:01:04 - [TEST_STEP][PASSED] - verifyElementText: Actual text and expected text of test object 'Object Repository/Login/Login Fail 1/notification' are matched.

2018-05-08 12:01:05 - [MESSAGE][PASSED] - Actual text and expected text of test object 'Object Repository/Login/Login Fail 1/notification' are matched.

2018-05-08 12:01:05 - [TEST_STEP][PASSED] - verifyEqual: Actual object 'http://18.188.55.188:8085/' and expected object 'http://18.188.55.188:8085/' are equal

2018-05-08 12:01:05 - [MESSAGE][PASSED] - Current window's url is: 'http://18.188.55.188:8085/'

2018-05-08 12:01:05 - [MESSAGE][PASSED] - Actual object 'http://18.188.55.188:8085/' and expected object 'http://18.188.55.188:8085/' are equal

2018-05-08 12:01:05 - [TEST_STEP][PASSED] - closeBrowser: Browser is closed

2018-05-08 12:01:06 - [MESSAGE][PASSED] - Browser is closed]]></system-out>
         <system-err><![CDATA[]]></system-err>
      </testcase>
      <testcase name="Test Cases/Login Test Case for Incorrect Username and Password" classname="Test Cases/Login Test Case for Incorrect Username and Password" status="PASSED">
         <system-out><![CDATA[2018-05-08 12:01:06 - [TEST_CASE][PASSED] - Test Cases/Login Test Case for Incorrect Username and Password: Test Cases/Login Test Case for Incorrect Username and Password

2018-05-08 12:01:06 - [TEST_STEP][PASSED] - openBrowser: Browser is opened with url: ''

2018-05-08 12:01:29 - [MESSAGE][PASSED] - Browser is opened with url: ''

2018-05-08 12:01:29 - [TEST_STEP][PASSED] - navigateToUrl: Navigate to 'http://18.188.55.188:8085/' successfully

2018-05-08 12:01:41 - [MESSAGE][PASSED] - Navigate to 'http://18.188.55.188:8085/' successfully

2018-05-08 12:01:41 - [TEST_STEP][PASSED] - setText: Text 'Hello' is set on object 'Object Repository/Login/Login Fail 1/input_username'

2018-05-08 12:01:42 - [MESSAGE][PASSED] - Text 'Hello' is set on object 'Object Repository/Login/Login Fail 1/input_username'

2018-05-08 12:01:42 - [TEST_STEP][PASSED] - setText: Text 'hello' is set on object 'Object Repository/Login/Login Fail 1/input_password'

2018-05-08 12:01:42 - [MESSAGE][PASSED] - Text 'hello' is set on object 'Object Repository/Login/Login Fail 1/input_password'

2018-05-08 12:01:42 - [TEST_STEP][PASSED] - click: Object: 'Object Repository/Login/Login Fail 1/button_Login' is clicked on

2018-05-08 12:01:43 - [MESSAGE][PASSED] - Object: 'Object Repository/Login/Login Fail 1/button_Login' is clicked on

2018-05-08 12:01:43 - [TEST_STEP][PASSED] - verifyElementText: Actual text and expected text of test object 'Object Repository/Login/Login Fail 1/notification' are matched.

2018-05-08 12:01:44 - [MESSAGE][PASSED] - Actual text and expected text of test object 'Object Repository/Login/Login Fail 1/notification' are matched.

2018-05-08 12:01:44 - [TEST_STEP][PASSED] - verifyEqual: Actual object 'http://18.188.55.188:8085/' and expected object 'http://18.188.55.188:8085/' are equal

2018-05-08 12:01:44 - [MESSAGE][PASSED] - Current window's url is: 'http://18.188.55.188:8085/'

2018-05-08 12:01:44 - [MESSAGE][PASSED] - Actual object 'http://18.188.55.188:8085/' and expected object 'http://18.188.55.188:8085/' are equal

2018-05-08 12:01:44 - [TEST_STEP][PASSED] - closeBrowser: Browser is closed

2018-05-08 12:01:45 - [MESSAGE][PASSED] - Browser is closed]]></system-out>
         <system-err><![CDATA[]]></system-err>
      </testcase>
      <testcase name="Test Cases/Login Test Case for Incorrect Username and Password" classname="Test Cases/Login Test Case for Incorrect Username and Password" status="PASSED">
         <system-out><![CDATA[2018-05-08 12:01:45 - [TEST_CASE][PASSED] - Test Cases/Login Test Case for Incorrect Username and Password: Test Cases/Login Test Case for Incorrect Username and Password

2018-05-08 12:01:45 - [TEST_STEP][PASSED] - openBrowser: Browser is opened with url: ''

2018-05-08 12:02:08 - [MESSAGE][PASSED] - Browser is opened with url: ''

2018-05-08 12:02:08 - [TEST_STEP][PASSED] - navigateToUrl: Navigate to 'http://18.188.55.188:8085/' successfully

2018-05-08 12:02:20 - [MESSAGE][PASSED] - Navigate to 'http://18.188.55.188:8085/' successfully

2018-05-08 12:02:20 - [TEST_STEP][PASSED] - setText: Text 'UsEr' is set on object 'Object Repository/Login/Login Fail 1/input_username'

2018-05-08 12:02:21 - [MESSAGE][PASSED] - Text 'UsEr' is set on object 'Object Repository/Login/Login Fail 1/input_username'

2018-05-08 12:02:21 - [TEST_STEP][PASSED] - setText: Text 'user' is set on object 'Object Repository/Login/Login Fail 1/input_password'

2018-05-08 12:02:21 - [MESSAGE][PASSED] - Text 'user' is set on object 'Object Repository/Login/Login Fail 1/input_password'

2018-05-08 12:02:21 - [TEST_STEP][PASSED] - click: Object: 'Object Repository/Login/Login Fail 1/button_Login' is clicked on

2018-05-08 12:02:21 - [MESSAGE][PASSED] - Object: 'Object Repository/Login/Login Fail 1/button_Login' is clicked on

2018-05-08 12:02:21 - [TEST_STEP][PASSED] - verifyElementText: Actual text and expected text of test object 'Object Repository/Login/Login Fail 1/notification' are matched.

2018-05-08 12:02:23 - [MESSAGE][PASSED] - Actual text and expected text of test object 'Object Repository/Login/Login Fail 1/notification' are matched.

2018-05-08 12:02:23 - [TEST_STEP][PASSED] - verifyEqual: Actual object 'http://18.188.55.188:8085/' and expected object 'http://18.188.55.188:8085/' are equal

2018-05-08 12:02:23 - [MESSAGE][PASSED] - Current window's url is: 'http://18.188.55.188:8085/'

2018-05-08 12:02:23 - [MESSAGE][PASSED] - Actual object 'http://18.188.55.188:8085/' and expected object 'http://18.188.55.188:8085/' are equal

2018-05-08 12:02:23 - [TEST_STEP][PASSED] - closeBrowser: Browser is closed

2018-05-08 12:02:23 - [MESSAGE][PASSED] - Browser is closed]]></system-out>
         <system-err><![CDATA[]]></system-err>
      </testcase>
      <system-out><![CDATA[2018-05-08 12:00:17 - [TEST_SUITE][PASSED] - Test Suite for Login Test Case For Incorrect Username and Password: Test Cases/Login Test Case for Incorrect Username and Password]]></system-out>
      <system-err><![CDATA[]]></system-err>
   </testsuite>
</testsuites>
