<?xml version="1.0" encoding="UTF-8"?>
<testsuites name="Test Suite for Login Test Case For Incorrect Username and Password" time="93" tests="1" failures="0" errors="0">
   <testsuite name="Test Suite for Login Test Case For Incorrect Username and Password" tests="1" failures="0" errors="0" time="93" timestamp="2018-05-08 11:57:32" hostname="Andrew_Dpp - 10.80.101.146" id="Test Suites/Test Suite for Login Test Case For Incorrect Username and Password">
      <properties>
         <property name="deviceName" value=""/>
         <property name="devicePlatform" value=""/>
         <property name="logFolder" value="C:\\Users\\Andrew_Dpp\\git\\234project-katalon\\Reports\\Test Suite for Login Test Case For Incorrect Username and Password\\20180508_115715"/>
         <property name="logFiles" value="C:\\Users\\Andrew_Dpp\\git\\234project-katalon\\Reports\\Test Suite for Login Test Case For Incorrect Username and Password\\20180508_115715\\execution0.log"/>
         <property name="attachments" value=""/>
         <property name="hostName" value="Andrew_Dpp - 10.80.101.146"/>
         <property name="os" value="Windows 7 64bit"/>
         <property name="katalonVersion" value="5.3.1.1"/>
         <property name="browser" value="Chrome 66.0.3359.139"/>
         <property name="hostAddress" value="10.80.101.146"/>
         <property name="sessionId" value="475ea7c7acaf07c097744cf0defe729c"/>
         <property name="seleniumVersion" value="3.7.1"/>
         <property name="proxyInformation" value="ProxyInformation{proxyOption=NO_PROXY, proxyServerType=HTTP, password=, proxyServerAddress=, proxyServerPort=0}"/>
         <property name="platform" value="Windows 7"/>
      </properties>
      <testcase name="Test Cases/Login Test Case for Incorrect Username and Password" classname="Test Cases/Login Test Case for Incorrect Username and Password" status="PASSED">
         <system-out><![CDATA[2018-05-08 11:57:33 - [TEST_CASE][PASSED] - Test Cases/Login Test Case for Incorrect Username and Password: Test Cases/Login Test Case for Incorrect Username and Password

2018-05-08 11:57:34 - [TEST_STEP][PASSED] - openBrowser: Browser is opened with url: ''

2018-05-08 11:58:01 - [MESSAGE][PASSED] - Browser is opened with url: ''

2018-05-08 11:58:01 - [TEST_STEP][PASSED] - navigateToUrl: Navigate to 'http://18.188.55.188:8085/' successfully

2018-05-08 11:59:00 - [MESSAGE][PASSED] - Navigate to 'http://18.188.55.188:8085/' successfully

2018-05-08 11:59:00 - [TEST_STEP][PASSED] - setText: Text 'admin' is set on object 'Object Repository/Login/Login Fail 1/input_username'

2018-05-08 11:59:02 - [MESSAGE][PASSED] - Text 'admin' is set on object 'Object Repository/Login/Login Fail 1/input_username'

2018-05-08 11:59:02 - [TEST_STEP][PASSED] - setText: Text 'Admin' is set on object 'Object Repository/Login/Login Fail 1/input_password'

2018-05-08 11:59:03 - [MESSAGE][PASSED] - Text 'Admin' is set on object 'Object Repository/Login/Login Fail 1/input_password'

2018-05-08 11:59:03 - [TEST_STEP][PASSED] - click: Object: 'Object Repository/Login/Login Fail 1/button_Login' is clicked on

2018-05-08 11:59:04 - [MESSAGE][PASSED] - Object: 'Object Repository/Login/Login Fail 1/button_Login' is clicked on

2018-05-08 11:59:04 - [TEST_STEP][PASSED] - verifyElementText: Actual text and expected text of test object 'Object Repository/Login/Login Fail 1/notification' are matched.

2018-05-08 11:59:05 - [MESSAGE][PASSED] - Actual text and expected text of test object 'Object Repository/Login/Login Fail 1/notification' are matched.

2018-05-08 11:59:05 - [TEST_STEP][PASSED] - verifyEqual: Actual object 'http://18.188.55.188:8085/' and expected object 'http://18.188.55.188:8085/' are equal

2018-05-08 11:59:05 - [MESSAGE][PASSED] - Current window's url is: 'http://18.188.55.188:8085/'

2018-05-08 11:59:05 - [MESSAGE][PASSED] - Actual object 'http://18.188.55.188:8085/' and expected object 'http://18.188.55.188:8085/' are equal

2018-05-08 11:59:05 - [TEST_STEP][PASSED] - closeBrowser: Browser is closed

2018-05-08 11:59:06 - [MESSAGE][PASSED] - Browser is closed]]></system-out>
         <system-err><![CDATA[]]></system-err>
      </testcase>
      <system-out><![CDATA[2018-05-08 11:57:32 - [TEST_SUITE][PASSED] - Test Suite for Login Test Case For Incorrect Username and Password: Test Cases/Login Test Case for Incorrect Username and Password]]></system-out>
      <system-err><![CDATA[]]></system-err>
   </testsuite>
</testsuites>
