<?xml version="1.0" encoding="UTF-8"?>
<testsuites name="Test Suite for Open Web Test Case 1" time="143" tests="4" failures="0" errors="0">
   <testsuite name="Test Suite for Open Web Test Case 1" tests="4" failures="0" errors="0" time="143" timestamp="2018-04-30 18:13:01" hostname="Andrew_Dpp - 10.80.101.174" id="Test Suites/Test Suite for Open Web Test Case 1">
      <properties>
         <property name="deviceName" value=""/>
         <property name="devicePlatform" value=""/>
         <property name="logFolder" value="C:\\Users\\Andrew_Dpp\\git\\234project-katalon\\Reports\\Test Suite for Open Web Test Case 1\\20180430_181246"/>
         <property name="logFiles" value="C:\\Users\\Andrew_Dpp\\git\\234project-katalon\\Reports\\Test Suite for Open Web Test Case 1\\20180430_181246\\execution0.log"/>
         <property name="attachments" value=""/>
         <property name="hostName" value="Andrew_Dpp - 10.80.101.174"/>
         <property name="os" value="Windows 7 64bit"/>
         <property name="katalonVersion" value="5.3.1.1"/>
         <property name="browser" value="Chrome 65.0.3325.181"/>
         <property name="hostAddress" value="10.80.101.174"/>
         <property name="sessionId" value="dca02842a53efac7803abe96666d332e"/>
         <property name="seleniumVersion" value="3.7.1"/>
         <property name="proxyInformation" value="ProxyInformation{proxyOption=NO_PROXY, proxyServerType=HTTP, password=, proxyServerAddress=, proxyServerPort=0}"/>
         <property name="platform" value="Windows 7"/>
      </properties>
      <testcase name="Test Cases/Open Web Test Case 1" classname="Test Cases/Open Web Test Case 1" status="PASSED">
         <system-out><![CDATA[2018-04-30 18:13:02 - [TEST_CASE][PASSED] - Test Cases/Open Web Test Case 1: Test Cases/Open Web Test Case 1

2018-04-30 18:13:03 - [TEST_STEP][PASSED] - openBrowser: Browser is opened with url: ''

2018-04-30 18:13:30 - [MESSAGE][PASSED] - Browser is opened with url: ''

2018-04-30 18:13:30 - [TEST_STEP][PASSED] - navigateToUrl: Navigate to 'http://18.188.55.188:8085/' successfully

2018-04-30 18:13:39 - [MESSAGE][PASSED] - Navigate to 'http://18.188.55.188:8085/' successfully

2018-04-30 18:13:39 - [TEST_STEP][PASSED] - verifyElementPresent: Object 'Object Repository/Open Web/Header1' is present

2018-04-30 18:13:39 - [MESSAGE][WARNING] - Timeout '0' is invalid. Using default page load timeout: '30'

2018-04-30 18:13:39 - [MESSAGE][PASSED] - Object 'Object Repository/Open Web/Header1' is present

2018-04-30 18:13:39 - [TEST_STEP][PASSED] - verifyElementText: Actual text and expected text of test object 'Object Repository/Open Web/Header1' are matched.

2018-04-30 18:13:39 - [MESSAGE][PASSED] - Actual text and expected text of test object 'Object Repository/Open Web/Header1' are matched.

2018-04-30 18:13:39 - [TEST_STEP][PASSED] - verifyElementPresent: Object 'Object Repository/Open Web/Header2' is present

2018-04-30 18:13:39 - [MESSAGE][WARNING] - Timeout '0' is invalid. Using default page load timeout: '30'

2018-04-30 18:13:40 - [MESSAGE][PASSED] - Object 'Object Repository/Open Web/Header2' is present

2018-04-30 18:13:40 - [TEST_STEP][PASSED] - verifyElementText: Actual text and expected text of test object 'Object Repository/Open Web/Header2' are matched.

2018-04-30 18:13:40 - [MESSAGE][PASSED] - Actual text and expected text of test object 'Object Repository/Open Web/Header2' are matched.

2018-04-30 18:13:40 - [TEST_STEP][PASSED] - verifyElementPresent: Object 'Object Repository/Open Web/label_Login' is present

2018-04-30 18:13:40 - [MESSAGE][WARNING] - Timeout '0' is invalid. Using default page load timeout: '30'

2018-04-30 18:13:40 - [MESSAGE][PASSED] - Object 'Object Repository/Open Web/label_Login' is present

2018-04-30 18:13:40 - [TEST_STEP][PASSED] - verifyElementText: Actual text and expected text of test object 'Object Repository/Open Web/label_Login' are matched.

2018-04-30 18:13:40 - [MESSAGE][PASSED] - Actual text and expected text of test object 'Object Repository/Open Web/label_Login' are matched.

2018-04-30 18:13:40 - [TEST_STEP][PASSED] - verifyElementPresent: Object 'Object Repository/Open Web/label_Username' is present

2018-04-30 18:13:40 - [MESSAGE][WARNING] - Timeout '0' is invalid. Using default page load timeout: '30'

2018-04-30 18:13:40 - [MESSAGE][PASSED] - Object 'Object Repository/Open Web/label_Username' is present

2018-04-30 18:13:40 - [TEST_STEP][PASSED] - verifyElementText: Actual text and expected text of test object 'Object Repository/Open Web/label_Username' are matched.

2018-04-30 18:13:40 - [MESSAGE][PASSED] - Actual text and expected text of test object 'Object Repository/Open Web/label_Username' are matched.

2018-04-30 18:13:40 - [TEST_STEP][PASSED] - verifyElementPresent: Object 'Object Repository/Open Web/Header1' is present

2018-04-30 18:13:40 - [MESSAGE][WARNING] - Timeout '0' is invalid. Using default page load timeout: '30'

2018-04-30 18:13:40 - [MESSAGE][PASSED] - Object 'Object Repository/Open Web/Header1' is present

2018-04-30 18:13:40 - [TEST_STEP][PASSED] - verifyElementText: Actual text and expected text of test object 'Object Repository/Open Web/label_Password' are matched.

2018-04-30 18:13:40 - [MESSAGE][PASSED] - Actual text and expected text of test object 'Object Repository/Open Web/label_Password' are matched.

2018-04-30 18:13:40 - [TEST_STEP][PASSED] - verifyElementPresent: Object 'Object Repository/Open Web/button_Login' is present

2018-04-30 18:13:40 - [MESSAGE][WARNING] - Timeout '0' is invalid. Using default page load timeout: '30'

2018-04-30 18:13:40 - [MESSAGE][PASSED] - Object 'Object Repository/Open Web/button_Login' is present

2018-04-30 18:13:40 - [TEST_STEP][PASSED] - verifyElementText: Actual text and expected text of test object 'Object Repository/Open Web/button_Login' are matched.

2018-04-30 18:13:40 - [MESSAGE][PASSED] - Actual text and expected text of test object 'Object Repository/Open Web/button_Login' are matched.

2018-04-30 18:13:40 - [TEST_STEP][PASSED] - verifyEqual: Actual object 'http://18.188.55.188:8085/' and expected object 'http://18.188.55.188:8085/' are equal

2018-04-30 18:13:40 - [MESSAGE][PASSED] - Current window's url is: 'http://18.188.55.188:8085/'

2018-04-30 18:13:40 - [MESSAGE][PASSED] - Actual object 'http://18.188.55.188:8085/' and expected object 'http://18.188.55.188:8085/' are equal

2018-04-30 18:13:40 - [TEST_STEP][PASSED] - closeBrowser: Browser is closed

2018-04-30 18:13:41 - [MESSAGE][PASSED] - Browser is closed]]></system-out>
         <system-err><![CDATA[]]></system-err>
      </testcase>
      <testcase name="Test Cases/Open Web Test Case 1" classname="Test Cases/Open Web Test Case 1" status="PASSED">
         <system-out><![CDATA[2018-04-30 18:13:41 - [TEST_CASE][PASSED] - Test Cases/Open Web Test Case 1: Test Cases/Open Web Test Case 1

2018-04-30 18:13:41 - [TEST_STEP][PASSED] - openBrowser: Browser is opened with url: ''

2018-04-30 18:14:05 - [MESSAGE][PASSED] - Browser is opened with url: ''

2018-04-30 18:14:05 - [TEST_STEP][PASSED] - navigateToUrl: Navigate to 'http://18.188.55.188:8085/products' successfully

2018-04-30 18:14:14 - [MESSAGE][PASSED] - Navigate to 'http://18.188.55.188:8085/products' successfully

2018-04-30 18:14:14 - [TEST_STEP][PASSED] - verifyElementPresent: Object 'Object Repository/Open Web/Header1' is present

2018-04-30 18:14:14 - [MESSAGE][WARNING] - Timeout '0' is invalid. Using default page load timeout: '30'

2018-04-30 18:14:14 - [MESSAGE][PASSED] - Object 'Object Repository/Open Web/Header1' is present

2018-04-30 18:14:14 - [TEST_STEP][PASSED] - verifyElementText: Actual text and expected text of test object 'Object Repository/Open Web/Header1' are matched.

2018-04-30 18:14:14 - [MESSAGE][PASSED] - Actual text and expected text of test object 'Object Repository/Open Web/Header1' are matched.

2018-04-30 18:14:14 - [TEST_STEP][PASSED] - verifyElementPresent: Object 'Object Repository/Open Web/Header2' is present

2018-04-30 18:14:14 - [MESSAGE][WARNING] - Timeout '0' is invalid. Using default page load timeout: '30'

2018-04-30 18:14:15 - [MESSAGE][PASSED] - Object 'Object Repository/Open Web/Header2' is present

2018-04-30 18:14:15 - [TEST_STEP][PASSED] - verifyElementText: Actual text and expected text of test object 'Object Repository/Open Web/Header2' are matched.

2018-04-30 18:14:15 - [MESSAGE][PASSED] - Actual text and expected text of test object 'Object Repository/Open Web/Header2' are matched.

2018-04-30 18:14:15 - [TEST_STEP][PASSED] - verifyElementPresent: Object 'Object Repository/Open Web/label_Login' is present

2018-04-30 18:14:15 - [MESSAGE][WARNING] - Timeout '0' is invalid. Using default page load timeout: '30'

2018-04-30 18:14:15 - [MESSAGE][PASSED] - Object 'Object Repository/Open Web/label_Login' is present

2018-04-30 18:14:15 - [TEST_STEP][PASSED] - verifyElementText: Actual text and expected text of test object 'Object Repository/Open Web/label_Login' are matched.

2018-04-30 18:14:15 - [MESSAGE][PASSED] - Actual text and expected text of test object 'Object Repository/Open Web/label_Login' are matched.

2018-04-30 18:14:15 - [TEST_STEP][PASSED] - verifyElementPresent: Object 'Object Repository/Open Web/label_Username' is present

2018-04-30 18:14:15 - [MESSAGE][WARNING] - Timeout '0' is invalid. Using default page load timeout: '30'

2018-04-30 18:14:15 - [MESSAGE][PASSED] - Object 'Object Repository/Open Web/label_Username' is present

2018-04-30 18:14:15 - [TEST_STEP][PASSED] - verifyElementText: Actual text and expected text of test object 'Object Repository/Open Web/label_Username' are matched.

2018-04-30 18:14:15 - [MESSAGE][PASSED] - Actual text and expected text of test object 'Object Repository/Open Web/label_Username' are matched.

2018-04-30 18:14:15 - [TEST_STEP][PASSED] - verifyElementPresent: Object 'Object Repository/Open Web/Header1' is present

2018-04-30 18:14:15 - [MESSAGE][WARNING] - Timeout '0' is invalid. Using default page load timeout: '30'

2018-04-30 18:14:15 - [MESSAGE][PASSED] - Object 'Object Repository/Open Web/Header1' is present

2018-04-30 18:14:15 - [TEST_STEP][PASSED] - verifyElementText: Actual text and expected text of test object 'Object Repository/Open Web/label_Password' are matched.

2018-04-30 18:14:15 - [MESSAGE][PASSED] - Actual text and expected text of test object 'Object Repository/Open Web/label_Password' are matched.

2018-04-30 18:14:15 - [TEST_STEP][PASSED] - verifyElementPresent: Object 'Object Repository/Open Web/button_Login' is present

2018-04-30 18:14:15 - [MESSAGE][WARNING] - Timeout '0' is invalid. Using default page load timeout: '30'

2018-04-30 18:14:15 - [MESSAGE][PASSED] - Object 'Object Repository/Open Web/button_Login' is present

2018-04-30 18:14:15 - [TEST_STEP][PASSED] - verifyElementText: Actual text and expected text of test object 'Object Repository/Open Web/button_Login' are matched.

2018-04-30 18:14:15 - [MESSAGE][PASSED] - Actual text and expected text of test object 'Object Repository/Open Web/button_Login' are matched.

2018-04-30 18:14:15 - [TEST_STEP][PASSED] - verifyEqual: Actual object 'http://18.188.55.188:8085/' and expected object 'http://18.188.55.188:8085/' are equal

2018-04-30 18:14:15 - [MESSAGE][PASSED] - Current window's url is: 'http://18.188.55.188:8085/'

2018-04-30 18:14:15 - [MESSAGE][PASSED] - Actual object 'http://18.188.55.188:8085/' and expected object 'http://18.188.55.188:8085/' are equal

2018-04-30 18:14:15 - [TEST_STEP][PASSED] - closeBrowser: Browser is closed

2018-04-30 18:14:16 - [MESSAGE][PASSED] - Browser is closed]]></system-out>
         <system-err><![CDATA[]]></system-err>
      </testcase>
      <testcase name="Test Cases/Open Web Test Case 1" classname="Test Cases/Open Web Test Case 1" status="PASSED">
         <system-out><![CDATA[2018-04-30 18:14:16 - [TEST_CASE][PASSED] - Test Cases/Open Web Test Case 1: Test Cases/Open Web Test Case 1

2018-04-30 18:14:16 - [TEST_STEP][PASSED] - openBrowser: Browser is opened with url: ''

2018-04-30 18:14:40 - [MESSAGE][PASSED] - Browser is opened with url: ''

2018-04-30 18:14:40 - [TEST_STEP][PASSED] - navigateToUrl: Navigate to 'http://18.188.55.188:8085/cart' successfully

2018-04-30 18:14:48 - [MESSAGE][PASSED] - Navigate to 'http://18.188.55.188:8085/cart' successfully

2018-04-30 18:14:48 - [TEST_STEP][PASSED] - verifyElementPresent: Object 'Object Repository/Open Web/Header1' is present

2018-04-30 18:14:48 - [MESSAGE][WARNING] - Timeout '0' is invalid. Using default page load timeout: '30'

2018-04-30 18:14:48 - [MESSAGE][PASSED] - Object 'Object Repository/Open Web/Header1' is present

2018-04-30 18:14:48 - [TEST_STEP][PASSED] - verifyElementText: Actual text and expected text of test object 'Object Repository/Open Web/Header1' are matched.

2018-04-30 18:14:48 - [MESSAGE][PASSED] - Actual text and expected text of test object 'Object Repository/Open Web/Header1' are matched.

2018-04-30 18:14:48 - [TEST_STEP][PASSED] - verifyElementPresent: Object 'Object Repository/Open Web/Header2' is present

2018-04-30 18:14:48 - [MESSAGE][WARNING] - Timeout '0' is invalid. Using default page load timeout: '30'

2018-04-30 18:14:48 - [MESSAGE][PASSED] - Object 'Object Repository/Open Web/Header2' is present

2018-04-30 18:14:48 - [TEST_STEP][PASSED] - verifyElementText: Actual text and expected text of test object 'Object Repository/Open Web/Header2' are matched.

2018-04-30 18:14:48 - [MESSAGE][PASSED] - Actual text and expected text of test object 'Object Repository/Open Web/Header2' are matched.

2018-04-30 18:14:48 - [TEST_STEP][PASSED] - verifyElementPresent: Object 'Object Repository/Open Web/label_Login' is present

2018-04-30 18:14:48 - [MESSAGE][WARNING] - Timeout '0' is invalid. Using default page load timeout: '30'

2018-04-30 18:14:48 - [MESSAGE][PASSED] - Object 'Object Repository/Open Web/label_Login' is present

2018-04-30 18:14:48 - [TEST_STEP][PASSED] - verifyElementText: Actual text and expected text of test object 'Object Repository/Open Web/label_Login' are matched.

2018-04-30 18:14:48 - [MESSAGE][PASSED] - Actual text and expected text of test object 'Object Repository/Open Web/label_Login' are matched.

2018-04-30 18:14:48 - [TEST_STEP][PASSED] - verifyElementPresent: Object 'Object Repository/Open Web/label_Username' is present

2018-04-30 18:14:48 - [MESSAGE][WARNING] - Timeout '0' is invalid. Using default page load timeout: '30'

2018-04-30 18:14:48 - [MESSAGE][PASSED] - Object 'Object Repository/Open Web/label_Username' is present

2018-04-30 18:14:48 - [TEST_STEP][PASSED] - verifyElementText: Actual text and expected text of test object 'Object Repository/Open Web/label_Username' are matched.

2018-04-30 18:14:48 - [MESSAGE][PASSED] - Actual text and expected text of test object 'Object Repository/Open Web/label_Username' are matched.

2018-04-30 18:14:48 - [TEST_STEP][PASSED] - verifyElementPresent: Object 'Object Repository/Open Web/Header1' is present

2018-04-30 18:14:48 - [MESSAGE][WARNING] - Timeout '0' is invalid. Using default page load timeout: '30'

2018-04-30 18:14:48 - [MESSAGE][PASSED] - Object 'Object Repository/Open Web/Header1' is present

2018-04-30 18:14:48 - [TEST_STEP][PASSED] - verifyElementText: Actual text and expected text of test object 'Object Repository/Open Web/label_Password' are matched.

2018-04-30 18:14:48 - [MESSAGE][PASSED] - Actual text and expected text of test object 'Object Repository/Open Web/label_Password' are matched.

2018-04-30 18:14:48 - [TEST_STEP][PASSED] - verifyElementPresent: Object 'Object Repository/Open Web/button_Login' is present

2018-04-30 18:14:48 - [MESSAGE][WARNING] - Timeout '0' is invalid. Using default page load timeout: '30'

2018-04-30 18:14:48 - [MESSAGE][PASSED] - Object 'Object Repository/Open Web/button_Login' is present

2018-04-30 18:14:48 - [TEST_STEP][PASSED] - verifyElementText: Actual text and expected text of test object 'Object Repository/Open Web/button_Login' are matched.

2018-04-30 18:14:49 - [MESSAGE][PASSED] - Actual text and expected text of test object 'Object Repository/Open Web/button_Login' are matched.

2018-04-30 18:14:49 - [TEST_STEP][PASSED] - verifyEqual: Actual object 'http://18.188.55.188:8085/' and expected object 'http://18.188.55.188:8085/' are equal

2018-04-30 18:14:49 - [MESSAGE][PASSED] - Current window's url is: 'http://18.188.55.188:8085/'

2018-04-30 18:14:49 - [MESSAGE][PASSED] - Actual object 'http://18.188.55.188:8085/' and expected object 'http://18.188.55.188:8085/' are equal

2018-04-30 18:14:49 - [TEST_STEP][PASSED] - closeBrowser: Browser is closed

2018-04-30 18:14:50 - [MESSAGE][PASSED] - Browser is closed]]></system-out>
         <system-err><![CDATA[]]></system-err>
      </testcase>
      <testcase name="Test Cases/Open Web Test Case 1" classname="Test Cases/Open Web Test Case 1" status="PASSED">
         <system-out><![CDATA[2018-04-30 18:14:50 - [TEST_CASE][PASSED] - Test Cases/Open Web Test Case 1: Test Cases/Open Web Test Case 1

2018-04-30 18:14:50 - [TEST_STEP][PASSED] - openBrowser: Browser is opened with url: ''

2018-04-30 18:15:14 - [MESSAGE][PASSED] - Browser is opened with url: ''

2018-04-30 18:15:14 - [TEST_STEP][PASSED] - navigateToUrl: Navigate to 'http://18.188.55.188:8085/total' successfully

2018-04-30 18:15:23 - [MESSAGE][PASSED] - Navigate to 'http://18.188.55.188:8085/total' successfully

2018-04-30 18:15:23 - [TEST_STEP][PASSED] - verifyElementPresent: Object 'Object Repository/Open Web/Header1' is present

2018-04-30 18:15:23 - [MESSAGE][WARNING] - Timeout '0' is invalid. Using default page load timeout: '30'

2018-04-30 18:15:23 - [MESSAGE][PASSED] - Object 'Object Repository/Open Web/Header1' is present

2018-04-30 18:15:23 - [TEST_STEP][PASSED] - verifyElementText: Actual text and expected text of test object 'Object Repository/Open Web/Header1' are matched.

2018-04-30 18:15:23 - [MESSAGE][PASSED] - Actual text and expected text of test object 'Object Repository/Open Web/Header1' are matched.

2018-04-30 18:15:23 - [TEST_STEP][PASSED] - verifyElementPresent: Object 'Object Repository/Open Web/Header2' is present

2018-04-30 18:15:23 - [MESSAGE][WARNING] - Timeout '0' is invalid. Using default page load timeout: '30'

2018-04-30 18:15:24 - [MESSAGE][PASSED] - Object 'Object Repository/Open Web/Header2' is present

2018-04-30 18:15:24 - [TEST_STEP][PASSED] - verifyElementText: Actual text and expected text of test object 'Object Repository/Open Web/Header2' are matched.

2018-04-30 18:15:24 - [MESSAGE][PASSED] - Actual text and expected text of test object 'Object Repository/Open Web/Header2' are matched.

2018-04-30 18:15:24 - [TEST_STEP][PASSED] - verifyElementPresent: Object 'Object Repository/Open Web/label_Login' is present

2018-04-30 18:15:24 - [MESSAGE][WARNING] - Timeout '0' is invalid. Using default page load timeout: '30'

2018-04-30 18:15:24 - [MESSAGE][PASSED] - Object 'Object Repository/Open Web/label_Login' is present

2018-04-30 18:15:24 - [TEST_STEP][PASSED] - verifyElementText: Actual text and expected text of test object 'Object Repository/Open Web/label_Login' are matched.

2018-04-30 18:15:24 - [MESSAGE][PASSED] - Actual text and expected text of test object 'Object Repository/Open Web/label_Login' are matched.

2018-04-30 18:15:24 - [TEST_STEP][PASSED] - verifyElementPresent: Object 'Object Repository/Open Web/label_Username' is present

2018-04-30 18:15:24 - [MESSAGE][WARNING] - Timeout '0' is invalid. Using default page load timeout: '30'

2018-04-30 18:15:24 - [MESSAGE][PASSED] - Object 'Object Repository/Open Web/label_Username' is present

2018-04-30 18:15:24 - [TEST_STEP][PASSED] - verifyElementText: Actual text and expected text of test object 'Object Repository/Open Web/label_Username' are matched.

2018-04-30 18:15:24 - [MESSAGE][PASSED] - Actual text and expected text of test object 'Object Repository/Open Web/label_Username' are matched.

2018-04-30 18:15:24 - [TEST_STEP][PASSED] - verifyElementPresent: Object 'Object Repository/Open Web/Header1' is present

2018-04-30 18:15:24 - [MESSAGE][WARNING] - Timeout '0' is invalid. Using default page load timeout: '30'

2018-04-30 18:15:24 - [MESSAGE][PASSED] - Object 'Object Repository/Open Web/Header1' is present

2018-04-30 18:15:24 - [TEST_STEP][PASSED] - verifyElementText: Actual text and expected text of test object 'Object Repository/Open Web/label_Password' are matched.

2018-04-30 18:15:24 - [MESSAGE][PASSED] - Actual text and expected text of test object 'Object Repository/Open Web/label_Password' are matched.

2018-04-30 18:15:24 - [TEST_STEP][PASSED] - verifyElementPresent: Object 'Object Repository/Open Web/button_Login' is present

2018-04-30 18:15:24 - [MESSAGE][WARNING] - Timeout '0' is invalid. Using default page load timeout: '30'

2018-04-30 18:15:24 - [MESSAGE][PASSED] - Object 'Object Repository/Open Web/button_Login' is present

2018-04-30 18:15:24 - [TEST_STEP][PASSED] - verifyElementText: Actual text and expected text of test object 'Object Repository/Open Web/button_Login' are matched.

2018-04-30 18:15:24 - [MESSAGE][PASSED] - Actual text and expected text of test object 'Object Repository/Open Web/button_Login' are matched.

2018-04-30 18:15:24 - [TEST_STEP][PASSED] - verifyEqual: Actual object 'http://18.188.55.188:8085/' and expected object 'http://18.188.55.188:8085/' are equal

2018-04-30 18:15:24 - [MESSAGE][PASSED] - Current window's url is: 'http://18.188.55.188:8085/'

2018-04-30 18:15:24 - [MESSAGE][PASSED] - Actual object 'http://18.188.55.188:8085/' and expected object 'http://18.188.55.188:8085/' are equal

2018-04-30 18:15:24 - [TEST_STEP][PASSED] - closeBrowser: Browser is closed

2018-04-30 18:15:25 - [MESSAGE][PASSED] - Browser is closed]]></system-out>
         <system-err><![CDATA[]]></system-err>
      </testcase>
      <system-out><![CDATA[2018-04-30 18:13:01 - [TEST_SUITE][PASSED] - Test Suite for Open Web Test Case 1: Test Cases/Open Web Test Case 1]]></system-out>
      <system-err><![CDATA[]]></system-err>
   </testsuite>
</testsuites>
