<?xml version="1.0" encoding="UTF-8"?>
<testsuites name="Test Suite for Login Test Case for User" time="88" tests="2" failures="0" errors="0">
   <testsuite name="Test Suite for Login Test Case for User" tests="2" failures="0" errors="0" time="88" timestamp="2018-05-08 12:03:14" hostname="Andrew_Dpp - 10.80.101.146" id="Test Suites/Test Suite for Login Test Case for User">
      <properties>
         <property name="deviceName" value=""/>
         <property name="devicePlatform" value=""/>
         <property name="logFolder" value="C:\\Users\\Andrew_Dpp\\git\\234project-katalon\\Reports\\Test Suite for Login Test Case for User\\20180508_120257"/>
         <property name="logFiles" value="C:\\Users\\Andrew_Dpp\\git\\234project-katalon\\Reports\\Test Suite for Login Test Case for User\\20180508_120257\\execution0.log"/>
         <property name="attachments" value=""/>
         <property name="hostName" value="Andrew_Dpp - 10.80.101.146"/>
         <property name="os" value="Windows 7 64bit"/>
         <property name="katalonVersion" value="5.3.1.1"/>
         <property name="browser" value="Chrome 66.0.3359.139"/>
         <property name="hostAddress" value="10.80.101.146"/>
         <property name="sessionId" value="88c85c3a41adbfda1336aa9c8c2a7e2b"/>
         <property name="seleniumVersion" value="3.7.1"/>
         <property name="proxyInformation" value="ProxyInformation{proxyOption=NO_PROXY, proxyServerType=HTTP, password=, proxyServerAddress=, proxyServerPort=0}"/>
         <property name="platform" value="Windows 7"/>
      </properties>
      <testcase name="Test Cases/Login Test Case for User" classname="Test Cases/Login Test Case for User" status="PASSED">
         <system-out><![CDATA[2018-05-08 12:03:15 - [TEST_CASE][PASSED] - Test Cases/Login Test Case for User: Test Cases/Login Test Case for User

2018-05-08 12:03:16 - [TEST_STEP][PASSED] - openBrowser: Browser is opened with url: ''

2018-05-08 12:03:44 - [MESSAGE][PASSED] - Browser is opened with url: ''

2018-05-08 12:03:44 - [TEST_STEP][PASSED] - navigateToUrl: Navigate to 'http://18.188.55.188:8085/' successfully

2018-05-08 12:03:59 - [MESSAGE][PASSED] - Navigate to 'http://18.188.55.188:8085/' successfully

2018-05-08 12:03:59 - [TEST_STEP][PASSED] - setText: Text 'user' is set on object 'Object Repository/Login/Login Success/input_username'

2018-05-08 12:03:59 - [MESSAGE][PASSED] - Text 'user' is set on object 'Object Repository/Login/Login Success/input_username'

2018-05-08 12:03:59 - [TEST_STEP][PASSED] - setText: Text 'user' is set on object 'Object Repository/Login/Login Success/input_password'

2018-05-08 12:04:00 - [MESSAGE][PASSED] - Text 'user' is set on object 'Object Repository/Login/Login Success/input_password'

2018-05-08 12:04:00 - [TEST_STEP][PASSED] - click: Object: 'Object Repository/Login/Login Success/button_Login' is clicked on

2018-05-08 12:04:02 - [MESSAGE][PASSED] - Object: 'Object Repository/Login/Login Success/button_Login' is clicked on

2018-05-08 12:04:02 - [TEST_STEP][PASSED] - verifyElementText: Actual text and expected text of test object 'Object Repository/Login/Login Success/menu1' are matched.

2018-05-08 12:04:03 - [MESSAGE][PASSED] - Actual text and expected text of test object 'Object Repository/Login/Login Success/menu1' are matched.

2018-05-08 12:04:03 - [TEST_STEP][PASSED] - verifyElementText: Actual text and expected text of test object 'Object Repository/Login/Login Success/menu2' are matched.

2018-05-08 12:04:03 - [MESSAGE][PASSED] - Actual text and expected text of test object 'Object Repository/Login/Login Success/menu2' are matched.

2018-05-08 12:04:03 - [TEST_STEP][PASSED] - verifyEqual: Actual object 'http://18.188.55.188:8085/products' and expected object 'http://18.188.55.188:8085/products' are equal

2018-05-08 12:04:03 - [MESSAGE][PASSED] - Current window's url is: 'http://18.188.55.188:8085/products'

2018-05-08 12:04:03 - [MESSAGE][PASSED] - Actual object 'http://18.188.55.188:8085/products' and expected object 'http://18.188.55.188:8085/products' are equal

2018-05-08 12:04:03 - [TEST_STEP][PASSED] - closeBrowser: Browser is closed

2018-05-08 12:04:04 - [MESSAGE][PASSED] - Browser is closed]]></system-out>
         <system-err><![CDATA[]]></system-err>
      </testcase>
      <testcase name="Test Cases/Login Test Case for User" classname="Test Cases/Login Test Case for User" status="PASSED">
         <system-out><![CDATA[2018-05-08 12:04:04 - [TEST_CASE][PASSED] - Test Cases/Login Test Case for User: Test Cases/Login Test Case for User

2018-05-08 12:04:04 - [TEST_STEP][PASSED] - openBrowser: Browser is opened with url: ''

2018-05-08 12:04:27 - [MESSAGE][PASSED] - Browser is opened with url: ''

2018-05-08 12:04:27 - [TEST_STEP][PASSED] - navigateToUrl: Navigate to 'http://18.188.55.188:8085/' successfully

2018-05-08 12:04:40 - [MESSAGE][PASSED] - Navigate to 'http://18.188.55.188:8085/' successfully

2018-05-08 12:04:40 - [TEST_STEP][PASSED] - setText: Text 'hello' is set on object 'Object Repository/Login/Login Success/input_username'

2018-05-08 12:04:40 - [MESSAGE][PASSED] - Text 'hello' is set on object 'Object Repository/Login/Login Success/input_username'

2018-05-08 12:04:40 - [TEST_STEP][PASSED] - setText: Text 'hello' is set on object 'Object Repository/Login/Login Success/input_password'

2018-05-08 12:04:41 - [MESSAGE][PASSED] - Text 'hello' is set on object 'Object Repository/Login/Login Success/input_password'

2018-05-08 12:04:41 - [TEST_STEP][PASSED] - click: Object: 'Object Repository/Login/Login Success/button_Login' is clicked on

2018-05-08 12:04:41 - [MESSAGE][PASSED] - Object: 'Object Repository/Login/Login Success/button_Login' is clicked on

2018-05-08 12:04:41 - [TEST_STEP][PASSED] - verifyElementText: Actual text and expected text of test object 'Object Repository/Login/Login Success/menu1' are matched.

2018-05-08 12:04:42 - [MESSAGE][PASSED] - Actual text and expected text of test object 'Object Repository/Login/Login Success/menu1' are matched.

2018-05-08 12:04:42 - [TEST_STEP][PASSED] - verifyElementText: Actual text and expected text of test object 'Object Repository/Login/Login Success/menu2' are matched.

2018-05-08 12:04:42 - [MESSAGE][PASSED] - Actual text and expected text of test object 'Object Repository/Login/Login Success/menu2' are matched.

2018-05-08 12:04:42 - [TEST_STEP][PASSED] - verifyEqual: Actual object 'http://18.188.55.188:8085/products' and expected object 'http://18.188.55.188:8085/products' are equal

2018-05-08 12:04:42 - [MESSAGE][PASSED] - Current window's url is: 'http://18.188.55.188:8085/products'

2018-05-08 12:04:42 - [MESSAGE][PASSED] - Actual object 'http://18.188.55.188:8085/products' and expected object 'http://18.188.55.188:8085/products' are equal

2018-05-08 12:04:42 - [TEST_STEP][PASSED] - closeBrowser: Browser is closed

2018-05-08 12:04:43 - [MESSAGE][PASSED] - Browser is closed]]></system-out>
         <system-err><![CDATA[]]></system-err>
      </testcase>
      <system-out><![CDATA[2018-05-08 12:03:14 - [TEST_SUITE][PASSED] - Test Suite for Login Test Case for User: Test Cases/Login Test Case for User]]></system-out>
      <system-err><![CDATA[]]></system-err>
   </testsuite>
</testsuites>
