<?xml version="1.0" encoding="UTF-8"?>
<testsuites name="Test Suite for Login Test Case 4" time="160" tests="3" failures="0" errors="0">
   <testsuite name="Test Suite for Login Test Case 4" tests="3" failures="0" errors="0" time="160" timestamp="2018-04-30 22:18:48" hostname="Andrew_Dpp - Andrew_Dpp-PC" id="Test Suites/Test Suite for Login Test Case 4">
      <properties>
         <property name="deviceName" value=""/>
         <property name="devicePlatform" value=""/>
         <property name="logFolder" value="C:\\Users\\Andrew_Dpp\\git\\234project-katalon\\Reports\\Test Suite for Login Test Case 4\\20180430_221844"/>
         <property name="logFiles" value="C:\\Users\\Andrew_Dpp\\git\\234project-katalon\\Reports\\Test Suite for Login Test Case 4\\20180430_221844\\execution0.log"/>
         <property name="attachments" value=""/>
         <property name="hostName" value="Andrew_Dpp - Andrew_Dpp-PC"/>
         <property name="os" value="Windows 7 64bit"/>
         <property name="katalonVersion" value="5.3.1.1"/>
         <property name="browser" value="Chrome 65.0.3325.181"/>
         <property name="hostAddress" value="192.168.1.9"/>
         <property name="sessionId" value="3716746551a1540e8140c0772847b70d"/>
         <property name="seleniumVersion" value="3.7.1"/>
         <property name="proxyInformation" value="ProxyInformation{proxyOption=NO_PROXY, proxyServerType=HTTP, password=, proxyServerAddress=, proxyServerPort=0}"/>
         <property name="platform" value="Windows 7"/>
      </properties>
      <testcase name="Test Cases/Login Test Case 4" classname="Test Cases/Login Test Case 4" status="PASSED">
         <system-out><![CDATA[2018-04-30 22:18:49 - [TEST_CASE][PASSED] - Test Cases/Login Test Case 4: Test Cases/Login Test Case 4

2018-04-30 22:18:50 - [TEST_STEP][PASSED] - openBrowser: Browser is opened with url: ''

2018-04-30 22:18:56 - [MESSAGE][PASSED] - Browser is opened with url: ''

2018-04-30 22:18:56 - [TEST_STEP][PASSED] - navigateToUrl: Navigate to 'http://18.188.55.188:8085/' successfully

2018-04-30 22:19:10 - [MESSAGE][PASSED] - Navigate to 'http://18.188.55.188:8085/' successfully

2018-04-30 22:19:10 - [TEST_STEP][PASSED] - setText: Text 'a' is set on object 'Object Repository/Login/Login Fail 3/input_password'

2018-04-30 22:19:11 - [MESSAGE][PASSED] - Text 'a' is set on object 'Object Repository/Login/Login Fail 3/input_password'

2018-04-30 22:19:11 - [TEST_STEP][PASSED] - Statement - driver = com.kms.katalon.core.webui.driver.DriverFactory.getWebDriver(): null

2018-04-30 22:19:11 - [TEST_STEP][PASSED] - sendKeys: Keys 'BACK_SPACE + ' sent to object: 'Object Repository/Login/Login Fail 3/input_password'

2018-04-30 22:19:12 - [MESSAGE][PASSED] - Keys 'BACK_SPACE + ' sent to object: 'Object Repository/Login/Login Fail 3/input_password'

2018-04-30 22:19:12 - [TEST_STEP][PASSED] - waitForElementPresent: Object 'Object Repository/Login/Login Fail 3/passwordNotification' is not present after 0 second(s)

2018-04-30 22:19:12 - [MESSAGE][WARNING] - Timeout '0' is invalid. Using default page load timeout: '30'

2018-04-30 22:19:44 - [MESSAGE][WARNING] - Object 'Object Repository/Login/Login Fail 3/passwordNotification' is not present after 0 second(s)

2018-04-30 22:19:44 - [TEST_STEP][PASSED] - verifyElementText: Actual text and expected text of test object 'Object Repository/Login/Login Fail 3/passwordNotification' are matched.

2018-04-30 22:19:51 - [MESSAGE][PASSED] - Actual text and expected text of test object 'Object Repository/Login/Login Fail 3/passwordNotification' are matched.

2018-04-30 22:19:51 - [TEST_STEP][PASSED] - verifyEqual: Actual object 'http://18.188.55.188:8085/' and expected object 'http://18.188.55.188:8085/' are equal

2018-04-30 22:19:51 - [MESSAGE][PASSED] - Current window's url is: 'http://18.188.55.188:8085/'

2018-04-30 22:19:51 - [MESSAGE][PASSED] - Actual object 'http://18.188.55.188:8085/' and expected object 'http://18.188.55.188:8085/' are equal

2018-04-30 22:19:51 - [TEST_STEP][PASSED] - closeBrowser: Browser is closed

2018-04-30 22:19:52 - [MESSAGE][PASSED] - Browser is closed]]></system-out>
         <system-err><![CDATA[]]></system-err>
      </testcase>
      <testcase name="Test Cases/Login Test Case 4" classname="Test Cases/Login Test Case 4" status="PASSED">
         <system-out><![CDATA[2018-04-30 22:19:52 - [TEST_CASE][PASSED] - Test Cases/Login Test Case 4: Test Cases/Login Test Case 4

2018-04-30 22:19:52 - [TEST_STEP][PASSED] - openBrowser: Browser is opened with url: ''

2018-04-30 22:19:54 - [MESSAGE][PASSED] - Browser is opened with url: ''

2018-04-30 22:19:54 - [TEST_STEP][PASSED] - navigateToUrl: Navigate to 'http://18.188.55.188:8085/' successfully

2018-04-30 22:20:04 - [MESSAGE][PASSED] - Navigate to 'http://18.188.55.188:8085/' successfully

2018-04-30 22:20:04 - [TEST_STEP][PASSED] - setText: Text 'h' is set on object 'Object Repository/Login/Login Fail 3/input_password'

2018-04-30 22:20:05 - [MESSAGE][PASSED] - Text 'h' is set on object 'Object Repository/Login/Login Fail 3/input_password'

2018-04-30 22:20:05 - [TEST_STEP][PASSED] - Statement - driver = com.kms.katalon.core.webui.driver.DriverFactory.getWebDriver(): null

2018-04-30 22:20:05 - [TEST_STEP][PASSED] - sendKeys: Keys 'BACK_SPACE + ' sent to object: 'Object Repository/Login/Login Fail 3/input_password'

2018-04-30 22:20:05 - [MESSAGE][PASSED] - Keys 'BACK_SPACE + ' sent to object: 'Object Repository/Login/Login Fail 3/input_password'

2018-04-30 22:20:05 - [TEST_STEP][PASSED] - waitForElementPresent: Object 'Object Repository/Login/Login Fail 3/passwordNotification' is present

2018-04-30 22:20:05 - [MESSAGE][WARNING] - Timeout '0' is invalid. Using default page load timeout: '30'

2018-04-30 22:20:18 - [MESSAGE][PASSED] - Object 'Object Repository/Login/Login Fail 3/passwordNotification' is present

2018-04-30 22:20:18 - [TEST_STEP][PASSED] - verifyElementText: Actual text and expected text of test object 'Object Repository/Login/Login Fail 3/passwordNotification' are matched.

2018-04-30 22:20:18 - [MESSAGE][PASSED] - Actual text and expected text of test object 'Object Repository/Login/Login Fail 3/passwordNotification' are matched.

2018-04-30 22:20:18 - [TEST_STEP][PASSED] - verifyEqual: Actual object 'http://18.188.55.188:8085/' and expected object 'http://18.188.55.188:8085/' are equal

2018-04-30 22:20:18 - [MESSAGE][PASSED] - Current window's url is: 'http://18.188.55.188:8085/'

2018-04-30 22:20:18 - [MESSAGE][PASSED] - Actual object 'http://18.188.55.188:8085/' and expected object 'http://18.188.55.188:8085/' are equal

2018-04-30 22:20:18 - [TEST_STEP][PASSED] - closeBrowser: Browser is closed

2018-04-30 22:20:19 - [MESSAGE][PASSED] - Browser is closed]]></system-out>
         <system-err><![CDATA[]]></system-err>
      </testcase>
      <testcase name="Test Cases/Login Test Case 4" classname="Test Cases/Login Test Case 4" status="PASSED">
         <system-out><![CDATA[2018-04-30 22:20:19 - [TEST_CASE][PASSED] - Test Cases/Login Test Case 4: Test Cases/Login Test Case 4

2018-04-30 22:20:19 - [TEST_STEP][PASSED] - openBrowser: Browser is opened with url: ''

2018-04-30 22:20:22 - [MESSAGE][PASSED] - Browser is opened with url: ''

2018-04-30 22:20:22 - [TEST_STEP][PASSED] - navigateToUrl: Navigate to 'http://18.188.55.188:8085/' successfully

2018-04-30 22:20:34 - [MESSAGE][PASSED] - Navigate to 'http://18.188.55.188:8085/' successfully

2018-04-30 22:20:34 - [TEST_STEP][PASSED] - setText: Text 'u' is set on object 'Object Repository/Login/Login Fail 3/input_password'

2018-04-30 22:20:35 - [MESSAGE][PASSED] - Text 'u' is set on object 'Object Repository/Login/Login Fail 3/input_password'

2018-04-30 22:20:35 - [TEST_STEP][PASSED] - Statement - driver = com.kms.katalon.core.webui.driver.DriverFactory.getWebDriver(): null

2018-04-30 22:20:35 - [TEST_STEP][PASSED] - sendKeys: Keys 'BACK_SPACE + ' sent to object: 'Object Repository/Login/Login Fail 3/input_password'

2018-04-30 22:20:35 - [MESSAGE][PASSED] - Keys 'BACK_SPACE + ' sent to object: 'Object Repository/Login/Login Fail 3/input_password'

2018-04-30 22:20:35 - [TEST_STEP][PASSED] - waitForElementPresent: Object 'Object Repository/Login/Login Fail 3/passwordNotification' is not present after 0 second(s)

2018-04-30 22:20:35 - [MESSAGE][WARNING] - Timeout '0' is invalid. Using default page load timeout: '30'

2018-04-30 22:21:07 - [MESSAGE][WARNING] - Object 'Object Repository/Login/Login Fail 3/passwordNotification' is not present after 0 second(s)

2018-04-30 22:21:07 - [TEST_STEP][PASSED] - verifyElementText: Actual text and expected text of test object 'Object Repository/Login/Login Fail 3/passwordNotification' are matched.

2018-04-30 22:21:27 - [MESSAGE][PASSED] - Actual text and expected text of test object 'Object Repository/Login/Login Fail 3/passwordNotification' are matched.

2018-04-30 22:21:27 - [TEST_STEP][PASSED] - verifyEqual: Actual object 'http://18.188.55.188:8085/' and expected object 'http://18.188.55.188:8085/' are equal

2018-04-30 22:21:27 - [MESSAGE][PASSED] - Current window's url is: 'http://18.188.55.188:8085/'

2018-04-30 22:21:27 - [MESSAGE][PASSED] - Actual object 'http://18.188.55.188:8085/' and expected object 'http://18.188.55.188:8085/' are equal

2018-04-30 22:21:27 - [TEST_STEP][PASSED] - closeBrowser: Browser is closed

2018-04-30 22:21:28 - [MESSAGE][PASSED] - Browser is closed]]></system-out>
         <system-err><![CDATA[]]></system-err>
      </testcase>
      <system-out><![CDATA[2018-04-30 22:18:48 - [TEST_SUITE][PASSED] - Test Suite for Login Test Case 4: Test Cases/Login Test Case 4]]></system-out>
      <system-err><![CDATA[]]></system-err>
   </testsuite>
</testsuites>
