<?xml version="1.0" encoding="UTF-8"?>
<testsuites name="Test Suite for Login Test Case 2" time="19" tests="1" failures="0" errors="0">
   <testsuite name="Test Suite for Login Test Case 2" tests="1" failures="0" errors="0" time="19" timestamp="2018-04-30 20:46:34" hostname="Andrew_Dpp - Andrew_Dpp-PC" id="Test Suites/Test Suite for Login Test Case 2">
      <properties>
         <property name="deviceName" value=""/>
         <property name="devicePlatform" value=""/>
         <property name="logFolder" value="C:\\Users\\Andrew_Dpp\\git\\234project-katalon\\Reports\\Test Suite for Login Test Case 2\\20180430_204632"/>
         <property name="logFiles" value="C:\\Users\\Andrew_Dpp\\git\\234project-katalon\\Reports\\Test Suite for Login Test Case 2\\20180430_204632\\execution0.log"/>
         <property name="attachments" value=""/>
         <property name="hostName" value="Andrew_Dpp - Andrew_Dpp-PC"/>
         <property name="os" value="Windows 7 64bit"/>
         <property name="katalonVersion" value="5.3.1.1"/>
         <property name="browser" value="Chrome 65.0.3325.181"/>
         <property name="hostAddress" value="192.168.1.9"/>
         <property name="sessionId" value="685ccf082ad893ac2daea14427cc96b5"/>
         <property name="seleniumVersion" value="3.7.1"/>
         <property name="proxyInformation" value="ProxyInformation{proxyOption=NO_PROXY, proxyServerType=HTTP, password=, proxyServerAddress=, proxyServerPort=0}"/>
         <property name="platform" value="Windows 7"/>
      </properties>
      <testcase name="Test Cases/Login Test Case 2" classname="Test Cases/Login Test Case 2" status="PASSED">
         <system-out><![CDATA[2018-04-30 20:46:35 - [TEST_CASE][PASSED] - Test Cases/Login Test Case 2: Test Cases/Login Test Case 2

2018-04-30 20:46:36 - [TEST_STEP][PASSED] - openBrowser: Browser is opened with url: ''

2018-04-30 20:46:40 - [MESSAGE][PASSED] - Browser is opened with url: ''

2018-04-30 20:46:40 - [TEST_STEP][PASSED] - navigateToUrl: Navigate to 'http://18.188.55.188:8085/' successfully

2018-04-30 20:46:51 - [MESSAGE][PASSED] - Navigate to 'http://18.188.55.188:8085/' successfully

2018-04-30 20:46:51 - [TEST_STEP][PASSED] - setText: Text 'admin' is set on object 'Object Repository/Login/Login Fail 1/input_username'

2018-04-30 20:46:51 - [MESSAGE][PASSED] - Text 'admin' is set on object 'Object Repository/Login/Login Fail 1/input_username'

2018-04-30 20:46:51 - [TEST_STEP][PASSED] - setText: Text 'Admin' is set on object 'Object Repository/Login/Login Fail 1/input_password'

2018-04-30 20:46:52 - [MESSAGE][PASSED] - Text 'Admin' is set on object 'Object Repository/Login/Login Fail 1/input_password'

2018-04-30 20:46:52 - [TEST_STEP][PASSED] - click: Object: 'Object Repository/Login/Login Fail 1/button_Login' is clicked on

2018-04-30 20:46:52 - [MESSAGE][PASSED] - Object: 'Object Repository/Login/Login Fail 1/button_Login' is clicked on

2018-04-30 20:46:52 - [TEST_STEP][PASSED] - verifyElementText: Actual text and expected text of test object 'Object Repository/Login/Login Fail 1/notification' are matched.

2018-04-30 20:46:53 - [MESSAGE][PASSED] - Actual text and expected text of test object 'Object Repository/Login/Login Fail 1/notification' are matched.

2018-04-30 20:46:53 - [TEST_STEP][PASSED] - verifyEqual: Actual object 'http://18.188.55.188:8085/' and expected object 'http://18.188.55.188:8085/' are equal

2018-04-30 20:46:53 - [MESSAGE][PASSED] - Current window's url is: 'http://18.188.55.188:8085/'

2018-04-30 20:46:53 - [MESSAGE][PASSED] - Actual object 'http://18.188.55.188:8085/' and expected object 'http://18.188.55.188:8085/' are equal

2018-04-30 20:46:53 - [TEST_STEP][PASSED] - closeBrowser: Browser is closed

2018-04-30 20:46:54 - [MESSAGE][PASSED] - Browser is closed]]></system-out>
         <system-err><![CDATA[]]></system-err>
      </testcase>
      <system-out><![CDATA[2018-04-30 20:46:34 - [TEST_SUITE][PASSED] - Test Suite for Login Test Case 2: Test Cases/Login Test Case 2]]></system-out>
      <system-err><![CDATA[]]></system-err>
   </testsuite>
</testsuites>
