<?xml version="1.0" encoding="UTF-8"?>
<testsuites name="Test Suite for User Test Case 3" time="48" tests="1" failures="0" errors="0">
   <testsuite name="Test Suite for User Test Case 3" tests="1" failures="0" errors="0" time="48" timestamp="2018-04-30 19:59:23" hostname="Andrew_Dpp - Andrew_Dpp-PC" id="Test Suites/Test Suite for User Test Case 3">
      <properties>
         <property name="deviceName" value=""/>
         <property name="devicePlatform" value=""/>
         <property name="logFolder" value="C:\\Users\\Andrew_Dpp\\git\\234project-katalon\\Reports\\Test Suite for User Test Case 3\\20180430_195920"/>
         <property name="logFiles" value="C:\\Users\\Andrew_Dpp\\git\\234project-katalon\\Reports\\Test Suite for User Test Case 3\\20180430_195920\\execution0.log"/>
         <property name="attachments" value=""/>
         <property name="hostName" value="Andrew_Dpp - Andrew_Dpp-PC"/>
         <property name="os" value="Windows 7 64bit"/>
         <property name="katalonVersion" value="5.3.1.1"/>
         <property name="browser" value="Chrome 65.0.3325.181"/>
         <property name="hostAddress" value="192.168.1.9"/>
         <property name="sessionId" value="d596e90f03fc2d9ea0749d7475131974"/>
         <property name="seleniumVersion" value="3.7.1"/>
         <property name="proxyInformation" value="ProxyInformation{proxyOption=NO_PROXY, proxyServerType=HTTP, password=, proxyServerAddress=, proxyServerPort=0}"/>
         <property name="platform" value="Windows 7"/>
      </properties>
      <testcase name="Test Cases/User Test Case 3" classname="Test Cases/User Test Case 3" status="PASSED">
         <system-out><![CDATA[2018-04-30 19:59:24 - [TEST_CASE][PASSED] - Test Cases/User Test Case 3: Test Cases/User Test Case 3

2018-04-30 19:59:25 - [TEST_STEP][PASSED] - openBrowser: Browser is opened with url: ''

2018-04-30 19:59:29 - [MESSAGE][PASSED] - Browser is opened with url: ''

2018-04-30 19:59:29 - [TEST_STEP][PASSED] - navigateToUrl: Navigate to 'http://18.188.55.188:8085/' successfully

2018-04-30 19:59:49 - [MESSAGE][PASSED] - Navigate to 'http://18.188.55.188:8085/' successfully

2018-04-30 19:59:49 - [TEST_STEP][PASSED] - setText: Text 'user' is set on object 'Object Repository/User/User Cart/input_username'

2018-04-30 19:59:49 - [MESSAGE][PASSED] - Text 'user' is set on object 'Object Repository/User/User Cart/input_username'

2018-04-30 19:59:49 - [TEST_STEP][PASSED] - setText: Text 'user' is set on object 'Object Repository/User/User Cart/input_password'

2018-04-30 19:59:50 - [MESSAGE][PASSED] - Text 'user' is set on object 'Object Repository/User/User Cart/input_password'

2018-04-30 19:59:50 - [TEST_STEP][PASSED] - click: Object: 'Object Repository/User/User Cart/button_Login' is clicked on

2018-04-30 19:59:50 - [MESSAGE][PASSED] - Object: 'Object Repository/User/User Cart/button_Login' is clicked on

2018-04-30 19:59:50 - [TEST_STEP][PASSED] - Statement - driver = com.kms.katalon.core.webui.driver.DriverFactory.getWebDriver(): null

2018-04-30 19:59:50 - [TEST_STEP][PASSED] - waitForElementPresent: Object 'Object Repository/User/User Cart/add to cart1' is present

2018-04-30 19:59:50 - [MESSAGE][WARNING] - Timeout '0' is invalid. Using default page load timeout: '30'

2018-04-30 19:59:52 - [MESSAGE][PASSED] - Object 'Object Repository/User/User Cart/add to cart1' is present

2018-04-30 19:59:52 - [TEST_STEP][PASSED] - Statement - products = driver.findElement(org.openqa.selenium.By.xpath("/html/body/app-root/app-product-list/div/div[2]/div")): null

2018-04-30 19:59:52 - [TEST_STEP][PASSED] - Statement - productList = products.findElements(org.openqa.selenium.By.className("farmer-card")): null

2018-04-30 19:59:52 - [TEST_STEP][PASSED] - Statement - println(productList.size()): null

2018-04-30 19:59:52 - [TEST_STEP][PASSED] - Statement - variables = new java.util.ArrayList(): null

2018-04-30 19:59:52 - [TEST_STEP][PASSED] - Statement - variables.add(input_amount1): null

2018-04-30 19:59:52 - [TEST_STEP][PASSED] - Statement - variables.add(input_amount2): null

2018-04-30 19:59:52 - [TEST_STEP][PASSED] - Statement - variables.add(input_amount3): null

2018-04-30 19:59:52 - [TEST_STEP][PASSED] - Statement - variables.add(input_amount4): null

2018-04-30 19:59:52 - [TEST_STEP][PASSED] - Statement - variables.add(input_amount5): null

2018-04-30 19:59:52 - [TEST_STEP][PASSED] - Statement - prices = new java.util.ArrayList(): null

2018-04-30 19:59:52 - [TEST_STEP][PASSED] - Statement - prices.add(20000): null

2018-04-30 19:59:52 - [TEST_STEP][PASSED] - Statement - prices.add(150): null

2018-04-30 19:59:52 - [TEST_STEP][PASSED] - Statement - prices.add(280): null

2018-04-30 19:59:52 - [TEST_STEP][PASSED] - Statement - prices.add(12): null

2018-04-30 19:59:52 - [TEST_STEP][PASSED] - Statement - prices.add(20): null

2018-04-30 19:59:52 - [TEST_STEP][PASSED] - Statement - totalPrices = new java.util.ArrayList(): null

2018-04-30 19:59:52 - [TEST_STEP][PASSED] - Statement - For (def i : (1..productList.size())): Actual text and expected text of test object 'Object Repository/User/User Cart/div_Well done You successfully' are matched.

2018-04-30 19:59:52 - [TEST_STEP][PASSED] - Statement - totalPrice = 0: null

2018-04-30 19:59:52 - [TEST_STEP][PASSED] - Statement - For (def j : (1..i)): Object: 'Object Repository/User/User Cart/add to cart1' is clicked on

2018-04-30 19:59:52 - [TEST_STEP][PASSED] - click: Object: 'Object Repository/User/User Cart/add to cart1' is clicked on

2018-04-30 19:59:52 - [MESSAGE][PASSED] - Object: 'Object Repository/User/User Cart/add to cart1' is clicked on

2018-04-30 19:59:52 - [TEST_STEP][PASSED] - click: Object: 'Object Repository/User/User Cart/cart_icon' is clicked on

2018-04-30 19:59:53 - [MESSAGE][PASSED] - Object: 'Object Repository/User/User Cart/cart_icon' is clicked on

2018-04-30 19:59:53 - [TEST_STEP][PASSED] - Statement - For (def k : (0..(i - 1))): Text '1' is set on object 'Object Repository/User/User Cart/input_amount1'

2018-04-30 19:59:53 - [TEST_STEP][PASSED] - setText: Text '1' is set on object 'Object Repository/User/User Cart/input_amount1'

2018-04-30 19:59:53 - [MESSAGE][PASSED] - Text '1' is set on object 'Object Repository/User/User Cart/input_amount1'

2018-04-30 19:59:53 - [TEST_STEP][PASSED] - Statement - For (def g : (0..(i - 1))): null

2018-04-30 19:59:53 - [TEST_STEP][PASSED] - Statement - totalPrice += java.lang.Integer.valueOf(variables.get(g)) * java.lang.Integer.valueOf(prices.get(g)): null

2018-04-30 19:59:53 - [TEST_STEP][PASSED] - Statement - tempTotalPrice = totalPrice = java.lang.String.format("%,d", totalPrice): null

2018-04-30 19:59:53 - [TEST_STEP][PASSED] - Statement - println(tempTotalPrice): null

2018-04-30 19:59:53 - [TEST_STEP][PASSED] - verifyElementText: Actual text and expected text of test object 'Object Repository/User/User Cart/p_Total price' are matched.

2018-04-30 19:59:53 - [MESSAGE][PASSED] - Actual text and expected text of test object 'Object Repository/User/User Cart/p_Total price' are matched.

2018-04-30 19:59:53 - [TEST_STEP][PASSED] - click: Object: 'Object Repository/User/User Cart/button_confirm' is clicked on

2018-04-30 19:59:53 - [MESSAGE][PASSED] - Object: 'Object Repository/User/User Cart/button_confirm' is clicked on

2018-04-30 19:59:53 - [TEST_STEP][PASSED] - acceptAlert: Alert accepted

2018-04-30 19:59:53 - [MESSAGE][PASSED] - Alert accepted

2018-04-30 19:59:53 - [TEST_STEP][PASSED] - verifyElementText: Actual text and expected text of test object 'Object Repository/User/User Cart/div_Well done You successfully' are matched.

2018-04-30 19:59:54 - [MESSAGE][PASSED] - Actual text and expected text of test object 'Object Repository/User/User Cart/div_Well done You successfully' are matched.

2018-04-30 19:59:54 - [TEST_STEP][PASSED] - Statement - totalPrice = 0: null

2018-04-30 19:59:54 - [TEST_STEP][PASSED] - Statement - For (def j : (1..i)): Object: 'Object Repository/User/User Cart/add to cart2' is clicked on

2018-04-30 19:59:54 - [TEST_STEP][PASSED] - click: Object: 'Object Repository/User/User Cart/add to cart1' is clicked on

2018-04-30 19:59:54 - [MESSAGE][PASSED] - Object: 'Object Repository/User/User Cart/add to cart1' is clicked on

2018-04-30 19:59:54 - [TEST_STEP][PASSED] - click: Object: 'Object Repository/User/User Cart/add to cart2' is clicked on

2018-04-30 19:59:54 - [MESSAGE][PASSED] - Object: 'Object Repository/User/User Cart/add to cart2' is clicked on

2018-04-30 19:59:54 - [TEST_STEP][PASSED] - click: Object: 'Object Repository/User/User Cart/cart_icon' is clicked on

2018-04-30 19:59:54 - [MESSAGE][PASSED] - Object: 'Object Repository/User/User Cart/cart_icon' is clicked on

2018-04-30 19:59:54 - [TEST_STEP][PASSED] - Statement - For (def k : (0..(i - 1))): Text '1' is set on object 'Object Repository/User/User Cart/input_amount2'

2018-04-30 19:59:54 - [TEST_STEP][PASSED] - setText: Text '1' is set on object 'Object Repository/User/User Cart/input_amount1'

2018-04-30 19:59:55 - [MESSAGE][PASSED] - Text '1' is set on object 'Object Repository/User/User Cart/input_amount1'

2018-04-30 19:59:55 - [TEST_STEP][PASSED] - setText: Text '1' is set on object 'Object Repository/User/User Cart/input_amount2'

2018-04-30 19:59:55 - [MESSAGE][PASSED] - Text '1' is set on object 'Object Repository/User/User Cart/input_amount2'

2018-04-30 19:59:55 - [TEST_STEP][PASSED] - Statement - For (def g : (0..(i - 1))): null

2018-04-30 19:59:55 - [TEST_STEP][PASSED] - Statement - totalPrice += java.lang.Integer.valueOf(variables.get(g)) * java.lang.Integer.valueOf(prices.get(g)): null

2018-04-30 19:59:55 - [TEST_STEP][PASSED] - Statement - totalPrice += java.lang.Integer.valueOf(variables.get(g)) * java.lang.Integer.valueOf(prices.get(g)): null

2018-04-30 19:59:55 - [TEST_STEP][PASSED] - Statement - tempTotalPrice = totalPrice = java.lang.String.format("%,d", totalPrice): null

2018-04-30 19:59:55 - [TEST_STEP][PASSED] - Statement - println(tempTotalPrice): null

2018-04-30 19:59:55 - [TEST_STEP][PASSED] - verifyElementText: Actual text and expected text of test object 'Object Repository/User/User Cart/p_Total price' are matched.

2018-04-30 19:59:55 - [MESSAGE][PASSED] - Actual text and expected text of test object 'Object Repository/User/User Cart/p_Total price' are matched.

2018-04-30 19:59:55 - [TEST_STEP][PASSED] - click: Object: 'Object Repository/User/User Cart/button_confirm' is clicked on

2018-04-30 19:59:56 - [MESSAGE][PASSED] - Object: 'Object Repository/User/User Cart/button_confirm' is clicked on

2018-04-30 19:59:56 - [TEST_STEP][PASSED] - acceptAlert: Alert accepted

2018-04-30 19:59:56 - [MESSAGE][PASSED] - Alert accepted

2018-04-30 19:59:56 - [TEST_STEP][PASSED] - verifyElementText: Actual text and expected text of test object 'Object Repository/User/User Cart/div_Well done You successfully' are matched.

2018-04-30 19:59:56 - [MESSAGE][PASSED] - Actual text and expected text of test object 'Object Repository/User/User Cart/div_Well done You successfully' are matched.

2018-04-30 19:59:56 - [TEST_STEP][PASSED] - Statement - totalPrice = 0: null

2018-04-30 19:59:56 - [TEST_STEP][PASSED] - Statement - For (def j : (1..i)): Object: 'Object Repository/User/User Cart/add to cart3' is clicked on

2018-04-30 19:59:56 - [TEST_STEP][PASSED] - click: Object: 'Object Repository/User/User Cart/add to cart1' is clicked on

2018-04-30 19:59:56 - [MESSAGE][PASSED] - Object: 'Object Repository/User/User Cart/add to cart1' is clicked on

2018-04-30 19:59:56 - [TEST_STEP][PASSED] - click: Object: 'Object Repository/User/User Cart/add to cart2' is clicked on

2018-04-30 19:59:57 - [MESSAGE][PASSED] - Object: 'Object Repository/User/User Cart/add to cart2' is clicked on

2018-04-30 19:59:57 - [TEST_STEP][PASSED] - click: Object: 'Object Repository/User/User Cart/add to cart3' is clicked on

2018-04-30 19:59:57 - [MESSAGE][PASSED] - Object: 'Object Repository/User/User Cart/add to cart3' is clicked on

2018-04-30 19:59:57 - [TEST_STEP][PASSED] - click: Object: 'Object Repository/User/User Cart/cart_icon' is clicked on

2018-04-30 19:59:57 - [MESSAGE][PASSED] - Object: 'Object Repository/User/User Cart/cart_icon' is clicked on

2018-04-30 19:59:57 - [TEST_STEP][PASSED] - Statement - For (def k : (0..(i - 1))): Text '1' is set on object 'Object Repository/User/User Cart/input_amount3'

2018-04-30 19:59:57 - [TEST_STEP][PASSED] - setText: Text '1' is set on object 'Object Repository/User/User Cart/input_amount1'

2018-04-30 19:59:58 - [MESSAGE][PASSED] - Text '1' is set on object 'Object Repository/User/User Cart/input_amount1'

2018-04-30 19:59:58 - [TEST_STEP][PASSED] - setText: Text '1' is set on object 'Object Repository/User/User Cart/input_amount2'

2018-04-30 19:59:58 - [MESSAGE][PASSED] - Text '1' is set on object 'Object Repository/User/User Cart/input_amount2'

2018-04-30 19:59:58 - [TEST_STEP][PASSED] - setText: Text '1' is set on object 'Object Repository/User/User Cart/input_amount3'

2018-04-30 19:59:59 - [MESSAGE][PASSED] - Text '1' is set on object 'Object Repository/User/User Cart/input_amount3'

2018-04-30 19:59:59 - [TEST_STEP][PASSED] - Statement - For (def g : (0..(i - 1))): null

2018-04-30 19:59:59 - [TEST_STEP][PASSED] - Statement - totalPrice += java.lang.Integer.valueOf(variables.get(g)) * java.lang.Integer.valueOf(prices.get(g)): null

2018-04-30 19:59:59 - [TEST_STEP][PASSED] - Statement - totalPrice += java.lang.Integer.valueOf(variables.get(g)) * java.lang.Integer.valueOf(prices.get(g)): null

2018-04-30 19:59:59 - [TEST_STEP][PASSED] - Statement - totalPrice += java.lang.Integer.valueOf(variables.get(g)) * java.lang.Integer.valueOf(prices.get(g)): null

2018-04-30 19:59:59 - [TEST_STEP][PASSED] - Statement - tempTotalPrice = totalPrice = java.lang.String.format("%,d", totalPrice): null

2018-04-30 19:59:59 - [TEST_STEP][PASSED] - Statement - println(tempTotalPrice): null

2018-04-30 19:59:59 - [TEST_STEP][PASSED] - verifyElementText: Actual text and expected text of test object 'Object Repository/User/User Cart/p_Total price' are matched.

2018-04-30 19:59:59 - [MESSAGE][PASSED] - Actual text and expected text of test object 'Object Repository/User/User Cart/p_Total price' are matched.

2018-04-30 19:59:59 - [TEST_STEP][PASSED] - click: Object: 'Object Repository/User/User Cart/button_confirm' is clicked on

2018-04-30 19:59:59 - [MESSAGE][PASSED] - Object: 'Object Repository/User/User Cart/button_confirm' is clicked on

2018-04-30 19:59:59 - [TEST_STEP][PASSED] - acceptAlert: Alert accepted

2018-04-30 19:59:59 - [MESSAGE][PASSED] - Alert accepted

2018-04-30 19:59:59 - [TEST_STEP][PASSED] - verifyElementText: Actual text and expected text of test object 'Object Repository/User/User Cart/div_Well done You successfully' are matched.

2018-04-30 20:00:00 - [MESSAGE][PASSED] - Actual text and expected text of test object 'Object Repository/User/User Cart/div_Well done You successfully' are matched.

2018-04-30 20:00:00 - [TEST_STEP][PASSED] - Statement - totalPrice = 0: null

2018-04-30 20:00:00 - [TEST_STEP][PASSED] - Statement - For (def j : (1..i)): Object: 'Object Repository/User/User Cart/add to cart4' is clicked on

2018-04-30 20:00:00 - [TEST_STEP][PASSED] - click: Object: 'Object Repository/User/User Cart/add to cart1' is clicked on

2018-04-30 20:00:00 - [MESSAGE][PASSED] - Object: 'Object Repository/User/User Cart/add to cart1' is clicked on

2018-04-30 20:00:00 - [TEST_STEP][PASSED] - click: Object: 'Object Repository/User/User Cart/add to cart2' is clicked on

2018-04-30 20:00:01 - [MESSAGE][PASSED] - Object: 'Object Repository/User/User Cart/add to cart2' is clicked on

2018-04-30 20:00:01 - [TEST_STEP][PASSED] - click: Object: 'Object Repository/User/User Cart/add to cart3' is clicked on

2018-04-30 20:00:01 - [MESSAGE][PASSED] - Object: 'Object Repository/User/User Cart/add to cart3' is clicked on

2018-04-30 20:00:01 - [TEST_STEP][PASSED] - click: Object: 'Object Repository/User/User Cart/add to cart4' is clicked on

2018-04-30 20:00:01 - [MESSAGE][PASSED] - Object: 'Object Repository/User/User Cart/add to cart4' is clicked on

2018-04-30 20:00:01 - [TEST_STEP][PASSED] - click: Object: 'Object Repository/User/User Cart/cart_icon' is clicked on

2018-04-30 20:00:01 - [MESSAGE][PASSED] - Object: 'Object Repository/User/User Cart/cart_icon' is clicked on

2018-04-30 20:00:01 - [TEST_STEP][PASSED] - Statement - For (def k : (0..(i - 1))): Text '1' is set on object 'Object Repository/User/User Cart/input_amount4'

2018-04-30 20:00:01 - [TEST_STEP][PASSED] - setText: Text '1' is set on object 'Object Repository/User/User Cart/input_amount1'

2018-04-30 20:00:02 - [MESSAGE][PASSED] - Text '1' is set on object 'Object Repository/User/User Cart/input_amount1'

2018-04-30 20:00:02 - [TEST_STEP][PASSED] - setText: Text '1' is set on object 'Object Repository/User/User Cart/input_amount2'

2018-04-30 20:00:02 - [MESSAGE][PASSED] - Text '1' is set on object 'Object Repository/User/User Cart/input_amount2'

2018-04-30 20:00:02 - [TEST_STEP][PASSED] - setText: Text '1' is set on object 'Object Repository/User/User Cart/input_amount3'

2018-04-30 20:00:02 - [MESSAGE][PASSED] - Text '1' is set on object 'Object Repository/User/User Cart/input_amount3'

2018-04-30 20:00:03 - [TEST_STEP][PASSED] - setText: Text '1' is set on object 'Object Repository/User/User Cart/input_amount4'

2018-04-30 20:00:03 - [MESSAGE][PASSED] - Text '1' is set on object 'Object Repository/User/User Cart/input_amount4'

2018-04-30 20:00:03 - [TEST_STEP][PASSED] - Statement - For (def g : (0..(i - 1))): null

2018-04-30 20:00:03 - [TEST_STEP][PASSED] - Statement - totalPrice += java.lang.Integer.valueOf(variables.get(g)) * java.lang.Integer.valueOf(prices.get(g)): null

2018-04-30 20:00:03 - [TEST_STEP][PASSED] - Statement - totalPrice += java.lang.Integer.valueOf(variables.get(g)) * java.lang.Integer.valueOf(prices.get(g)): null

2018-04-30 20:00:03 - [TEST_STEP][PASSED] - Statement - totalPrice += java.lang.Integer.valueOf(variables.get(g)) * java.lang.Integer.valueOf(prices.get(g)): null

2018-04-30 20:00:03 - [TEST_STEP][PASSED] - Statement - totalPrice += java.lang.Integer.valueOf(variables.get(g)) * java.lang.Integer.valueOf(prices.get(g)): null

2018-04-30 20:00:03 - [TEST_STEP][PASSED] - Statement - tempTotalPrice = totalPrice = java.lang.String.format("%,d", totalPrice): null

2018-04-30 20:00:03 - [TEST_STEP][PASSED] - Statement - println(tempTotalPrice): null

2018-04-30 20:00:03 - [TEST_STEP][PASSED] - verifyElementText: Actual text and expected text of test object 'Object Repository/User/User Cart/p_Total price' are matched.

2018-04-30 20:00:03 - [MESSAGE][PASSED] - Actual text and expected text of test object 'Object Repository/User/User Cart/p_Total price' are matched.

2018-04-30 20:00:04 - [TEST_STEP][PASSED] - click: Object: 'Object Repository/User/User Cart/button_confirm' is clicked on

2018-04-30 20:00:04 - [MESSAGE][PASSED] - Object: 'Object Repository/User/User Cart/button_confirm' is clicked on

2018-04-30 20:00:04 - [TEST_STEP][PASSED] - acceptAlert: Alert accepted

2018-04-30 20:00:04 - [MESSAGE][PASSED] - Alert accepted

2018-04-30 20:00:04 - [TEST_STEP][PASSED] - verifyElementText: Actual text and expected text of test object 'Object Repository/User/User Cart/div_Well done You successfully' are matched.

2018-04-30 20:00:05 - [MESSAGE][PASSED] - Actual text and expected text of test object 'Object Repository/User/User Cart/div_Well done You successfully' are matched.

2018-04-30 20:00:05 - [TEST_STEP][PASSED] - Statement - totalPrice = 0: null

2018-04-30 20:00:05 - [TEST_STEP][PASSED] - Statement - For (def j : (1..i)): Object: 'Object Repository/User/User Cart/add to cart5' is clicked on

2018-04-30 20:00:05 - [TEST_STEP][PASSED] - click: Object: 'Object Repository/User/User Cart/add to cart1' is clicked on

2018-04-30 20:00:05 - [MESSAGE][PASSED] - Object: 'Object Repository/User/User Cart/add to cart1' is clicked on

2018-04-30 20:00:05 - [TEST_STEP][PASSED] - click: Object: 'Object Repository/User/User Cart/add to cart2' is clicked on

2018-04-30 20:00:06 - [MESSAGE][PASSED] - Object: 'Object Repository/User/User Cart/add to cart2' is clicked on

2018-04-30 20:00:06 - [TEST_STEP][PASSED] - click: Object: 'Object Repository/User/User Cart/add to cart3' is clicked on

2018-04-30 20:00:06 - [MESSAGE][PASSED] - Object: 'Object Repository/User/User Cart/add to cart3' is clicked on

2018-04-30 20:00:06 - [TEST_STEP][PASSED] - click: Object: 'Object Repository/User/User Cart/add to cart4' is clicked on

2018-04-30 20:00:07 - [MESSAGE][PASSED] - Object: 'Object Repository/User/User Cart/add to cart4' is clicked on

2018-04-30 20:00:07 - [TEST_STEP][PASSED] - click: Object: 'Object Repository/User/User Cart/add to cart5' is clicked on

2018-04-30 20:00:07 - [MESSAGE][PASSED] - Object: 'Object Repository/User/User Cart/add to cart5' is clicked on

2018-04-30 20:00:07 - [TEST_STEP][PASSED] - click: Object: 'Object Repository/User/User Cart/cart_icon' is clicked on

2018-04-30 20:00:07 - [MESSAGE][PASSED] - Object: 'Object Repository/User/User Cart/cart_icon' is clicked on

2018-04-30 20:00:07 - [TEST_STEP][PASSED] - Statement - For (def k : (0..(i - 1))): Text '1' is set on object 'Object Repository/User/User Cart/input_amount5'

2018-04-30 20:00:07 - [TEST_STEP][PASSED] - setText: Text '1' is set on object 'Object Repository/User/User Cart/input_amount1'

2018-04-30 20:00:07 - [MESSAGE][PASSED] - Text '1' is set on object 'Object Repository/User/User Cart/input_amount1'

2018-04-30 20:00:07 - [TEST_STEP][PASSED] - setText: Text '1' is set on object 'Object Repository/User/User Cart/input_amount2'

2018-04-30 20:00:08 - [MESSAGE][PASSED] - Text '1' is set on object 'Object Repository/User/User Cart/input_amount2'

2018-04-30 20:00:08 - [TEST_STEP][PASSED] - setText: Text '1' is set on object 'Object Repository/User/User Cart/input_amount3'

2018-04-30 20:00:08 - [MESSAGE][PASSED] - Text '1' is set on object 'Object Repository/User/User Cart/input_amount3'

2018-04-30 20:00:08 - [TEST_STEP][PASSED] - setText: Text '1' is set on object 'Object Repository/User/User Cart/input_amount4'

2018-04-30 20:00:09 - [MESSAGE][PASSED] - Text '1' is set on object 'Object Repository/User/User Cart/input_amount4'

2018-04-30 20:00:09 - [TEST_STEP][PASSED] - setText: Text '1' is set on object 'Object Repository/User/User Cart/input_amount5'

2018-04-30 20:00:09 - [MESSAGE][PASSED] - Text '1' is set on object 'Object Repository/User/User Cart/input_amount5'

2018-04-30 20:00:09 - [TEST_STEP][PASSED] - Statement - For (def g : (0..(i - 1))): null

2018-04-30 20:00:09 - [TEST_STEP][PASSED] - Statement - totalPrice += java.lang.Integer.valueOf(variables.get(g)) * java.lang.Integer.valueOf(prices.get(g)): null

2018-04-30 20:00:09 - [TEST_STEP][PASSED] - Statement - totalPrice += java.lang.Integer.valueOf(variables.get(g)) * java.lang.Integer.valueOf(prices.get(g)): null

2018-04-30 20:00:09 - [TEST_STEP][PASSED] - Statement - totalPrice += java.lang.Integer.valueOf(variables.get(g)) * java.lang.Integer.valueOf(prices.get(g)): null

2018-04-30 20:00:09 - [TEST_STEP][PASSED] - Statement - totalPrice += java.lang.Integer.valueOf(variables.get(g)) * java.lang.Integer.valueOf(prices.get(g)): null

2018-04-30 20:00:09 - [TEST_STEP][PASSED] - Statement - totalPrice += java.lang.Integer.valueOf(variables.get(g)) * java.lang.Integer.valueOf(prices.get(g)): null

2018-04-30 20:00:09 - [TEST_STEP][PASSED] - Statement - tempTotalPrice = totalPrice = java.lang.String.format("%,d", totalPrice): null

2018-04-30 20:00:10 - [TEST_STEP][PASSED] - Statement - println(tempTotalPrice): null

2018-04-30 20:00:10 - [TEST_STEP][PASSED] - verifyElementText: Actual text and expected text of test object 'Object Repository/User/User Cart/p_Total price' are matched.

2018-04-30 20:00:10 - [MESSAGE][PASSED] - Actual text and expected text of test object 'Object Repository/User/User Cart/p_Total price' are matched.

2018-04-30 20:00:10 - [TEST_STEP][PASSED] - click: Object: 'Object Repository/User/User Cart/button_confirm' is clicked on

2018-04-30 20:00:10 - [MESSAGE][PASSED] - Object: 'Object Repository/User/User Cart/button_confirm' is clicked on

2018-04-30 20:00:10 - [TEST_STEP][PASSED] - acceptAlert: Alert accepted

2018-04-30 20:00:10 - [MESSAGE][PASSED] - Alert accepted

2018-04-30 20:00:10 - [TEST_STEP][PASSED] - verifyElementText: Actual text and expected text of test object 'Object Repository/User/User Cart/div_Well done You successfully' are matched.

2018-04-30 20:00:11 - [MESSAGE][PASSED] - Actual text and expected text of test object 'Object Repository/User/User Cart/div_Well done You successfully' are matched.

2018-04-30 20:00:11 - [TEST_STEP][PASSED] - closeBrowser: Browser is closed

2018-04-30 20:00:12 - [MESSAGE][PASSED] - Browser is closed]]></system-out>
         <system-err><![CDATA[]]></system-err>
      </testcase>
      <system-out><![CDATA[2018-04-30 19:59:23 - [TEST_SUITE][PASSED] - Test Suite for User Test Case 3: Test Cases/User Test Case 3]]></system-out>
      <system-err><![CDATA[]]></system-err>
   </testsuite>
</testsuites>
