<?xml version="1.0" encoding="UTF-8"?>
<testsuites name="Test Suite for Admin Test Case 1" time="70" tests="1" failures="0" errors="0">
   <testsuite name="Test Suite for Admin Test Case 1" tests="1" failures="0" errors="0" time="70" timestamp="2018-05-07 17:28:52" hostname="Andrew_Dpp - 10.80.101.119" id="Test Suites/Test Suite for Admin Test Case 1">
      <properties>
         <property name="deviceName" value=""/>
         <property name="devicePlatform" value=""/>
         <property name="logFolder" value="C:\\Users\\Andrew_Dpp\\git\\234project-katalon\\Reports\\Test Suite for Admin Test Case 1\\20180507_172835"/>
         <property name="logFiles" value="C:\\Users\\Andrew_Dpp\\git\\234project-katalon\\Reports\\Test Suite for Admin Test Case 1\\20180507_172835\\execution0.log"/>
         <property name="attachments" value=""/>
         <property name="hostName" value="Andrew_Dpp - 10.80.101.119"/>
         <property name="os" value="Windows 7 64bit"/>
         <property name="katalonVersion" value="5.3.1.1"/>
         <property name="browser" value="Chrome 66.0.3359.139"/>
         <property name="hostAddress" value="10.80.101.119"/>
         <property name="sessionId" value="bf3bed3a272149f5783d8f2d0f53906b"/>
         <property name="seleniumVersion" value="3.7.1"/>
         <property name="proxyInformation" value="ProxyInformation{proxyOption=NO_PROXY, proxyServerType=HTTP, password=, proxyServerAddress=, proxyServerPort=0}"/>
         <property name="platform" value="Windows 7"/>
      </properties>
      <testcase name="Test Cases/Admin Test Case 1" classname="Test Cases/Admin Test Case 1" status="PASSED">
         <system-out><![CDATA[2018-05-07 17:28:53 - [TEST_CASE][PASSED] - Test Cases/Admin Test Case 1: Test Cases/Admin Test Case 1

2018-05-07 17:28:54 - [TEST_STEP][PASSED] - openBrowser: Browser is opened with url: ''

2018-05-07 17:29:20 - [MESSAGE][PASSED] - Browser is opened with url: ''

2018-05-07 17:29:20 - [TEST_STEP][PASSED] - Statement - driver = com.kms.katalon.core.webui.driver.DriverFactory.getWebDriver(): null

2018-05-07 17:29:20 - [TEST_STEP][PASSED] - navigateToUrl: Navigate to 'http://18.188.55.188:8085/' successfully

2018-05-07 17:29:28 - [MESSAGE][PASSED] - Navigate to 'http://18.188.55.188:8085/' successfully

2018-05-07 17:29:28 - [TEST_STEP][PASSED] - setText: Text 'admin' is set on object 'Object Repository/Admin/input_username'

2018-05-07 17:29:28 - [MESSAGE][PASSED] - Text 'admin' is set on object 'Object Repository/Admin/input_username'

2018-05-07 17:29:28 - [TEST_STEP][PASSED] - setText: Text 'admin' is set on object 'Object Repository/Admin/input_password'

2018-05-07 17:29:29 - [MESSAGE][PASSED] - Text 'admin' is set on object 'Object Repository/Admin/input_password'

2018-05-07 17:29:29 - [TEST_STEP][PASSED] - click: Object: 'Object Repository/Admin/button_Login' is clicked on

2018-05-07 17:29:29 - [MESSAGE][PASSED] - Object: 'Object Repository/Admin/button_Login' is clicked on

2018-05-07 17:29:29 - [TEST_STEP][PASSED] - click: Object: 'Object Repository/Admin/a_Total Transaction' is clicked on

2018-05-07 17:29:30 - [MESSAGE][PASSED] - Object: 'Object Repository/Admin/a_Total Transaction' is clicked on

2018-05-07 17:29:30 - [TEST_STEP][PASSED] - Statement - Table = driver.findElement(org.openqa.selenium.By.xpath("//*[@id="add-row"]/div/table/tbody")): null

2018-05-07 17:29:30 - [TEST_STEP][PASSED] - delay: Delayed 5 second(s)

2018-05-07 17:29:35 - [MESSAGE][PASSED] - Delayed 5 second(s)

2018-05-07 17:29:35 - [TEST_STEP][PASSED] - Statement - oldAdminTotalPrice = driver.findElement(org.openqa.selenium.By.xpath("//*[@id="add-row"]/div/div[2]/div/p")).getText(): null

2018-05-07 17:29:36 - [TEST_STEP][PASSED] - Statement - oldAdminTotalPrice = oldAdminTotalPrice.replaceAll(" THB", "").replaceAll("Total price: ", "").replaceAll(",", ""): null

2018-05-07 17:29:36 - [TEST_STEP][PASSED] - Statement - oldAdminTotalPrice = java.lang.Integer.parseInt(oldAdminTotalPrice): null

2018-05-07 17:29:36 - [TEST_STEP][PASSED] - Statement - oldRows = Table.findElements(org.openqa.selenium.By.tagName("tr")): null

2018-05-07 17:29:36 - [TEST_STEP][PASSED] - Statement - valueOfOldRows = oldRows.size(): null

2018-05-07 17:29:36 - [TEST_STEP][PASSED] - Statement - oldTransactionList = new java.util.ArrayList(): null

2018-05-07 17:29:36 - [TEST_STEP][PASSED] - Statement - For (def i : (1..oldRows.size())): null

2018-05-07 17:29:36 - [TEST_STEP][PASSED] - Statement - tempString = "": null

2018-05-07 17:29:36 - [TEST_STEP][PASSED] - Statement - tempString += driver.findElement(org.openqa.selenium.By.xpath("//*[@id="add-row"]/div/table/tbody/tr[" + i + "]/td[1]")).getText(): null

2018-05-07 17:29:36 - [TEST_STEP][PASSED] - Statement - tempString += driver.findElement(org.openqa.selenium.By.xpath("//*[@id="add-row"]/div/table/tbody/tr[" + i + "]/td[2]")).getText(): null

2018-05-07 17:29:36 - [TEST_STEP][PASSED] - Statement - tempString += driver.findElement(org.openqa.selenium.By.xpath("//*[@id="add-row"]/div/table/tbody/tr[" + i + "]/td[3]")).getText(): null

2018-05-07 17:29:36 - [TEST_STEP][PASSED] - Statement - oldTransactionList.add(tempString): null

2018-05-07 17:29:36 - [TEST_STEP][PASSED] - Statement - println(tempString): null

2018-05-07 17:29:36 - [TEST_STEP][PASSED] - Statement - tempString = "": null

2018-05-07 17:29:36 - [TEST_STEP][PASSED] - Statement - tempString += driver.findElement(org.openqa.selenium.By.xpath("//*[@id="add-row"]/div/table/tbody/tr[" + i + "]/td[1]")).getText(): null

2018-05-07 17:29:36 - [TEST_STEP][PASSED] - Statement - tempString += driver.findElement(org.openqa.selenium.By.xpath("//*[@id="add-row"]/div/table/tbody/tr[" + i + "]/td[2]")).getText(): null

2018-05-07 17:29:36 - [TEST_STEP][PASSED] - Statement - tempString += driver.findElement(org.openqa.selenium.By.xpath("//*[@id="add-row"]/div/table/tbody/tr[" + i + "]/td[3]")).getText(): null

2018-05-07 17:29:36 - [TEST_STEP][PASSED] - Statement - oldTransactionList.add(tempString): null

2018-05-07 17:29:36 - [TEST_STEP][PASSED] - Statement - println(tempString): null

2018-05-07 17:29:36 - [TEST_STEP][PASSED] - click: Object: 'Object Repository/Admin/button_Logout' is clicked on

2018-05-07 17:29:37 - [MESSAGE][PASSED] - Object: 'Object Repository/Admin/button_Logout' is clicked on

2018-05-07 17:29:37 - [TEST_STEP][PASSED] - delay: Delayed 5 second(s)

2018-05-07 17:29:42 - [MESSAGE][PASSED] - Delayed 5 second(s)

2018-05-07 17:29:42 - [TEST_STEP][PASSED] - setText: Text 'hello' is set on object 'Object Repository/Admin/input_username'

2018-05-07 17:29:42 - [MESSAGE][PASSED] - Text 'hello' is set on object 'Object Repository/Admin/input_username'

2018-05-07 17:29:42 - [TEST_STEP][PASSED] - setText: Text 'hello' is set on object 'Object Repository/Admin/input_password'

2018-05-07 17:29:42 - [MESSAGE][PASSED] - Text 'hello' is set on object 'Object Repository/Admin/input_password'

2018-05-07 17:29:42 - [TEST_STEP][PASSED] - click: Object: 'Object Repository/Admin/button_Login' is clicked on

2018-05-07 17:29:42 - [MESSAGE][PASSED] - Object: 'Object Repository/Admin/button_Login' is clicked on

2018-05-07 17:29:42 - [TEST_STEP][PASSED] - Statement - rand = new java.util.Random(): null

2018-05-07 17:29:42 - [TEST_STEP][PASSED] - Statement - randomNum = rand.nextInt(5 - 1 + 1) + 1: null

2018-05-07 17:29:42 - [TEST_STEP][PASSED] - Statement - println(randomNum): null

2018-05-07 17:29:42 - [TEST_STEP][PASSED] - click: Object: 'Object Repository/Admin/add to cart1' is clicked on

2018-05-07 17:29:43 - [MESSAGE][PASSED] - Object: 'Object Repository/Admin/add to cart1' is clicked on

2018-05-07 17:29:43 - [TEST_STEP][PASSED] - click: Object: 'Object Repository/Admin/cart' is clicked on

2018-05-07 17:29:43 - [MESSAGE][PASSED] - Object: 'Object Repository/Admin/cart' is clicked on

2018-05-07 17:29:43 - [TEST_STEP][PASSED] - delay: Delayed 5 second(s)

2018-05-07 17:29:48 - [MESSAGE][PASSED] - Delayed 5 second(s)

2018-05-07 17:29:48 - [TEST_STEP][PASSED] - Statement - xpathOfElement = driver.findElement(org.openqa.selenium.By.xpath("//*[@id="add-row"]/div/div[2]/div/p")): null

2018-05-07 17:29:48 - [TEST_STEP][PASSED] - Statement - UserTable = driver.findElement(org.openqa.selenium.By.xpath("//*[@id="add-row"]/div/table/tbody")): null

2018-05-07 17:29:49 - [TEST_STEP][PASSED] - Statement - userRows = UserTable.findElements(org.openqa.selenium.By.tagName("tr")): null

2018-05-07 17:29:49 - [TEST_STEP][PASSED] - Statement - userProducts = "": null

2018-05-07 17:29:49 - [TEST_STEP][PASSED] - Statement - For (def i : (1..userRows.size())): null

2018-05-07 17:29:49 - [TEST_STEP][PASSED] - Statement - userProducts += driver.findElement(org.openqa.selenium.By.xpath("//*[@id="add-row"]/div/table/tbody/tr[" + i + "]/td[1]")).getText(): null

2018-05-07 17:29:49 - [TEST_STEP][PASSED] - Statement - userTotalPrice = xpathOfElement.getText().replaceAll("Total price: ", ""): null

2018-05-07 17:29:49 - [TEST_STEP][PASSED] - Statement - valueOfUserTotalPrice = java.lang.Integer.parseInt(userTotalPrice.replaceAll(" THB", "").replaceAll(",", "")): null

2018-05-07 17:29:49 - [TEST_STEP][PASSED] - click: Object: 'Object Repository/Admin/button_confirm' is clicked on

2018-05-07 17:29:49 - [MESSAGE][PASSED] - Object: 'Object Repository/Admin/button_confirm' is clicked on

2018-05-07 17:29:49 - [TEST_STEP][PASSED] - acceptAlert: Alert accepted

2018-05-07 17:29:49 - [MESSAGE][PASSED] - Alert accepted

2018-05-07 17:29:49 - [TEST_STEP][PASSED] - click: Object: 'Object Repository/Admin/button_Logout' is clicked on

2018-05-07 17:29:49 - [MESSAGE][PASSED] - Object: 'Object Repository/Admin/button_Logout' is clicked on

2018-05-07 17:29:49 - [TEST_STEP][PASSED] - delay: Delayed 5 second(s)

2018-05-07 17:29:54 - [MESSAGE][PASSED] - Delayed 5 second(s)

2018-05-07 17:29:54 - [TEST_STEP][PASSED] - setText: Text 'admin' is set on object 'Object Repository/Admin/input_username'

2018-05-07 17:29:55 - [MESSAGE][PASSED] - Text 'admin' is set on object 'Object Repository/Admin/input_username'

2018-05-07 17:29:55 - [TEST_STEP][PASSED] - setText: Text 'admin' is set on object 'Object Repository/Admin/input_password'

2018-05-07 17:29:55 - [MESSAGE][PASSED] - Text 'admin' is set on object 'Object Repository/Admin/input_password'

2018-05-07 17:29:55 - [TEST_STEP][PASSED] - click: Object: 'Object Repository/Admin/button_Login' is clicked on

2018-05-07 17:29:56 - [MESSAGE][PASSED] - Object: 'Object Repository/Admin/button_Login' is clicked on

2018-05-07 17:29:56 - [TEST_STEP][PASSED] - click: Object: 'Object Repository/Admin/div_Products' is clicked on

2018-05-07 17:29:56 - [MESSAGE][PASSED] - Object: 'Object Repository/Admin/div_Products' is clicked on

2018-05-07 17:29:56 - [TEST_STEP][PASSED] - click: Object: 'Object Repository/Admin/a_Total Transaction' is clicked on

2018-05-07 17:29:56 - [MESSAGE][PASSED] - Object: 'Object Repository/Admin/a_Total Transaction' is clicked on

2018-05-07 17:29:56 - [TEST_STEP][PASSED] - Statement - Table = driver.findElement(org.openqa.selenium.By.xpath("//*[@id="add-row"]/div/table/tbody")): null

2018-05-07 17:29:56 - [TEST_STEP][PASSED] - delay: Delayed 5 second(s)

2018-05-07 17:30:01 - [MESSAGE][PASSED] - Delayed 5 second(s)

2018-05-07 17:30:01 - [TEST_STEP][PASSED] - Statement - newRows = Table.findElements(org.openqa.selenium.By.tagName("tr")): null

2018-05-07 17:30:01 - [TEST_STEP][PASSED] - Statement - newTransactionList = new java.util.ArrayList(): null

2018-05-07 17:30:01 - [TEST_STEP][PASSED] - Statement - For (def i : (1..(newRows.size() - 1))): null

2018-05-07 17:30:01 - [TEST_STEP][PASSED] - Statement - tempString = "": null

2018-05-07 17:30:01 - [TEST_STEP][PASSED] - Statement - tempString += driver.findElement(org.openqa.selenium.By.xpath("//*[@id="add-row"]/div/table/tbody/tr[" + i + "]/td[1]")).getText(): null

2018-05-07 17:30:01 - [TEST_STEP][PASSED] - Statement - tempString += driver.findElement(org.openqa.selenium.By.xpath("//*[@id="add-row"]/div/table/tbody/tr[" + i + "]/td[2]")).getText(): null

2018-05-07 17:30:01 - [TEST_STEP][PASSED] - Statement - tempString += driver.findElement(org.openqa.selenium.By.xpath("//*[@id="add-row"]/div/table/tbody/tr[" + i + "]/td[3]")).getText(): null

2018-05-07 17:30:01 - [TEST_STEP][PASSED] - Statement - newTransactionList.add(tempString): null

2018-05-07 17:30:01 - [TEST_STEP][PASSED] - Statement - println(tempString): null

2018-05-07 17:30:01 - [TEST_STEP][PASSED] - Statement - tempString = "": null

2018-05-07 17:30:01 - [TEST_STEP][PASSED] - Statement - tempString += driver.findElement(org.openqa.selenium.By.xpath("//*[@id="add-row"]/div/table/tbody/tr[" + i + "]/td[1]")).getText(): null

2018-05-07 17:30:02 - [TEST_STEP][PASSED] - Statement - tempString += driver.findElement(org.openqa.selenium.By.xpath("//*[@id="add-row"]/div/table/tbody/tr[" + i + "]/td[2]")).getText(): null

2018-05-07 17:30:02 - [TEST_STEP][PASSED] - Statement - tempString += driver.findElement(org.openqa.selenium.By.xpath("//*[@id="add-row"]/div/table/tbody/tr[" + i + "]/td[3]")).getText(): null

2018-05-07 17:30:02 - [TEST_STEP][PASSED] - Statement - newTransactionList.add(tempString): null

2018-05-07 17:30:02 - [TEST_STEP][PASSED] - Statement - println(tempString): null

2018-05-07 17:30:02 - [TEST_STEP][PASSED] - Statement - newRowValue = driver.findElement(org.openqa.selenium.By.xpath("//*[@id="add-row"]/div/table/tbody/tr[" + newRows.size() + "]/td[3]")).getText(): null

2018-05-07 17:30:02 - [TEST_STEP][PASSED] - Statement - newTranscation = driver.findElement(org.openqa.selenium.By.xpath("//*[@id="add-row"]/div/table/tbody/tr[" + newRows.size() + "]/td[2]")).getText().replaceAll(",", ""): null

2018-05-07 17:30:02 - [TEST_STEP][PASSED] - Statement - newAdminTotalPrice = driver.findElement(org.openqa.selenium.By.xpath("//*[@id="add-row"]/div/div[2]/div/p")).getText(): null

2018-05-07 17:30:02 - [TEST_STEP][PASSED] - Statement - newAdminTotalPrice = newAdminTotalPrice.replaceAll(" THB", "").replaceAll("Total price: ", "").replaceAll(",", ""): null

2018-05-07 17:30:02 - [TEST_STEP][PASSED] - Statement - newAdminTotalPrice = java.lang.Integer.parseInt(newAdminTotalPrice): null

2018-05-07 17:30:02 - [TEST_STEP][PASSED] - Statement - println("Total Price of All Transaction before: " + oldAdminTotalPrice): null

2018-05-07 17:30:02 - [TEST_STEP][PASSED] - Statement - println("Total Price that User Bought: " + userTotalPrice): null

2018-05-07 17:30:02 - [TEST_STEP][PASSED] - Statement - println("Total Price of all Transaction after: " + newAdminTotalPrice): null

2018-05-07 17:30:02 - [TEST_STEP][PASSED] - Statement - println("Size of Rows after: " + newRows.size()): null

2018-05-07 17:30:02 - [TEST_STEP][PASSED] - Statement - println("Total Price of Last Transaction: " + newRowValue): null

2018-05-07 17:30:02 - [TEST_STEP][PASSED] - verifyEqual: Actual object '20,000 THB' and expected object '20,000 THB' are equal

2018-05-07 17:30:02 - [MESSAGE][PASSED] - Actual object '20,000 THB' and expected object '20,000 THB' are equal

2018-05-07 17:30:02 - [TEST_STEP][PASSED] - verifyEqual: Actual object '100,690' and expected object '100,690' are equal

2018-05-07 17:30:02 - [MESSAGE][PASSED] - Actual object '100,690' and expected object '100,690' are equal

2018-05-07 17:30:02 - [TEST_STEP][PASSED] - verifyEqual: Actual object '[[1Garden, Papaya20,120 THB, 2Banana, Garden, Banana, Rambutan60,570 THB]]' and expected object '[[1Garden, Papaya20,120 THB, 2Banana, Garden, Banana, Rambutan60,570 THB]]' are equal

2018-05-07 17:30:02 - [MESSAGE][PASSED] - Actual object '[[1Garden, Papaya20,120 THB, 2Banana, Garden, Banana, Rambutan60,570 THB]]' and expected object '[[1Garden, Papaya20,120 THB, 2Banana, Garden, Banana, Rambutan60,570 THB]]' are equal

2018-05-07 17:30:02 - [TEST_STEP][PASSED] - verifyEqual: Actual object 'Garden' and expected object 'Garden' are equal

2018-05-07 17:30:02 - [MESSAGE][PASSED] - Actual object 'Garden' and expected object 'Garden' are equal

2018-05-07 17:30:02 - [TEST_STEP][PASSED] - Statement - println("No. of old rows " + valueOfOldRows): null

2018-05-07 17:30:02 - [TEST_STEP][PASSED] - Statement - println("No. of new rows " + newRows.size()): null

2018-05-07 17:30:02 - [TEST_STEP][PASSED] - verifyGreaterThan: Actual number '3' is greater than expected number '2'

2018-05-07 17:30:02 - [MESSAGE][PASSED] - Actual number '3' is greater than expected number '2'

2018-05-07 17:30:02 - [TEST_STEP][PASSED] - closeBrowser: Browser is closed

2018-05-07 17:30:03 - [MESSAGE][PASSED] - Browser is closed]]></system-out>
         <system-err><![CDATA[]]></system-err>
      </testcase>
      <system-out><![CDATA[2018-05-07 17:28:52 - [TEST_SUITE][PASSED] - Test Suite for Admin Test Case 1: Test Cases/Admin Test Case 1]]></system-out>
      <system-err><![CDATA[]]></system-err>
   </testsuite>
</testsuites>
