<?xml version="1.0" encoding="UTF-8"?>
<testsuites name="Test Suite for Admin Test Case 1" time="58" tests="1" failures="0" errors="0">
   <testsuite name="Test Suite for Admin Test Case 1" tests="1" failures="0" errors="0" time="58" timestamp="2018-05-07 15:27:05" hostname="Andrew_Dpp - 10.80.101.119" id="Test Suites/Test Suite for Admin Test Case 1">
      <properties>
         <property name="deviceName" value=""/>
         <property name="devicePlatform" value=""/>
         <property name="logFolder" value="C:\\Users\\Andrew_Dpp\\git\\234project-katalon\\Reports\\Test Suite for Admin Test Case 1\\20180507_152648"/>
         <property name="logFiles" value="C:\\Users\\Andrew_Dpp\\git\\234project-katalon\\Reports\\Test Suite for Admin Test Case 1\\20180507_152648\\execution0.log"/>
         <property name="attachments" value=""/>
         <property name="hostName" value="Andrew_Dpp - 10.80.101.119"/>
         <property name="os" value="Windows 7 64bit"/>
         <property name="katalonVersion" value="5.3.1.1"/>
         <property name="browser" value="Chrome 66.0.3359.139"/>
         <property name="hostAddress" value="10.80.101.119"/>
         <property name="sessionId" value="17e8f7530b2df3c86fd1f29151600ed8"/>
         <property name="seleniumVersion" value="3.7.1"/>
         <property name="proxyInformation" value="ProxyInformation{proxyOption=NO_PROXY, proxyServerType=HTTP, password=, proxyServerAddress=, proxyServerPort=0}"/>
         <property name="platform" value="Windows 7"/>
      </properties>
      <testcase name="Test Cases/Admin Test Case 1" classname="Test Cases/Admin Test Case 1" status="PASSED">
         <system-out><![CDATA[2018-05-07 15:27:06 - [TEST_CASE][PASSED] - Test Cases/Admin Test Case 1: Test Cases/Admin Test Case 1

2018-05-07 15:27:08 - [TEST_STEP][PASSED] - openBrowser: Browser is opened with url: ''

2018-05-07 15:27:35 - [MESSAGE][PASSED] - Browser is opened with url: ''

2018-05-07 15:27:35 - [TEST_STEP][PASSED] - Statement - driver = com.kms.katalon.core.webui.driver.DriverFactory.getWebDriver(): null

2018-05-07 15:27:35 - [TEST_STEP][PASSED] - navigateToUrl: Navigate to 'http://18.188.55.188:8085/' successfully

2018-05-07 15:27:43 - [MESSAGE][PASSED] - Navigate to 'http://18.188.55.188:8085/' successfully

2018-05-07 15:27:43 - [TEST_STEP][PASSED] - setText: Text 'admin' is set on object 'Object Repository/Admin/input_username'

2018-05-07 15:27:44 - [MESSAGE][PASSED] - Text 'admin' is set on object 'Object Repository/Admin/input_username'

2018-05-07 15:27:44 - [TEST_STEP][PASSED] - setText: Text 'admin' is set on object 'Object Repository/Admin/input_password'

2018-05-07 15:27:44 - [MESSAGE][PASSED] - Text 'admin' is set on object 'Object Repository/Admin/input_password'

2018-05-07 15:27:44 - [TEST_STEP][PASSED] - click: Object: 'Object Repository/Admin/button_Login' is clicked on

2018-05-07 15:27:45 - [MESSAGE][PASSED] - Object: 'Object Repository/Admin/button_Login' is clicked on

2018-05-07 15:27:45 - [TEST_STEP][PASSED] - click: Object: 'Object Repository/Admin/div_Products' is clicked on

2018-05-07 15:27:46 - [MESSAGE][PASSED] - Object: 'Object Repository/Admin/div_Products' is clicked on

2018-05-07 15:27:46 - [TEST_STEP][PASSED] - click: Object: 'Object Repository/Admin/a_Total Transaction' is clicked on

2018-05-07 15:27:46 - [MESSAGE][PASSED] - Object: 'Object Repository/Admin/a_Total Transaction' is clicked on

2018-05-07 15:27:46 - [TEST_STEP][PASSED] - Statement - Table = driver.findElement(org.openqa.selenium.By.xpath("//*[@id="add-row"]/div/table/tbody")): null

2018-05-07 15:27:46 - [TEST_STEP][PASSED] - delay: Delayed 5 second(s)

2018-05-07 15:27:51 - [MESSAGE][PASSED] - Delayed 5 second(s)

2018-05-07 15:27:51 - [TEST_STEP][PASSED] - Statement - oldAdminTotalPrice = driver.findElement(org.openqa.selenium.By.xpath("//*[@id="add-row"]/div/div[2]/div/p")).getText(): null

2018-05-07 15:27:51 - [TEST_STEP][PASSED] - Statement - oldAdminTotalPrice = oldAdminTotalPrice.replaceAll(" THB", "").replaceAll("Total price: ", "").replaceAll(",", ""): null

2018-05-07 15:27:51 - [TEST_STEP][PASSED] - Statement - oldAdminTotalPrice = java.lang.Integer.parseInt(oldAdminTotalPrice): null

2018-05-07 15:27:51 - [TEST_STEP][PASSED] - Statement - oldRows = Table.findElements(org.openqa.selenium.By.tagName("tr")): null

2018-05-07 15:27:51 - [TEST_STEP][PASSED] - Statement - valueOfOldRows = oldRows.size(): null

2018-05-07 15:27:51 - [TEST_STEP][PASSED] - Statement - oldTransactionList = new java.util.ArrayList(): null

2018-05-07 15:27:51 - [TEST_STEP][PASSED] - Statement - For (def i : (1..oldRows.size())): null

2018-05-07 15:27:51 - [TEST_STEP][PASSED] - Statement - tempString = "": null

2018-05-07 15:27:51 - [TEST_STEP][PASSED] - Statement - tempString += driver.findElement(org.openqa.selenium.By.xpath("//*[@id="add-row"]/div/table/tbody/tr[" + i + "]/th")).getText(): null

2018-05-07 15:27:52 - [TEST_STEP][PASSED] - Statement - tempString += driver.findElement(org.openqa.selenium.By.xpath("//*[@id="add-row"]/div/table/tbody/tr[" + i + "]/td[1]")).getText(): null

2018-05-07 15:27:52 - [TEST_STEP][PASSED] - Statement - tempString += driver.findElement(org.openqa.selenium.By.xpath("//*[@id="add-row"]/div/table/tbody/tr[" + i + "]/td[2]")).getText(): null

2018-05-07 15:27:52 - [TEST_STEP][PASSED] - Statement - tempString += driver.findElement(org.openqa.selenium.By.xpath("//*[@id="add-row"]/div/table/tbody/tr[" + i + "]/td[3]")).getText(): null

2018-05-07 15:27:52 - [TEST_STEP][PASSED] - Statement - oldTransactionList.add(tempString): null

2018-05-07 15:27:52 - [TEST_STEP][PASSED] - Statement - println(tempString): null

2018-05-07 15:27:52 - [TEST_STEP][PASSED] - Statement - tempString = "": null

2018-05-07 15:27:52 - [TEST_STEP][PASSED] - Statement - tempString += driver.findElement(org.openqa.selenium.By.xpath("//*[@id="add-row"]/div/table/tbody/tr[" + i + "]/th")).getText(): null

2018-05-07 15:27:52 - [TEST_STEP][PASSED] - Statement - tempString += driver.findElement(org.openqa.selenium.By.xpath("//*[@id="add-row"]/div/table/tbody/tr[" + i + "]/td[1]")).getText(): null

2018-05-07 15:27:52 - [TEST_STEP][PASSED] - Statement - tempString += driver.findElement(org.openqa.selenium.By.xpath("//*[@id="add-row"]/div/table/tbody/tr[" + i + "]/td[2]")).getText(): null

2018-05-07 15:27:52 - [TEST_STEP][PASSED] - Statement - tempString += driver.findElement(org.openqa.selenium.By.xpath("//*[@id="add-row"]/div/table/tbody/tr[" + i + "]/td[3]")).getText(): null

2018-05-07 15:27:52 - [TEST_STEP][PASSED] - Statement - oldTransactionList.add(tempString): null

2018-05-07 15:27:52 - [TEST_STEP][PASSED] - Statement - println(tempString): null

2018-05-07 15:27:52 - [TEST_STEP][PASSED] - click: Object: 'Object Repository/Admin/button_Logout' is clicked on

2018-05-07 15:27:53 - [MESSAGE][PASSED] - Object: 'Object Repository/Admin/button_Logout' is clicked on

2018-05-07 15:27:53 - [TEST_STEP][PASSED] - setText: Text 'hello' is set on object 'Object Repository/Admin/input_username'

2018-05-07 15:27:53 - [MESSAGE][PASSED] - Text 'hello' is set on object 'Object Repository/Admin/input_username'

2018-05-07 15:27:53 - [TEST_STEP][PASSED] - setText: Text 'hello' is set on object 'Object Repository/Admin/input_password'

2018-05-07 15:27:53 - [MESSAGE][PASSED] - Text 'hello' is set on object 'Object Repository/Admin/input_password'

2018-05-07 15:27:53 - [TEST_STEP][PASSED] - click: Object: 'Object Repository/Admin/button_Login' is clicked on

2018-05-07 15:27:53 - [MESSAGE][PASSED] - Object: 'Object Repository/Admin/button_Login' is clicked on

2018-05-07 15:27:53 - [TEST_STEP][PASSED] - click: Object: 'Object Repository/Admin/add to cart2' is clicked on

2018-05-07 15:27:54 - [MESSAGE][PASSED] - Object: 'Object Repository/Admin/add to cart2' is clicked on

2018-05-07 15:27:54 - [TEST_STEP][PASSED] - click: Object: 'Object Repository/Admin/span_1' is clicked on

2018-05-07 15:27:54 - [MESSAGE][PASSED] - Object: 'Object Repository/Admin/span_1' is clicked on

2018-05-07 15:27:54 - [TEST_STEP][PASSED] - Statement - xpathOfElement = driver.findElement(org.openqa.selenium.By.xpath("//*[@id="add-row"]/div/div[2]/div/p")): null

2018-05-07 15:27:54 - [TEST_STEP][PASSED] - Statement - userTotalPrice = xpathOfElement.getText().replaceAll("Total price: ", ""): null

2018-05-07 15:27:55 - [TEST_STEP][PASSED] - Statement - valueOfUserTotalPrice = java.lang.Integer.parseInt(userTotalPrice.replaceAll(" THB", "")): null

2018-05-07 15:27:55 - [TEST_STEP][PASSED] - click: Object: 'Object Repository/Admin/button_confirm' is clicked on

2018-05-07 15:27:55 - [MESSAGE][PASSED] - Object: 'Object Repository/Admin/button_confirm' is clicked on

2018-05-07 15:27:55 - [TEST_STEP][PASSED] - acceptAlert: Alert accepted

2018-05-07 15:27:55 - [MESSAGE][PASSED] - Alert accepted

2018-05-07 15:27:55 - [TEST_STEP][PASSED] - click: Object: 'Object Repository/Admin/button_Logout' is clicked on

2018-05-07 15:27:55 - [MESSAGE][PASSED] - Object: 'Object Repository/Admin/button_Logout' is clicked on

2018-05-07 15:27:55 - [TEST_STEP][PASSED] - waitForAngularLoad: This page doesn't use Angular.

2018-05-07 15:27:55 - [MESSAGE][WARNING] - This page doesn't use Angular.

2018-05-07 15:27:55 - [TEST_STEP][PASSED] - setText: Text 'admin' is set on object 'Object Repository/Admin/input_username'

2018-05-07 15:27:56 - [MESSAGE][PASSED] - Text 'admin' is set on object 'Object Repository/Admin/input_username'

2018-05-07 15:27:56 - [TEST_STEP][PASSED] - setText: Text 'admin' is set on object 'Object Repository/Admin/input_password'

2018-05-07 15:27:56 - [MESSAGE][PASSED] - Text 'admin' is set on object 'Object Repository/Admin/input_password'

2018-05-07 15:27:56 - [TEST_STEP][PASSED] - click: Object: 'Object Repository/Admin/button_Login' is clicked on

2018-05-07 15:27:56 - [MESSAGE][PASSED] - Object: 'Object Repository/Admin/button_Login' is clicked on

2018-05-07 15:27:56 - [TEST_STEP][PASSED] - click: Object: 'Object Repository/Admin/div_Products' is clicked on

2018-05-07 15:27:57 - [MESSAGE][PASSED] - Object: 'Object Repository/Admin/div_Products' is clicked on

2018-05-07 15:27:57 - [TEST_STEP][PASSED] - click: Object: 'Object Repository/Admin/a_Total Transaction' is clicked on

2018-05-07 15:27:57 - [MESSAGE][PASSED] - Object: 'Object Repository/Admin/a_Total Transaction' is clicked on

2018-05-07 15:27:57 - [TEST_STEP][PASSED] - Statement - Table = driver.findElement(org.openqa.selenium.By.xpath("//*[@id="add-row"]/div/table/tbody")): null

2018-05-07 15:27:58 - [TEST_STEP][PASSED] - delay: Delayed 5 second(s)

2018-05-07 15:28:03 - [MESSAGE][PASSED] - Delayed 5 second(s)

2018-05-07 15:28:03 - [TEST_STEP][PASSED] - Statement - newRows = Table.findElements(org.openqa.selenium.By.tagName("tr")): null

2018-05-07 15:28:03 - [TEST_STEP][PASSED] - Statement - newRowValue = driver.findElement(org.openqa.selenium.By.xpath("//*[@id="add-row"]/div/table/tbody/tr[" + newRows.size() - 1 + "]/td[3]")).getText(): null

2018-05-07 15:28:03 - [TEST_STEP][PASSED] - Statement - newAdminTotalPrice = driver.findElement(org.openqa.selenium.By.xpath("//*[@id="add-row"]/div/div[2]/div/p")).getText(): null

2018-05-07 15:28:03 - [TEST_STEP][PASSED] - Statement - newAdminTotalPrice = newAdminTotalPrice.replaceAll(" THB", "").replaceAll("Total price: ", "").replaceAll(",", ""): null

2018-05-07 15:28:03 - [TEST_STEP][PASSED] - Statement - newAdminTotalPrice = java.lang.Integer.parseInt(newAdminTotalPrice): null

2018-05-07 15:28:03 - [TEST_STEP][PASSED] - Statement - println("Total Price of All Transaction before: " + oldAdminTotalPrice): null

2018-05-07 15:28:03 - [TEST_STEP][PASSED] - Statement - println("Total Price that User Bought: " + userTotalPrice): null

2018-05-07 15:28:03 - [TEST_STEP][PASSED] - Statement - println("Total Price of all Transaction after: " + newAdminTotalPrice): null

2018-05-07 15:28:03 - [TEST_STEP][PASSED] - Statement - println("Size of Rows after: " + newRows.size()): null

2018-05-07 15:28:03 - [TEST_STEP][PASSED] - Statement - println("Total Price of Last Transaction: " + newRowValue): null

2018-05-07 15:28:03 - [TEST_STEP][PASSED] - verifyEqual: Actual object '150 THB' and expected object '150 THB' are equal

2018-05-07 15:28:03 - [MESSAGE][PASSED] - Actual object '150 THB' and expected object '150 THB' are equal

2018-05-07 15:28:03 - [TEST_STEP][PASSED] - verifyEqual: Actual object '80,840' and expected object '80,840' are equal

2018-05-07 15:28:03 - [MESSAGE][PASSED] - Actual object '80,840' and expected object '80,840' are equal

2018-05-07 15:28:03 - [TEST_STEP][PASSED] - Statement - println("No. of old rows " + valueOfOldRows): null

2018-05-07 15:28:03 - [TEST_STEP][PASSED] - Statement - println("No. of new rows " + newRows.size()): null

2018-05-07 15:28:03 - [TEST_STEP][PASSED] - verifyGreaterThan: Actual number '3' is greater than expected number '2'

2018-05-07 15:28:03 - [MESSAGE][PASSED] - Actual number '3' is greater than expected number '2'

2018-05-07 15:28:03 - [TEST_STEP][PASSED] - closeBrowser: Browser is closed

2018-05-07 15:28:04 - [MESSAGE][PASSED] - Browser is closed]]></system-out>
         <system-err><![CDATA[]]></system-err>
      </testcase>
      <system-out><![CDATA[2018-05-07 15:27:05 - [TEST_SUITE][PASSED] - Test Suite for Admin Test Case 1: Test Cases/Admin Test Case 1]]></system-out>
      <system-err><![CDATA[]]></system-err>
   </testsuite>
</testsuites>
