<?xml version="1.0" encoding="UTF-8"?>
<testsuites name="Test Suite for Login Test Case 1" time="68" tests="3" failures="0" errors="0">
   <testsuite name="Test Suite for Login Test Case 1" tests="3" failures="0" errors="0" time="68" timestamp="2018-04-27 21:00:33" hostname="Andrew_Dpp - Andrew_Dpp-PC" id="Test Suites/Test Suite for Login Test Case 1">
      <properties>
         <property name="deviceName" value=""/>
         <property name="devicePlatform" value=""/>
         <property name="logFolder" value="C:\\Users\\Andrew_Dpp\\git\\234project-katalon\\Reports\\Test Suite for Login Test Case 1\\20180427_210030"/>
         <property name="logFiles" value="C:\\Users\\Andrew_Dpp\\git\\234project-katalon\\Reports\\Test Suite for Login Test Case 1\\20180427_210030\\execution0.log"/>
         <property name="attachments" value=""/>
         <property name="hostName" value="Andrew_Dpp - Andrew_Dpp-PC"/>
         <property name="os" value="Windows 7 64bit"/>
         <property name="katalonVersion" value="5.3.1.1"/>
         <property name="browser" value="Chrome 65.0.3325.181"/>
         <property name="hostAddress" value="192.168.1.6"/>
         <property name="sessionId" value="c9b3db397a0316822e74baca83c3d095"/>
         <property name="seleniumVersion" value="3.7.1"/>
         <property name="proxyInformation" value="ProxyInformation{proxyOption=NO_PROXY, proxyServerType=HTTP, password=, proxyServerAddress=, proxyServerPort=0}"/>
         <property name="platform" value="Windows 7"/>
      </properties>
      <testcase name="Test Cases/Login Test Case 1" classname="Test Cases/Login Test Case 1" status="PASSED">
         <system-out><![CDATA[2018-04-27 21:00:34 - [TEST_CASE][PASSED] - Test Cases/Login Test Case 1: Test Cases/Login Test Case 1

2018-04-27 21:00:35 - [TEST_STEP][PASSED] - openBrowser: Browser is opened with url: ''

2018-04-27 21:00:40 - [MESSAGE][PASSED] - Browser is opened with url: ''

2018-04-27 21:00:40 - [TEST_STEP][PASSED] - navigateToUrl: Navigate to 'http://18.188.55.188:8085/' successfully

2018-04-27 21:00:58 - [MESSAGE][PASSED] - Navigate to 'http://18.188.55.188:8085/' successfully

2018-04-27 21:00:58 - [TEST_STEP][PASSED] - setText: Text 'user' is set on object 'Object Repository/User/Page_ProjectBackend/input_username'

2018-04-27 21:01:00 - [MESSAGE][PASSED] - Text 'user' is set on object 'Object Repository/User/Page_ProjectBackend/input_username'

2018-04-27 21:01:00 - [TEST_STEP][PASSED] - setText: Text 'user' is set on object 'Object Repository/User/Page_ProjectBackend/input_password'

2018-04-27 21:01:01 - [MESSAGE][PASSED] - Text 'user' is set on object 'Object Repository/User/Page_ProjectBackend/input_password'

2018-04-27 21:01:01 - [TEST_STEP][PASSED] - click: Object: 'Object Repository/User/Page_ProjectBackend/button_Login' is clicked on

2018-04-27 21:01:01 - [MESSAGE][PASSED] - Object: 'Object Repository/User/Page_ProjectBackend/button_Login' is clicked on

2018-04-27 21:01:01 - [TEST_STEP][PASSED] - verifyElementText: Actual text and expected text of test object 'Object Repository/User/Page_ProjectBackend/a_Products' are matched.

2018-04-27 21:01:02 - [MESSAGE][PASSED] - Actual text and expected text of test object 'Object Repository/User/Page_ProjectBackend/a_Products' are matched.

2018-04-27 21:01:02 - [TEST_STEP][PASSED] - verifyElementText: Actual text and expected text of test object 'Object Repository/User/Page_ProjectBackend/a_Carts' are matched.

2018-04-27 21:01:02 - [MESSAGE][PASSED] - Actual text and expected text of test object 'Object Repository/User/Page_ProjectBackend/a_Carts' are matched.

2018-04-27 21:01:02 - [TEST_STEP][PASSED] - click: Object: 'Object Repository/User/Page_ProjectBackend/button_Logout' is clicked on

2018-04-27 21:01:03 - [MESSAGE][PASSED] - Object: 'Object Repository/User/Page_ProjectBackend/button_Logout' is clicked on

2018-04-27 21:01:03 - [TEST_STEP][PASSED] - closeBrowser: Browser is closed

2018-04-27 21:01:03 - [MESSAGE][PASSED] - Browser is closed]]></system-out>
         <system-err><![CDATA[]]></system-err>
      </testcase>
      <testcase name="Test Cases/Login Test Case 1" classname="Test Cases/Login Test Case 1" status="PASSED">
         <system-out><![CDATA[2018-04-27 21:01:03 - [TEST_CASE][PASSED] - Test Cases/Login Test Case 1: Test Cases/Login Test Case 1

2018-04-27 21:01:03 - [TEST_STEP][PASSED] - openBrowser: Browser is opened with url: ''

2018-04-27 21:01:06 - [MESSAGE][PASSED] - Browser is opened with url: ''

2018-04-27 21:01:06 - [TEST_STEP][PASSED] - navigateToUrl: Navigate to 'http://18.188.55.188:8085/' successfully

2018-04-27 21:01:19 - [MESSAGE][PASSED] - Navigate to 'http://18.188.55.188:8085/' successfully

2018-04-27 21:01:19 - [TEST_STEP][PASSED] - setText: Text 'hello' is set on object 'Object Repository/User/Page_ProjectBackend/input_username'

2018-04-27 21:01:20 - [MESSAGE][PASSED] - Text 'hello' is set on object 'Object Repository/User/Page_ProjectBackend/input_username'

2018-04-27 21:01:20 - [TEST_STEP][PASSED] - setText: Text 'hello' is set on object 'Object Repository/User/Page_ProjectBackend/input_password'

2018-04-27 21:01:20 - [MESSAGE][PASSED] - Text 'hello' is set on object 'Object Repository/User/Page_ProjectBackend/input_password'

2018-04-27 21:01:20 - [TEST_STEP][PASSED] - click: Object: 'Object Repository/User/Page_ProjectBackend/button_Login' is clicked on

2018-04-27 21:01:21 - [MESSAGE][PASSED] - Object: 'Object Repository/User/Page_ProjectBackend/button_Login' is clicked on

2018-04-27 21:01:21 - [TEST_STEP][PASSED] - verifyElementText: Actual text and expected text of test object 'Object Repository/User/Page_ProjectBackend/a_Products' are matched.

2018-04-27 21:01:22 - [MESSAGE][PASSED] - Actual text and expected text of test object 'Object Repository/User/Page_ProjectBackend/a_Products' are matched.

2018-04-27 21:01:22 - [TEST_STEP][PASSED] - verifyElementText: Actual text and expected text of test object 'Object Repository/User/Page_ProjectBackend/a_Carts' are matched.

2018-04-27 21:01:22 - [MESSAGE][PASSED] - Actual text and expected text of test object 'Object Repository/User/Page_ProjectBackend/a_Carts' are matched.

2018-04-27 21:01:22 - [TEST_STEP][PASSED] - click: Object: 'Object Repository/User/Page_ProjectBackend/button_Logout' is clicked on

2018-04-27 21:01:22 - [MESSAGE][PASSED] - Object: 'Object Repository/User/Page_ProjectBackend/button_Logout' is clicked on

2018-04-27 21:01:22 - [TEST_STEP][PASSED] - closeBrowser: Browser is closed

2018-04-27 21:01:23 - [MESSAGE][PASSED] - Browser is closed]]></system-out>
         <system-err><![CDATA[]]></system-err>
      </testcase>
      <testcase name="Test Cases/Login Test Case 1" classname="Test Cases/Login Test Case 1" status="PASSED">
         <system-out><![CDATA[2018-04-27 21:01:23 - [TEST_CASE][PASSED] - Test Cases/Login Test Case 1: Test Cases/Login Test Case 1

2018-04-27 21:01:23 - [TEST_STEP][PASSED] - openBrowser: Browser is opened with url: ''

2018-04-27 21:01:26 - [MESSAGE][PASSED] - Browser is opened with url: ''

2018-04-27 21:01:26 - [TEST_STEP][PASSED] - navigateToUrl: Navigate to 'http://18.188.55.188:8085/' successfully

2018-04-27 21:01:38 - [MESSAGE][PASSED] - Navigate to 'http://18.188.55.188:8085/' successfully

2018-04-27 21:01:38 - [TEST_STEP][PASSED] - setText: Text 'admin' is set on object 'Object Repository/User/Page_ProjectBackend/input_username'

2018-04-27 21:01:39 - [MESSAGE][PASSED] - Text 'admin' is set on object 'Object Repository/User/Page_ProjectBackend/input_username'

2018-04-27 21:01:39 - [TEST_STEP][PASSED] - setText: Text 'admin' is set on object 'Object Repository/User/Page_ProjectBackend/input_password'

2018-04-27 21:01:39 - [MESSAGE][PASSED] - Text 'admin' is set on object 'Object Repository/User/Page_ProjectBackend/input_password'

2018-04-27 21:01:39 - [TEST_STEP][PASSED] - click: Object: 'Object Repository/User/Page_ProjectBackend/button_Login' is clicked on

2018-04-27 21:01:39 - [MESSAGE][PASSED] - Object: 'Object Repository/User/Page_ProjectBackend/button_Login' is clicked on

2018-04-27 21:01:39 - [TEST_STEP][PASSED] - verifyElementText: Actual text and expected text of test object 'Object Repository/User/Page_ProjectBackend/a_Products' are matched.

2018-04-27 21:01:40 - [MESSAGE][PASSED] - Actual text and expected text of test object 'Object Repository/User/Page_ProjectBackend/a_Products' are matched.

2018-04-27 21:01:40 - [TEST_STEP][PASSED] - verifyElementText: Actual text and expected text of test object 'Object Repository/User/Page_ProjectBackend/a_Carts' are matched.

2018-04-27 21:01:40 - [MESSAGE][PASSED] - Actual text and expected text of test object 'Object Repository/User/Page_ProjectBackend/a_Carts' are matched.

2018-04-27 21:01:40 - [TEST_STEP][PASSED] - click: Object: 'Object Repository/User/Page_ProjectBackend/button_Logout' is clicked on

2018-04-27 21:01:41 - [MESSAGE][PASSED] - Object: 'Object Repository/User/Page_ProjectBackend/button_Logout' is clicked on

2018-04-27 21:01:41 - [TEST_STEP][PASSED] - closeBrowser: Browser is closed

2018-04-27 21:01:41 - [MESSAGE][PASSED] - Browser is closed]]></system-out>
         <system-err><![CDATA[]]></system-err>
      </testcase>
      <system-out><![CDATA[2018-04-27 21:00:33 - [TEST_SUITE][PASSED] - Test Suite for Login Test Case 1: Test Cases/Login Test Case 1]]></system-out>
      <system-err><![CDATA[]]></system-err>
   </testsuite>
</testsuites>
