<?xml version="1.0" encoding="UTF-8"?>
<testsuites name="Test Suite for User Test Case 2" time="53" tests="1" failures="0" errors="0">
   <testsuite name="Test Suite for User Test Case 2" tests="1" failures="0" errors="0" time="53" timestamp="2018-04-30 18:43:38" hostname="Andrew_Dpp - 10.80.101.174" id="Test Suites/Test Suite for User Test Case 2">
      <properties>
         <property name="deviceName" value=""/>
         <property name="devicePlatform" value=""/>
         <property name="logFolder" value="C:\\Users\\Andrew_Dpp\\git\\234project-katalon\\Reports\\Test Suite for User Test Case 2\\20180430_184321"/>
         <property name="logFiles" value="C:\\Users\\Andrew_Dpp\\git\\234project-katalon\\Reports\\Test Suite for User Test Case 2\\20180430_184321\\execution0.log"/>
         <property name="attachments" value=""/>
         <property name="hostName" value="Andrew_Dpp - 10.80.101.174"/>
         <property name="os" value="Windows 7 64bit"/>
         <property name="katalonVersion" value="5.3.1.1"/>
         <property name="browser" value="Chrome 65.0.3325.181"/>
         <property name="hostAddress" value="10.80.101.174"/>
         <property name="sessionId" value="8d1b336d90e97d81a68e48426a54f323"/>
         <property name="seleniumVersion" value="3.7.1"/>
         <property name="proxyInformation" value="ProxyInformation{proxyOption=NO_PROXY, proxyServerType=HTTP, password=, proxyServerAddress=, proxyServerPort=0}"/>
         <property name="platform" value="Windows 7"/>
      </properties>
      <testcase name="Test Cases/User Test Case 2" classname="Test Cases/User Test Case 2" status="PASSED">
         <system-out><![CDATA[2018-04-30 18:43:39 - [TEST_CASE][PASSED] - Test Cases/User Test Case 2: Test Cases/User Test Case 2

2018-04-30 18:43:40 - [TEST_STEP][PASSED] - openBrowser: Browser is opened with url: ''

2018-04-30 18:44:06 - [MESSAGE][PASSED] - Browser is opened with url: ''

2018-04-30 18:44:06 - [TEST_STEP][PASSED] - navigateToUrl: Navigate to 'http://18.188.55.188:8085/' successfully

2018-04-30 18:44:14 - [MESSAGE][PASSED] - Navigate to 'http://18.188.55.188:8085/' successfully

2018-04-30 18:44:14 - [TEST_STEP][PASSED] - setText: Text 'user' is set on object 'Object Repository/User/User Cart/input_username'

2018-04-30 18:44:15 - [MESSAGE][PASSED] - Text 'user' is set on object 'Object Repository/User/User Cart/input_username'

2018-04-30 18:44:15 - [TEST_STEP][PASSED] - setText: Text 'user' is set on object 'Object Repository/User/User Cart/input_password'

2018-04-30 18:44:15 - [MESSAGE][PASSED] - Text 'user' is set on object 'Object Repository/User/User Cart/input_password'

2018-04-30 18:44:15 - [TEST_STEP][PASSED] - click: Object: 'Object Repository/User/User Cart/button_Login' is clicked on

2018-04-30 18:44:15 - [MESSAGE][PASSED] - Object: 'Object Repository/User/User Cart/button_Login' is clicked on

2018-04-30 18:44:15 - [TEST_STEP][PASSED] - Statement - driver = com.kms.katalon.core.webui.driver.DriverFactory.getWebDriver(): null

2018-04-30 18:44:15 - [TEST_STEP][PASSED] - waitForElementPresent: Object 'Object Repository/User/User Cart/add to cart1' is present

2018-04-30 18:44:16 - [MESSAGE][WARNING] - Timeout '0' is invalid. Using default page load timeout: '30'

2018-04-30 18:44:17 - [MESSAGE][PASSED] - Object 'Object Repository/User/User Cart/add to cart1' is present

2018-04-30 18:44:17 - [TEST_STEP][PASSED] - Statement - products = driver.findElement(org.openqa.selenium.By.xpath("/html/body/app-root/app-product-list/div/div[2]/div")): null

2018-04-30 18:44:17 - [TEST_STEP][PASSED] - Statement - productList = products.findElements(org.openqa.selenium.By.className("farmer-card")): null

2018-04-30 18:44:17 - [TEST_STEP][PASSED] - Statement - println(productList.size()): null

2018-04-30 18:44:17 - [TEST_STEP][PASSED] - Statement - variables = new java.util.ArrayList(): null

2018-04-30 18:44:17 - [TEST_STEP][PASSED] - Statement - For (def i : (1..productList.size())): Actual text and expected text of test object 'Object Repository/User/User Cart/cart_icon' are matched.

2018-04-30 18:44:17 - [TEST_STEP][PASSED] - Statement - For (def j : (1..i)): Actual text and expected text of test object 'Object Repository/User/User Cart/added_1' are matched.

2018-04-30 18:44:17 - [TEST_STEP][PASSED] - click: Object: 'Object Repository/User/User Cart/add to cart1' is clicked on

2018-04-30 18:44:18 - [MESSAGE][PASSED] - Object: 'Object Repository/User/User Cart/add to cart1' is clicked on

2018-04-30 18:44:18 - [TEST_STEP][PASSED] - verifyElementText: Actual text and expected text of test object 'Object Repository/User/User Cart/added_1' are matched.

2018-04-30 18:44:18 - [MESSAGE][PASSED] - Actual text and expected text of test object 'Object Repository/User/User Cart/added_1' are matched.

2018-04-30 18:44:18 - [TEST_STEP][PASSED] - verifyElementText: Actual text and expected text of test object 'Object Repository/User/User Cart/cart_icon' are matched.

2018-04-30 18:44:18 - [MESSAGE][PASSED] - Actual text and expected text of test object 'Object Repository/User/User Cart/cart_icon' are matched.

2018-04-30 18:44:18 - [TEST_STEP][PASSED] - Statement - For (def j : (1..i)): Actual text and expected text of test object 'Object Repository/User/User Cart/added_2' are matched.

2018-04-30 18:44:18 - [TEST_STEP][PASSED] - click: Object: 'Object Repository/User/User Cart/add to cart1' is clicked on

2018-04-30 18:44:18 - [MESSAGE][PASSED] - Object: 'Object Repository/User/User Cart/add to cart1' is clicked on

2018-04-30 18:44:18 - [TEST_STEP][PASSED] - verifyElementText: Actual text and expected text of test object 'Object Repository/User/User Cart/added_1' are matched.

2018-04-30 18:44:19 - [MESSAGE][PASSED] - Actual text and expected text of test object 'Object Repository/User/User Cart/added_1' are matched.

2018-04-30 18:44:19 - [TEST_STEP][PASSED] - click: Object: 'Object Repository/User/User Cart/add to cart2' is clicked on

2018-04-30 18:44:19 - [MESSAGE][PASSED] - Object: 'Object Repository/User/User Cart/add to cart2' is clicked on

2018-04-30 18:44:19 - [TEST_STEP][PASSED] - verifyElementText: Actual text and expected text of test object 'Object Repository/User/User Cart/added_2' are matched.

2018-04-30 18:44:19 - [MESSAGE][PASSED] - Actual text and expected text of test object 'Object Repository/User/User Cart/added_2' are matched.

2018-04-30 18:44:19 - [TEST_STEP][PASSED] - verifyElementText: Actual text and expected text of test object 'Object Repository/User/User Cart/cart_icon' are matched.

2018-04-30 18:44:19 - [MESSAGE][PASSED] - Actual text and expected text of test object 'Object Repository/User/User Cart/cart_icon' are matched.

2018-04-30 18:44:19 - [TEST_STEP][PASSED] - Statement - For (def j : (1..i)): Actual text and expected text of test object 'Object Repository/User/User Cart/added_3' are matched.

2018-04-30 18:44:19 - [TEST_STEP][PASSED] - click: Object: 'Object Repository/User/User Cart/add to cart1' is clicked on

2018-04-30 18:44:19 - [MESSAGE][PASSED] - Object: 'Object Repository/User/User Cart/add to cart1' is clicked on

2018-04-30 18:44:19 - [TEST_STEP][PASSED] - verifyElementText: Actual text and expected text of test object 'Object Repository/User/User Cart/added_1' are matched.

2018-04-30 18:44:20 - [MESSAGE][PASSED] - Actual text and expected text of test object 'Object Repository/User/User Cart/added_1' are matched.

2018-04-30 18:44:20 - [TEST_STEP][PASSED] - click: Object: 'Object Repository/User/User Cart/add to cart2' is clicked on

2018-04-30 18:44:20 - [MESSAGE][PASSED] - Object: 'Object Repository/User/User Cart/add to cart2' is clicked on

2018-04-30 18:44:20 - [TEST_STEP][PASSED] - verifyElementText: Actual text and expected text of test object 'Object Repository/User/User Cart/added_2' are matched.

2018-04-30 18:44:21 - [MESSAGE][PASSED] - Actual text and expected text of test object 'Object Repository/User/User Cart/added_2' are matched.

2018-04-30 18:44:21 - [TEST_STEP][PASSED] - click: Object: 'Object Repository/User/User Cart/add to cart3' is clicked on

2018-04-30 18:44:21 - [MESSAGE][PASSED] - Object: 'Object Repository/User/User Cart/add to cart3' is clicked on

2018-04-30 18:44:21 - [TEST_STEP][PASSED] - verifyElementText: Actual text and expected text of test object 'Object Repository/User/User Cart/added_3' are matched.

2018-04-30 18:44:21 - [MESSAGE][PASSED] - Actual text and expected text of test object 'Object Repository/User/User Cart/added_3' are matched.

2018-04-30 18:44:21 - [TEST_STEP][PASSED] - verifyElementText: Actual text and expected text of test object 'Object Repository/User/User Cart/cart_icon' are matched.

2018-04-30 18:44:21 - [MESSAGE][PASSED] - Actual text and expected text of test object 'Object Repository/User/User Cart/cart_icon' are matched.

2018-04-30 18:44:21 - [TEST_STEP][PASSED] - Statement - For (def j : (1..i)): Actual text and expected text of test object 'Object Repository/User/User Cart/added_4' are matched.

2018-04-30 18:44:21 - [TEST_STEP][PASSED] - click: Object: 'Object Repository/User/User Cart/add to cart1' is clicked on

2018-04-30 18:44:21 - [MESSAGE][PASSED] - Object: 'Object Repository/User/User Cart/add to cart1' is clicked on

2018-04-30 18:44:21 - [TEST_STEP][PASSED] - verifyElementText: Actual text and expected text of test object 'Object Repository/User/User Cart/added_1' are matched.

2018-04-30 18:44:22 - [MESSAGE][PASSED] - Actual text and expected text of test object 'Object Repository/User/User Cart/added_1' are matched.

2018-04-30 18:44:22 - [TEST_STEP][PASSED] - click: Object: 'Object Repository/User/User Cart/add to cart2' is clicked on

2018-04-30 18:44:22 - [MESSAGE][PASSED] - Object: 'Object Repository/User/User Cart/add to cart2' is clicked on

2018-04-30 18:44:22 - [TEST_STEP][PASSED] - verifyElementText: Actual text and expected text of test object 'Object Repository/User/User Cart/added_2' are matched.

2018-04-30 18:44:23 - [MESSAGE][PASSED] - Actual text and expected text of test object 'Object Repository/User/User Cart/added_2' are matched.

2018-04-30 18:44:23 - [TEST_STEP][PASSED] - click: Object: 'Object Repository/User/User Cart/add to cart3' is clicked on

2018-04-30 18:44:23 - [MESSAGE][PASSED] - Object: 'Object Repository/User/User Cart/add to cart3' is clicked on

2018-04-30 18:44:23 - [TEST_STEP][PASSED] - verifyElementText: Actual text and expected text of test object 'Object Repository/User/User Cart/added_3' are matched.

2018-04-30 18:44:23 - [MESSAGE][PASSED] - Actual text and expected text of test object 'Object Repository/User/User Cart/added_3' are matched.

2018-04-30 18:44:24 - [TEST_STEP][PASSED] - click: Object: 'Object Repository/User/User Cart/add to cart4' is clicked on

2018-04-30 18:44:24 - [MESSAGE][PASSED] - Object: 'Object Repository/User/User Cart/add to cart4' is clicked on

2018-04-30 18:44:24 - [TEST_STEP][PASSED] - verifyElementText: Actual text and expected text of test object 'Object Repository/User/User Cart/added_4' are matched.

2018-04-30 18:44:24 - [MESSAGE][PASSED] - Actual text and expected text of test object 'Object Repository/User/User Cart/added_4' are matched.

2018-04-30 18:44:24 - [TEST_STEP][PASSED] - verifyElementText: Actual text and expected text of test object 'Object Repository/User/User Cart/cart_icon' are matched.

2018-04-30 18:44:25 - [MESSAGE][PASSED] - Actual text and expected text of test object 'Object Repository/User/User Cart/cart_icon' are matched.

2018-04-30 18:44:25 - [TEST_STEP][PASSED] - Statement - For (def j : (1..i)): Actual text and expected text of test object 'Object Repository/User/User Cart/added_5' are matched.

2018-04-30 18:44:25 - [TEST_STEP][PASSED] - click: Object: 'Object Repository/User/User Cart/add to cart1' is clicked on

2018-04-30 18:44:25 - [MESSAGE][PASSED] - Object: 'Object Repository/User/User Cart/add to cart1' is clicked on

2018-04-30 18:44:25 - [TEST_STEP][PASSED] - verifyElementText: Actual text and expected text of test object 'Object Repository/User/User Cart/added_1' are matched.

2018-04-30 18:44:25 - [MESSAGE][PASSED] - Actual text and expected text of test object 'Object Repository/User/User Cart/added_1' are matched.

2018-04-30 18:44:25 - [TEST_STEP][PASSED] - click: Object: 'Object Repository/User/User Cart/add to cart2' is clicked on

2018-04-30 18:44:26 - [MESSAGE][PASSED] - Object: 'Object Repository/User/User Cart/add to cart2' is clicked on

2018-04-30 18:44:26 - [TEST_STEP][PASSED] - verifyElementText: Actual text and expected text of test object 'Object Repository/User/User Cart/added_2' are matched.

2018-04-30 18:44:26 - [MESSAGE][PASSED] - Actual text and expected text of test object 'Object Repository/User/User Cart/added_2' are matched.

2018-04-30 18:44:26 - [TEST_STEP][PASSED] - click: Object: 'Object Repository/User/User Cart/add to cart3' is clicked on

2018-04-30 18:44:26 - [MESSAGE][PASSED] - Object: 'Object Repository/User/User Cart/add to cart3' is clicked on

2018-04-30 18:44:26 - [TEST_STEP][PASSED] - verifyElementText: Actual text and expected text of test object 'Object Repository/User/User Cart/added_3' are matched.

2018-04-30 18:44:26 - [MESSAGE][PASSED] - Actual text and expected text of test object 'Object Repository/User/User Cart/added_3' are matched.

2018-04-30 18:44:27 - [TEST_STEP][PASSED] - click: Object: 'Object Repository/User/User Cart/add to cart4' is clicked on

2018-04-30 18:44:27 - [MESSAGE][PASSED] - Object: 'Object Repository/User/User Cart/add to cart4' is clicked on

2018-04-30 18:44:27 - [TEST_STEP][PASSED] - verifyElementText: Actual text and expected text of test object 'Object Repository/User/User Cart/added_4' are matched.

2018-04-30 18:44:28 - [MESSAGE][PASSED] - Actual text and expected text of test object 'Object Repository/User/User Cart/added_4' are matched.

2018-04-30 18:44:28 - [TEST_STEP][PASSED] - click: Object: 'Object Repository/User/User Cart/add to cart5' is clicked on

2018-04-30 18:44:30 - [MESSAGE][PASSED] - Object: 'Object Repository/User/User Cart/add to cart5' is clicked on

2018-04-30 18:44:30 - [TEST_STEP][PASSED] - verifyElementText: Actual text and expected text of test object 'Object Repository/User/User Cart/added_5' are matched.

2018-04-30 18:44:30 - [MESSAGE][PASSED] - Actual text and expected text of test object 'Object Repository/User/User Cart/added_5' are matched.

2018-04-30 18:44:30 - [TEST_STEP][PASSED] - verifyElementText: Actual text and expected text of test object 'Object Repository/User/User Cart/cart_icon' are matched.

2018-04-30 18:44:31 - [MESSAGE][PASSED] - Actual text and expected text of test object 'Object Repository/User/User Cart/cart_icon' are matched.

2018-04-30 18:44:31 - [TEST_STEP][PASSED] - closeBrowser: Browser is closed

2018-04-30 18:44:32 - [MESSAGE][PASSED] - Browser is closed]]></system-out>
         <system-err><![CDATA[]]></system-err>
      </testcase>
      <system-out><![CDATA[2018-04-30 18:43:38 - [TEST_SUITE][PASSED] - Test Suite for User Test Case 2: Test Cases/User Test Case 2]]></system-out>
      <system-err><![CDATA[]]></system-err>
   </testsuite>
</testsuites>
