<?xml version="1.0" encoding="UTF-8"?>
<testsuites name="Test Suite for User Test Case 1" time="46" tests="2" failures="0" errors="0">
   <testsuite name="Test Suite for User Test Case 1" tests="2" failures="0" errors="0" time="46" timestamp="2018-04-27 22:26:22" hostname="Andrew_Dpp - Andrew_Dpp-PC" id="Test Suites/Test Suite for User Test Case 1">
      <properties>
         <property name="deviceName" value=""/>
         <property name="devicePlatform" value=""/>
         <property name="logFolder" value="C:\\Users\\Andrew_Dpp\\git\\234project-katalon\\Reports\\Test Suite for User Test Case 1\\20180427_222620"/>
         <property name="logFiles" value="C:\\Users\\Andrew_Dpp\\git\\234project-katalon\\Reports\\Test Suite for User Test Case 1\\20180427_222620\\execution0.log"/>
         <property name="attachments" value=""/>
         <property name="hostName" value="Andrew_Dpp - Andrew_Dpp-PC"/>
         <property name="os" value="Windows 7 64bit"/>
         <property name="katalonVersion" value="5.3.1.1"/>
         <property name="browser" value="Chrome 65.0.3325.181"/>
         <property name="hostAddress" value="192.168.1.6"/>
         <property name="sessionId" value="220a0efdddc53ea546e9a3a6b4f9c335"/>
         <property name="seleniumVersion" value="3.7.1"/>
         <property name="proxyInformation" value="ProxyInformation{proxyOption=NO_PROXY, proxyServerType=HTTP, password=, proxyServerAddress=, proxyServerPort=0}"/>
         <property name="platform" value="Windows 7"/>
      </properties>
      <testcase name="Test Cases/User Test Case 1" classname="Test Cases/User Test Case 1" status="PASSED">
         <system-out><![CDATA[2018-04-27 22:26:24 - [TEST_CASE][PASSED] - Test Cases/User Test Case 1: Test Cases/User Test Case 1

2018-04-27 22:26:25 - [TEST_STEP][PASSED] - openBrowser: Browser is opened with url: ''

2018-04-27 22:26:30 - [MESSAGE][PASSED] - Browser is opened with url: ''

2018-04-27 22:26:30 - [TEST_STEP][PASSED] - navigateToUrl: Navigate to 'http://18.188.55.188:8085/' successfully

2018-04-27 22:26:47 - [MESSAGE][PASSED] - Navigate to 'http://18.188.55.188:8085/' successfully

2018-04-27 22:26:47 - [TEST_STEP][PASSED] - setText: Text 'user' is set on object 'Object Repository/User/User Main Page/Page_ProjectBackend/input_username'

2018-04-27 22:26:48 - [MESSAGE][PASSED] - Text 'user' is set on object 'Object Repository/User/User Main Page/Page_ProjectBackend/input_username'

2018-04-27 22:26:48 - [TEST_STEP][PASSED] - setText: Text 'user' is set on object 'Object Repository/User/User Main Page/Page_ProjectBackend/input_password'

2018-04-27 22:26:48 - [MESSAGE][PASSED] - Text 'user' is set on object 'Object Repository/User/User Main Page/Page_ProjectBackend/input_password'

2018-04-27 22:26:48 - [TEST_STEP][PASSED] - click: Object: 'Object Repository/User/User Main Page/Page_ProjectBackend/button_Login' is clicked on

2018-04-27 22:26:49 - [MESSAGE][PASSED] - Object: 'Object Repository/User/User Main Page/Page_ProjectBackend/button_Login' is clicked on

2018-04-27 22:26:49 - [TEST_STEP][PASSED] - verifyElementText: Actual text and expected text of test object 'Object Repository/User/User Main Page/Page_ProjectBackend/h5_Garden' are matched.

2018-04-27 22:26:50 - [MESSAGE][PASSED] - Actual text and expected text of test object 'Object Repository/User/User Main Page/Page_ProjectBackend/h5_Garden' are matched.

2018-04-27 22:26:50 - [TEST_STEP][PASSED] - verifyElementText: Actual text and expected text of test object 'Object Repository/User/User Main Page/Page_ProjectBackend/h5_Banana' are matched.

2018-04-27 22:26:50 - [MESSAGE][PASSED] - Actual text and expected text of test object 'Object Repository/User/User Main Page/Page_ProjectBackend/h5_Banana' are matched.

2018-04-27 22:26:50 - [TEST_STEP][PASSED] - verifyElementText: Actual text and expected text of test object 'Object Repository/User/User Main Page/Page_ProjectBackend/h5_Orange' are matched.

2018-04-27 22:26:50 - [MESSAGE][PASSED] - Actual text and expected text of test object 'Object Repository/User/User Main Page/Page_ProjectBackend/h5_Orange' are matched.

2018-04-27 22:26:50 - [TEST_STEP][PASSED] - verifyElementText: Actual text and expected text of test object 'Object Repository/User/User Main Page/Page_ProjectBackend/h5_Papaya' are matched.

2018-04-27 22:26:51 - [MESSAGE][PASSED] - Actual text and expected text of test object 'Object Repository/User/User Main Page/Page_ProjectBackend/h5_Papaya' are matched.

2018-04-27 22:26:51 - [TEST_STEP][PASSED] - verifyElementText: Actual text and expected text of test object 'Object Repository/User/User Main Page/Page_ProjectBackend/h5_Rambutan' are matched.

2018-04-27 22:26:51 - [MESSAGE][PASSED] - Actual text and expected text of test object 'Object Repository/User/User Main Page/Page_ProjectBackend/h5_Rambutan' are matched.

2018-04-27 22:26:51 - [TEST_STEP][PASSED] - closeBrowser: Browser is closed

2018-04-27 22:26:51 - [MESSAGE][PASSED] - Browser is closed]]></system-out>
         <system-err><![CDATA[]]></system-err>
      </testcase>
      <testcase name="Test Cases/User Test Case 1" classname="Test Cases/User Test Case 1" status="PASSED">
         <system-out><![CDATA[2018-04-27 22:26:51 - [TEST_CASE][PASSED] - Test Cases/User Test Case 1: Test Cases/User Test Case 1

2018-04-27 22:26:51 - [TEST_STEP][PASSED] - openBrowser: Browser is opened with url: ''

2018-04-27 22:26:54 - [MESSAGE][PASSED] - Browser is opened with url: ''

2018-04-27 22:26:54 - [TEST_STEP][PASSED] - navigateToUrl: Navigate to 'http://18.188.55.188:8085/' successfully

2018-04-27 22:27:05 - [MESSAGE][PASSED] - Navigate to 'http://18.188.55.188:8085/' successfully

2018-04-27 22:27:05 - [TEST_STEP][PASSED] - setText: Text 'hello' is set on object 'Object Repository/User/User Main Page/Page_ProjectBackend/input_username'

2018-04-27 22:27:05 - [MESSAGE][PASSED] - Text 'hello' is set on object 'Object Repository/User/User Main Page/Page_ProjectBackend/input_username'

2018-04-27 22:27:05 - [TEST_STEP][PASSED] - setText: Text 'hello' is set on object 'Object Repository/User/User Main Page/Page_ProjectBackend/input_password'

2018-04-27 22:27:05 - [MESSAGE][PASSED] - Text 'hello' is set on object 'Object Repository/User/User Main Page/Page_ProjectBackend/input_password'

2018-04-27 22:27:05 - [TEST_STEP][PASSED] - click: Object: 'Object Repository/User/User Main Page/Page_ProjectBackend/button_Login' is clicked on

2018-04-27 22:27:06 - [MESSAGE][PASSED] - Object: 'Object Repository/User/User Main Page/Page_ProjectBackend/button_Login' is clicked on

2018-04-27 22:27:06 - [TEST_STEP][PASSED] - verifyElementText: Actual text and expected text of test object 'Object Repository/User/User Main Page/Page_ProjectBackend/h5_Garden' are matched.

2018-04-27 22:27:07 - [MESSAGE][PASSED] - Actual text and expected text of test object 'Object Repository/User/User Main Page/Page_ProjectBackend/h5_Garden' are matched.

2018-04-27 22:27:07 - [TEST_STEP][PASSED] - verifyElementText: Actual text and expected text of test object 'Object Repository/User/User Main Page/Page_ProjectBackend/h5_Banana' are matched.

2018-04-27 22:27:07 - [MESSAGE][PASSED] - Actual text and expected text of test object 'Object Repository/User/User Main Page/Page_ProjectBackend/h5_Banana' are matched.

2018-04-27 22:27:07 - [TEST_STEP][PASSED] - verifyElementText: Actual text and expected text of test object 'Object Repository/User/User Main Page/Page_ProjectBackend/h5_Orange' are matched.

2018-04-27 22:27:08 - [MESSAGE][PASSED] - Actual text and expected text of test object 'Object Repository/User/User Main Page/Page_ProjectBackend/h5_Orange' are matched.

2018-04-27 22:27:08 - [TEST_STEP][PASSED] - verifyElementText: Actual text and expected text of test object 'Object Repository/User/User Main Page/Page_ProjectBackend/h5_Papaya' are matched.

2018-04-27 22:27:08 - [MESSAGE][PASSED] - Actual text and expected text of test object 'Object Repository/User/User Main Page/Page_ProjectBackend/h5_Papaya' are matched.

2018-04-27 22:27:08 - [TEST_STEP][PASSED] - verifyElementText: Actual text and expected text of test object 'Object Repository/User/User Main Page/Page_ProjectBackend/h5_Rambutan' are matched.

2018-04-27 22:27:08 - [MESSAGE][PASSED] - Actual text and expected text of test object 'Object Repository/User/User Main Page/Page_ProjectBackend/h5_Rambutan' are matched.

2018-04-27 22:27:08 - [TEST_STEP][PASSED] - closeBrowser: Browser is closed

2018-04-27 22:27:08 - [MESSAGE][PASSED] - Browser is closed]]></system-out>
         <system-err><![CDATA[]]></system-err>
      </testcase>
      <system-out><![CDATA[2018-04-27 22:26:22 - [TEST_SUITE][PASSED] - Test Suite for User Test Case 1: Test Cases/User Test Case 1]]></system-out>
      <system-err><![CDATA[]]></system-err>
   </testsuite>
</testsuites>
